2023-07-17 12:53:08.431 [info] Configuration changed
2023-07-17 12:53:08.659 [info] Configuration changed
2023-07-17 12:53:08.768 [info] Configuration changed
2023-07-17 12:53:09.155 [info] Configuration changed
2023-07-17 12:53:09.279 [info] Configuration changed
2023-07-17 12:53:09.931 [info] Configuration changed
2023-07-17 12:53:18.245 [info] /home/linus/Documents/Zoezi/gymsystem/frontend/src/client/scripts/app.js closed
2023-07-17 12:53:18.245 [info] /home/linus/Documents/Zoezi/gymsystem/frontend/src/client/scripts/app.js.git closed
2023-07-17 12:53:20.426 [info] Active editor: file:///home/linus/Documents/Zoezi/gymsystem/backend/services/api/src/db.py
2023-07-17 12:53:23.420 [info] Active editor: file:///home/linus/Documents/Zoezi/gymsystem/frontend/src/client/views/coursebookingaddmodal.html
2023-07-17 12:53:23.854 [info] /home/linus/Documents/Zoezi/gymsystem/frontend/src/client/views/coursebookingaddmodal.html closed
2023-07-17 12:53:23.855 [info] /home/linus/Documents/Zoezi/gymsystem/frontend/src/client/views/coursebookingaddmodal.html.git closed
2023-07-17 12:53:23.945 [info] Active editor: file:///home/linus/Documents/Zoezi/gymsystem/backend/services/api/src/db.py
2023-07-17 12:53:27.374 [info] /home/linus/Documents/Zoezi/gymsystem/backend/services/api/src/db.py closed
2023-07-17 12:53:27.374 [info] /home/linus/Documents/Zoezi/gymsystem/backend/services/api/src/db.py.git closed
2023-07-17 12:53:36.886 [info] Active editor: file:///home/linus/Documents/Zoezi/gymsystem/frontend/src/client/scripts/app.js
2023-07-17 12:53:47.821 [info] /home/linus/Documents/Zoezi/gymsystem/frontend/src/client/scripts/app.js closed
2023-07-17 12:53:47.827 [info] /home/linus/Documents/Zoezi/gymsystem/frontend/src/client/scripts/app.js.git closed
2023-07-17 12:53:47.850 [info] Active editor: file:///home/linus/Documents/Zoezi/gymsystem/frontend/staffnext/src/pages/Staff.vue
2023-07-17 12:53:48.579 [info] /home/linus/Documents/Zoezi/gymsystem/frontend/staffnext/src/pages/Staff.vue closed
2023-07-17 12:53:48.588 [info] /home/linus/Documents/Zoezi/gymsystem/frontend/staffnext/src/pages/Staff.vue.git closed
2023-07-17 12:53:48.611 [info] Active editor: file:///home/linus/Documents/Zoezi/gymsystem/frontend/staffnext/src/components/StaffList.vue
2023-07-17 12:53:49.472 [info] /home/linus/Documents/Zoezi/gymsystem/frontend/staffnext/src/components/StaffList.vue closed
2023-07-17 12:53:49.477 [info] /home/linus/Documents/Zoezi/gymsystem/frontend/staffnext/src/components/StaffList.vue.git closed
2023-07-17 12:53:49.499 [info] Active editor: file:///home/linus/Documents/Zoezi/gymsystem/frontend/src/client/scripts/directives.js
2023-07-17 12:53:50.450 [info] /home/linus/Documents/Zoezi/gymsystem/frontend/src/client/scripts/directives.js closed
2023-07-17 12:53:50.454 [info] /home/linus/Documents/Zoezi/gymsystem/frontend/src/client/scripts/directives.js.git closed
2023-07-17 12:53:50.471 [info] Active editor: file:///home/linus/Documents/Zoezi/gymsystem/frontend/staffnext/src/components/StaffList.vue
2023-07-17 13:00:24.375 [info] /home/linus/Documents/Zoezi/gymsystem/frontend/staffnext/src/components/StaffList.vue closed
2023-07-17 13:00:24.381 [info] /home/linus/Documents/Zoezi/gymsystem/frontend/staffnext/src/components/StaffList.vue.git closed
2023-07-17 13:00:24.509 [info] Active editor: file:///home/linus/Documents/Zoezi/gymsystem/backend/services/api/src/db.py
