2023-07-27 11:04:38.266 [warning] Via 'product.json#extensionEnabledApiProposals' extension 'ms-vscode.vscode-selfhost-test-provider' wants API proposal 'testContinuousRun' but that proposal DOES NOT EXIST. Likely, the proposal has been finalized (check 'vscode.d.ts') or was abandoned.
2023-07-27 11:04:38.883 [warning] [Vue.volar]: Cannot register 'typescript.tsdk'. This property is already registered.
2023-07-27 11:04:42.361 [info] [perf] Render performance baseline is 40ms
2023-07-27 11:14:45.667 [error] Unable to read file '/home/linus/Documents/Zoezi/gymsystem/frontend/staffnext/src/pages/AllActivities.vue' (Error: Unable to resolve nonexistent file '/home/linus/Documents/Zoezi/gymsystem/frontend/staffnext/src/pages/AllActivities.vue'): Error: Unable to read file '/home/linus/Documents/Zoezi/gymsystem/frontend/staffnext/src/pages/AllActivities.vue' (Error: Unable to resolve nonexistent file '/home/linus/Documents/Zoezi/gymsystem/frontend/staffnext/src/pages/AllActivities.vue')
    at e.FileService.w (vscode-file://vscode-app/nix/store/g3kir40abqgqqcdm18qygka784ng88b1-vscode-1.78.2/lib/vscode/resources/app/out/vs/workbench/workbench.desktop.main.js:624:17839)
    at e.FileService.v (vscode-file://vscode-app/nix/store/g3kir40abqgqqcdm18qygka784ng88b1-vscode-1.78.2/lib/vscode/resources/app/out/vs/workbench/workbench.desktop.main.js:624:17501)
    at async e.NativeTextFileService.H (vscode-file://vscode-app/nix/store/g3kir40abqgqqcdm18qygka784ng88b1-vscode-1.78.2/lib/vscode/resources/app/out/vs/workbench/workbench.desktop.main.js:2307:38305)
    at async e.NativeTextFileService.readStream (vscode-file://vscode-app/nix/store/g3kir40abqgqqcdm18qygka784ng88b1-vscode-1.78.2/lib/vscode/resources/app/out/vs/workbench/workbench.desktop.main.js:2307:38000)
    at async Hs.Ab (vscode-file://vscode-app/nix/store/g3kir40abqgqqcdm18qygka784ng88b1-vscode-1.78.2/lib/vscode/resources/app/out/vs/workbench/workbench.desktop.main.js:2298:54368)
    at async Hs.resolve (vscode-file://vscode-app/nix/store/g3kir40abqgqqcdm18qygka784ng88b1-vscode-1.78.2/lib/vscode/resources/app/out/vs/workbench/workbench.desktop.main.js:2298:52773)
    at async vscode-file://vscode-app/nix/store/g3kir40abqgqqcdm18qygka784ng88b1-vscode-1.78.2/lib/vscode/resources/app/out/vs/workbench/workbench.desktop.main.js:2307:34023
2023-07-27 11:48:51.515 [error] No expression to evaluate
2023-07-27 11:59:35.373 [error] No expression to evaluate
2023-07-27 13:39:17.245 [warning] Via 'product.json#extensionEnabledApiProposals' extension 'ms-vscode.vscode-selfhost-test-provider' wants API proposal 'testContinuousRun' but that proposal DOES NOT EXIST. Likely, the proposal has been finalized (check 'vscode.d.ts') or was abandoned.
2023-07-27 13:39:17.608 [warning] [Vue.volar]: Cannot register 'typescript.tsdk'. This property is already registered.
2023-07-27 13:39:20.215 [info] [perf] Render performance baseline is 25ms
2023-07-27 13:40:35.237 [warning] Settings pattern "security.*" doesn't match any settings
2023-07-27 13:40:35.237 [warning] SettingsEditor2: Settings not included in settingsLayout.ts: interactiveEditor.editMode, accessibility.verbosity.diff-editor, accessibility.verbosity.terminal
2023-07-27 13:43:17.255 [warning] Settings pattern "security.*" doesn't match any settings
2023-07-27 14:00:13.291 [error] Unable to read file 'vscode-userdata:/home/linus/.config/Code/User/settings.json' (Error: File not modified since): Error: Unable to read file 'vscode-userdata:/home/linus/.config/Code/User/settings.json' (Error: File not modified since)
    at e.FileService.w (vscode-file://vscode-app/nix/store/g3kir40abqgqqcdm18qygka784ng88b1-vscode-1.78.2/lib/vscode/resources/app/out/vs/workbench/workbench.desktop.main.js:624:17669)
    at e.FileService.v (vscode-file://vscode-app/nix/store/g3kir40abqgqqcdm18qygka784ng88b1-vscode-1.78.2/lib/vscode/resources/app/out/vs/workbench/workbench.desktop.main.js:624:17501)
    at async e.NativeTextFileService.H (vscode-file://vscode-app/nix/store/g3kir40abqgqqcdm18qygka784ng88b1-vscode-1.78.2/lib/vscode/resources/app/out/vs/workbench/workbench.desktop.main.js:2307:38305)
    at async e.NativeTextFileService.readStream (vscode-file://vscode-app/nix/store/g3kir40abqgqqcdm18qygka784ng88b1-vscode-1.78.2/lib/vscode/resources/app/out/vs/workbench/workbench.desktop.main.js:2307:38000)
    at async Hs.Ab (vscode-file://vscode-app/nix/store/g3kir40abqgqqcdm18qygka784ng88b1-vscode-1.78.2/lib/vscode/resources/app/out/vs/workbench/workbench.desktop.main.js:2298:54368)
    at async Hs.resolve (vscode-file://vscode-app/nix/store/g3kir40abqgqqcdm18qygka784ng88b1-vscode-1.78.2/lib/vscode/resources/app/out/vs/workbench/workbench.desktop.main.js:2298:52773)
    at async vscode-file://vscode-app/nix/store/g3kir40abqgqqcdm18qygka784ng88b1-vscode-1.78.2/lib/vscode/resources/app/out/vs/workbench/workbench.desktop.main.js:2307:34023
