2023-07-27 11:04:38.544 [info] Added views:workbench.panel.markers.view in workbench.panel.markers
2023-07-27 11:04:38.544 [info] Added views:workbench.panel.output in workbench.panel.output
2023-07-27 11:04:38.544 [info] Added views:terminal in terminal
2023-07-27 11:04:38.544 [info] Added views:outline in workbench.view.explorer
2023-07-27 11:04:38.544 [info] Added views:workbench.scm in workbench.view.scm
2023-07-27 11:04:38.544 [info] Added views:workbench.view.search in workbench.view.search
2023-07-27 11:04:38.544 [info] Added views:timeline in workbench.view.explorer
2023-07-27 11:04:38.544 [info] Added views:workbench.explorer.fileView in workbench.view.explorer
2023-07-27 11:04:38.703 [info] Added views:workbench.debug.variablesView,workbench.debug.watchExpressionsView,workbench.debug.callStackView,workbench.debug.breakPointsView in workbench.view.debug
2023-07-27 11:04:39.268 [info] Added views:workbench.panel.repl.view in workbench.panel.repl
2023-07-27 11:04:39.857 [info] Added views:workbench.view.testing in workbench.view.extension.test
2023-07-27 13:29:57.791 [info] Added views:workbench.views.extensions.installed,workbench.views.extensions.popular,extensions.recommendedList in workbench.view.extensions
2023-07-27 13:29:57.795 [info] Removed views:workbench.views.extensions.popular from workbench.view.extensions
2023-07-27 13:30:01.767 [info] Removed views:extensions.recommendedList,workbench.views.extensions.installed from workbench.view.extensions
2023-07-27 13:30:01.779 [info] Added views:workbench.views.extensions.marketplace in workbench.view.extensions
2023-07-27 13:32:01.295 [info] Removed views:workbench.views.extensions.marketplace from workbench.view.extensions
2023-07-27 13:32:01.313 [info] Added views:workbench.views.extensions.installed,extensions.recommendedList in workbench.view.extensions
2023-07-27 13:39:11.849 [info] Removed views:extensions.recommendedList,workbench.views.extensions.installed from workbench.view.extensions
2023-07-27 13:39:11.864 [info] Added views:workbench.views.extensions.marketplace in workbench.view.extensions
2023-07-27 13:39:17.008 [info] Removed views:workbench.view.testing from workbench.view.extension.test
2023-07-27 13:39:17.420 [info] Added views:workbench.panel.markers.view in workbench.panel.markers
2023-07-27 13:39:17.420 [info] Added views:workbench.panel.output in workbench.panel.output
2023-07-27 13:39:17.420 [info] Added views:terminal in terminal
2023-07-27 13:39:17.420 [info] Added views:outline in workbench.view.explorer
2023-07-27 13:39:17.420 [info] Added views:workbench.scm in workbench.view.scm
2023-07-27 13:39:17.420 [info] Added views:workbench.view.search in workbench.view.search
2023-07-27 13:39:17.420 [info] Added views:timeline in workbench.view.explorer
2023-07-27 13:39:17.420 [info] Added views:workbench.explorer.fileView in workbench.view.explorer
2023-07-27 13:39:17.559 [info] Added views:workbench.debug.variablesView,workbench.debug.watchExpressionsView,workbench.debug.callStackView,workbench.debug.breakPointsView in workbench.view.debug
2023-07-27 13:39:17.873 [info] Added views:workbench.panel.repl.view in workbench.panel.repl
2023-07-27 13:39:18.517 [info] Added views:workbench.views.extensions.installed,extensions.recommendedList in workbench.view.extensions
2023-07-27 13:39:25.463 [info] Removed views:extensions.recommendedList,workbench.views.extensions.installed from workbench.view.extensions
2023-07-27 13:39:25.473 [info] Added views:workbench.views.extensions.marketplace in workbench.view.extensions
2023-07-27 13:52:32.797 [info] Removed views:workbench.views.extensions.marketplace from workbench.view.extensions
2023-07-27 13:52:32.817 [info] Added views:workbench.views.extensions.installed,extensions.recommendedList in workbench.view.extensions
2023-07-27 13:59:31.291 [info] Removed views:extensions.recommendedList,workbench.views.extensions.installed from workbench.view.extensions
2023-07-27 13:59:31.303 [info] Added views:workbench.views.extensions.marketplace in workbench.view.extensions
2023-07-27 13:59:41.793 [info] Added views:gitlens.views.home,gitlens.views.workspaces,gitlens.views.account in workbench.view.extension.gitlens
2023-07-27 13:59:41.794 [info] Added views:gitlens.views.commitDetails,gitlens.views.lineHistory,gitlens.views.fileHistory,gitlens.views.searchAndCompare in workbench.view.extension.gitlensInspect
2023-07-27 13:59:41.796 [info] Added views:gitlens.views.commits,gitlens.views.branches,gitlens.views.remotes,gitlens.views.stashes,gitlens.views.tags,gitlens.views.contributors in workbench.view.scm
2023-07-27 13:59:43.492 [info] Added views:gitlens.views.graph,gitlens.views.graphDetails in workbench.view.extension.gitlensPanel
2023-07-27 13:59:43.492 [info] Added views:gitlens.views.timeline in workbench.view.extension.gitlensInspect
2023-07-27 13:59:43.493 [info] Added views:gitlens.views.worktrees in workbench.view.scm
2023-07-27 14:15:46.714 [info] Added views:workbench.view.testing in workbench.view.extension.test
2023-07-27 14:24:09.511 [info] Added views:bookmarksExplorer,bookmarksHelpAndFeedback in workbench.view.extension.bookmarks
