2023-07-27 11:04:40.996 [info] Configuration changed
2023-07-27 11:04:41.091 [info] Configuration changed
2023-07-27 11:04:41.340 [info] Configuration changed
2023-07-27 11:04:41.551 [info] Configuration changed
2023-07-27 11:04:42.415 [info] Configuration changed
2023-07-27 11:08:01.646 [info] /home/linus/Documents/Zoezi/gymsystem/backend/services/api/src/db.py closed
2023-07-27 11:08:01.647 [info] /home/linus/Documents/Zoezi/gymsystem/backend/services/api/src/db.py.git closed
2023-07-27 11:08:01.671 [info] Active editor: file:///home/linus/Documents/Zoezi/gymsystem/homepage/src/views/MyPage.vue
2023-07-27 11:08:02.455 [info] /home/linus/Documents/Zoezi/gymsystem/homepage/src/views/MyPage.vue closed
2023-07-27 11:08:02.456 [info] /home/linus/Documents/Zoezi/gymsystem/homepage/src/views/MyPage.vue.git closed
2023-07-27 11:08:16.997 [info] Active editor: file:///home/linus/Documents/Zoezi/gymsystem/frontend/staffnext/src/pages/AllActivities.vue
2023-07-27 11:14:45.657 [info] /home/linus/Documents/Zoezi/gymsystem/frontend/staffnext/src/pages/AllActivities.vue closed
2023-07-27 11:14:45.658 [info] /home/linus/Documents/Zoezi/gymsystem/frontend/staffnext/src/pages/AllActivities.vue.git closed
2023-07-27 11:44:04.485 [info] Active editor: file:///home/linus/Documents/Zoezi/gymsystem/frontend/staffnext/src/pages/AllActivities.vue
2023-07-27 11:46:13.431 [info] /home/linus/Documents/Zoezi/gymsystem/frontend/staffnext/src/pages/AllActivities.vue closed
2023-07-27 11:46:13.432 [info] /home/linus/Documents/Zoezi/gymsystem/frontend/staffnext/src/pages/AllActivities.vue.git closed
2023-07-27 11:46:31.205 [info] Active editor: file:///home/linus/Documents/Zoezi/gymsystem/backend/services/api/src/db.py
2023-07-27 11:59:35.764 [info] /home/linus/Documents/Zoezi/gymsystem/backend/services/api/src/db.py closed
2023-07-27 11:59:35.766 [info] /home/linus/Documents/Zoezi/gymsystem/backend/services/api/src/db.py.git closed
2023-07-27 11:59:43.689 [info] Active editor: file:///home/linus/Documents/Zoezi/gymsystem/homepage/src/assets/zoezi.css
2023-07-27 12:13:36.116 [info] Active editor: file:///home/linus/Documents/Zoezi/gymsystem/frontend/addonshop/public/index.html
2023-07-27 12:13:40.590 [info] /home/linus/Documents/Zoezi/gymsystem/frontend/addonshop/public/index.html closed
2023-07-27 12:13:40.592 [info] /home/linus/Documents/Zoezi/gymsystem/frontend/addonshop/public/index.html.git closed
2023-07-27 12:13:40.608 [info] Active editor: file:///home/linus/Documents/Zoezi/gymsystem/frontend/addonportal/public/index.html
2023-07-27 12:13:45.487 [info] Active editor: file:///home/linus/Documents/Zoezi/gymsystem/homepage/src/assets/zoezi.css
2023-07-27 13:29:56.451 [info] Configuration changed
2023-07-27 13:30:04.201 [info] /home/linus/Documents/Zoezi/gymsystem/frontend/addonportal/public/index.html closed
2023-07-27 13:30:04.202 [info] /home/linus/Documents/Zoezi/gymsystem/frontend/addonportal/public/index.html.git closed
2023-07-27 13:30:08.681 [info] Configuration changed
2023-07-27 13:30:17.077 [info] Active editor: file:///home/linus/Documents/Zoezi/gymsystem/homepage/src/assets/zoezi.css
2023-07-27 13:37:12.985 [info] Active editor: file:///home/linus/Documents/Zoezi/gymsystem/homepage/src/assets/zoezi.css
2023-07-27 13:39:18.472 [info] Configuration changed
2023-07-27 13:39:18.709 [info] Configuration changed
2023-07-27 13:40:11.571 [info] Configuration changed
2023-07-27 13:43:25.462 [info] Active editor: vscode-userdata:/home/linus/.config/Code/User/settings.json
2023-07-27 13:43:56.917 [info] Active editor: vscode-userdata:/home/linus/.config/Code/User/keybindings.json
2023-07-27 13:44:42.824 [info] /home/linus/.config/Code/User/keybindings.json closed
2023-07-27 13:44:45.384 [info] Active editor: vscode-userdata:/home/linus/.config/Code/User/settings.json
2023-07-27 13:46:25.730 [info] /settings/user closed
2023-07-27 13:46:25.809 [info] /settings/resourceLanguage closed
2023-07-27 13:46:25.811 [info] /ignoredSettings closed
2023-07-27 13:46:25.841 [info] /launch closed
2023-07-27 13:46:25.841 [info] /token-styling closed
2023-07-27 13:46:25.842 [info] /textmate-colors closed
2023-07-27 13:46:25.845 [info] /workbench-colors closed
2023-07-27 13:46:56.943 [info] /keybindings closed
2023-07-27 13:49:25.758 [info] /settings/user closed
2023-07-27 13:49:25.879 [info] /settings/resourceLanguage closed
2023-07-27 13:49:25.881 [info] /ignoredSettings closed
2023-07-27 13:49:25.921 [info] /launch closed
2023-07-27 13:49:25.922 [info] /token-styling closed
2023-07-27 13:49:25.923 [info] /textmate-colors closed
2023-07-27 13:49:25.926 [info] /workbench-colors closed
2023-07-27 13:52:25.805 [info] /settings/user closed
2023-07-27 13:52:25.947 [info] /settings/resourceLanguage closed
2023-07-27 13:52:25.948 [info] /ignoredSettings closed
2023-07-27 13:52:26.050 [info] /launch closed
2023-07-27 13:52:26.058 [info] /token-styling closed
2023-07-27 13:52:26.059 [info] /textmate-colors closed
2023-07-27 13:52:26.060 [info] /workbench-colors closed
2023-07-27 13:55:25.851 [info] /settings/user closed
2023-07-27 13:55:25.980 [info] /settings/resourceLanguage closed
2023-07-27 13:55:25.980 [info] /ignoredSettings closed
2023-07-27 13:55:26.104 [info] /launch closed
2023-07-27 13:55:26.209 [info] /token-styling closed
2023-07-27 13:55:26.209 [info] /textmate-colors closed
2023-07-27 13:55:26.209 [info] /workbench-colors closed
2023-07-27 13:58:25.895 [info] /settings/user closed
2023-07-27 13:58:26.011 [info] /settings/resourceLanguage closed
2023-07-27 13:58:26.013 [info] /ignoredSettings closed
2023-07-27 13:58:26.161 [info] /launch closed
2023-07-27 13:58:26.279 [info] /token-styling closed
2023-07-27 13:58:26.279 [info] /textmate-colors closed
2023-07-27 13:58:26.282 [info] /workbench-colors closed
2023-07-27 13:59:41.744 [info] Configuration changed
2023-07-27 13:59:41.940 [info] Configuration changed
2023-07-27 14:00:06.876 [info] Active editor: vscode-userdata:/home/linus/.config/Code/User/settings.json
2023-07-27 14:00:13.244 [info] /home/linus/.config/Code/User/settings.json closed
2023-07-27 14:00:14.738 [info] Active editor: file:///home/linus/Documents/Zoezi/gymsystem/homepage/src/assets/zoezi.css
2023-07-27 14:01:13.940 [info] Active editor: file:///home/linus/Documents/Zoezi/gymsystem/homepage/src/views/MyTrainingCards.vue
2023-07-27 14:01:25.954 [info] /settings/user closed
2023-07-27 14:01:26.051 [info] /settings/resourceLanguage closed
2023-07-27 14:01:26.053 [info] /ignoredSettings closed
2023-07-27 14:01:26.215 [info] /launch closed
2023-07-27 14:01:26.337 [info] /token-styling closed
2023-07-27 14:01:26.337 [info] /textmate-colors closed
2023-07-27 14:01:26.340 [info] /workbench-colors closed
2023-07-27 14:01:30.784 [info] Active editor: file:///home/linus/Documents/Zoezi/gymsystem/homepage/src/views/MyPage.vue
2023-07-27 14:03:34.814 [info] /home/linus/Documents/Zoezi/gymsystem/homepage/src/views/MyTrainingCards.vue closed
2023-07-27 14:03:34.820 [info] /home/linus/Documents/Zoezi/gymsystem/homepage/src/views/MyTrainingCards.vue.git closed
2023-07-27 14:03:34.879 [info] Active editor: file:///home/linus/Documents/Zoezi/gymsystem/homepage/src/store/store.js
2023-07-27 14:03:49.558 [info] Searching for setCards
2023-07-27 14:04:12.164 [info] Active editor: file:///home/linus/Documents/Zoezi/gymsystem/homepage/src/services/Booking.js
2023-07-27 14:15:46.355 [info] Active editor: file:///home/linus/Documents/Zoezi/gymsystem/backend/services/api/src/db.py
2023-07-27 14:24:09.479 [info] Configuration changed
2023-07-27 14:24:31.882 [info] Active editor: file:///home/linus/Documents/Zoezi/gymsystem/backend/services/api/src/db.py
2023-07-27 14:26:45.563 [info] Active editor: file:///home/linus/Documents/Zoezi/gymsystem/backend/services/api/src/db.py
2023-07-27 14:27:53.022 [info] Active editor: file:///home/linus/Documents/Zoezi/gymsystem/homepage/src/services/Booking.js
2023-07-27 14:30:57.376 [info] Active editor: file:///home/linus/Documents/Zoezi/gymsystem/homepage/src/store/store.js
2023-07-27 14:30:59.444 [info] Active editor: file:///home/linus/Documents/Zoezi/gymsystem/backend/services/api/src/db.py
2023-07-27 14:31:01.546 [info] /home/linus/Documents/Zoezi/gymsystem/backend/services/api/src/plug/chain/api.py closed
2023-07-27 14:31:02.037 [info] /home/linus/Documents/Zoezi/gymsystem/backend/services/api/src/plug/chain/api.py closed
2023-07-27 14:33:26.116 [info] Active editor: file:///home/linus/Documents/Zoezi/gymsystem/homepage/src/services/Booking.js
2023-07-27 14:37:28.840 [info] Active editor: file:///home/linus/Documents/Zoezi/gymsystem/backend/services/api/src/db.py
2023-07-27 14:37:35.493 [info] Active editor: file:///home/linus/Documents/Zoezi/gymsystem/homepage/src/services/Booking.js
2023-07-27 14:40:28.587 [info] Active editor: file:///home/linus/Documents/Zoezi/gymsystem/backend/services/api/src/db.py
2023-07-27 14:40:28.735 [info] Active editor: file:///home/linus/Documents/Zoezi/gymsystem/homepage/src/services/Booking.js
2023-07-27 14:40:28.766 [warning] getLineLength() called with out-of-bounds line 7564
2023-07-27 14:40:28.766 [warning] getLineLength() called with out-of-bounds line 7564
2023-07-27 14:40:28.901 [info] Active editor: file:///home/linus/Documents/Zoezi/gymsystem/homepage/src/store/store.js
2023-07-27 14:40:28.915 [warning] getLineLength() called with out-of-bounds line 633
2023-07-27 14:40:28.915 [warning] invalid cursor position. [[633, 12] | [633, 12]].
2023-07-27 14:40:37.448 [info] Active editor: file:///home/linus/Documents/Zoezi/gymsystem/homepage/src/services/Booking.js
2023-07-27 14:55:45.705 [info] Configuration changed
