2023-07-17 12:53:21.944 [info] [Info  - 12:53:21 PM] (498873) Pylance language server 2023.7.10 (pyright 74d8f3c4) starting
2023-07-17 12:53:21.944 [info] [Info  - 12:53:21 PM] (498873) Server root directory: /home/linus/.vscode/extensions/ms-python.vscode-pylance-2023.7.10/dist
2023-07-17 12:53:21.950 [info] [Info  - 12:53:21 PM] (498873) Starting service instance "gymsystem"
2023-07-17 12:53:22.000 [info] [Info  - 12:53:21 PM] (498873) Setting pythonPath for service "gymsystem": "/run/current-system/sw/bin/python"
2023-07-17 12:53:22.003 [info] [Warn  - 12:53:22 PM] (498873) stubPath /backend/services/api/src is not a valid directory.
2023-07-17 12:53:22.036 [info] [Info  - 12:53:22 PM] (498873) Assuming Python version 3.10
2023-07-17 12:53:22.543 [info] [Info  - 12:53:22 PM] (498873) Found 631 source files
2023-07-17 12:53:24.010 [info] [Info  - 12:53:24 PM] (498873) Background analysis(1) root directory: /home/linus/.vscode/extensions/ms-python.vscode-pylance-2023.7.10/dist
2023-07-17 12:53:24.030 [info] [Info  - 12:53:24 PM] (498873) Background analysis(1) started
2023-07-17 12:53:24.037 [info] [Info  - 12:53:24 PM] (498873) Indexer background runner(2) root directory: /home/linus/.vscode/extensions/ms-python.vscode-pylance-2023.7.10/dist (index)
2023-07-17 12:53:24.037 [info] [Info  - 12:53:24 PM] (498873) Indexing(2) started
2023-07-17 12:53:24.037 [info] [Info  - 12:53:24 PM] (498873) scanned(2) 12 files over 1 exec env
2023-07-17 12:53:24.037 [info] [Info  - 12:53:24 PM] (498873) indexed(2) 1 files over 1 exec env
2023-07-17 12:53:24.038 [info] [Info  - 12:53:24 PM] (498873) Indexing finished(2).
2023-07-17 12:53:27.375 [info] [Info  - 12:53:27 PM] (498873) [BG(1)] Long operation: getSemanticTokens full at /home/linus/Documents/Zoezi/gymsystem/backend/services/api/src/db.py (4026ms)
2023-07-17 13:00:32.191 [info] [Info  - 1:00:32 PM] (498873) [BG(1)] Long operation: checking: /home/linus/Documents/Zoezi/gymsystem/backend/services/api/src/db.py (7687ms)
2023-07-17 13:00:32.194 [info] [Info  - 1:00:32 PM] (498873) [BG(1)] Long operation: analyzing: /home/linus/Documents/Zoezi/gymsystem/backend/services/api/src/db.py (7687ms)
2023-07-17 14:23:54.322 [info] [Info  - 2:23:54 PM] (498873) Found 630 source files
2023-07-17 14:24:05.373 [info] [Info  - 2:24:05 PM] (498873) [BG(1)] Long operation: checking: /home/linus/Documents/Zoezi/gymsystem/backend/services/api/src/db.py (9851ms)
2023-07-17 14:24:05.374 [info] [Info  - 2:24:05 PM] (498873) [BG(1)] Long operation: analyzing: /home/linus/Documents/Zoezi/gymsystem/backend/services/api/src/db.py (10934ms)
2023-07-17 14:24:51.167 [info] [Info  - 2:24:51 PM] (498873) Found 631 source files
2023-07-17 14:25:01.365 [info] [Info  - 2:25:01 PM] (498873) [BG(1)] Long operation: checking: /home/linus/Documents/Zoezi/gymsystem/backend/services/api/src/db.py (9366ms)
2023-07-17 14:25:01.365 [info] [Info  - 2:25:01 PM] (498873) [BG(1)] Long operation: analyzing: /home/linus/Documents/Zoezi/gymsystem/backend/services/api/src/db.py (10150ms)
