2023-07-27 11:04:41.757 [info] Reading sessions from keychain...
2023-07-27 11:04:41.757 [info] Getting sessions for all scopes...
2023-07-27 11:04:41.757 [info] Getting sessions for user:email...
2023-07-27 11:04:41.757 [info] Got 0 sessions for ...
2023-07-27 11:04:41.757 [info] Got 0 sessions for user:email...
2023-07-27 11:04:42.221 [info] Getting sessions for all scopes...
2023-07-27 11:04:42.221 [info] Got 0 sessions for ...
2023-07-27 13:39:18.489 [info] Reading sessions from keychain...
2023-07-27 13:39:18.489 [info] Getting sessions for all scopes...
2023-07-27 13:39:18.489 [info] Getting sessions for user:email...
2023-07-27 13:39:18.489 [info] Got 0 sessions for ...
2023-07-27 13:39:18.489 [info] Got 0 sessions for user:email...
2023-07-27 13:39:18.565 [info] Getting sessions for all scopes...
2023-07-27 13:39:18.565 [info] Got 0 sessions for ...
2023-07-27 13:39:18.602 [info] Getting sessions for all scopes...
2023-07-27 13:39:18.602 [info] Got 0 sessions for ...
2023-07-27 13:59:42.124 [info] Getting sessions for all scopes...
2023-07-27 13:59:42.124 [info] Got 0 sessions for ...
2023-07-27 13:59:42.199 [info] Getting sessions for read:user,repo,user:email...
2023-07-27 13:59:42.199 [info] Got 0 sessions for read:user,repo,user:email...
2023-07-27 14:24:32.149 [info] Getting sessions for read:user,repo,user:email...
2023-07-27 14:24:32.149 [info] Got 0 sessions for read:user,repo,user:email...
2023-07-27 14:55:54.648 [info] Getting sessions for read:user,repo,user:email...
2023-07-27 14:55:54.651 [info] Got 0 sessions for read:user,repo,user:email...
