2023-07-26 14:09:53.400 [info] Configuration changed
2023-07-26 14:09:53.462 [info] Configuration changed
2023-07-26 14:09:53.721 [info] Configuration changed
2023-07-26 14:09:53.869 [info] Configuration changed
2023-07-26 14:09:54.423 [info] Configuration changed
2023-07-26 14:09:54.439 [info] Configuration changed
2023-07-26 14:10:03.526 [info] Active editor: file:///home/linus/Documents/Zoezi/gymsystem/frontend/src/client/scripts/app.js
2023-07-26 14:42:49.287 [info] Active editor: file:///home/linus/Documents/Zoezi/gymsystem/frontend/staffnext/src/components/FavouriteButton.vue
2023-07-26 14:53:23.255 [info] Executing :set sw=4
2023-07-26 15:58:41.717 [info] Active editor: file:///home/linus/Documents/Zoezi/gymsystem/frontend/staffnext/src/service/MenuService.ts
2023-07-26 15:58:46.926 [info] /home/linus/Documents/Zoezi/gymsystem/frontend/staffnext/src/service/MenuService.ts closed
2023-07-26 15:58:46.927 [info] /home/linus/Documents/Zoezi/gymsystem/frontend/staffnext/src/service/MenuService.ts.git closed
2023-07-26 15:58:46.945 [info] Active editor: file:///home/linus/Documents/Zoezi/gymsystem/frontend/staffnext/src/service/StoreService.ts
2023-07-26 16:00:11.513 [info] Active editor: file:///home/linus/Documents/Zoezi/gymsystem/backend/services/api/src/db.py
2023-07-26 16:00:12.058 [info] Active editor: file:///home/linus/Documents/Zoezi/gymsystem/frontend/staffnext/src/components/FavouriteButton.vue
2023-07-26 16:05:17.934 [info] /home/linus/Documents/Zoezi/gymsystem/frontend/staffnext/src/components/FavouriteButton.vue closed
2023-07-26 16:05:17.935 [info] /home/linus/Documents/Zoezi/gymsystem/frontend/staffnext/src/components/FavouriteButton.vue.git closed
2023-07-26 16:05:17.996 [info] Active editor: file:///home/linus/Documents/Zoezi/gymsystem/backend/services/api/src/db.py
2023-07-26 16:05:49.079 [info] Active editor: file:///home/linus/Documents/Zoezi/gymsystem/frontend/staffnext/src/service/StoreService.ts
2023-07-26 16:05:55.079 [info] /home/linus/Documents/Zoezi/gymsystem/frontend/staffnext/src/service/StoreService.ts closed
2023-07-26 16:05:55.080 [info] /home/linus/Documents/Zoezi/gymsystem/frontend/staffnext/src/service/StoreService.ts.git closed
2023-07-26 16:05:55.099 [info] Active editor: file:///home/linus/Documents/Zoezi/gymsystem/frontend/staffnext/src/service/ResourceSearchProvider.ts
2023-07-26 16:05:56.113 [info] /home/linus/Documents/Zoezi/gymsystem/frontend/staffnext/src/service/ResourceSearchProvider.ts closed
2023-07-26 16:05:56.113 [info] /home/linus/Documents/Zoezi/gymsystem/frontend/staffnext/src/service/ResourceSearchProvider.ts.git closed
2023-07-26 16:05:56.130 [info] Active editor: file:///home/linus/Documents/Zoezi/gymsystem/frontend/staffnext/src/service/AppSearchProvider.ts
2023-07-26 16:05:57.213 [info] /home/linus/Documents/Zoezi/gymsystem/frontend/staffnext/src/service/AppSearchProvider.ts closed
2023-07-26 16:05:57.214 [info] /home/linus/Documents/Zoezi/gymsystem/frontend/staffnext/src/service/AppSearchProvider.ts.git closed
2023-07-26 16:05:57.230 [info] Active editor: file:///home/linus/Documents/Zoezi/gymsystem/frontend/staffnext/src/service/CustomerSearchProvider.ts
2023-07-26 16:06:02.799 [info] /home/linus/Documents/Zoezi/gymsystem/frontend/staffnext/src/service/CustomerSearchProvider.ts closed
2023-07-26 16:06:02.800 [info] /home/linus/Documents/Zoezi/gymsystem/frontend/staffnext/src/service/CustomerSearchProvider.ts.git closed
2023-07-26 16:06:02.829 [info] Active editor: file:///home/linus/Documents/Zoezi/gymsystem/frontend/staffnext/src/components/FavouriteButton.vue
2023-07-26 16:10:05.015 [info] Active editor: file:///home/linus/Documents/Zoezi/gymsystem/frontend/src/client/scripts/app.js
2023-07-26 16:10:17.311 [info] Active editor: file:///home/linus/Documents/Zoezi/gymsystem/frontend/staffnext/src/service/StoreService.ts
2023-07-26 16:11:07.023 [info] Active editor: file:///home/linus/Documents/Zoezi/gymsystem/frontend/staffnext/src/service/UserService.ts
2023-07-26 16:11:39.014 [info] Active editor: file:///home/linus/Documents/Zoezi/gymsystem/frontend/staffnext/src/components/FavouriteButton.vue
2023-07-26 16:11:41.991 [info] Active editor: file:///home/linus/Documents/Zoezi/gymsystem/frontend/staffnext/src/service/UserService.ts
2023-07-26 16:11:43.767 [info] Active editor: file:///home/linus/Documents/Zoezi/gymsystem/frontend/staffnext/src/components/FavouriteButton.vue
2023-07-26 16:18:49.537 [info] Active editor: file:///home/linus/Documents/Zoezi/gymsystem/homepage/src/views/MyPage.vue
2023-07-26 16:19:02.695 [info] Active editor: file:///home/linus/Documents/Zoezi/gymsystem/homepage/src/views/MyEntryStats.vue
2023-07-26 16:19:23.596 [info] Active editor: file:///home/linus/Documents/Zoezi/gymsystem/homepage/src/views/MyPage.vue
2023-07-26 16:39:08.308 [info] Active editor: file:///home/linus/Documents/Zoezi/gymsystem/frontend/staffnext/src/pages/AllActivities.vue
2023-07-26 16:39:11.333 [info] Active editor: file:///home/linus/Documents/Zoezi/gymsystem/frontend/staffnext/src/pages/SalesOverview.vue
2023-07-26 16:39:22.194 [info] Active editor: file:///home/linus/Documents/Zoezi/gymsystem/frontend/staffnext/src/components/FavouriteButton.vue
2023-07-26 16:39:23.111 [info] Active editor: file:///home/linus/Documents/Zoezi/gymsystem/homepage/src/views/MyPage.vue
2023-07-26 16:39:23.758 [info] Active editor: file:///home/linus/Documents/Zoezi/gymsystem/frontend/staffnext/src/pages/AllActivities.vue
2023-07-26 16:39:24.124 [info] Active editor: file:///home/linus/Documents/Zoezi/gymsystem/frontend/staffnext/src/pages/SalesOverview.vue
2023-07-26 16:39:25.815 [info] Active editor: file:///home/linus/Documents/Zoezi/gymsystem/homepage/src/views/MyEntryStats.vue
2023-07-26 16:39:29.750 [info] Active editor: file:///home/linus/Documents/Zoezi/gymsystem/backend/services/api/src/db.py
2023-07-26 16:39:30.280 [info] Active editor: file:///home/linus/Documents/Zoezi/gymsystem/homepage/src/views/MyEntryStats.vue
2023-07-26 16:39:30.695 [info] Active editor: file:///home/linus/Documents/Zoezi/gymsystem/frontend/staffnext/src/pages/SalesOverview.vue
2023-07-26 16:39:31.866 [info] Active editor: file:///home/linus/Documents/Zoezi/gymsystem/frontend/staffnext/src/pages/AllActivities.vue
2023-07-26 16:41:02.637 [info] /home/linus/Documents/Zoezi/gymsystem/frontend/staffnext/src/pages/SalesOverview.vue closed
2023-07-26 16:41:02.638 [info] /home/linus/Documents/Zoezi/gymsystem/frontend/staffnext/src/pages/SalesOverview.vue.git closed
2023-07-26 16:41:02.656 [info] Active editor: file:///home/linus/Documents/Zoezi/gymsystem/frontend/staffnext/src/service/ZoeziApi.js
2023-07-26 16:41:17.297 [info] /home/linus/Documents/Zoezi/gymsystem/frontend/staffnext/src/service/ZoeziApi.js closed
2023-07-26 16:41:17.297 [info] /home/linus/Documents/Zoezi/gymsystem/frontend/staffnext/src/service/ZoeziApi.js.git closed
2023-07-26 16:41:17.334 [info] Active editor: file:///home/linus/Documents/Zoezi/gymsystem/frontend/staffnext/src/router.js
2023-07-26 16:41:47.619 [info] Searching for false
2023-07-26 16:41:54.238 [info] Searching for staff
2023-07-26 16:42:07.875 [info] Searching for schedule
2023-07-26 16:43:48.527 [info] Searching for import
2023-07-26 16:45:03.625 [info] Active editor: file:///home/linus/Documents/Zoezi/gymsystem/frontend/staffnext/src/pages/AllActivities.vue
2023-07-26 16:47:19.570 [info] Searching for fetchSales
2023-07-26 16:49:41.773 [info] Executing :'<,'>format
2023-07-26 16:50:55.498 [info] Active editor: file:///home/linus/Documents/Zoezi/gymsystem/frontend/staffnext/src/pages/AllActivities.vue
2023-07-26 16:51:00.529 [info] Active editor: file:///home/linus/Documents/Zoezi/gymsystem/frontend/staffnext/src/components/StaffList.vue
2023-07-26 16:51:23.295 [info] Active editor: file:///home/linus/Documents/Zoezi/gymsystem/frontend/staffnext/src/pages/AllActivities.vue
