2023-07-06 17:24:38.142 [warning] Via 'product.json#extensionEnabledApiProposals' extension 'ms-vscode.vscode-selfhost-test-provider' wants API proposal 'testContinuousRun' but that proposal DOES NOT EXIST. Likely, the proposal has been finalized (check 'vscode.d.ts') or was abandoned.
2023-07-06 17:24:38.784 [warning] [Vue.volar]: Cannot register 'typescript.tsdk'. This property is already registered.
2023-07-06 17:24:41.219 [info] [perf] Render performance baseline is 31ms
2023-07-06 17:24:45.227 [error] Assertion Failed: Error: Assertion Failed
    at D (vscode-file://vscode-app/nix/store/g3kir40abqgqqcdm18qygka784ng88b1-vscode-1.78.2/lib/vscode/resources/app/out/vs/workbench/workbench.desktop.main.js:11:9896)
    at new r (vscode-file://vscode-app/nix/store/g3kir40abqgqqcdm18qygka784ng88b1-vscode-1.78.2/lib/vscode/resources/app/out/vs/workbench/workbench.desktop.main.js:1041:10074)
    at vscode-file://vscode-app/nix/store/g3kir40abqgqqcdm18qygka784ng88b1-vscode-1.78.2/lib/vscode/resources/app/out/vs/workbench/workbench.desktop.main.js:1041:13755
    at Array.map (<anonymous>)
    at e.MergeDiffComputer.computeDiff (vscode-file://vscode-app/nix/store/g3kir40abqgqqcdm18qygka784ng88b1-vscode-1.78.2/lib/vscode/resources/app/out/vs/workbench/workbench.desktop.main.js:1041:13748)
2023-07-06 17:25:06.710 [error] Assertion Failed: Error: Assertion Failed
    at D (vscode-file://vscode-app/nix/store/g3kir40abqgqqcdm18qygka784ng88b1-vscode-1.78.2/lib/vscode/resources/app/out/vs/workbench/workbench.desktop.main.js:11:9896)
    at new r (vscode-file://vscode-app/nix/store/g3kir40abqgqqcdm18qygka784ng88b1-vscode-1.78.2/lib/vscode/resources/app/out/vs/workbench/workbench.desktop.main.js:1041:10074)
    at r.addOutputLineDelta (vscode-file://vscode-app/nix/store/g3kir40abqgqqcdm18qygka784ng88b1-vscode-1.78.2/lib/vscode/resources/app/out/vs/workbench/workbench.desktop.main.js:1041:10562)
    at vscode-file://vscode-app/nix/store/g3kir40abqgqqcdm18qygka784ng88b1-vscode-1.78.2/lib/vscode/resources/app/out/vs/workbench/workbench.desktop.main.js:1042:4411
    at Array.map (<anonymous>)
    at C.removeDiffs (vscode-file://vscode-app/nix/store/g3kir40abqgqqcdm18qygka784ng88b1-vscode-1.78.2/lib/vscode/resources/app/out/vs/workbench/workbench.desktop.main.js:1042:4365)
    at e.MergeEditorModel.setState (vscode-file://vscode-app/nix/store/g3kir40abqgqqcdm18qygka784ng88b1-vscode-1.78.2/lib/vscode/resources/app/out/vs/workbench/workbench.desktop.main.js:1042:13983)
    at vscode-file://vscode-app/nix/store/g3kir40abqgqqcdm18qygka784ng88b1-vscode-1.78.2/lib/vscode/resources/app/out/vs/workbench/workbench.desktop.main.js:1046:2823
    at I (vscode-file://vscode-app/nix/store/g3kir40abqgqqcdm18qygka784ng88b1-vscode-1.78.2/lib/vscode/resources/app/out/vs/workbench/workbench.desktop.main.js:67:9890)
    at Object.action (vscode-file://vscode-app/nix/store/g3kir40abqgqqcdm18qygka784ng88b1-vscode-1.78.2/lib/vscode/resources/app/out/vs/workbench/workbench.desktop.main.js:1046:2816)
    at HTMLAnchorElement.onclick (vscode-file://vscode-app/nix/store/g3kir40abqgqqcdm18qygka784ng88b1-vscode-1.78.2/lib/vscode/resources/app/out/vs/workbench/workbench.desktop.main.js:1046:4417)
2023-07-06 17:25:06.721 [error] Assertion Failed: Error: Assertion Failed
    at D (vscode-file://vscode-app/nix/store/g3kir40abqgqqcdm18qygka784ng88b1-vscode-1.78.2/lib/vscode/resources/app/out/vs/workbench/workbench.desktop.main.js:11:9896)
    at new r (vscode-file://vscode-app/nix/store/g3kir40abqgqqcdm18qygka784ng88b1-vscode-1.78.2/lib/vscode/resources/app/out/vs/workbench/workbench.desktop.main.js:1041:10074)
    at r.addOutputLineDelta (vscode-file://vscode-app/nix/store/g3kir40abqgqqcdm18qygka784ng88b1-vscode-1.78.2/lib/vscode/resources/app/out/vs/workbench/workbench.desktop.main.js:1041:10562)
    at C.applyEditRelativeToOriginal (vscode-file://vscode-app/nix/store/g3kir40abqgqqcdm18qygka784ng88b1-vscode-1.78.2/lib/vscode/resources/app/out/vs/workbench/workbench.desktop.main.js:1042:4905)
    at e.MergeEditorModel.setState (vscode-file://vscode-app/nix/store/g3kir40abqgqqcdm18qygka784ng88b1-vscode-1.78.2/lib/vscode/resources/app/out/vs/workbench/workbench.desktop.main.js:1042:14337)
    at vscode-file://vscode-app/nix/store/g3kir40abqgqqcdm18qygka784ng88b1-vscode-1.78.2/lib/vscode/resources/app/out/vs/workbench/workbench.desktop.main.js:1046:2823
    at I (vscode-file://vscode-app/nix/store/g3kir40abqgqqcdm18qygka784ng88b1-vscode-1.78.2/lib/vscode/resources/app/out/vs/workbench/workbench.desktop.main.js:67:9890)
    at Object.action (vscode-file://vscode-app/nix/store/g3kir40abqgqqcdm18qygka784ng88b1-vscode-1.78.2/lib/vscode/resources/app/out/vs/workbench/workbench.desktop.main.js:1046:2816)
    at HTMLAnchorElement.onclick (vscode-file://vscode-app/nix/store/g3kir40abqgqqcdm18qygka784ng88b1-vscode-1.78.2/lib/vscode/resources/app/out/vs/workbench/workbench.desktop.main.js:1046:4417)
2023-07-06 17:25:16.123 [error] Assertion Failed: Error: Assertion Failed
    at D (vscode-file://vscode-app/nix/store/g3kir40abqgqqcdm18qygka784ng88b1-vscode-1.78.2/lib/vscode/resources/app/out/vs/workbench/workbench.desktop.main.js:11:9896)
    at new r (vscode-file://vscode-app/nix/store/g3kir40abqgqqcdm18qygka784ng88b1-vscode-1.78.2/lib/vscode/resources/app/out/vs/workbench/workbench.desktop.main.js:1041:10074)
    at r.addOutputLineDelta (vscode-file://vscode-app/nix/store/g3kir40abqgqqcdm18qygka784ng88b1-vscode-1.78.2/lib/vscode/resources/app/out/vs/workbench/workbench.desktop.main.js:1041:10562)
    at vscode-file://vscode-app/nix/store/g3kir40abqgqqcdm18qygka784ng88b1-vscode-1.78.2/lib/vscode/resources/app/out/vs/workbench/workbench.desktop.main.js:1042:4411
    at Array.map (<anonymous>)
    at C.removeDiffs (vscode-file://vscode-app/nix/store/g3kir40abqgqqcdm18qygka784ng88b1-vscode-1.78.2/lib/vscode/resources/app/out/vs/workbench/workbench.desktop.main.js:1042:4365)
    at e.MergeEditorModel.setState (vscode-file://vscode-app/nix/store/g3kir40abqgqqcdm18qygka784ng88b1-vscode-1.78.2/lib/vscode/resources/app/out/vs/workbench/workbench.desktop.main.js:1042:13983)
    at vscode-file://vscode-app/nix/store/g3kir40abqgqqcdm18qygka784ng88b1-vscode-1.78.2/lib/vscode/resources/app/out/vs/workbench/workbench.desktop.main.js:1046:1323
    at I (vscode-file://vscode-app/nix/store/g3kir40abqgqqcdm18qygka784ng88b1-vscode-1.78.2/lib/vscode/resources/app/out/vs/workbench/workbench.desktop.main.js:67:9890)
    at Object.action (vscode-file://vscode-app/nix/store/g3kir40abqgqqcdm18qygka784ng88b1-vscode-1.78.2/lib/vscode/resources/app/out/vs/workbench/workbench.desktop.main.js:1046:1316)
    at HTMLAnchorElement.onclick (vscode-file://vscode-app/nix/store/g3kir40abqgqqcdm18qygka784ng88b1-vscode-1.78.2/lib/vscode/resources/app/out/vs/workbench/workbench.desktop.main.js:1046:4417)
2023-07-06 17:25:16.123 [error] Assertion Failed: Error: Assertion Failed
    at D (vscode-file://vscode-app/nix/store/g3kir40abqgqqcdm18qygka784ng88b1-vscode-1.78.2/lib/vscode/resources/app/out/vs/workbench/workbench.desktop.main.js:11:9896)
    at new r (vscode-file://vscode-app/nix/store/g3kir40abqgqqcdm18qygka784ng88b1-vscode-1.78.2/lib/vscode/resources/app/out/vs/workbench/workbench.desktop.main.js:1041:10074)
    at r.addOutputLineDelta (vscode-file://vscode-app/nix/store/g3kir40abqgqqcdm18qygka784ng88b1-vscode-1.78.2/lib/vscode/resources/app/out/vs/workbench/workbench.desktop.main.js:1041:10562)
    at C.applyEditRelativeToOriginal (vscode-file://vscode-app/nix/store/g3kir40abqgqqcdm18qygka784ng88b1-vscode-1.78.2/lib/vscode/resources/app/out/vs/workbench/workbench.desktop.main.js:1042:4905)
    at e.MergeEditorModel.setState (vscode-file://vscode-app/nix/store/g3kir40abqgqqcdm18qygka784ng88b1-vscode-1.78.2/lib/vscode/resources/app/out/vs/workbench/workbench.desktop.main.js:1042:14337)
    at vscode-file://vscode-app/nix/store/g3kir40abqgqqcdm18qygka784ng88b1-vscode-1.78.2/lib/vscode/resources/app/out/vs/workbench/workbench.desktop.main.js:1046:1323
    at I (vscode-file://vscode-app/nix/store/g3kir40abqgqqcdm18qygka784ng88b1-vscode-1.78.2/lib/vscode/resources/app/out/vs/workbench/workbench.desktop.main.js:67:9890)
    at Object.action (vscode-file://vscode-app/nix/store/g3kir40abqgqqcdm18qygka784ng88b1-vscode-1.78.2/lib/vscode/resources/app/out/vs/workbench/workbench.desktop.main.js:1046:1316)
    at HTMLAnchorElement.onclick (vscode-file://vscode-app/nix/store/g3kir40abqgqqcdm18qygka784ng88b1-vscode-1.78.2/lib/vscode/resources/app/out/vs/workbench/workbench.desktop.main.js:1046:4417)
