2023-07-19 13:08:54.098 [info] Log level: Info
2023-07-19 13:08:54.098 [info] Validating found git in: "git"
2023-07-19 13:08:54.098 [info] Using git "2.40.1" from "git"
2023-07-19 13:08:54.098 [info] > git rev-parse --show-toplevel [5ms]
2023-07-19 13:08:54.117 [info] > git rev-parse --git-dir --git-common-dir [11ms]
2023-07-19 13:08:54.125 [info] Open repository: /home/linus/Documents/Zoezi/gymsystem
2023-07-19 13:08:54.155 [info] > git config --get commit.template [10ms]
2023-07-19 13:08:54.155 [info] > git rev-parse --show-toplevel [21ms]
2023-07-19 13:08:54.165 [info] > git rev-parse --show-toplevel [3ms]
2023-07-19 13:08:54.192 [info] > git rev-parse --show-toplevel [21ms]
2023-07-19 13:08:54.200 [info] > git rev-parse --show-toplevel [1ms]
2023-07-19 13:08:54.208 [info] > git for-each-ref --format=%(refname)%00%(upstream:short)%00%(objectname)%00%(upstream:track)%00%(upstream:remotename)%00%(upstream:remoteref) refs/heads/PROD-14 refs/remotes/PROD-14 [16ms]
2023-07-19 13:08:54.217 [info] > git rev-parse --show-toplevel [10ms]
2023-07-19 13:08:54.229 [info] > git rev-parse --show-toplevel [3ms]
2023-07-19 13:08:54.237 [info] > git rev-parse --show-toplevel [2ms]
2023-07-19 13:08:54.247 [info] > git rev-parse --show-toplevel [1ms]
2023-07-19 13:08:54.255 [info] > git status -z -uall [39ms]
2023-07-19 13:08:54.268 [info] > git rev-parse --show-toplevel [14ms]
2023-07-19 13:08:54.276 [info] > git config --get commit.template [9ms]
2023-07-19 13:08:54.277 [info] > git rev-parse --show-toplevel [2ms]
2023-07-19 13:08:54.291 [info] > git rev-parse --show-toplevel [7ms]
2023-07-19 13:08:54.298 [info] > git for-each-ref --format=%(refname)%00%(upstream:short)%00%(objectname)%00%(upstream:track)%00%(upstream:remotename)%00%(upstream:remoteref) refs/heads/PROD-14 refs/remotes/PROD-14 [8ms]
2023-07-19 13:08:54.306 [info] > git rev-parse --show-toplevel [9ms]
2023-07-19 13:08:54.315 [info] > git rev-parse --show-toplevel [1ms]
2023-07-19 13:08:54.323 [info] > git rev-parse --show-toplevel [1ms]
2023-07-19 13:08:54.331 [info] > git rev-parse --show-toplevel [1ms]
2023-07-19 13:08:54.338 [info] > git rev-parse --show-toplevel [0ms]
2023-07-19 13:08:54.339 [info] > git status -z -uall [34ms]
2023-07-19 13:08:54.683 [info] > git check-ignore -v -z --stdin [10ms]
2023-07-19 13:08:55.048 [info] > git show --textconv :backend/services/api/src/db.py [14ms]
2023-07-19 13:08:55.048 [info] > git ls-files --stage -- /home/linus/Documents/Zoezi/gymsystem/backend/services/api/src/db.py [4ms]
2023-07-19 13:08:55.063 [info] > git cat-file -s 48d662b1f9b2d9f16b4dbf5a09c4ebf51aa22fc7 [5ms]
2023-07-19 13:08:57.603 [info] > git show --textconv :backend/services/api/src/plug/db/migration.py [13ms]
2023-07-19 13:08:57.605 [info] > git ls-files --stage -- /home/linus/Documents/Zoezi/gymsystem/backend/services/api/src/plug/db/migration.py [3ms]
2023-07-19 13:08:57.617 [info] > git cat-file -s 9941ce088568748bb04518f2af81b5afbc1b0508 [1ms]
2023-07-19 13:08:58.212 [info] > git check-ignore -v -z --stdin [13ms]
2023-07-19 13:09:07.525 [info] > git check-ignore -v -z --stdin [2ms]
2023-07-19 13:09:08.929 [info] > git check-ignore -v -z --stdin [4ms]
2023-07-19 13:09:41.641 [info] > git check-ignore -v -z --stdin [3ms]
2023-07-19 13:09:44.618 [info] > git check-ignore -v -z --stdin [2ms]
2023-07-19 13:09:49.889 [info] > git ls-files --stage -- /home/linus/Documents/Zoezi/gymsystem/frontend/src/client/scripts/app.js [10ms]
2023-07-19 13:09:49.904 [info] > git show --textconv :frontend/src/client/scripts/app.js [37ms]
2023-07-19 13:09:49.904 [info] > git check-ignore -v -z --stdin [17ms]
2023-07-19 13:09:49.904 [info] > git cat-file -s a96fee9a95f3647b9783ad9bae9ee75d9ec9a6b1 [9ms]
2023-07-19 13:11:11.566 [info] > git config --get commit.template [8ms]
2023-07-19 13:11:11.576 [info] > git ls-files --stage -- /home/linus/Documents/Zoezi/gymsystem/frontend/src/client/scripts/app.js [11ms]
2023-07-19 13:11:11.582 [info] > git for-each-ref --format=%(refname)%00%(upstream:short)%00%(objectname)%00%(upstream:track)%00%(upstream:remotename)%00%(upstream:remoteref) refs/heads/2LINUSTEST refs/remotes/2LINUSTEST [7ms]
2023-07-19 13:11:11.590 [info] > git cat-file -s 7b09bff2e76f7631d05b812102b34f9fe602872d [9ms]
2023-07-19 13:11:11.610 [info] > git show --textconv :frontend/src/client/scripts/app.js [7ms]
2023-07-19 13:11:11.784 [info] > git status -z -uall [195ms]
2023-07-19 13:12:02.431 [info] > git config --get commit.template [11ms]
2023-07-19 13:12:02.431 [info] > git for-each-ref --format=%(refname)%00%(upstream:short)%00%(objectname)%00%(upstream:track)%00%(upstream:remotename)%00%(upstream:remoteref) refs/heads/2LINUSTEST refs/remotes/2LINUSTEST [1ms]
2023-07-19 13:12:02.497 [info] > git status -z -uall [56ms]
2023-07-19 13:12:07.617 [info] > git for-each-ref --format=%(refname)%00%(upstream:short)%00%(objectname)%00%(upstream:track)%00%(upstream:remotename)%00%(upstream:remoteref) refs/heads/2LINUSTEST refs/remotes/2LINUSTEST [23ms]
2023-07-19 13:12:07.617 [info] > git config --get commit.template [32ms]
2023-07-19 13:12:07.677 [info] > git status -z -uall [51ms]
2023-07-19 13:19:05.237 [info] > git config --get commit.template [2ms]
2023-07-19 13:19:05.250 [info] > git for-each-ref --format=%(refname)%00%(upstream:short)%00%(objectname)%00%(upstream:track)%00%(upstream:remotename)%00%(upstream:remoteref) refs/heads/2LINUSTEST refs/remotes/2LINUSTEST [4ms]
2023-07-19 13:19:05.302 [info] > git status -z -uall [43ms]
2023-07-19 13:34:55.589 [info] > git config --get commit.template [11ms]
2023-07-19 13:34:55.590 [info] > git for-each-ref --format=%(refname)%00%(upstream:short)%00%(objectname)%00%(upstream:track)%00%(upstream:remotename)%00%(upstream:remoteref) refs/heads/2LINUSTEST refs/remotes/2LINUSTEST [2ms]
2023-07-19 13:34:55.641 [info] > git status -z -uall [44ms]
