2023-07-06 17:30:55.737 [warning] Via 'product.json#extensionEnabledApiProposals' extension 'ms-vscode.vscode-selfhost-test-provider' wants API proposal 'testContinuousRun' but that proposal DOES NOT EXIST. Likely, the proposal has been finalized (check 'vscode.d.ts') or was abandoned.
2023-07-06 17:30:56.076 [warning] [Vue.volar]: Cannot register 'typescript.tsdk'. This property is already registered.
2023-07-06 17:31:00.439 [info] [perf] Render performance baseline is 44ms
2023-07-06 17:31:01.193 [error] Assertion Failed: Error: Assertion Failed
    at D (vscode-file://vscode-app/nix/store/g3kir40abqgqqcdm18qygka784ng88b1-vscode-1.78.2/lib/vscode/resources/app/out/vs/workbench/workbench.desktop.main.js:11:9896)
    at new r (vscode-file://vscode-app/nix/store/g3kir40abqgqqcdm18qygka784ng88b1-vscode-1.78.2/lib/vscode/resources/app/out/vs/workbench/workbench.desktop.main.js:1041:10074)
    at vscode-file://vscode-app/nix/store/g3kir40abqgqqcdm18qygka784ng88b1-vscode-1.78.2/lib/vscode/resources/app/out/vs/workbench/workbench.desktop.main.js:1041:13755
    at Array.map (<anonymous>)
    at e.MergeDiffComputer.computeDiff (vscode-file://vscode-app/nix/store/g3kir40abqgqqcdm18qygka784ng88b1-vscode-1.78.2/lib/vscode/resources/app/out/vs/workbench/workbench.desktop.main.js:1041:13748)
2023-07-06 17:31:20.029 [error] Assertion Failed: Error: Assertion Failed
    at D (vscode-file://vscode-app/nix/store/g3kir40abqgqqcdm18qygka784ng88b1-vscode-1.78.2/lib/vscode/resources/app/out/vs/workbench/workbench.desktop.main.js:11:9896)
    at new r (vscode-file://vscode-app/nix/store/g3kir40abqgqqcdm18qygka784ng88b1-vscode-1.78.2/lib/vscode/resources/app/out/vs/workbench/workbench.desktop.main.js:1041:10074)
    at r.addOutputLineDelta (vscode-file://vscode-app/nix/store/g3kir40abqgqqcdm18qygka784ng88b1-vscode-1.78.2/lib/vscode/resources/app/out/vs/workbench/workbench.desktop.main.js:1041:10562)
    at vscode-file://vscode-app/nix/store/g3kir40abqgqqcdm18qygka784ng88b1-vscode-1.78.2/lib/vscode/resources/app/out/vs/workbench/workbench.desktop.main.js:1042:4411
    at Array.map (<anonymous>)
    at C.removeDiffs (vscode-file://vscode-app/nix/store/g3kir40abqgqqcdm18qygka784ng88b1-vscode-1.78.2/lib/vscode/resources/app/out/vs/workbench/workbench.desktop.main.js:1042:4365)
    at e.MergeEditorModel.setState (vscode-file://vscode-app/nix/store/g3kir40abqgqqcdm18qygka784ng88b1-vscode-1.78.2/lib/vscode/resources/app/out/vs/workbench/workbench.desktop.main.js:1042:13983)
    at vscode-file://vscode-app/nix/store/g3kir40abqgqqcdm18qygka784ng88b1-vscode-1.78.2/lib/vscode/resources/app/out/vs/workbench/workbench.desktop.main.js:1046:1323
    at I (vscode-file://vscode-app/nix/store/g3kir40abqgqqcdm18qygka784ng88b1-vscode-1.78.2/lib/vscode/resources/app/out/vs/workbench/workbench.desktop.main.js:67:9890)
    at Object.action (vscode-file://vscode-app/nix/store/g3kir40abqgqqcdm18qygka784ng88b1-vscode-1.78.2/lib/vscode/resources/app/out/vs/workbench/workbench.desktop.main.js:1046:1316)
    at HTMLAnchorElement.onclick (vscode-file://vscode-app/nix/store/g3kir40abqgqqcdm18qygka784ng88b1-vscode-1.78.2/lib/vscode/resources/app/out/vs/workbench/workbench.desktop.main.js:1046:4417)
