2023-07-21 09:51:13.223 [info] Log level: Info
2023-07-21 09:51:13.223 [info] Validating found git in: "git"
2023-07-21 09:51:13.223 [info] Using git "2.40.1" from "git"
2023-07-21 09:51:13.223 [info] > git rev-parse --show-toplevel [8ms]
2023-07-21 09:51:13.223 [info] > git rev-parse --git-dir --git-common-dir [2ms]
2023-07-21 09:51:13.223 [info] Open repository: /home/linus/Documents/Zoezi/gymsystem
2023-07-21 09:51:13.223 [info] > git rev-parse --show-toplevel [10ms]
2023-07-21 09:51:13.223 [info] > git config --get commit.template [13ms]
2023-07-21 09:51:13.223 [info] > git rev-parse --show-toplevel [3ms]
2023-07-21 09:51:13.223 [info] > git rev-parse --show-toplevel [12ms]
2023-07-21 09:51:13.223 [info] > git for-each-ref --format=%(refname)%00%(upstream:short)%00%(objectname)%00%(upstream:track)%00%(upstream:remotename)%00%(upstream:remoteref) refs/heads/PROD-45 refs/remotes/PROD-45 [15ms]
2023-07-21 09:51:13.223 [info] > git rev-parse --show-toplevel [13ms]
2023-07-21 09:51:13.223 [info] > git rev-parse --show-toplevel [2ms]
2023-07-21 09:51:13.223 [info] > git rev-parse --show-toplevel [2ms]
2023-07-21 09:51:13.223 [info] > git rev-parse --show-toplevel [1ms]
2023-07-21 09:51:13.223 [info] > git rev-parse --show-toplevel [2ms]
2023-07-21 09:51:13.223 [info] > git rev-parse --show-toplevel [1ms]
2023-07-21 09:51:13.223 [info] > git rev-parse --show-toplevel [1ms]
2023-07-21 09:51:13.223 [info] > git rev-parse --show-toplevel [2ms]
2023-07-21 09:51:13.223 [info] > git rev-parse --show-toplevel [4ms]
2023-07-21 09:51:13.223 [info] > git rev-parse --show-toplevel [3ms]
2023-07-21 09:51:13.223 [info] > git rev-parse --show-toplevel [18ms]
2023-07-21 09:51:13.223 [info] > git rev-parse --show-toplevel [1ms]
2023-07-21 09:51:13.223 [info] > git rev-parse --show-toplevel [1ms]
2023-07-21 09:51:13.223 [info] > git status -z -uall [298ms]
2023-07-21 09:51:13.223 [info] > git config --get commit.template [12ms]
2023-07-21 09:51:13.223 [info] > git for-each-ref --format=%(refname)%00%(upstream:short)%00%(objectname)%00%(upstream:track)%00%(upstream:remotename)%00%(upstream:remoteref) refs/heads/PROD-45 refs/remotes/PROD-45 [3ms]
2023-07-21 09:51:13.223 [info] > git status -z -uall [69ms]
2023-07-21 09:51:13.245 [info] > git check-ignore -v -z --stdin [24ms]
2023-07-21 09:51:14.920 [info] > git ls-files --stage -- /home/linus/Documents/Zoezi/gymsystem/frontend/src/client/scripts/app.js [5ms]
2023-07-21 09:51:14.931 [info] > git show --textconv :frontend/src/client/scripts/app.js [23ms]
2023-07-21 09:51:14.937 [info] > git cat-file -s a96fee9a95f3647b9783ad9bae9ee75d9ec9a6b1 [7ms]
2023-07-21 09:51:23.140 [info] > git check-ignore -v -z --stdin [4ms]
2023-07-21 09:51:25.092 [info] > git check-ignore -v -z --stdin [2ms]
2023-07-21 09:51:26.917 [info] > git show --textconv :backend/services/api/src/db.py [57ms]
2023-07-21 09:51:26.917 [info] > git ls-files --stage -- /home/linus/Documents/Zoezi/gymsystem/backend/services/api/src/db.py [42ms]
2023-07-21 09:51:26.972 [info] > git cat-file -s 48d662b1f9b2d9f16b4dbf5a09c4ebf51aa22fc7 [26ms]
2023-07-21 09:51:26.975 [info] > git check-ignore -v -z --stdin [8ms]
2023-07-21 09:56:41.971 [info] > git config --get commit.template [13ms]
2023-07-21 09:56:41.972 [info] > git for-each-ref --format=%(refname)%00%(upstream:short)%00%(objectname)%00%(upstream:track)%00%(upstream:remotename)%00%(upstream:remoteref) refs/heads/PROD-45 refs/remotes/PROD-45 [4ms]
2023-07-21 09:56:42.044 [info] > git status -z -uall [62ms]
2023-07-21 09:56:47.071 [info] > git config --get commit.template [10ms]
2023-07-21 09:56:47.072 [info] > git for-each-ref --format=%(refname)%00%(upstream:short)%00%(objectname)%00%(upstream:track)%00%(upstream:remotename)%00%(upstream:remoteref) refs/heads/PROD-45 refs/remotes/PROD-45 [2ms]
2023-07-21 09:56:47.135 [info] > git status -z -uall [52ms]
2023-07-21 09:56:59.009 [info] > git config --get commit.template [12ms]
2023-07-21 09:56:59.010 [info] > git for-each-ref --format=%(refname)%00%(upstream:short)%00%(objectname)%00%(upstream:track)%00%(upstream:remotename)%00%(upstream:remoteref) refs/heads/PROD-45 refs/remotes/PROD-45 [2ms]
2023-07-21 09:56:59.062 [info] > git status -z -uall [44ms]
2023-07-21 09:57:21.122 [info] > git config --get commit.template [13ms]
2023-07-21 09:57:21.123 [info] > git for-each-ref --format=%(refname)%00%(upstream:short)%00%(objectname)%00%(upstream:track)%00%(upstream:remotename)%00%(upstream:remoteref) refs/heads/PROD-45 refs/remotes/PROD-45 [3ms]
2023-07-21 09:57:21.215 [info] > git status -z -uall [80ms]
2023-07-21 09:57:49.356 [info] > git show --textconv :backend/services/api/src/api.py [26ms]
2023-07-21 09:57:49.399 [info] > git ls-files --stage -- /home/linus/Documents/Zoezi/gymsystem/backend/services/api/src/api.py [43ms]
2023-07-21 09:57:49.417 [info] > git cat-file -s fc28de0bb2ac268266afcd800abb80c124e10110 [4ms]
2023-07-21 09:57:49.523 [info] > git check-ignore -v -z --stdin [4ms]
2023-07-21 10:00:03.482 [info] > git config --get commit.template [16ms]
2023-07-21 10:00:03.486 [info] > git for-each-ref --format=%(refname)%00%(upstream:short)%00%(objectname)%00%(upstream:track)%00%(upstream:remotename)%00%(upstream:remoteref) refs/heads/PROD-45 refs/remotes/PROD-45 [5ms]
2023-07-21 10:00:03.880 [info] > git status -z -uall [382ms]
2023-07-21 10:02:24.714 [info] > git config --get commit.template [8ms]
2023-07-21 10:02:24.726 [info] > git for-each-ref --format=%(refname)%00%(upstream:short)%00%(objectname)%00%(upstream:track)%00%(upstream:remotename)%00%(upstream:remoteref) refs/heads/PROD-45 refs/remotes/PROD-45 [13ms]
2023-07-21 10:02:24.955 [info] > git status -z -uall [217ms]
2023-07-21 10:03:03.014 [info] > git config --get commit.template [9ms]
2023-07-21 10:03:03.014 [info] > git for-each-ref --format=%(refname)%00%(upstream:short)%00%(objectname)%00%(upstream:track)%00%(upstream:remotename)%00%(upstream:remoteref) refs/heads/PROD-45 refs/remotes/PROD-45 [1ms]
2023-07-21 10:03:03.062 [info] > git status -z -uall [40ms]
2023-07-21 10:05:20.825 [info] > git config --get commit.template [25ms]
2023-07-21 10:05:20.826 [info] > git for-each-ref --format=%(refname)%00%(upstream:short)%00%(objectname)%00%(upstream:track)%00%(upstream:remotename)%00%(upstream:remoteref) refs/heads/PROD-45 refs/remotes/PROD-45 [3ms]
2023-07-21 10:05:20.946 [info] > git status -z -uall [99ms]
2023-07-21 10:08:00.662 [info] > git config --get commit.template [31ms]
2023-07-21 10:08:00.671 [info] > git for-each-ref --format=%(refname)%00%(upstream:short)%00%(objectname)%00%(upstream:track)%00%(upstream:remotename)%00%(upstream:remoteref) refs/heads/PROD-45 refs/remotes/PROD-45 [12ms]
2023-07-21 10:08:01.012 [info] > git status -z -uall [315ms]
2023-07-21 10:09:35.103 [info] > git config --get commit.template [18ms]
2023-07-21 10:09:35.108 [info] > git for-each-ref --format=%(refname)%00%(upstream:short)%00%(objectname)%00%(upstream:track)%00%(upstream:remotename)%00%(upstream:remoteref) refs/heads/PROD-45 refs/remotes/PROD-45 [6ms]
2023-07-21 10:09:35.543 [info] > git status -z -uall [417ms]
2023-07-21 10:09:45.992 [info] > git config --get commit.template [10ms]
2023-07-21 10:09:46.027 [info] > git for-each-ref --format=%(refname)%00%(upstream:short)%00%(objectname)%00%(upstream:track)%00%(upstream:remotename)%00%(upstream:remoteref) refs/heads/PROD-45 refs/remotes/PROD-45 [36ms]
2023-07-21 10:09:46.262 [info] > git status -z -uall [225ms]
2023-07-21 10:09:51.283 [info] > git config --get commit.template [2ms]
2023-07-21 10:09:51.303 [info] > git for-each-ref --format=%(refname)%00%(upstream:short)%00%(objectname)%00%(upstream:track)%00%(upstream:remotename)%00%(upstream:remoteref) refs/heads/PROD-45 refs/remotes/PROD-45 [6ms]
2023-07-21 10:09:51.673 [info] > git status -z -uall [358ms]
2023-07-21 10:10:05.479 [info] > git config --get commit.template [7ms]
2023-07-21 10:10:05.480 [info] > git for-each-ref --format=%(refname)%00%(upstream:short)%00%(objectname)%00%(upstream:track)%00%(upstream:remotename)%00%(upstream:remoteref) refs/heads/PROD-45 refs/remotes/PROD-45 [2ms]
2023-07-21 10:10:05.525 [info] > git status -z -uall [40ms]
2023-07-21 10:10:58.217 [info] > git config --get commit.template [20ms]
2023-07-21 10:10:58.226 [info] > git for-each-ref --format=%(refname)%00%(upstream:short)%00%(objectname)%00%(upstream:track)%00%(upstream:remotename)%00%(upstream:remoteref) refs/heads/PROD-45 refs/remotes/PROD-45 [11ms]
2023-07-21 10:10:58.541 [info] > git status -z -uall [299ms]
2023-07-21 10:11:16.375 [info] > git config --get commit.template [7ms]
2023-07-21 10:11:16.381 [info] > git for-each-ref --format=%(refname)%00%(upstream:short)%00%(objectname)%00%(upstream:track)%00%(upstream:remotename)%00%(upstream:remoteref) refs/heads/PROD-45 refs/remotes/PROD-45 [7ms]
2023-07-21 10:11:16.652 [info] > git status -z -uall [262ms]
2023-07-21 10:11:21.670 [info] > git config --get commit.template [7ms]
2023-07-21 10:11:21.676 [info] > git for-each-ref --format=%(refname)%00%(upstream:short)%00%(objectname)%00%(upstream:track)%00%(upstream:remotename)%00%(upstream:remoteref) refs/heads/PROD-45 refs/remotes/PROD-45 [7ms]
2023-07-21 10:11:21.896 [info] > git status -z -uall [212ms]
2023-07-21 10:16:25.779 [info] > git config --get commit.template [3ms]
2023-07-21 10:16:25.804 [info] > git for-each-ref --format=%(refname)%00%(upstream:short)%00%(objectname)%00%(upstream:track)%00%(upstream:remotename)%00%(upstream:remoteref) refs/heads/PROD-45 refs/remotes/PROD-45 [7ms]
2023-07-21 10:16:26.095 [info] > git status -z -uall [277ms]
2023-07-21 10:16:43.911 [info] > git config --get commit.template [12ms]
2023-07-21 10:16:43.911 [info] > git for-each-ref --format=%(refname)%00%(upstream:short)%00%(objectname)%00%(upstream:track)%00%(upstream:remotename)%00%(upstream:remoteref) refs/heads/PROD-45 refs/remotes/PROD-45 [1ms]
2023-07-21 10:16:43.962 [info] > git status -z -uall [40ms]
2023-07-21 10:17:04.894 [info] > git config --get commit.template [19ms]
2023-07-21 10:17:04.900 [info] > git for-each-ref --format=%(refname)%00%(upstream:short)%00%(objectname)%00%(upstream:track)%00%(upstream:remotename)%00%(upstream:remoteref) refs/heads/PROD-45 refs/remotes/PROD-45 [6ms]
2023-07-21 10:17:05.258 [info] > git status -z -uall [343ms]
2023-07-21 10:17:51.607 [info] > git config --get commit.template [44ms]
2023-07-21 10:17:51.658 [info] > git for-each-ref --format=%(refname)%00%(upstream:short)%00%(objectname)%00%(upstream:track)%00%(upstream:remotename)%00%(upstream:remoteref) refs/heads/PROD-45 refs/remotes/PROD-45 [14ms]
2023-07-21 10:17:51.984 [info] > git status -z -uall [297ms]
2023-07-21 10:18:03.330 [info] > git config --get commit.template [14ms]
2023-07-21 10:18:03.331 [info] > git for-each-ref --format=%(refname)%00%(upstream:short)%00%(objectname)%00%(upstream:track)%00%(upstream:remotename)%00%(upstream:remoteref) refs/heads/PROD-45 refs/remotes/PROD-45 [2ms]
2023-07-21 10:18:03.397 [info] > git status -z -uall [51ms]
2023-07-21 10:18:08.414 [info] > git config --get commit.template [7ms]
2023-07-21 10:18:08.414 [info] > git for-each-ref --format=%(refname)%00%(upstream:short)%00%(objectname)%00%(upstream:track)%00%(upstream:remotename)%00%(upstream:remoteref) refs/heads/PROD-45 refs/remotes/PROD-45 [1ms]
2023-07-21 10:18:08.462 [info] > git status -z -uall [41ms]
2023-07-21 10:20:09.802 [info] > git config --get commit.template [21ms]
2023-07-21 10:20:09.812 [info] > git for-each-ref --format=%(refname)%00%(upstream:short)%00%(objectname)%00%(upstream:track)%00%(upstream:remotename)%00%(upstream:remoteref) refs/heads/PROD-45 refs/remotes/PROD-45 [10ms]
2023-07-21 10:20:10.139 [info] > git status -z -uall [301ms]
2023-07-21 10:22:02.481 [info] > git config --get commit.template [18ms]
2023-07-21 10:22:02.483 [info] > git for-each-ref --format=%(refname)%00%(upstream:short)%00%(objectname)%00%(upstream:track)%00%(upstream:remotename)%00%(upstream:remoteref) refs/heads/PROD-45 refs/remotes/PROD-45 [3ms]
2023-07-21 10:22:02.591 [info] > git status -z -uall [90ms]
2023-07-21 10:22:25.839 [info] > git config --get commit.template [31ms]
2023-07-21 10:22:25.840 [info] > git for-each-ref --format=%(refname)%00%(upstream:short)%00%(objectname)%00%(upstream:track)%00%(upstream:remotename)%00%(upstream:remoteref) refs/heads/PROD-45 refs/remotes/PROD-45 [2ms]
2023-07-21 10:22:25.899 [info] > git status -z -uall [45ms]
2023-07-21 10:30:42.837 [info] > git config --get commit.template [9ms]
2023-07-21 10:30:42.870 [info] > git ls-files --stage -- /home/linus/Documents/Zoezi/gymsystem/backend/services/api/src/db.py [7ms]
2023-07-21 10:30:42.876 [info] > git ls-files --stage -- /home/linus/Documents/Zoezi/gymsystem/frontend/src/client/scripts/app.js [25ms]
2023-07-21 10:30:42.885 [info] > git for-each-ref --format=%(refname)%00%(upstream:short)%00%(objectname)%00%(upstream:track)%00%(upstream:remotename)%00%(upstream:remoteref) refs/heads/PROD-45 refs/remotes/PROD-45 [48ms]
2023-07-21 10:30:42.894 [info] > git cat-file -s a96fee9a95f3647b9783ad9bae9ee75d9ec9a6b1 [9ms]
2023-07-21 10:30:42.895 [info] > git cat-file -s 48d662b1f9b2d9f16b4dbf5a09c4ebf51aa22fc7 [19ms]
2023-07-21 10:30:42.895 [info] > git ls-files --stage -- /home/linus/Documents/Zoezi/gymsystem/backend/services/api/src/api.py [26ms]
2023-07-21 10:30:42.923 [info] > git cat-file -s fc28de0bb2ac268266afcd800abb80c124e10110 [20ms]
2023-07-21 10:30:42.924 [info] > git show --textconv :frontend/src/client/scripts/app.js [14ms]
2023-07-21 10:30:42.939 [info] > git show --textconv :backend/services/api/src/db.py [18ms]
2023-07-21 10:30:42.942 [info] > git show --textconv :backend/services/api/src/api.py [4ms]
2023-07-21 10:30:43.146 [info] > git status -z -uall [254ms]
2023-07-21 10:30:59.149 [info] > git config --get commit.template [3ms]
2023-07-21 10:30:59.157 [info] > git for-each-ref --format=%(refname)%00%(upstream:short)%00%(objectname)%00%(upstream:track)%00%(upstream:remotename)%00%(upstream:remoteref) refs/heads/PROD-45 refs/remotes/PROD-45 [1ms]
2023-07-21 10:30:59.208 [info] > git status -z -uall [41ms]
2023-07-21 10:31:53.176 [info] > git config --get commit.template [11ms]
2023-07-21 10:31:53.177 [info] > git for-each-ref --format=%(refname)%00%(upstream:short)%00%(objectname)%00%(upstream:track)%00%(upstream:remotename)%00%(upstream:remoteref) refs/heads/PROD-45 refs/remotes/PROD-45 [2ms]
2023-07-21 10:31:53.229 [info] > git status -z -uall [42ms]
2023-07-21 10:39:53.826 [info] > git config --get commit.template [10ms]
2023-07-21 10:39:53.826 [info] > git for-each-ref --format=%(refname)%00%(upstream:short)%00%(objectname)%00%(upstream:track)%00%(upstream:remotename)%00%(upstream:remoteref) refs/heads/PROD-45 refs/remotes/PROD-45 [1ms]
2023-07-21 10:39:53.876 [info] > git status -z -uall [44ms]
2023-07-21 10:39:58.908 [info] > git config --get commit.template [14ms]
2023-07-21 10:39:58.909 [info] > git for-each-ref --format=%(refname)%00%(upstream:short)%00%(objectname)%00%(upstream:track)%00%(upstream:remotename)%00%(upstream:remoteref) refs/heads/PROD-45 refs/remotes/PROD-45 [2ms]
2023-07-21 10:39:58.960 [info] > git status -z -uall [38ms]
2023-07-21 10:40:42.331 [info] > git config --get commit.template [21ms]
2023-07-21 10:40:42.332 [info] > git for-each-ref --format=%(refname)%00%(upstream:short)%00%(objectname)%00%(upstream:track)%00%(upstream:remotename)%00%(upstream:remoteref) refs/heads/PROD-45 refs/remotes/PROD-45 [3ms]
2023-07-21 10:40:42.423 [info] > git status -z -uall [74ms]
2023-07-21 10:42:26.310 [info] > git config --get commit.template [21ms]
2023-07-21 10:42:26.313 [info] > git for-each-ref --format=%(refname)%00%(upstream:short)%00%(objectname)%00%(upstream:track)%00%(upstream:remotename)%00%(upstream:remoteref) refs/heads/PROD-45 refs/remotes/PROD-45 [4ms]
2023-07-21 10:42:26.441 [info] > git status -z -uall [109ms]
2023-07-21 10:43:01.732 [info] > git config --get commit.template [18ms]
2023-07-21 10:43:01.734 [info] > git for-each-ref --format=%(refname)%00%(upstream:short)%00%(objectname)%00%(upstream:track)%00%(upstream:remotename)%00%(upstream:remoteref) refs/heads/PROD-45 refs/remotes/PROD-45 [2ms]
2023-07-21 10:43:01.861 [info] > git status -z -uall [109ms]
2023-07-21 10:52:01.921 [info] > git config --get commit.template [28ms]
2023-07-21 10:52:01.922 [info] > git for-each-ref --format=%(refname)%00%(upstream:short)%00%(objectname)%00%(upstream:track)%00%(upstream:remotename)%00%(upstream:remoteref) refs/heads/PROD-45 refs/remotes/PROD-45 [5ms]
2023-07-21 10:52:02.197 [info] > git status -z -uall [244ms]
2023-07-21 10:52:18.532 [info] > git config --get commit.template [12ms]
2023-07-21 10:52:18.533 [info] > git for-each-ref --format=%(refname)%00%(upstream:short)%00%(objectname)%00%(upstream:track)%00%(upstream:remotename)%00%(upstream:remoteref) refs/heads/PROD-45 refs/remotes/PROD-45 [2ms]
2023-07-21 10:52:18.604 [info] > git status -z -uall [60ms]
2023-07-21 10:55:51.979 [info] > git config --get commit.template [15ms]
2023-07-21 10:55:51.983 [info] > git for-each-ref --format=%(refname)%00%(upstream:short)%00%(objectname)%00%(upstream:track)%00%(upstream:remotename)%00%(upstream:remoteref) refs/heads/PROD-45 refs/remotes/PROD-45 [5ms]
2023-07-21 10:55:52.072 [info] > git status -z -uall [75ms]
2023-07-21 10:57:47.310 [info] > git config --get commit.template [3ms]
2023-07-21 10:57:47.334 [info] > git for-each-ref --format=%(refname)%00%(upstream:short)%00%(objectname)%00%(upstream:track)%00%(upstream:remotename)%00%(upstream:remoteref) refs/heads/PROD-45 refs/remotes/PROD-45 [2ms]
2023-07-21 10:57:47.477 [info] > git status -z -uall [126ms]
2023-07-21 10:57:52.508 [info] > git config --get commit.template [12ms]
2023-07-21 10:57:52.509 [info] > git for-each-ref --format=%(refname)%00%(upstream:short)%00%(objectname)%00%(upstream:track)%00%(upstream:remotename)%00%(upstream:remoteref) refs/heads/PROD-45 refs/remotes/PROD-45 [2ms]
2023-07-21 10:57:52.589 [info] > git status -z -uall [69ms]
2023-07-21 11:00:02.553 [info] > git config --get commit.template [1ms]
2023-07-21 11:00:02.569 [info] > git for-each-ref --format=%(refname)%00%(upstream:short)%00%(objectname)%00%(upstream:track)%00%(upstream:remotename)%00%(upstream:remoteref) refs/heads/PROD-45 refs/remotes/PROD-45 [2ms]
2023-07-21 11:00:02.646 [info] > git status -z -uall [62ms]
2023-07-21 11:00:07.675 [info] > git config --get commit.template [11ms]
2023-07-21 11:00:07.676 [info] > git for-each-ref --format=%(refname)%00%(upstream:short)%00%(objectname)%00%(upstream:track)%00%(upstream:remotename)%00%(upstream:remoteref) refs/heads/PROD-45 refs/remotes/PROD-45 [1ms]
2023-07-21 11:00:07.748 [info] > git status -z -uall [60ms]
2023-07-21 11:02:01.944 [info] > git config --get commit.template [26ms]
2023-07-21 11:02:01.947 [info] > git for-each-ref --format=%(refname)%00%(upstream:short)%00%(objectname)%00%(upstream:track)%00%(upstream:remotename)%00%(upstream:remoteref) refs/heads/PROD-45 refs/remotes/PROD-45 [4ms]
2023-07-21 11:02:02.116 [info] > git status -z -uall [146ms]
2023-07-21 11:04:11.162 [info] > git config --get commit.template [28ms]
2023-07-21 11:04:11.164 [info] > git for-each-ref --format=%(refname)%00%(upstream:short)%00%(objectname)%00%(upstream:track)%00%(upstream:remotename)%00%(upstream:remoteref) refs/heads/PROD-45 refs/remotes/PROD-45 [4ms]
2023-07-21 11:04:11.372 [info] > git status -z -uall [181ms]
2023-07-21 11:04:16.435 [info] > git for-each-ref --format=%(refname)%00%(upstream:short)%00%(objectname)%00%(upstream:track)%00%(upstream:remotename)%00%(upstream:remoteref) refs/heads/PROD-45 refs/remotes/PROD-45 [10ms]
2023-07-21 11:04:16.436 [info] > git config --get commit.template [30ms]
2023-07-21 11:04:16.564 [info] > git status -z -uall [110ms]
2023-07-21 11:05:44.276 [info] > git config --get commit.template [15ms]
2023-07-21 11:05:44.277 [info] > git for-each-ref --format=%(refname)%00%(upstream:short)%00%(objectname)%00%(upstream:track)%00%(upstream:remotename)%00%(upstream:remoteref) refs/heads/PROD-45 refs/remotes/PROD-45 [2ms]
2023-07-21 11:05:44.352 [info] > git status -z -uall [64ms]
2023-07-21 11:12:25.435 [info] > git config --get commit.template [6ms]
2023-07-21 11:12:25.464 [info] > git for-each-ref --format=%(refname)%00%(upstream:short)%00%(objectname)%00%(upstream:track)%00%(upstream:remotename)%00%(upstream:remoteref) refs/heads/PROD-45 refs/remotes/PROD-45 [3ms]
2023-07-21 11:12:25.578 [info] > git status -z -uall [95ms]
2023-07-21 11:12:30.617 [info] > git config --get commit.template [25ms]
2023-07-21 11:12:30.618 [info] > git for-each-ref --format=%(refname)%00%(upstream:short)%00%(objectname)%00%(upstream:track)%00%(upstream:remotename)%00%(upstream:remoteref) refs/heads/PROD-45 refs/remotes/PROD-45 [2ms]
2023-07-21 11:12:30.704 [info] > git status -z -uall [74ms]
2023-07-21 11:15:43.204 [info] > git for-each-ref --format=%(refname)%00%(upstream:short)%00%(objectname)%00%(upstream:track)%00%(upstream:remotename)%00%(upstream:remoteref) refs/heads/PROD-45 refs/remotes/PROD-45 [2ms]
2023-07-21 11:15:43.204 [info] > git config --get commit.template [14ms]
2023-07-21 11:15:43.250 [info] > git status -z -uall [35ms]
2023-07-21 11:19:20.395 [info] > git config --get commit.template [7ms]
2023-07-21 11:19:20.396 [info] > git for-each-ref --format=%(refname)%00%(upstream:short)%00%(objectname)%00%(upstream:track)%00%(upstream:remotename)%00%(upstream:remoteref) refs/heads/PROD-45 refs/remotes/PROD-45 [1ms]
2023-07-21 11:19:20.445 [info] > git status -z -uall [38ms]
2023-07-21 11:26:53.963 [info] > git config --get commit.template [10ms]
2023-07-21 11:26:53.964 [info] > git for-each-ref --format=%(refname)%00%(upstream:short)%00%(objectname)%00%(upstream:track)%00%(upstream:remotename)%00%(upstream:remoteref) refs/heads/PROD-45 refs/remotes/PROD-45 [1ms]
2023-07-21 11:26:54.011 [info] > git status -z -uall [39ms]
2023-07-21 11:27:00.111 [info] > git config --get commit.template [11ms]
2023-07-21 11:27:00.112 [info] > git for-each-ref --format=%(refname)%00%(upstream:short)%00%(objectname)%00%(upstream:track)%00%(upstream:remotename)%00%(upstream:remoteref) refs/heads/PROD-45 refs/remotes/PROD-45 [2ms]
2023-07-21 11:27:00.165 [info] > git status -z -uall [44ms]
2023-07-21 11:45:35.672 [info] > git config --get commit.template [11ms]
2023-07-21 11:45:35.673 [info] > git for-each-ref --format=%(refname)%00%(upstream:short)%00%(objectname)%00%(upstream:track)%00%(upstream:remotename)%00%(upstream:remoteref) refs/heads/PROD-45 refs/remotes/PROD-45 [1ms]
2023-07-21 11:45:35.720 [info] > git status -z -uall [38ms]
2023-07-21 11:45:50.498 [info] > git config --get commit.template [8ms]
2023-07-21 11:45:50.499 [info] > git for-each-ref --format=%(refname)%00%(upstream:short)%00%(objectname)%00%(upstream:track)%00%(upstream:remotename)%00%(upstream:remoteref) refs/heads/PROD-45 refs/remotes/PROD-45 [2ms]
2023-07-21 11:45:50.544 [info] > git status -z -uall [38ms]
2023-07-21 11:46:02.098 [info] > git config --get commit.template [2ms]
2023-07-21 11:46:02.109 [info] > git for-each-ref --format=%(refname)%00%(upstream:short)%00%(objectname)%00%(upstream:track)%00%(upstream:remotename)%00%(upstream:remoteref) refs/heads/PROD-45 refs/remotes/PROD-45 [1ms]
2023-07-21 11:46:02.154 [info] > git status -z -uall [39ms]
2023-07-21 11:48:00.738 [info] > git config --get commit.template [11ms]
2023-07-21 11:48:00.739 [info] > git for-each-ref --format=%(refname)%00%(upstream:short)%00%(objectname)%00%(upstream:track)%00%(upstream:remotename)%00%(upstream:remoteref) refs/heads/PROD-45 refs/remotes/PROD-45 [1ms]
2023-07-21 11:48:00.785 [info] > git status -z -uall [37ms]
2023-07-21 11:50:17.585 [info] > git check-ignore -v -z --stdin [6ms]
2023-07-21 11:50:18.598 [info] > git check-ignore -v -z --stdin [3ms]
2023-07-21 11:50:32.722 [info] > git check-ignore -v -z --stdin [2ms]
2023-07-21 11:50:44.522 [info] > git show --textconv :frontend/src/client/scripts/directives.js [13ms]
2023-07-21 11:50:44.524 [info] > git ls-files --stage -- /home/linus/Documents/Zoezi/gymsystem/frontend/src/client/scripts/directives.js [2ms]
2023-07-21 11:50:44.532 [info] > git cat-file -s 58e26fdc4f2678b425e811748075de7170949b3c [2ms]
2023-07-21 11:50:48.962 [info] > git show --textconv :frontend/src/client/scripts/stats.js [12ms]
2023-07-21 11:50:48.964 [info] > git ls-files --stage -- /home/linus/Documents/Zoezi/gymsystem/frontend/src/client/scripts/stats.js [2ms]
2023-07-21 11:50:48.976 [info] > git cat-file -s 1a7f1b3f50067a2e23fd45c9316cda3da95f216c [1ms]
2023-07-21 13:23:29.779 [info] > git show --textconv :frontend/src/client/scripts/directives.js [8ms]
2023-07-21 13:23:29.781 [info] > git ls-files --stage -- /home/linus/Documents/Zoezi/gymsystem/frontend/src/client/scripts/directives.js [2ms]
2023-07-21 13:23:29.790 [info] > git cat-file -s 58e26fdc4f2678b425e811748075de7170949b3c [2ms]
2023-07-21 13:23:30.721 [info] > git show --textconv :frontend/src/client/scripts/stats.js [12ms]
2023-07-21 13:23:30.723 [info] > git ls-files --stage -- /home/linus/Documents/Zoezi/gymsystem/frontend/src/client/scripts/stats.js [3ms]
2023-07-21 13:23:30.737 [info] > git cat-file -s 1a7f1b3f50067a2e23fd45c9316cda3da95f216c [2ms]
2023-07-21 13:23:46.172 [info] > git check-ignore -v -z --stdin [8ms]
2023-07-21 14:22:48.457 [info] > git config --get commit.template [10ms]
2023-07-21 14:22:48.457 [info] > git for-each-ref --format=%(refname)%00%(upstream:short)%00%(objectname)%00%(upstream:track)%00%(upstream:remotename)%00%(upstream:remoteref) refs/heads/PROD-45 refs/remotes/PROD-45 [1ms]
2023-07-21 14:22:48.535 [info] > git status -z -uall [66ms]
2023-07-21 15:48:47.832 [info] > git config --get commit.template [10ms]
2023-07-21 15:48:47.833 [info] > git for-each-ref --format=%(refname)%00%(upstream:short)%00%(objectname)%00%(upstream:track)%00%(upstream:remotename)%00%(upstream:remoteref) refs/heads/PROD-45 refs/remotes/PROD-45 [1ms]
2023-07-21 15:48:47.890 [info] > git ls-files --stage -- /home/linus/Documents/Zoezi/gymsystem/backend/services/api/src/db.py [18ms]
2023-07-21 15:48:47.903 [info] > git ls-files --stage -- /home/linus/Documents/Zoezi/gymsystem/frontend/src/client/scripts/app.js [45ms]
2023-07-21 15:48:47.929 [info] > git status -z -uall [85ms]
2023-07-21 15:48:47.929 [info] > git cat-file -s 18864eadceb0a4f81d8d50e06ae53adf4296ee7f [26ms]
2023-07-21 15:48:47.929 [info] > git ls-files --stage -- /home/linus/Documents/Zoezi/gymsystem/frontend/src/client/scripts/stats.js [40ms]
2023-07-21 15:48:47.945 [info] > git cat-file -s 1a7f1b3f50067a2e23fd45c9316cda3da95f216c [4ms]
2023-07-21 15:48:47.945 [info] > git cat-file -s a96fee9a95f3647b9783ad9bae9ee75d9ec9a6b1 [17ms]
2023-07-21 15:48:48.048 [info] > git show --textconv :frontend/src/client/scripts/stats.js [15ms]
2023-07-21 15:48:48.052 [info] > git show --textconv :backend/services/api/src/db.py [29ms]
2023-07-21 15:48:48.060 [info] > git show --textconv :frontend/src/client/scripts/app.js [14ms]
2023-07-21 17:21:33.840 [info] > git ls-files --stage -- /home/linus/Documents/Zoezi/gymsystem/backend/services/api/src/db.py [14ms]
2023-07-21 17:21:33.854 [info] > git ls-files --stage -- /home/linus/Documents/Zoezi/gymsystem/frontend/src/client/scripts/app.js [41ms]
2023-07-21 17:21:33.867 [info] > git config --get commit.template [67ms]
2023-07-21 17:21:33.880 [info] > git cat-file -s 18864eadceb0a4f81d8d50e06ae53adf4296ee7f [26ms]
2023-07-21 17:21:33.881 [info] > git ls-files --stage -- /home/linus/Documents/Zoezi/gymsystem/frontend/src/client/scripts/stats.js [42ms]
2023-07-21 17:21:33.895 [info] > git for-each-ref --format=%(refname)%00%(upstream:short)%00%(objectname)%00%(upstream:track)%00%(upstream:remotename)%00%(upstream:remoteref) refs/heads/PROD-45 refs/remotes/PROD-45 [16ms]
2023-07-21 17:21:33.907 [info] > git cat-file -s a96fee9a95f3647b9783ad9bae9ee75d9ec9a6b1 [41ms]
2023-07-21 17:21:33.909 [info] > git cat-file -s 1a7f1b3f50067a2e23fd45c9316cda3da95f216c [15ms]
2023-07-21 17:21:33.931 [info] > git show --textconv :backend/services/api/src/db.py [9ms]
2023-07-21 17:21:33.984 [info] > git status -z -uall [77ms]
2023-07-21 17:21:33.987 [info] > git show --textconv :frontend/src/client/scripts/app.js [22ms]
2023-07-21 17:21:33.987 [info] > git show --textconv :frontend/src/client/scripts/stats.js [5ms]
2023-07-21 17:24:40.037 [info] > git ls-files --stage -- /home/linus/Documents/Zoezi/gymsystem/backend/services/api/src/db.py [14ms]
2023-07-21 17:24:40.050 [info] > git ls-files --stage -- /home/linus/Documents/Zoezi/gymsystem/frontend/src/client/scripts/app.js [38ms]
2023-07-21 17:24:40.066 [info] > git config --get commit.template [66ms]
2023-07-21 17:24:40.081 [info] > git cat-file -s 18864eadceb0a4f81d8d50e06ae53adf4296ee7f [31ms]
2023-07-21 17:24:40.082 [info] > git ls-files --stage -- /home/linus/Documents/Zoezi/gymsystem/frontend/src/client/scripts/stats.js [46ms]
2023-07-21 17:24:40.098 [info] > git for-each-ref --format=%(refname)%00%(upstream:short)%00%(objectname)%00%(upstream:track)%00%(upstream:remotename)%00%(upstream:remoteref) refs/heads/PROD-45 refs/remotes/PROD-45 [17ms]
2023-07-21 17:24:40.113 [info] > git cat-file -s a96fee9a95f3647b9783ad9bae9ee75d9ec9a6b1 [47ms]
2023-07-21 17:24:40.133 [info] > git cat-file -s 1a7f1b3f50067a2e23fd45c9316cda3da95f216c [37ms]
2023-07-21 17:24:40.139 [info] > git show --textconv :backend/services/api/src/db.py [10ms]
2023-07-21 17:24:40.175 [info] > git status -z -uall [63ms]
2023-07-21 17:24:40.230 [info] > git show --textconv :frontend/src/client/scripts/app.js [16ms]
2023-07-21 17:24:40.236 [info] > git show --textconv :frontend/src/client/scripts/stats.js [8ms]
