2023-07-06 17:24:40.019 [info] Log level: Info
2023-07-06 17:24:40.019 [info] Validating found git in: "git"
2023-07-06 17:24:40.019 [info] Using git "2.40.1" from "git"
2023-07-06 17:24:40.019 [info] > git rev-parse --show-toplevel [5ms]
2023-07-06 17:24:40.035 [info] > git rev-parse --git-dir --git-common-dir [10ms]
2023-07-06 17:24:40.044 [info] Open repository: /home/linus/Documents/Zoezi/gymsystem
2023-07-06 17:24:40.068 [info] > git rev-parse --show-toplevel [18ms]
2023-07-06 17:24:40.075 [info] > git rev-parse --show-toplevel [2ms]
2023-07-06 17:24:40.091 [info] > git rev-parse --show-toplevel [11ms]
2023-07-06 17:24:40.109 [info] > git for-each-ref --format=%(refname)%00%(upstream:short)%00%(objectname)%00%(upstream:track)%00%(upstream:remotename)%00%(upstream:remoteref) refs/heads/LINUSTEST refs/remotes/LINUSTEST [8ms]
2023-07-06 17:24:40.115 [info] > git rev-parse --show-toplevel [19ms]
2023-07-06 17:24:40.124 [info] > git rev-parse --show-toplevel [1ms]
2023-07-06 17:24:40.138 [info] > git rev-parse --show-toplevel [8ms]
2023-07-06 17:24:40.145 [info] > git rev-parse --show-toplevel [1ms]
2023-07-06 17:24:40.152 [info] > git rev-parse --show-toplevel [2ms]
2023-07-06 17:24:40.160 [info] > git rev-parse --show-toplevel [2ms]
2023-07-06 17:24:40.167 [info] > git status -z -uall [52ms]
2023-07-06 17:24:40.173 [info] > git rev-parse --show-toplevel [7ms]
2023-07-06 17:24:40.186 [info] > git rev-parse --show-toplevel [7ms]
2023-07-06 17:24:40.190 [info] > git for-each-ref --format=%(refname)%00%(upstream:short)%00%(objectname)%00%(upstream:track)%00%(upstream:remotename)%00%(upstream:remoteref) refs/heads/LINUSTEST refs/remotes/LINUSTEST [5ms]
2023-07-06 17:24:40.195 [info] > git rev-parse --show-toplevel [5ms]
2023-07-06 17:24:40.205 [info] > git rev-parse --show-toplevel [3ms]
2023-07-06 17:24:40.214 [info] > git rev-parse --show-toplevel [1ms]
2023-07-06 17:24:40.224 [info] > git rev-parse --show-toplevel [2ms]
2023-07-06 17:24:40.232 [info] > git rev-parse --show-toplevel [1ms]
2023-07-06 17:24:40.249 [info] > git status -z -uall [55ms]
2023-07-06 17:24:40.587 [info] > git check-ignore -v -z --stdin [20ms]
2023-07-06 17:24:40.588 [info] > git show --textconv :frontend/src/client/views/notbookablebycard.html [9ms]
2023-07-06 17:24:40.589 [info] > git ls-files --stage -- /home/linus/Documents/Zoezi/gymsystem/frontend/src/client/views/notbookablebycard.html [3ms]
2023-07-06 17:24:40.596 [info] > git cat-file -s 9fb19710294e2e8e41f6affdd6991f18c45a042b [2ms]
2023-07-06 17:24:43.183 [info] > git check-ignore -v -z --stdin [23ms]
2023-07-06 17:24:44.899 [info] > git show -s --format=%H%n%aN%n%aE%n%at%n%ct%n%P%n%D%n%B -z HEAD [9ms]
2023-07-06 17:24:44.902 [info] > git show -s --format=%H%n%aN%n%aE%n%at%n%ct%n%P%n%D%n%B -z MERGE_HEAD [6ms]
2023-07-06 17:24:45.016 [info] > git show --textconv :1:frontend/src/client/scripts/app.js [48ms]
2023-07-06 17:24:45.016 [info] > git ls-tree -l ceef38d379f35d331474d1b075eb4f8897e1254f -- /home/linus/Documents/Zoezi/gymsystem/frontend/src/client/scripts/app.js [13ms]
2023-07-06 17:24:45.018 [info] > git ls-tree -l :1 -- /home/linus/Documents/Zoezi/gymsystem/frontend/src/client/scripts/app.js [21ms]
2023-07-06 17:24:45.018 [info] fatal: Not a valid object name :1
2023-07-06 17:24:45.026 [info] > git ls-tree -l d30d17e7020e6cffa5f440c7765fc1e13131eaf7 -- /home/linus/Documents/Zoezi/gymsystem/frontend/src/client/scripts/app.js [13ms]
2023-07-06 17:24:45.031 [info] > git show --textconv ceef38d379f35d331474d1b075eb4f8897e1254f:frontend/src/client/scripts/app.js [55ms]
2023-07-06 17:24:45.035 [info] > git show --textconv d30d17e7020e6cffa5f440c7765fc1e13131eaf7:frontend/src/client/scripts/app.js [49ms]
2023-07-06 17:24:47.428 [info] > git check-ignore -v -z --stdin [6ms]
2023-07-06 17:25:19.235 [info] > git ls-tree -l ceef38d379f35d331474d1b075eb4f8897e1254f -- /home/linus/Documents/Zoezi/gymsystem/frontend/src/client/scripts/app.js [10ms]
2023-07-06 17:25:19.236 [info] > git ls-tree -l d30d17e7020e6cffa5f440c7765fc1e13131eaf7 -- /home/linus/Documents/Zoezi/gymsystem/frontend/src/client/scripts/app.js [3ms]
2023-07-06 17:25:22.562 [info] > git ls-tree -l ceef38d379f35d331474d1b075eb4f8897e1254f -- /home/linus/Documents/Zoezi/gymsystem/frontend/src/client/scripts/app.js [7ms]
2023-07-06 17:25:22.562 [info] > git ls-tree -l d30d17e7020e6cffa5f440c7765fc1e13131eaf7 -- /home/linus/Documents/Zoezi/gymsystem/frontend/src/client/scripts/app.js [1ms]
2023-07-06 17:25:40.258 [info] > git add -A -- /home/linus/Documents/Zoezi/gymsystem/frontend/src/client/scripts/app.js [26ms]
2023-07-06 17:25:40.267 [info] > git for-each-ref --format=%(refname)%00%(upstream:short)%00%(objectname)%00%(upstream:track)%00%(upstream:remotename)%00%(upstream:remoteref) refs/heads/LINUSTEST refs/remotes/LINUSTEST [1ms]
2023-07-06 17:25:40.320 [info] > git status -z -uall [45ms]
2023-07-06 17:25:40.739 [info] > git ls-files --stage -- /home/linus/Documents/Zoezi/gymsystem/frontend/src/client/scripts/app.js [3ms]
2023-07-06 17:25:40.748 [info] > git show --textconv :frontend/src/client/scripts/app.js [20ms]
2023-07-06 17:25:40.752 [info] > git cat-file -s 21fe9b197cd97ddb43d3f1c64bbb16dd4753226b [5ms]
2023-07-06 17:25:40.997 [info] > git check-ignore -v -z --stdin [2ms]
2023-07-06 17:25:41.595 [info] > git ls-files --stage -- /home/linus/Documents/Zoezi/gymsystem/frontend/src/client/views/notbookablebycard.html [7ms]
2023-07-06 17:25:41.601 [info] > git ls-files --stage -- /home/linus/Documents/Zoezi/gymsystem/frontend/src/client/scripts/app.js [7ms]
2023-07-06 17:25:41.608 [info] > git cat-file -s 9fb19710294e2e8e41f6affdd6991f18c45a042b [8ms]
2023-07-06 17:25:41.608 [info] > git cat-file -s 21fe9b197cd97ddb43d3f1c64bbb16dd4753226b [1ms]
2023-07-06 17:25:41.626 [info] > git show --textconv :frontend/src/client/views/notbookablebycard.html [8ms]
2023-07-06 17:25:41.632 [info] > git show --textconv :frontend/src/client/scripts/app.js [7ms]
2023-07-06 17:25:42.590 [info] > git for-each-ref --format=%(refname)%00%(upstream:short)%00%(objectname)%00%(upstream:track)%00%(upstream:remotename)%00%(upstream:remoteref) refs/heads/LINUSTEST refs/remotes/LINUSTEST [1ms]
2023-07-06 17:25:42.639 [info] > git status -z -uall [42ms]
2023-07-06 17:25:44.344 [info] > git ls-tree -l HEAD -- /home/linus/Documents/Zoezi/gymsystem/backend/services/api/src/translations/sv.json [9ms]
2023-07-06 17:25:44.345 [info] > git show --textconv HEAD:backend/services/api/src/translations/sv.json [27ms]
2023-07-06 17:25:44.345 [info] > git show --textconv :backend/services/api/src/translations/sv.json [19ms]
2023-07-06 17:25:44.345 [info] > git ls-files --stage -- /home/linus/Documents/Zoezi/gymsystem/backend/services/api/src/translations/sv.json [3ms]
2023-07-06 17:25:44.351 [info] > git cat-file -s 5ad6c5495e66a7e9c56d4a1fea3a9346dc78fa42 [2ms]
2023-07-06 17:25:44.854 [info] > git check-ignore -v -z --stdin [3ms]
2023-07-06 17:25:47.652 [info] > git for-each-ref --format=%(refname)%00%(upstream:short)%00%(objectname)%00%(upstream:track)%00%(upstream:remotename)%00%(upstream:remoteref) refs/heads/LINUSTEST refs/remotes/LINUSTEST [2ms]
2023-07-06 17:25:47.698 [info] > git status -z -uall [39ms]
2023-07-06 17:25:55.969 [info] > git -c user.useConfigOnly=true commit --quiet --allow-empty-message --file - [22ms]
2023-07-06 17:25:55.978 [info] > git config --get commit.template [0ms]
2023-07-06 17:25:55.986 [info] > git config --get commit.template [1ms]
2023-07-06 17:25:55.994 [info] > git for-each-ref --format=%(refname)%00%(upstream:short)%00%(objectname)%00%(upstream:track)%00%(upstream:remotename)%00%(upstream:remoteref) refs/heads/LINUSTEST refs/remotes/LINUSTEST [1ms]
2023-07-06 17:25:56.037 [info] > git status -z -uall [37ms]
2023-07-06 17:25:56.113 [info] > git config --get commit.template [7ms]
2023-07-06 17:25:56.114 [info] > git for-each-ref --format=%(refname)%00%(upstream:short)%00%(objectname)%00%(upstream:track)%00%(upstream:remotename)%00%(upstream:remoteref) refs/heads/LINUSTEST refs/remotes/LINUSTEST [2ms]
2023-07-06 17:25:56.156 [info] > git status -z -uall [36ms]
2023-07-06 17:25:57.167 [info] > git ls-tree -l HEAD -- /home/linus/Documents/Zoezi/gymsystem/backend/services/api/src/translations/sv.json [6ms]
2023-07-06 17:25:57.168 [info] > git ls-files --stage -- /home/linus/Documents/Zoezi/gymsystem/frontend/src/client/scripts/app.js [12ms]
2023-07-06 17:25:57.172 [info] > git ls-files --stage -- /home/linus/Documents/Zoezi/gymsystem/frontend/src/client/views/notbookablebycard.html [22ms]
2023-07-06 17:25:57.176 [info] > git cat-file -s 21fe9b197cd97ddb43d3f1c64bbb16dd4753226b [4ms]
2023-07-06 17:25:57.176 [info] > git ls-files --stage -- /home/linus/Documents/Zoezi/gymsystem/backend/services/api/src/translations/sv.json [10ms]
2023-07-06 17:25:57.187 [info] > git cat-file -s 5ad6c5495e66a7e9c56d4a1fea3a9346dc78fa42 [8ms]
2023-07-06 17:25:57.187 [info] > git cat-file -s 9fb19710294e2e8e41f6affdd6991f18c45a042b [12ms]
2023-07-06 17:25:57.200 [info] > git show --textconv HEAD:backend/services/api/src/translations/sv.json [14ms]
2023-07-06 17:25:57.210 [info] > git show --textconv :backend/services/api/src/translations/sv.json [10ms]
2023-07-06 17:25:57.212 [info] > git show --textconv :frontend/src/client/views/notbookablebycard.html [5ms]
2023-07-06 17:25:57.214 [info] > git show --textconv :frontend/src/client/scripts/app.js [21ms]
2023-07-06 17:25:58.156 [info] > git config --get commit.template [7ms]
2023-07-06 17:25:58.157 [info] > git for-each-ref --format=%(refname)%00%(upstream:short)%00%(objectname)%00%(upstream:track)%00%(upstream:remotename)%00%(upstream:remoteref) refs/heads/LINUSTEST refs/remotes/LINUSTEST [2ms]
2023-07-06 17:25:58.195 [info] > git status -z -uall [35ms]
