2023-07-18 15:39:11.368 [info] Log level: Info
2023-07-18 15:39:11.368 [info] Validating found git in: "git"
2023-07-18 15:39:11.368 [info] Using git "2.40.1" from "git"
2023-07-18 15:39:11.368 [info] > git rev-parse --show-toplevel [4ms]
2023-07-18 15:39:11.368 [info] > git rev-parse --git-dir --git-common-dir [6ms]
2023-07-18 15:39:11.368 [info] Open repository: /home/linus/Documents/Zoezi/gymsystem
2023-07-18 15:39:11.368 [info] > git config --get commit.template [10ms]
2023-07-18 15:39:11.368 [info] > git rev-parse --show-toplevel [17ms]
2023-07-18 15:39:11.368 [info] > git rev-parse --show-toplevel [3ms]
2023-07-18 15:39:11.368 [info] > git rev-parse --show-toplevel [17ms]
2023-07-18 15:39:11.369 [info] > git rev-parse --show-toplevel [7ms]
2023-07-18 15:39:11.374 [info] > git for-each-ref --format=%(refname)%00%(upstream:short)%00%(objectname)%00%(upstream:track)%00%(upstream:remotename)%00%(upstream:remoteref) refs/heads/PROD-74 refs/remotes/PROD-74 [20ms]
2023-07-18 15:39:11.384 [info] > git rev-parse --show-toplevel [9ms]
2023-07-18 15:39:11.393 [info] > git rev-parse --show-toplevel [1ms]
2023-07-18 15:39:11.402 [info] > git rev-parse --show-toplevel [1ms]
2023-07-18 15:39:11.419 [info] > git rev-parse --show-toplevel [11ms]
2023-07-18 15:39:11.428 [info] > git status -z -uall [47ms]
2023-07-18 15:39:11.441 [info] > git rev-parse --show-toplevel [14ms]
2023-07-18 15:39:11.452 [info] > git config --get commit.template [11ms]
2023-07-18 15:39:11.453 [info] > git rev-parse --show-toplevel [5ms]
2023-07-18 15:39:11.470 [info] > git rev-parse --show-toplevel [11ms]
2023-07-18 15:39:11.476 [info] > git for-each-ref --format=%(refname)%00%(upstream:short)%00%(objectname)%00%(upstream:track)%00%(upstream:remotename)%00%(upstream:remoteref) refs/heads/PROD-74 refs/remotes/PROD-74 [6ms]
2023-07-18 15:39:11.484 [info] > git rev-parse --show-toplevel [8ms]
2023-07-18 15:39:11.492 [info] > git rev-parse --show-toplevel [1ms]
2023-07-18 15:39:11.500 [info] > git rev-parse --show-toplevel [1ms]
2023-07-18 15:39:11.508 [info] > git rev-parse --show-toplevel [1ms]
2023-07-18 15:39:11.517 [info] > git rev-parse --show-toplevel [1ms]
2023-07-18 15:39:11.526 [info] > git status -z -uall [43ms]
2023-07-18 15:39:11.836 [info] > git check-ignore -v -z --stdin [12ms]
2023-07-18 15:39:12.022 [info] > git show --textconv :backend/services/api/src/db.py [15ms]
2023-07-18 15:39:12.023 [info] > git ls-files --stage -- /home/linus/Documents/Zoezi/gymsystem/backend/services/api/src/db.py [7ms]
2023-07-18 15:39:12.039 [info] > git cat-file -s 48d662b1f9b2d9f16b4dbf5a09c4ebf51aa22fc7 [9ms]
2023-07-18 15:39:44.400 [info] > git config --get commit.template [1ms]
2023-07-18 15:39:44.416 [info] > git for-each-ref --format=%(refname)%00%(upstream:short)%00%(objectname)%00%(upstream:track)%00%(upstream:remotename)%00%(upstream:remoteref) refs/heads/PROD-74 refs/remotes/PROD-74 [3ms]
2023-07-18 15:39:44.500 [info] > git status -z -uall [73ms]
2023-07-18 15:40:56.734 [info] > git config --get commit.template [16ms]
2023-07-18 15:40:56.739 [info] > git for-each-ref --format=%(refname)%00%(upstream:short)%00%(objectname)%00%(upstream:track)%00%(upstream:remotename)%00%(upstream:remoteref) refs/heads/PROD-74 refs/remotes/PROD-74 [7ms]
2023-07-18 15:40:56.833 [info] > git status -z -uall [75ms]
2023-07-18 15:41:24.997 [info] > git check-ignore -v -z --stdin [9ms]
2023-07-18 15:41:28.590 [info] > git check-ignore -v -z --stdin [2ms]
2023-07-18 15:41:31.245 [info] > git show --textconv :backend/services/api/src/plug/admin/installation.py [7ms]
2023-07-18 15:41:31.250 [info] > git ls-files --stage -- /home/linus/Documents/Zoezi/gymsystem/backend/services/api/src/plug/admin/installation.py [6ms]
2023-07-18 15:41:31.258 [info] > git cat-file -s 56b083cb4c855af1c29e4b8c742ee50386fc4fb9 [1ms]
2023-07-18 15:41:31.497 [info] > git check-ignore -v -z --stdin [3ms]
2023-07-18 15:41:36.896 [info] > git show --textconv :backend/services/api/src/plug/utils/__init__.py [6ms]
2023-07-18 15:41:36.898 [info] > git ls-files --stage -- /home/linus/Documents/Zoezi/gymsystem/backend/services/api/src/plug/utils/__init__.py [3ms]
2023-07-18 15:41:36.906 [info] > git cat-file -s 6e53e244f6a62912aa91a655c2463b3e968286e5 [1ms]
2023-07-18 15:41:37.175 [info] > git check-ignore -v -z --stdin [2ms]
2023-07-18 15:41:45.163 [info] > git check-ignore -v -z --stdin [2ms]
2023-07-18 15:41:46.215 [info] > git check-ignore -v -z --stdin [4ms]
2023-07-18 15:41:48.975 [info] > git show --textconv :backend/services/api/src/plug/addon/schema.py [5ms]
2023-07-18 15:41:48.978 [info] > git ls-files --stage -- /home/linus/Documents/Zoezi/gymsystem/backend/services/api/src/plug/addon/schema.py [4ms]
2023-07-18 15:41:48.985 [info] > git cat-file -s ded5413be82494b1574b3e1d4c101bedfe3f0dab [1ms]
2023-07-18 15:41:49.259 [info] > git check-ignore -v -z --stdin [3ms]
2023-07-18 15:41:51.533 [info] > git show --textconv :backend/services/api/src/plug/apn/schema.py [5ms]
2023-07-18 15:41:51.535 [info] > git ls-files --stage -- /home/linus/Documents/Zoezi/gymsystem/backend/services/api/src/plug/apn/schema.py [2ms]
2023-07-18 15:41:51.540 [info] > git cat-file -s 012ab2d66c3cf436c86dd8a9ca45178ec5116ff7 [1ms]
2023-07-18 15:41:51.815 [info] > git check-ignore -v -z --stdin [2ms]
2023-07-18 15:41:52.962 [info] > git show --textconv :backend/services/api/src/plug/app/schema.py [5ms]
2023-07-18 15:41:52.966 [info] > git ls-files --stage -- /home/linus/Documents/Zoezi/gymsystem/backend/services/api/src/plug/app/schema.py [4ms]
2023-07-18 15:41:52.972 [info] > git cat-file -s 47b13e85c08069e5e1f2092928cc5f10c77517b2 [1ms]
2023-07-18 15:41:53.238 [info] > git check-ignore -v -z --stdin [2ms]
2023-07-18 15:41:54.119 [info] > git check-ignore -v -z --stdin [3ms]
2023-07-18 15:41:54.710 [info] > git check-ignore -v -z --stdin [2ms]
2023-07-18 15:41:56.422 [info] > git show --textconv :backend/services/api/src/plug/chain/schema.py [9ms]
2023-07-18 15:41:56.423 [info] > git ls-files --stage -- /home/linus/Documents/Zoezi/gymsystem/backend/services/api/src/plug/chain/schema.py [2ms]
2023-07-18 15:41:56.430 [info] > git cat-file -s 0d24601df821a34d03db4bbcf60f599245accc28 [1ms]
2023-07-18 15:41:56.699 [info] > git check-ignore -v -z --stdin [3ms]
2023-07-18 15:41:57.497 [info] > git show --textconv :backend/services/api/src/plug/core/schema.py [5ms]
2023-07-18 15:41:57.500 [info] > git ls-files --stage -- /home/linus/Documents/Zoezi/gymsystem/backend/services/api/src/plug/core/schema.py [3ms]
2023-07-18 15:41:57.511 [info] > git cat-file -s 01b1604c8cdfd978807b226cf21d87de23361c11 [1ms]
2023-07-18 15:41:57.774 [info] > git check-ignore -v -z --stdin [2ms]
2023-07-18 15:42:19.139 [info] > git show --textconv :backend/services/api/src/plug/course/schema.py [8ms]
2023-07-18 15:42:19.141 [info] > git ls-files --stage -- /home/linus/Documents/Zoezi/gymsystem/backend/services/api/src/plug/course/schema.py [2ms]
2023-07-18 15:42:19.148 [info] > git cat-file -s 6676df9986e2cf8227af973886dcf07dd0453680 [1ms]
2023-07-18 15:42:19.385 [info] > git check-ignore -v -z --stdin [2ms]
2023-07-18 15:42:22.033 [info] > git show --textconv :backend/services/api/src/plug/dashboard/schema.py [8ms]
2023-07-18 15:42:22.035 [info] > git ls-files --stage -- /home/linus/Documents/Zoezi/gymsystem/backend/services/api/src/plug/dashboard/schema.py [2ms]
2023-07-18 15:42:22.046 [info] > git cat-file -s 84d8d2ddeb316432626463adc2a5e010658212dc [1ms]
2023-07-18 15:42:22.309 [info] > git check-ignore -v -z --stdin [2ms]
2023-07-18 15:42:24.114 [info] > git show --textconv :backend/services/api/src/plug/db/__init__.py [8ms]
2023-07-18 15:42:24.115 [info] > git ls-files --stage -- /home/linus/Documents/Zoezi/gymsystem/backend/services/api/src/plug/db/__init__.py [2ms]
2023-07-18 15:42:24.121 [info] > git cat-file -s 06af3912a7b3238dce920dd3bf64afd07ab39b12 [1ms]
2023-07-18 15:42:24.391 [info] > git check-ignore -v -z --stdin [3ms]
2023-07-18 15:42:24.986 [info] > git show --textconv :backend/services/api/src/plug/db/db_api.py [9ms]
2023-07-18 15:42:24.987 [info] > git ls-files --stage -- /home/linus/Documents/Zoezi/gymsystem/backend/services/api/src/plug/db/db_api.py [3ms]
2023-07-18 15:42:24.998 [info] > git cat-file -s 1973369df98ff68351c9677a8a414b32c61968a5 [1ms]
2023-07-18 15:42:26.736 [info] > git show --textconv :backend/services/api/src/plug/db/migration.py [10ms]
2023-07-18 15:42:26.739 [info] > git ls-files --stage -- /home/linus/Documents/Zoezi/gymsystem/backend/services/api/src/plug/db/migration.py [3ms]
2023-07-18 15:42:26.766 [info] > git cat-file -s 9941ce088568748bb04518f2af81b5afbc1b0508 [4ms]
2023-07-18 15:42:35.528 [info] > git check-ignore -v -z --stdin [3ms]
2023-07-18 15:42:36.184 [info] > git check-ignore -v -z --stdin [2ms]
2023-07-18 15:42:36.652 [info] > git show --textconv :backend/services/api/src/plug/file/migration.py [5ms]
2023-07-18 15:42:36.654 [info] > git ls-files --stage -- /home/linus/Documents/Zoezi/gymsystem/backend/services/api/src/plug/file/migration.py [2ms]
2023-07-18 15:42:36.659 [info] > git cat-file -s 6c643e36e5b842f6da90b19db8c36a67388941a3 [1ms]
2023-07-18 15:42:36.919 [info] > git check-ignore -v -z --stdin [3ms]
2023-07-18 15:42:40.073 [info] > git check-ignore -v -z --stdin [3ms]
2023-07-18 15:42:41.102 [info] > git show --textconv :backend/services/api/src/plug/homepage/schema.py [7ms]
2023-07-18 15:42:41.105 [info] > git ls-files --stage -- /home/linus/Documents/Zoezi/gymsystem/backend/services/api/src/plug/homepage/schema.py [4ms]
2023-07-18 15:42:41.111 [info] > git cat-file -s 7c5245fd0a56fb4da41211b6cd5e6ad6a35f2140 [1ms]
2023-07-18 15:42:41.372 [info] > git check-ignore -v -z --stdin [2ms]
2023-07-18 15:42:43.112 [info] > git check-ignore -v -z --stdin [2ms]
2023-07-18 15:42:43.692 [info] > git show --textconv :backend/services/api/src/plug/invite/schema.py [5ms]
2023-07-18 15:42:43.693 [info] > git ls-files --stage -- /home/linus/Documents/Zoezi/gymsystem/backend/services/api/src/plug/invite/schema.py [2ms]
2023-07-18 15:42:43.698 [info] > git cat-file -s fadd0fc89e3492554e3d2e230dbebff37ce16a75 [1ms]
2023-07-18 15:42:43.960 [info] > git check-ignore -v -z --stdin [2ms]
2023-07-18 15:42:46.600 [info] > git show --textconv :backend/services/api/src/plug/invoice/schema.py [7ms]
2023-07-18 15:42:46.601 [info] > git ls-files --stage -- /home/linus/Documents/Zoezi/gymsystem/backend/services/api/src/plug/invoice/schema.py [2ms]
2023-07-18 15:42:46.608 [info] > git cat-file -s e22085da4748c001ccd8bc592b53dde752147067 [1ms]
2023-07-18 15:42:46.870 [info] > git check-ignore -v -z --stdin [2ms]
2023-07-18 15:42:47.831 [info] > git show --textconv :backend/services/api/src/plug/lok/schema.py [8ms]
2023-07-18 15:42:47.833 [info] > git ls-files --stage -- /home/linus/Documents/Zoezi/gymsystem/backend/services/api/src/plug/lok/schema.py [2ms]
2023-07-18 15:42:47.838 [info] > git cat-file -s 69bf29a5bec578c9e3a28be68527605de98c9a76 [1ms]
2023-07-18 15:42:48.102 [info] > git check-ignore -v -z --stdin [2ms]
2023-07-18 15:42:48.898 [info] > git check-ignore -v -z --stdin [2ms]
2023-07-18 15:42:49.198 [info] > git show --textconv :backend/services/api/src/plug/loyaltypoints/schema.py [13ms]
2023-07-18 15:42:49.200 [info] > git ls-files --stage -- /home/linus/Documents/Zoezi/gymsystem/backend/services/api/src/plug/loyaltypoints/schema.py [2ms]
2023-07-18 15:42:49.209 [info] > git cat-file -s 034f97c7234897562e9debc9a221ecd39f84ea03 [2ms]
2023-07-18 15:42:49.458 [info] > git check-ignore -v -z --stdin [2ms]
2023-07-18 15:42:50.485 [info] > git check-ignore -v -z --stdin [2ms]
2023-07-18 15:42:50.739 [info] > git show --textconv :backend/services/api/src/plug/mailing/schema.py [8ms]
2023-07-18 15:42:50.741 [info] > git ls-files --stage -- /home/linus/Documents/Zoezi/gymsystem/backend/services/api/src/plug/mailing/schema.py [3ms]
2023-07-18 15:42:50.752 [info] > git cat-file -s ac3d84efc5fe38072fad78647112ffd72ed5e0c0 [2ms]
2023-07-18 15:42:50.994 [info] > git check-ignore -v -z --stdin [2ms]
2023-07-18 15:42:55.927 [info] > git show --textconv :backend/services/api/src/plug/metra/schema.py [6ms]
2023-07-18 15:42:55.929 [info] > git ls-files --stage -- /home/linus/Documents/Zoezi/gymsystem/backend/services/api/src/plug/metra/schema.py [2ms]
2023-07-18 15:42:55.938 [info] > git cat-file -s ec3df0e66a15b9812e2a1ad756802840ff7a56c6 [1ms]
2023-07-18 15:42:56.194 [info] > git check-ignore -v -z --stdin [3ms]
2023-07-18 15:42:57.874 [info] > git show --textconv :backend/services/api/src/plug/payment/schema.py [5ms]
2023-07-18 15:42:57.876 [info] > git ls-files --stage -- /home/linus/Documents/Zoezi/gymsystem/backend/services/api/src/plug/payment/schema.py [2ms]
2023-07-18 15:42:57.883 [info] > git cat-file -s 983d62fa6a77e2a4f1cc8380322336fae7d8ac40 [1ms]
2023-07-18 15:42:58.148 [info] > git check-ignore -v -z --stdin [3ms]
2023-07-18 15:42:59.081 [info] > git show --textconv :backend/services/api/src/plug/payout/schema.py [6ms]
2023-07-18 15:42:59.083 [info] > git ls-files --stage -- /home/linus/Documents/Zoezi/gymsystem/backend/services/api/src/plug/payout/schema.py [2ms]
2023-07-18 15:42:59.090 [info] > git cat-file -s 7ad714807995c090ee3404b1943cf8addec63405 [1ms]
2023-07-18 15:43:00.096 [info] > git check-ignore -v -z --stdin [3ms]
2023-07-18 15:43:00.790 [info] > git show --textconv :backend/services/api/src/plug/printer/schema.py [6ms]
2023-07-18 15:43:00.792 [info] > git ls-files --stage -- /home/linus/Documents/Zoezi/gymsystem/backend/services/api/src/plug/printer/schema.py [2ms]
2023-07-18 15:43:00.798 [info] > git cat-file -s d380095b52972390882e08f9d711dc4758f73ab7 [1ms]
2023-07-18 15:43:01.057 [info] > git check-ignore -v -z --stdin [2ms]
2023-07-18 15:43:02.144 [info] > git check-ignore -v -z --stdin [3ms]
2023-07-18 15:43:02.621 [info] > git show --textconv :backend/services/api/src/plug/product/category/schema.py [6ms]
2023-07-18 15:43:02.624 [info] > git ls-files --stage -- /home/linus/Documents/Zoezi/gymsystem/backend/services/api/src/plug/product/category/schema.py [5ms]
2023-07-18 15:43:02.630 [info] > git cat-file -s 882f058c5b154ec0298b0a3c62863f4852dc7961 [1ms]
2023-07-18 15:43:03.242 [info] > git check-ignore -v -z --stdin [5ms]
2023-07-18 15:43:03.811 [info] > git check-ignore -v -z --stdin [2ms]
2023-07-18 15:43:04.228 [info] > git show --textconv :backend/services/api/src/plug/reports/schema.py [10ms]
2023-07-18 15:43:04.230 [info] > git ls-files --stage -- /home/linus/Documents/Zoezi/gymsystem/backend/services/api/src/plug/reports/schema.py [2ms]
2023-07-18 15:43:04.237 [info] > git cat-file -s 702f7d19fe64e1449aee83335aca2bfd01a888e2 [1ms]
2023-07-18 15:43:04.491 [info] > git check-ignore -v -z --stdin [2ms]
2023-07-18 15:43:05.373 [info] > git check-ignore -v -z --stdin [3ms]
2023-07-18 15:43:05.828 [info] > git show --textconv :backend/services/api/src/plug/resource/schema.py [8ms]
2023-07-18 15:43:05.830 [info] > git ls-files --stage -- /home/linus/Documents/Zoezi/gymsystem/backend/services/api/src/plug/resource/schema.py [2ms]
2023-07-18 15:43:05.836 [info] > git cat-file -s 1bd9d28a9d8c3e9e56b7e03feb8da4caa68065ac [1ms]
2023-07-18 15:43:06.114 [info] > git check-ignore -v -z --stdin [5ms]
2023-07-18 15:43:07.419 [info] > git show --textconv :backend/services/api/src/plug/resourcebooking/migration.py [5ms]
2023-07-18 15:43:07.421 [info] > git ls-files --stage -- /home/linus/Documents/Zoezi/gymsystem/backend/services/api/src/plug/resourcebooking/migration.py [2ms]
2023-07-18 15:43:07.426 [info] > git cat-file -s 6a89944090582162d5438efcedf550c03aa2e21c [1ms]
2023-07-18 15:43:07.689 [info] > git check-ignore -v -z --stdin [2ms]
2023-07-18 15:43:09.086 [info] > git show --textconv :backend/services/api/src/plug/spar/migration.py [6ms]
2023-07-18 15:43:09.088 [info] > git ls-files --stage -- /home/linus/Documents/Zoezi/gymsystem/backend/services/api/src/plug/spar/migration.py [1ms]
2023-07-18 15:43:09.097 [info] > git cat-file -s 50ffa204c47ed19c0f6d860147e2b992ef2922a4 [1ms]
2023-07-18 15:43:09.352 [info] > git check-ignore -v -z --stdin [2ms]
2023-07-18 15:43:10.383 [info] > git show --textconv :backend/services/api/src/plug/sync/schema.py [10ms]
2023-07-18 15:43:10.385 [info] > git ls-files --stage -- /home/linus/Documents/Zoezi/gymsystem/backend/services/api/src/plug/sync/schema.py [2ms]
2023-07-18 15:43:10.391 [info] > git cat-file -s 58d2bd9228d5f31a78293e9fadd851dfbbb8c7af [0ms]
2023-07-18 15:43:10.660 [info] > git check-ignore -v -z --stdin [2ms]
2023-07-18 15:43:12.153 [info] > git show --textconv :backend/services/api/src/plug/task/schema.py [6ms]
2023-07-18 15:43:12.154 [info] > git ls-files --stage -- /home/linus/Documents/Zoezi/gymsystem/backend/services/api/src/plug/task/schema.py [2ms]
2023-07-18 15:43:12.160 [info] > git cat-file -s 9f90e557f1a6f85e262b5a779ca7c8a63afb9cef [1ms]
2023-07-18 15:43:12.421 [info] > git check-ignore -v -z --stdin [2ms]
2023-07-18 15:43:14.402 [info] > git show --textconv :backend/services/api/src/plug/teamsport/schema.py [13ms]
2023-07-18 15:43:14.404 [info] > git ls-files --stage -- /home/linus/Documents/Zoezi/gymsystem/backend/services/api/src/plug/teamsport/schema.py [3ms]
2023-07-18 15:43:14.413 [info] > git cat-file -s cea94194b4072139d0610e332e098fb60c960301 [1ms]
2023-07-18 15:43:14.664 [info] > git check-ignore -v -z --stdin [2ms]
2023-07-18 15:43:16.231 [info] > git check-ignore -v -z --stdin [3ms]
2023-07-18 15:43:16.884 [info] > git check-ignore -v -z --stdin [4ms]
2023-07-18 15:43:18.095 [info] > git show --textconv :backend/services/api/src/plug/terms/schema.py [6ms]
2023-07-18 15:43:18.096 [info] > git ls-files --stage -- /home/linus/Documents/Zoezi/gymsystem/backend/services/api/src/plug/terms/schema.py [2ms]
2023-07-18 15:43:18.105 [info] > git cat-file -s 900a65932475fe4ba95a60403f37ca08c376d9ab [1ms]
2023-07-18 15:43:18.366 [info] > git check-ignore -v -z --stdin [2ms]
2023-07-18 15:43:19.106 [info] > git show --textconv :backend/services/api/src/plug/transaction/schema.py [9ms]
2023-07-18 15:43:19.107 [info] > git ls-files --stage -- /home/linus/Documents/Zoezi/gymsystem/backend/services/api/src/plug/transaction/schema.py [2ms]
2023-07-18 15:43:19.115 [info] > git cat-file -s c035b4761796d03f0de10cd8c55880b0a41ef159 [2ms]
2023-07-18 15:43:19.380 [info] > git check-ignore -v -z --stdin [2ms]
2023-07-18 15:43:20.559 [info] > git check-ignore -v -z --stdin [3ms]
2023-07-18 15:43:21.508 [info] > git show --textconv :backend/services/api/src/plug/user/migration.py [8ms]
2023-07-18 15:43:21.509 [info] > git ls-files --stage -- /home/linus/Documents/Zoezi/gymsystem/backend/services/api/src/plug/user/migration.py [2ms]
2023-07-18 15:43:21.515 [info] > git cat-file -s 227698a5a09ed8eaa258a43005f7def7b7e2868a [1ms]
2023-07-18 15:43:21.779 [info] > git check-ignore -v -z --stdin [2ms]
2023-07-18 15:43:37.670 [info] > git show --textconv :backend/services/api/src/plug/usergroup/schema.py [11ms]
2023-07-18 15:43:37.672 [info] > git ls-files --stage -- /home/linus/Documents/Zoezi/gymsystem/backend/services/api/src/plug/usergroup/schema.py [2ms]
2023-07-18 15:43:37.678 [info] > git cat-file -s 6c2b3b8d37d78412e4cac3dee5c31ffe585cea56 [1ms]
2023-07-18 15:43:37.935 [info] > git check-ignore -v -z --stdin [2ms]
2023-07-18 15:44:12.903 [info] > git show --textconv :backend/services/api/src/plug/webhook/schema.py [11ms]
2023-07-18 15:44:12.904 [info] > git ls-files --stage -- /home/linus/Documents/Zoezi/gymsystem/backend/services/api/src/plug/webhook/schema.py [2ms]
2023-07-18 15:44:12.913 [info] > git cat-file -s b4e71c563c140c5545437fb84b18de0c53db3e51 [2ms]
2023-07-18 15:44:13.162 [info] > git check-ignore -v -z --stdin [3ms]
2023-07-18 15:44:15.762 [info] > git show --textconv :backend/services/api/src/plug/webshop/schema.py [11ms]
2023-07-18 15:44:15.764 [info] > git ls-files --stage -- /home/linus/Documents/Zoezi/gymsystem/backend/services/api/src/plug/webshop/schema.py [3ms]
2023-07-18 15:44:15.773 [info] > git cat-file -s 1223e809a06f28782c111bc8cfbf92d2ce75a18f [1ms]
2023-07-18 15:44:16.028 [info] > git check-ignore -v -z --stdin [2ms]
2023-07-18 15:44:17.784 [info] > git show --textconv :backend/services/api/src/plug/workout/reminder.py [8ms]
2023-07-18 15:44:17.784 [info] > git ls-files --stage -- /home/linus/Documents/Zoezi/gymsystem/backend/services/api/src/plug/workout/reminder.py [3ms]
2023-07-18 15:44:17.790 [info] > git cat-file -s 690a0c16a961fac69442957b9bd086f7218cf79f [1ms]
2023-07-18 15:44:18.053 [info] > git check-ignore -v -z --stdin [2ms]
2023-07-18 15:44:19.480 [info] > git show --textconv :backend/services/api/src/plug/zoeziapp/schema.py [7ms]
2023-07-18 15:44:19.482 [info] > git ls-files --stage -- /home/linus/Documents/Zoezi/gymsystem/backend/services/api/src/plug/zoeziapp/schema.py [2ms]
2023-07-18 15:44:19.489 [info] > git cat-file -s 11d5fac8973dfac56557b6177edac7203576f330 [1ms]
2023-07-18 15:44:19.755 [info] > git check-ignore -v -z --stdin [2ms]
2023-07-18 15:44:25.527 [info] > git check-ignore -v -z --stdin [2ms]
2023-07-18 15:44:29.351 [info] > git check-ignore -v -z --stdin [3ms]
2023-07-18 15:44:30.400 [info] > git check-ignore -v -z --stdin [2ms]
2023-07-18 15:44:32.977 [info] > git check-ignore -v -z --stdin [3ms]
2023-07-18 15:44:34.815 [info] > git show --textconv :backend/services/api/src/api.py [12ms]
2023-07-18 15:44:34.817 [info] > git ls-files --stage -- /home/linus/Documents/Zoezi/gymsystem/backend/services/api/src/api.py [5ms]
2023-07-18 15:44:34.824 [info] > git cat-file -s fc28de0bb2ac268266afcd800abb80c124e10110 [1ms]
2023-07-18 15:44:44.500 [info] > git check-ignore -v -z --stdin [2ms]
2023-07-18 15:44:45.667 [info] > git check-ignore -v -z --stdin [3ms]
2023-07-18 15:44:52.970 [info] > git show --textconv :backend/services/api/src/migrate.py [12ms]
2023-07-18 15:44:52.972 [info] > git ls-files --stage -- /home/linus/Documents/Zoezi/gymsystem/backend/services/api/src/migrate.py [2ms]
2023-07-18 15:44:52.983 [info] > git cat-file -s 2fbbf9b18e1b9494c2af38b8d2bbe8bf7a06d2cc [1ms]
2023-07-18 15:47:20.771 [info] > git show --textconv :backend/services/api/src/plug/db/migration.py [10ms]
2023-07-18 15:47:20.774 [info] > git ls-files --stage -- /home/linus/Documents/Zoezi/gymsystem/backend/services/api/src/plug/db/migration.py [3ms]
2023-07-18 15:47:20.787 [info] > git cat-file -s 9941ce088568748bb04518f2af81b5afbc1b0508 [2ms]
2023-07-18 15:47:29.190 [info] > git check-ignore -v -z --stdin [4ms]
2023-07-18 15:47:29.817 [info] > git check-ignore -v -z --stdin [3ms]
2023-07-18 15:47:52.364 [info] > git check-ignore -v -z --stdin [4ms]
2023-07-18 15:47:55.157 [info] > git check-ignore -v -z --stdin [2ms]
2023-07-18 15:47:55.845 [info] > git check-ignore -v -z --stdin [4ms]
2023-07-18 15:48:18.014 [info] > git config --get commit.template [14ms]
2023-07-18 15:48:18.015 [info] > git for-each-ref --format=%(refname)%00%(upstream:short)%00%(objectname)%00%(upstream:track)%00%(upstream:remotename)%00%(upstream:remoteref) refs/heads/PROD-74 refs/remotes/PROD-74 [3ms]
2023-07-18 15:48:18.071 [info] > git status -z -uall [44ms]
2023-07-18 15:51:10.299 [info] > git check-ignore -v -z --stdin [3ms]
2023-07-18 15:53:01.801 [info] > git config --get commit.template [2ms]
2023-07-18 15:53:01.815 [info] > git for-each-ref --format=%(refname)%00%(upstream:short)%00%(objectname)%00%(upstream:track)%00%(upstream:remotename)%00%(upstream:remoteref) refs/heads/PROD-74 refs/remotes/PROD-74 [5ms]
2023-07-18 15:53:01.900 [info] > git status -z -uall [74ms]
2023-07-18 15:58:28.384 [info] > git config --get commit.template [8ms]
2023-07-18 15:58:28.386 [info] > git for-each-ref --format=%(refname)%00%(upstream:short)%00%(objectname)%00%(upstream:track)%00%(upstream:remotename)%00%(upstream:remoteref) refs/heads/PROD-74 refs/remotes/PROD-74 [3ms]
2023-07-18 15:58:28.428 [info] > git status -z -uall [36ms]
2023-07-18 15:58:33.443 [info] > git config --get commit.template [4ms]
2023-07-18 15:58:33.444 [info] > git for-each-ref --format=%(refname)%00%(upstream:short)%00%(objectname)%00%(upstream:track)%00%(upstream:remotename)%00%(upstream:remoteref) refs/heads/PROD-74 refs/remotes/PROD-74 [0ms]
2023-07-18 15:58:33.478 [info] > git status -z -uall [31ms]
2023-07-18 15:58:35.574 [info] > git check-ignore -v -z --stdin [4ms]
2023-07-18 15:58:36.115 [info] > git check-ignore -v -z --stdin [2ms]
2023-07-18 15:58:37.963 [info] > git check-ignore -v -z --stdin [7ms]
2023-07-18 15:58:38.775 [info] > git check-ignore -v -z --stdin [2ms]
2023-07-18 15:59:13.043 [info] > git config --get commit.template [17ms]
2023-07-18 15:59:13.046 [info] > git for-each-ref --format=%(refname)%00%(upstream:short)%00%(objectname)%00%(upstream:track)%00%(upstream:remotename)%00%(upstream:remoteref) refs/heads/PROD-74 refs/remotes/PROD-74 [5ms]
2023-07-18 15:59:13.158 [info] > git status -z -uall [92ms]
2023-07-18 16:06:30.738 [info] > git config --get commit.template [1ms]
2023-07-18 16:06:30.756 [info] > git for-each-ref --format=%(refname)%00%(upstream:short)%00%(objectname)%00%(upstream:track)%00%(upstream:remotename)%00%(upstream:remoteref) refs/heads/PROD-74 refs/remotes/PROD-74 [5ms]
2023-07-18 16:06:30.822 [info] > git status -z -uall [47ms]
2023-07-19 08:14:32.635 [info] > git ls-files --stage -- /home/linus/Documents/Zoezi/gymsystem/backend/services/api/src/db.py [7ms]
2023-07-19 08:14:32.641 [info] > git config --get commit.template [20ms]
2023-07-19 08:14:32.648 [info] > git ls-files --stage -- /home/linus/Documents/Zoezi/gymsystem/backend/services/api/src/plug/db/migration.py [14ms]
2023-07-19 08:14:32.653 [info] > git for-each-ref --format=%(refname)%00%(upstream:short)%00%(objectname)%00%(upstream:track)%00%(upstream:remotename)%00%(upstream:remoteref) refs/heads/PROD-74 refs/remotes/PROD-74 [6ms]
2023-07-19 08:14:32.659 [info] > git cat-file -s 779da33479c10764b437a207856f279f4cde9e8a [18ms]
2023-07-19 08:14:32.660 [info] > git cat-file -s 01f2cab7767a7c5f91b8abbe8329ff708e85b898 [7ms]
2023-07-19 08:14:32.678 [info] > git show --textconv :backend/services/api/src/plug/db/migration.py [3ms]
2023-07-19 08:14:32.679 [info] > git show --textconv :backend/services/api/src/db.py [11ms]
2023-07-19 08:14:32.743 [info] > git status -z -uall [84ms]
2023-07-19 08:18:51.150 [info] > git ls-files --stage -- /home/linus/Documents/Zoezi/gymsystem/backend/services/api/src/db.py [9ms]
2023-07-19 08:18:51.158 [info] > git config --get commit.template [29ms]
2023-07-19 08:18:51.163 [info] > git ls-files --stage -- /home/linus/Documents/Zoezi/gymsystem/backend/services/api/src/plug/db/migration.py [14ms]
2023-07-19 08:18:51.170 [info] > git for-each-ref --format=%(refname)%00%(upstream:short)%00%(objectname)%00%(upstream:track)%00%(upstream:remotename)%00%(upstream:remoteref) refs/heads/PROD-74 refs/remotes/PROD-74 [8ms]
2023-07-19 08:18:51.176 [info] > git cat-file -s 779da33479c10764b437a207856f279f4cde9e8a [19ms]
2023-07-19 08:18:51.176 [info] > git cat-file -s 01f2cab7767a7c5f91b8abbe8329ff708e85b898 [6ms]
2023-07-19 08:18:51.196 [info] > git show --textconv :backend/services/api/src/plug/db/migration.py [3ms]
2023-07-19 08:18:51.197 [info] > git show --textconv :backend/services/api/src/db.py [11ms]
2023-07-19 08:18:51.217 [info] > git status -z -uall [41ms]
2023-07-19 08:25:50.022 [info] > git config --get commit.template [9ms]
2023-07-19 08:25:50.025 [info] > git for-each-ref --format=%(refname)%00%(upstream:short)%00%(objectname)%00%(upstream:track)%00%(upstream:remotename)%00%(upstream:remoteref) refs/heads/PROD-74 refs/remotes/PROD-74 [4ms]
2023-07-19 08:25:50.128 [info] > git status -z -uall [95ms]
2023-07-19 08:54:54.261 [info] > git config --get commit.template [10ms]
2023-07-19 08:54:54.261 [info] > git for-each-ref --format=%(refname)%00%(upstream:short)%00%(objectname)%00%(upstream:track)%00%(upstream:remotename)%00%(upstream:remoteref) refs/heads/PROD-74 refs/remotes/PROD-74 [1ms]
2023-07-19 08:54:54.305 [info] > git status -z -uall [37ms]
2023-07-19 09:20:26.527 [info] > git config --get commit.template [7ms]
2023-07-19 09:20:26.531 [info] > git for-each-ref --format=%(refname)%00%(upstream:short)%00%(objectname)%00%(upstream:track)%00%(upstream:remotename)%00%(upstream:remoteref) refs/heads/PROD-74 refs/remotes/PROD-74 [5ms]
2023-07-19 09:20:26.735 [info] > git status -z -uall [198ms]
2023-07-19 09:24:09.712 [info] > git config --get commit.template [11ms]
2023-07-19 09:24:09.713 [info] > git for-each-ref --format=%(refname)%00%(upstream:short)%00%(objectname)%00%(upstream:track)%00%(upstream:remotename)%00%(upstream:remoteref) refs/heads/PROD-74 refs/remotes/PROD-74 [2ms]
2023-07-19 09:24:09.757 [info] > git status -z -uall [37ms]
2023-07-19 09:42:39.564 [info] > git config --get commit.template [9ms]
2023-07-19 09:42:39.567 [info] > git for-each-ref --format=%(refname)%00%(upstream:short)%00%(objectname)%00%(upstream:track)%00%(upstream:remotename)%00%(upstream:remoteref) refs/heads/PROD-74 refs/remotes/PROD-74 [4ms]
2023-07-19 09:42:39.619 [info] > git status -z -uall [44ms]
2023-07-19 09:45:16.326 [info] > git config --get commit.template [2ms]
2023-07-19 09:45:16.343 [info] > git ls-files --stage -- /home/linus/Documents/Zoezi/gymsystem/backend/services/api/src/db.py [10ms]
2023-07-19 09:45:16.355 [info] > git ls-files --stage -- /home/linus/Documents/Zoezi/gymsystem/backend/services/api/src/plug/db/migration.py [13ms]
2023-07-19 09:45:16.361 [info] > git for-each-ref --format=%(refname)%00%(upstream:short)%00%(objectname)%00%(upstream:track)%00%(upstream:remotename)%00%(upstream:remoteref) refs/heads/PROD-74 refs/remotes/PROD-74 [6ms]
2023-07-19 09:45:16.370 [info] > git cat-file -s 779da33479c10764b437a207856f279f4cde9e8a [22ms]
2023-07-19 09:45:16.371 [info] > git cat-file -s 01f2cab7767a7c5f91b8abbe8329ff708e85b898 [10ms]
2023-07-19 09:45:16.397 [info] > git show --textconv :backend/services/api/src/plug/db/migration.py [2ms]
2023-07-19 09:45:16.398 [info] > git show --textconv :backend/services/api/src/db.py [12ms]
2023-07-19 09:45:16.409 [info] > git status -z -uall [40ms]
2023-07-19 09:47:28.914 [info] > git config --get commit.template [8ms]
2023-07-19 09:47:28.914 [info] > git for-each-ref --format=%(refname)%00%(upstream:short)%00%(objectname)%00%(upstream:track)%00%(upstream:remotename)%00%(upstream:remoteref) refs/heads/PROD-74 refs/remotes/PROD-74 [1ms]
2023-07-19 09:47:28.951 [info] > git status -z -uall [31ms]
2023-07-19 10:18:52.252 [info] > git config --get commit.template [7ms]
2023-07-19 10:18:52.259 [info] > git for-each-ref --format=%(refname)%00%(upstream:short)%00%(objectname)%00%(upstream:track)%00%(upstream:remotename)%00%(upstream:remoteref) refs/heads/PROD-74 refs/remotes/PROD-74 [7ms]
2023-07-19 10:18:52.304 [info] > git status -z -uall [38ms]
2023-07-19 10:26:40.827 [info] > git config --get commit.template [9ms]
2023-07-19 10:26:40.830 [info] > git for-each-ref --format=%(refname)%00%(upstream:short)%00%(objectname)%00%(upstream:track)%00%(upstream:remotename)%00%(upstream:remoteref) refs/heads/PROD-74 refs/remotes/PROD-74 [4ms]
2023-07-19 10:26:40.872 [info] > git status -z -uall [35ms]
2023-07-19 10:26:45.891 [info] > git config --get commit.template [9ms]
2023-07-19 10:26:45.892 [info] > git for-each-ref --format=%(refname)%00%(upstream:short)%00%(objectname)%00%(upstream:track)%00%(upstream:remotename)%00%(upstream:remoteref) refs/heads/PROD-74 refs/remotes/PROD-74 [1ms]
2023-07-19 10:26:45.934 [info] > git status -z -uall [35ms]
