2023-07-21 09:51:10.905 [info] Extension host with pid 3679092 started
2023-07-21 09:51:10.905 [info] Skipping acquiring lock for /home/linus/.config/Code/User/workspaceStorage/9422da54f0b6878f4e090a654fc4c75b.
2023-07-21 09:51:11.099 [info] ExtensionService#_doActivateExtension Vue.volar, startup: false, activationEvent: 'onLanguage:plaintext'
2023-07-21 09:51:11.126 [info] ExtensionService#_doActivateExtension vscode.emmet, startup: false, activationEvent: 'onLanguage'
2023-07-21 09:51:11.133 [info] ExtensionService#_doActivateExtension vscode.typescript-language-features, startup: false, activationEvent: 'onLanguage:javascript'
2023-07-21 09:51:11.839 [info] ExtensionService#_doActivateExtension vscode.git-base, startup: true, activationEvent: '*', root cause: vscode.git
2023-07-21 09:51:11.845 [info] ExtensionService#_doActivateExtension Catppuccin.catppuccin-vsc, startup: true, activationEvent: '*'
2023-07-21 09:51:11.853 [info] ExtensionService#_doActivateExtension vscodevim.vim, startup: true, activationEvent: '*'
2023-07-21 09:51:12.243 [info] ExtensionService#_doActivateExtension vscode.git, startup: true, activationEvent: '*'
2023-07-21 09:51:12.288 [info] ExtensionService#_doActivateExtension vscode.github, startup: true, activationEvent: '*'
2023-07-21 09:51:12.400 [info] Eager extensions activated
2023-07-21 09:51:12.611 [info] ExtensionService#_doActivateExtension vscode.debug-auto-launch, startup: false, activationEvent: 'onStartupFinished'
2023-07-21 09:51:12.615 [info] ExtensionService#_doActivateExtension vscode.merge-conflict, startup: false, activationEvent: 'onStartupFinished'
2023-07-21 09:51:14.719 [info] ExtensionService#_doActivateExtension vscode.github-authentication, startup: false, activationEvent: 'onAuthenticationRequest:github'
2023-07-21 09:51:14.769 [info] ExtensionService#_doActivateExtension vscode.microsoft-authentication, startup: false, activationEvent: 'onAuthenticationRequest:microsoft'
2023-07-21 09:51:26.705 [info] ExtensionService#_doActivateExtension ms-python.python, startup: false, activationEvent: 'onLanguage:python'
2023-07-21 09:51:26.978 [info] ExtensionService#_doActivateExtension ms-python.vscode-pylance, startup: false, activationEvent: 'onLanguage:python'
2023-07-21 09:51:36.281 [info] ExtensionService#_doActivateExtension vscode.debug-server-ready, startup: false, activationEvent: 'onDebugResolve'
2023-07-21 09:57:08.923 [error] [ms-python.python] provider FAILED
2023-07-21 09:57:08.923 [error] TypeError: Cannot read properties of undefined (reading 'data')
	at /home/linus/.vscode/extensions/ms-python.vscode-pylance-2023.7.20/dist/extension.bundle.js:1:62672
	at _0x3b0595 (/home/linus/.vscode/extensions/ms-python.vscode-pylance-2023.7.20/dist/extension.bundle.js:1:71932)
	at async oe.provideCompletionItems (/nix/store/g3kir40abqgqqcdm18qygka784ng88b1-vscode-1.78.2/lib/vscode/resources/app/out/vs/workbench/api/node/extensionHostProcess.js:100:52890)
2023-07-21 10:02:46.807 [error] [ms-python.python] provider FAILED
2023-07-21 10:02:46.810 [error] TypeError: Cannot read properties of undefined (reading 'data')
	at /home/linus/.vscode/extensions/ms-python.vscode-pylance-2023.7.20/dist/extension.bundle.js:1:62672
	at _0x3b0595 (/home/linus/.vscode/extensions/ms-python.vscode-pylance-2023.7.20/dist/extension.bundle.js:1:71932)
	at async oe.provideCompletionItems (/nix/store/g3kir40abqgqqcdm18qygka784ng88b1-vscode-1.78.2/lib/vscode/resources/app/out/vs/workbench/api/node/extensionHostProcess.js:100:52890)
2023-07-21 10:11:03.752 [error] [ms-python.python] provider FAILED
2023-07-21 10:11:03.753 [error] TypeError: Cannot read properties of undefined (reading 'data')
	at /home/linus/.vscode/extensions/ms-python.vscode-pylance-2023.7.20/dist/extension.bundle.js:1:62672
	at _0x3b0595 (/home/linus/.vscode/extensions/ms-python.vscode-pylance-2023.7.20/dist/extension.bundle.js:1:71932)
	at async oe.provideCompletionItems (/nix/store/g3kir40abqgqqcdm18qygka784ng88b1-vscode-1.78.2/lib/vscode/resources/app/out/vs/workbench/api/node/extensionHostProcess.js:100:52890)
2023-07-21 10:16:57.402 [error] [ms-python.python] provider FAILED
2023-07-21 10:16:57.403 [error] TypeError: Cannot read properties of undefined (reading 'data')
	at /home/linus/.vscode/extensions/ms-python.vscode-pylance-2023.7.20/dist/extension.bundle.js:1:62672
	at _0x3b0595 (/home/linus/.vscode/extensions/ms-python.vscode-pylance-2023.7.20/dist/extension.bundle.js:1:71932)
	at async oe.provideCompletionItems (/nix/store/g3kir40abqgqqcdm18qygka784ng88b1-vscode-1.78.2/lib/vscode/resources/app/out/vs/workbench/api/node/extensionHostProcess.js:100:52890)
2023-07-21 10:16:59.170 [error] [ms-python.python] provider FAILED
2023-07-21 10:16:59.170 [error] TypeError: Cannot read properties of undefined (reading 'data')
	at /home/linus/.vscode/extensions/ms-python.vscode-pylance-2023.7.20/dist/extension.bundle.js:1:62672
	at _0x3b0595 (/home/linus/.vscode/extensions/ms-python.vscode-pylance-2023.7.20/dist/extension.bundle.js:1:71932)
	at async oe.provideCompletionItems (/nix/store/g3kir40abqgqqcdm18qygka784ng88b1-vscode-1.78.2/lib/vscode/resources/app/out/vs/workbench/api/node/extensionHostProcess.js:100:52890)
2023-07-21 10:42:07.583 [error] [ms-python.python] provider FAILED
2023-07-21 10:42:07.586 [error] TypeError: Cannot read properties of undefined (reading 'data')
	at /home/linus/.vscode/extensions/ms-python.vscode-pylance-2023.7.20/dist/extension.bundle.js:1:62672
	at _0x3b0595 (/home/linus/.vscode/extensions/ms-python.vscode-pylance-2023.7.20/dist/extension.bundle.js:1:71932)
	at async oe.provideCompletionItems (/nix/store/g3kir40abqgqqcdm18qygka784ng88b1-vscode-1.78.2/lib/vscode/resources/app/out/vs/workbench/api/node/extensionHostProcess.js:100:52890)
2023-07-21 10:42:10.244 [error] [ms-python.python] provider FAILED
2023-07-21 10:42:10.244 [error] TypeError: Cannot read properties of undefined (reading 'data')
	at /home/linus/.vscode/extensions/ms-python.vscode-pylance-2023.7.20/dist/extension.bundle.js:1:62672
	at _0x3b0595 (/home/linus/.vscode/extensions/ms-python.vscode-pylance-2023.7.20/dist/extension.bundle.js:1:71932)
	at async oe.provideCompletionItems (/nix/store/g3kir40abqgqqcdm18qygka784ng88b1-vscode-1.78.2/lib/vscode/resources/app/out/vs/workbench/api/node/extensionHostProcess.js:100:52890)
2023-07-21 10:51:43.586 [error] [ms-python.python] provider FAILED
2023-07-21 10:51:43.589 [error] TypeError: Cannot read properties of undefined (reading 'data')
	at /home/linus/.vscode/extensions/ms-python.vscode-pylance-2023.7.20/dist/extension.bundle.js:1:62672
	at _0x3b0595 (/home/linus/.vscode/extensions/ms-python.vscode-pylance-2023.7.20/dist/extension.bundle.js:1:71932)
	at async oe.provideCompletionItems (/nix/store/g3kir40abqgqqcdm18qygka784ng88b1-vscode-1.78.2/lib/vscode/resources/app/out/vs/workbench/api/node/extensionHostProcess.js:100:52890)
2023-07-21 10:51:45.251 [error] [ms-python.python] provider FAILED
2023-07-21 10:51:45.251 [error] TypeError: Cannot read properties of undefined (reading 'data')
	at /home/linus/.vscode/extensions/ms-python.vscode-pylance-2023.7.20/dist/extension.bundle.js:1:62672
	at _0x3b0595 (/home/linus/.vscode/extensions/ms-python.vscode-pylance-2023.7.20/dist/extension.bundle.js:1:71932)
	at async oe.provideCompletionItems (/nix/store/g3kir40abqgqqcdm18qygka784ng88b1-vscode-1.78.2/lib/vscode/resources/app/out/vs/workbench/api/node/extensionHostProcess.js:100:52890)
2023-07-21 10:51:48.113 [error] [ms-python.python] provider FAILED
2023-07-21 10:51:48.113 [error] TypeError: Cannot read properties of undefined (reading 'data')
	at /home/linus/.vscode/extensions/ms-python.vscode-pylance-2023.7.20/dist/extension.bundle.js:1:62672
	at _0x3b0595 (/home/linus/.vscode/extensions/ms-python.vscode-pylance-2023.7.20/dist/extension.bundle.js:1:71932)
	at async oe.provideCompletionItems (/nix/store/g3kir40abqgqqcdm18qygka784ng88b1-vscode-1.78.2/lib/vscode/resources/app/out/vs/workbench/api/node/extensionHostProcess.js:100:52890)
2023-07-21 10:59:51.717 [error] [ms-python.python] provider FAILED
2023-07-21 10:59:51.720 [error] TypeError: Cannot read properties of undefined (reading 'data')
	at /home/linus/.vscode/extensions/ms-python.vscode-pylance-2023.7.20/dist/extension.bundle.js:1:62672
	at _0x3b0595 (/home/linus/.vscode/extensions/ms-python.vscode-pylance-2023.7.20/dist/extension.bundle.js:1:71932)
	at async oe.provideCompletionItems (/nix/store/g3kir40abqgqqcdm18qygka784ng88b1-vscode-1.78.2/lib/vscode/resources/app/out/vs/workbench/api/node/extensionHostProcess.js:100:52890)
2023-07-21 11:12:17.023 [error] [ms-python.python] provider FAILED
2023-07-21 11:12:17.023 [error] TypeError: Cannot read properties of undefined (reading 'data')
	at /home/linus/.vscode/extensions/ms-python.vscode-pylance-2023.7.20/dist/extension.bundle.js:1:62672
	at _0x3b0595 (/home/linus/.vscode/extensions/ms-python.vscode-pylance-2023.7.20/dist/extension.bundle.js:1:71932)
	at async oe.provideCompletionItems (/nix/store/g3kir40abqgqqcdm18qygka784ng88b1-vscode-1.78.2/lib/vscode/resources/app/out/vs/workbench/api/node/extensionHostProcess.js:100:52890)
2023-07-21 11:14:40.398 [warning] TextEditor is closed/disposed
2023-07-21 11:14:40.399 [warning] TextEditor is closed/disposed
2023-07-21 11:14:41.369 [warning] TextEditor is closed/disposed
2023-07-21 11:14:41.369 [warning] TextEditor is closed/disposed
2023-07-21 17:24:40.382 [info] Extension host terminating: renderer closed the MessagePort
2023-07-21 17:24:40.421 [error] Canceled: Canceled
	at new l (/nix/store/g3kir40abqgqqcdm18qygka784ng88b1-vscode-1.78.2/lib/vscode/resources/app/out/vs/workbench/api/node/extensionHostProcess.js:98:104563)
	at a.O (/nix/store/g3kir40abqgqqcdm18qygka784ng88b1-vscode-1.78.2/lib/vscode/resources/app/out/vs/workbench/api/node/extensionHostProcess.js:110:11657)
	at H.<computed>.V.charCodeAt.H.<computed> (/nix/store/g3kir40abqgqqcdm18qygka784ng88b1-vscode-1.78.2/lib/vscode/resources/app/out/vs/workbench/api/node/extensionHostProcess.js:110:8947)
	at e.ExtHostCommands.g (/nix/store/g3kir40abqgqqcdm18qygka784ng88b1-vscode-1.78.2/lib/vscode/resources/app/out/vs/workbench/api/node/extensionHostProcess.js:98:124729)
	at e.ExtHostCommands.executeCommand (/nix/store/g3kir40abqgqqcdm18qygka784ng88b1-vscode-1.78.2/lib/vscode/resources/app/out/vs/workbench/api/node/extensionHostProcess.js:98:124105)
	at C.registerCommand.description (/nix/store/g3kir40abqgqqcdm18qygka784ng88b1-vscode-1.78.2/lib/vscode/resources/app/out/vs/workbench/api/node/extensionHostProcess.js:98:123398)
	at e.ExtHostCommands.h (/nix/store/g3kir40abqgqqcdm18qygka784ng88b1-vscode-1.78.2/lib/vscode/resources/app/out/vs/workbench/api/node/extensionHostProcess.js:98:125315)
	at e.ExtHostCommands.g (/nix/store/g3kir40abqgqqcdm18qygka784ng88b1-vscode-1.78.2/lib/vscode/resources/app/out/vs/workbench/api/node/extensionHostProcess.js:98:124205)
	at e.ExtHostCommands.executeCommand (/nix/store/g3kir40abqgqqcdm18qygka784ng88b1-vscode-1.78.2/lib/vscode/resources/app/out/vs/workbench/api/node/extensionHostProcess.js:98:124105)
	at Object.executeCommand (/nix/store/g3kir40abqgqqcdm18qygka784ng88b1-vscode-1.78.2/lib/vscode/resources/app/out/vs/workbench/api/node/extensionHostProcess.js:116:24043)
	at D (/nix/store/g3kir40abqgqqcdm18qygka784ng88b1-vscode-1.78.2/lib/vscode/resources/app/extensions/git/dist/main.js:2:1259661)
	at v.invoke (/nix/store/g3kir40abqgqqcdm18qygka784ng88b1-vscode-1.78.2/lib/vscode/resources/app/out/vs/workbench/api/node/extensionHostProcess.js:63:145)
	at h.deliver (/nix/store/g3kir40abqgqqcdm18qygka784ng88b1-vscode-1.78.2/lib/vscode/resources/app/out/vs/workbench/api/node/extensionHostProcess.js:63:2121)
	at i.fire (/nix/store/g3kir40abqgqqcdm18qygka784ng88b1-vscode-1.78.2/lib/vscode/resources/app/out/vs/workbench/api/node/extensionHostProcess.js:63:1729)
	at Object.m [as dispose] (/nix/store/g3kir40abqgqqcdm18qygka784ng88b1-vscode-1.78.2/lib/vscode/resources/app/extensions/git/dist/main.js:2:1274494)
	at /nix/store/g3kir40abqgqqcdm18qygka784ng88b1-vscode-1.78.2/lib/vscode/resources/app/extensions/git/dist/main.js:2:1278940
	at Array.forEach (<anonymous>)
	at g.dispose (/nix/store/g3kir40abqgqqcdm18qygka784ng88b1-vscode-1.78.2/lib/vscode/resources/app/extensions/git/dist/main.js:2:1278926)
	at t.<anonymous> (/nix/store/g3kir40abqgqqcdm18qygka784ng88b1-vscode-1.78.2/lib/vscode/resources/app/out/vs/workbench/api/node/extensionHostProcess.js:96:12369)
	at t.dispose (/nix/store/g3kir40abqgqqcdm18qygka784ng88b1-vscode-1.78.2/lib/vscode/resources/app/out/vs/workbench/api/node/extensionHostProcess.js:96:12504)
	at t.<anonymous> (/nix/store/g3kir40abqgqqcdm18qygka784ng88b1-vscode-1.78.2/lib/vscode/resources/app/extensions/git/dist/main.js:2:1261791)
	at t.dispose (/nix/store/g3kir40abqgqqcdm18qygka784ng88b1-vscode-1.78.2/lib/vscode/resources/app/out/vs/workbench/api/node/extensionHostProcess.js:96:12504)
	at T (/nix/store/g3kir40abqgqqcdm18qygka784ng88b1-vscode-1.78.2/lib/vscode/resources/app/out/vs/workbench/api/node/extensionHostProcess.js:10:12080)
	at v.Y (/nix/store/g3kir40abqgqqcdm18qygka784ng88b1-vscode-1.78.2/lib/vscode/resources/app/out/vs/workbench/api/node/extensionHostProcess.js:112:11173)
	at /nix/store/g3kir40abqgqqcdm18qygka784ng88b1-vscode-1.78.2/lib/vscode/resources/app/out/vs/workbench/api/node/extensionHostProcess.js:112:9157
	at Array.map (<anonymous>)
	at v.R (/nix/store/g3kir40abqgqqcdm18qygka784ng88b1-vscode-1.78.2/lib/vscode/resources/app/out/vs/workbench/api/node/extensionHostProcess.js:112:9144)
	at v.terminate (/nix/store/g3kir40abqgqqcdm18qygka784ng88b1-vscode-1.78.2/lib/vscode/resources/app/out/vs/workbench/api/node/extensionHostProcess.js:112:9415)
	at d.terminate (/nix/store/g3kir40abqgqqcdm18qygka784ng88b1-vscode-1.78.2/lib/vscode/resources/app/out/vs/workbench/api/node/extensionHostProcess.js:116:1544)
	at g (/nix/store/g3kir40abqgqqcdm18qygka784ng88b1-vscode-1.78.2/lib/vscode/resources/app/out/vs/workbench/api/node/extensionHostProcess.js:126:34439)
	at MessagePortMain.<anonymous> (/nix/store/g3kir40abqgqqcdm18qygka784ng88b1-vscode-1.78.2/lib/vscode/resources/app/out/vs/workbench/api/node/extensionHostProcess.js:126:30578)
	at MessagePortMain.emit (node:events:513:28)
	at MessagePortMain._internalPort.emit (node:electron/js2c/utility_init:2:367) setContext undefined
2023-07-21 17:24:40.440 [info] Extension host with pid 3679092 exiting with code 0
