2023-07-12 12:10:16.205 [info] Log level: Info
2023-07-12 12:10:16.205 [info] Validating found git in: "git"
2023-07-12 12:10:16.205 [info] Using git "2.40.1" from "git"
2023-07-12 12:10:16.205 [info] > git rev-parse --show-toplevel [12ms]
2023-07-12 12:10:16.205 [info] > git rev-parse --git-dir --git-common-dir [3ms]
2023-07-12 12:10:16.205 [info] Open repository: /home/linus/Documents/Zoezi/gymsystem
2023-07-12 12:10:16.205 [info] > git rev-parse --show-toplevel [24ms]
2023-07-12 12:10:16.205 [info] > git rev-parse --show-toplevel [19ms]
2023-07-12 12:10:16.205 [info] > git config --get commit.template [37ms]
2023-07-12 12:10:16.205 [info] > git rev-parse --show-toplevel [4ms]
2023-07-12 12:10:16.205 [info] > git rev-parse --show-toplevel [10ms]
2023-07-12 12:10:16.205 [info] > git rev-parse --show-toplevel [2ms]
2023-07-12 12:10:16.205 [info] > git for-each-ref --format=%(refname)%00%(upstream:short)%00%(objectname)%00%(upstream:track)%00%(upstream:remotename)%00%(upstream:remoteref) refs/heads/PROD-33 refs/remotes/PROD-33 [19ms]
2023-07-12 12:10:16.205 [info] > git rev-parse --show-toplevel [10ms]
2023-07-12 12:10:16.205 [info] > git rev-parse --show-toplevel [2ms]
2023-07-12 12:10:16.205 [info] > git rev-parse --show-toplevel [2ms]
2023-07-12 12:10:16.205 [info] > git rev-parse --show-toplevel [2ms]
2023-07-12 12:10:16.205 [info] > git rev-parse --show-toplevel [7ms]
2023-07-12 12:10:16.205 [info] > git rev-parse --show-toplevel [2ms]
2023-07-12 12:10:16.205 [info] > git rev-parse --show-toplevel [3ms]
2023-07-12 12:10:16.205 [info] > git rev-parse --show-toplevel [1ms]
2023-07-12 12:10:16.205 [info] > git rev-parse --show-toplevel [2ms]
2023-07-12 12:10:16.205 [info] > git rev-parse --show-toplevel [1ms]
2023-07-12 12:10:16.205 [info] > git rev-parse --show-toplevel [1ms]
2023-07-12 12:10:16.312 [info] > git status -z -uall [268ms]
2023-07-12 12:10:16.340 [info] > git config --get commit.template [4ms]
2023-07-12 12:10:16.353 [info] > git for-each-ref --format=%(refname)%00%(upstream:short)%00%(objectname)%00%(upstream:track)%00%(upstream:remotename)%00%(upstream:remoteref) refs/heads/PROD-33 refs/remotes/PROD-33 [4ms]
2023-07-12 12:10:16.509 [info] > git check-ignore -v -z --stdin [12ms]
2023-07-12 12:10:16.595 [info] > git status -z -uall [233ms]
2023-07-12 12:10:17.315 [info] > git ls-files --stage -- /home/linus/Documents/Zoezi/gymsystem/frontend/src/client/scripts/app.js [5ms]
2023-07-12 12:10:17.324 [info] > git cat-file -s dc54fd263a73bd6e0e7a2b41042cd6cc524097c7 [1ms]
2023-07-12 12:10:17.325 [info] > git show --textconv :frontend/src/client/scripts/app.js [24ms]
2023-07-12 12:11:44.883 [info] > git ls-files --stage -- /home/linus/Documents/Zoezi/gymsystem/backend/services/api/src/db.py [15ms]
2023-07-12 12:11:44.905 [info] > git cat-file -s ea66f32825c016d319b0cf55acd2e1d98b84f571 [14ms]
2023-07-12 12:11:44.909 [info] > git show --textconv :backend/services/api/src/db.py [49ms]
2023-07-12 12:11:45.020 [info] > git check-ignore -v -z --stdin [9ms]
2023-07-12 12:11:46.387 [info] > git show --textconv :backend/services/api/src/plug/course/schema.py [11ms]
2023-07-12 12:11:46.389 [info] > git ls-files --stage -- /home/linus/Documents/Zoezi/gymsystem/backend/services/api/src/plug/course/schema.py [3ms]
2023-07-12 12:11:46.397 [info] > git cat-file -s 6676df9986e2cf8227af973886dcf07dd0453680 [1ms]
2023-07-12 12:11:46.646 [info] > git check-ignore -v -z --stdin [3ms]
2023-07-12 12:12:23.722 [info] > git check-ignore -v -z --stdin [10ms]
2023-07-12 12:12:24.422 [info] > git check-ignore -v -z --stdin [2ms]
2023-07-12 12:12:25.526 [info] > git check-ignore -v -z --stdin [3ms]
2023-07-12 12:12:26.055 [info] > git check-ignore -v -z --stdin [3ms]
2023-07-12 12:12:30.386 [info] > git show --textconv :frontend/src/client/scripts/memberapp.js [11ms]
2023-07-12 12:12:30.389 [info] > git ls-files --stage -- /home/linus/Documents/Zoezi/gymsystem/frontend/src/client/scripts/memberapp.js [5ms]
2023-07-12 12:12:30.400 [info] > git cat-file -s c07f950d2920ceb4652926774d7359020582c2ea [2ms]
2023-07-12 12:12:34.734 [info] > git show --textconv :backend/services/api/src/plug/course/api.py [12ms]
2023-07-12 12:12:34.735 [info] > git ls-files --stage -- /home/linus/Documents/Zoezi/gymsystem/backend/services/api/src/plug/course/api.py [3ms]
2023-07-12 12:12:34.746 [info] > git cat-file -s e23b9716526a489cab0cdfc70eb930f92b16e71a [1ms]
2023-07-12 12:13:01.848 [info] > git check-ignore -v -z --stdin [6ms]
2023-07-12 12:13:04.368 [info] > git check-ignore -v -z --stdin [2ms]
