2023-07-12 12:10:16.120 [info] Configuration changed
2023-07-12 12:10:16.324 [info] Configuration changed
2023-07-12 12:10:16.376 [info] Configuration changed
2023-07-12 12:10:16.918 [info] Configuration changed
2023-07-12 12:10:17.099 [info] Configuration changed
2023-07-12 12:10:17.524 [info] Configuration changed
2023-07-12 12:11:44.599 [info] Active editor: file:///home/linus/Documents/Zoezi/gymsystem/backend/services/api/src/db.py
2023-07-12 12:11:46.159 [info] Active editor: file:///home/linus/Documents/Zoezi/gymsystem/backend/services/api/src/plug/course/schema.py
2023-07-12 12:11:47.031 [info] Active editor: file:///home/linus/Documents/Zoezi/gymsystem/frontend/src/client/scripts/app.js
2023-07-12 12:11:48.127 [info] Active editor: file:///home/linus/Documents/Zoezi/gymsystem/backend/services/api/src/plug/course/schema.py
2023-07-12 12:11:51.506 [info] Active editor: file:///home/linus/Documents/Zoezi/gymsystem/frontend/src/client/scripts/app.js
2023-07-12 12:11:53.054 [info] Active editor: file:///home/linus/Documents/Zoezi/gymsystem/backend/services/api/src/plug/course/schema.py
2023-07-12 12:12:01.122 [info] Active editor: file:///home/linus/Documents/Zoezi/gymsystem/frontend/src/client/scripts/app.js
2023-07-12 12:12:10.361 [info] Active editor: file:///home/linus/Documents/Zoezi/gymsystem/backend/services/api/src/plug/course/schema.py
2023-07-12 12:12:11.498 [info] Active editor: file:///home/linus/Documents/Zoezi/gymsystem/backend/services/api/src/db.py
2023-07-12 12:12:30.170 [info] Active editor: file:///home/linus/Documents/Zoezi/gymsystem/frontend/src/client/scripts/memberapp.js
2023-07-12 12:12:34.474 [info] /home/linus/Documents/Zoezi/gymsystem/frontend/src/client/scripts/memberapp.js closed
2023-07-12 12:12:34.480 [info] /home/linus/Documents/Zoezi/gymsystem/frontend/src/client/scripts/memberapp.js.git closed
2023-07-12 12:12:34.502 [info] Active editor: file:///home/linus/Documents/Zoezi/gymsystem/backend/services/api/src/plug/course/api.py
2023-07-12 12:13:05.426 [info] Active editor: file:///home/linus/Documents/Zoezi/gymsystem/backend/services/api/src/db.py
2023-07-12 12:13:50.889 [info] Active editor: file:///home/linus/Documents/Zoezi/gymsystem/backend/services/api/src/plug/course/api.py
2023-07-12 12:13:52.526 [info] Active editor: file:///home/linus/Documents/Zoezi/gymsystem/backend/services/api/src/plug/course/schema.py
2023-07-12 12:13:54.021 [info] Active editor: file:///home/linus/Documents/Zoezi/gymsystem/frontend/src/client/scripts/app.js
