2023-07-27 09:38:54.866 [info] Extension host with pid 152480 started
2023-07-27 09:38:54.866 [info] Skipping acquiring lock for /home/linus/.config/Code/User/workspaceStorage/9422da54f0b6878f4e090a654fc4c75b.
2023-07-27 09:38:54.996 [info] ExtensionService#_doActivateExtension vscode.git-base, startup: true, activationEvent: '*', root cause: vscode.git
2023-07-27 09:38:55.001 [info] ExtensionService#_doActivateExtension Catppuccin.catppuccin-vsc, startup: true, activationEvent: '*'
2023-07-27 09:38:55.004 [info] ExtensionService#_doActivateExtension vscodevim.vim, startup: true, activationEvent: '*'
2023-07-27 09:38:55.073 [info] ExtensionService#_doActivateExtension vscode.git, startup: true, activationEvent: '*'
2023-07-27 09:38:55.091 [info] ExtensionService#_doActivateExtension vscode.github, startup: true, activationEvent: '*'
2023-07-27 09:38:55.209 [info] Eager extensions activated
2023-07-27 09:38:55.242 [info] ExtensionService#_doActivateExtension Vue.volar, startup: false, activationEvent: 'onLanguage:plaintext'
2023-07-27 09:38:55.293 [info] ExtensionService#_doActivateExtension vscode.emmet, startup: false, activationEvent: 'onLanguage'
2023-07-27 09:38:55.306 [info] ExtensionService#_doActivateExtension vscode.debug-auto-launch, startup: false, activationEvent: 'onStartupFinished'
2023-07-27 09:38:55.308 [info] ExtensionService#_doActivateExtension vscode.merge-conflict, startup: false, activationEvent: 'onStartupFinished'
2023-07-27 09:38:55.977 [info] ExtensionService#_doActivateExtension vscode.github-authentication, startup: false, activationEvent: 'onAuthenticationRequest:github'
2023-07-27 09:38:56.003 [info] ExtensionService#_doActivateExtension vscode.microsoft-authentication, startup: false, activationEvent: 'onAuthenticationRequest:microsoft'
2023-07-27 09:38:59.957 [info] ExtensionService#_doActivateExtension vscode.npm, startup: false, activationEvent: 'onTerminalQuickFixRequest:ms-vscode.npm-command'
2023-07-27 09:39:24.647 [info] ExtensionService#_doActivateExtension vscode.typescript-language-features, startup: false, activationEvent: 'onLanguage:javascript'
2023-07-27 10:35:51.676 [info] ExtensionService#_doActivateExtension ms-python.python, startup: false, activationEvent: 'onLanguage:python'
2023-07-27 10:35:51.951 [info] ExtensionService#_doActivateExtension ms-python.vscode-pylance, startup: false, activationEvent: 'onLanguage:python'
2023-07-27 10:36:42.481 [info] ExtensionService#_doActivateExtension vscode.debug-server-ready, startup: false, activationEvent: 'onDebugResolve'
2023-07-27 10:39:06.366 [error] [ms-python.python] provider FAILED
2023-07-27 10:39:06.367 [error] TypeError: Cannot read properties of undefined (reading 'data')
	at /home/linus/.vscode/extensions/ms-python.vscode-pylance-2023.7.30/dist/extension.bundle.js:1:88962
	at _0x57c21d (/home/linus/.vscode/extensions/ms-python.vscode-pylance-2023.7.30/dist/extension.bundle.js:1:98273)
	at async oe.provideCompletionItems (/nix/store/g3kir40abqgqqcdm18qygka784ng88b1-vscode-1.78.2/lib/vscode/resources/app/out/vs/workbench/api/node/extensionHostProcess.js:100:52890)
2023-07-27 10:45:34.988 [error] [ms-python.python] provider FAILED
2023-07-27 10:45:34.988 [error] TypeError: Cannot read properties of undefined (reading 'data')
	at /home/linus/.vscode/extensions/ms-python.vscode-pylance-2023.7.30/dist/extension.bundle.js:1:88962
	at _0x57c21d (/home/linus/.vscode/extensions/ms-python.vscode-pylance-2023.7.30/dist/extension.bundle.js:1:98273)
	at async oe.provideCompletionItems (/nix/store/g3kir40abqgqqcdm18qygka784ng88b1-vscode-1.78.2/lib/vscode/resources/app/out/vs/workbench/api/node/extensionHostProcess.js:100:52890)
2023-07-27 10:45:35.282 [error] [ms-python.python] provider FAILED
2023-07-27 10:45:35.283 [error] TypeError: Cannot read properties of undefined (reading 'data')
	at /home/linus/.vscode/extensions/ms-python.vscode-pylance-2023.7.30/dist/extension.bundle.js:1:88962
	at _0x57c21d (/home/linus/.vscode/extensions/ms-python.vscode-pylance-2023.7.30/dist/extension.bundle.js:1:98273)
	at async oe.provideCompletionItems (/nix/store/g3kir40abqgqqcdm18qygka784ng88b1-vscode-1.78.2/lib/vscode/resources/app/out/vs/workbench/api/node/extensionHostProcess.js:100:52890)
2023-07-27 10:45:35.611 [error] [ms-python.python] provider FAILED
2023-07-27 10:45:35.611 [error] TypeError: Cannot read properties of undefined (reading 'data')
	at /home/linus/.vscode/extensions/ms-python.vscode-pylance-2023.7.30/dist/extension.bundle.js:1:88962
	at _0x57c21d (/home/linus/.vscode/extensions/ms-python.vscode-pylance-2023.7.30/dist/extension.bundle.js:1:98273)
	at async oe.provideCompletionItems (/nix/store/g3kir40abqgqqcdm18qygka784ng88b1-vscode-1.78.2/lib/vscode/resources/app/out/vs/workbench/api/node/extensionHostProcess.js:100:52890)
2023-07-27 10:48:18.497 [info] ExtensionService#_doActivateExtension vscode.extension-editing, startup: false, activationEvent: 'onLanguage:json'
2023-07-27 10:48:18.502 [info] ExtensionService#_doActivateExtension vscode.json-language-features, startup: false, activationEvent: 'onLanguage:json'
