2023-07-21 09:51:28.137 [info] [Info  - 9:51:28 AM] (3680049) Pylance language server 2023.7.20 (pyright 74d8f3c4) starting
2023-07-21 09:51:28.138 [info] [Info  - 9:51:28 AM] (3680049) Server root directory: /home/linus/.vscode/extensions/ms-python.vscode-pylance-2023.7.20/dist
2023-07-21 09:51:28.141 [info] [Info  - 9:51:28 AM] (3680049) Starting service instance "gymsystem"
2023-07-21 09:51:28.189 [info] [Info  - 9:51:28 AM] (3680049) Setting pythonPath for service "gymsystem": "/run/current-system/sw/bin/python"
2023-07-21 09:51:28.195 [info] [Warn  - 9:51:28 AM] (3680049) stubPath /backend/services/api/src is not a valid directory.
2023-07-21 09:51:28.241 [info] [Info  - 9:51:28 AM] (3680049) Assuming Python version 3.10
2023-07-21 09:51:29.111 [info] [Info  - 9:51:29 AM] (3680049) Found 631 source files
2023-07-21 09:51:30.905 [info] [Info  - 9:51:30 AM] (3680049) Background analysis(1) root directory: /home/linus/.vscode/extensions/ms-python.vscode-pylance-2023.7.20/dist
2023-07-21 09:51:30.905 [info] [Info  - 9:51:30 AM] (3680049) Background analysis(1) started
2023-07-21 09:51:30.905 [info] [Info  - 9:51:30 AM] (3680049) Indexer background runner(2) root directory: /home/linus/.vscode/extensions/ms-python.vscode-pylance-2023.7.20/dist (index)
2023-07-21 09:51:30.905 [info] [Info  - 9:51:30 AM] (3680049) Indexing(2) started
2023-07-21 09:51:30.905 [info] [Info  - 9:51:30 AM] (3680049) scanned(2) 12 files over 1 exec env
2023-07-21 09:51:30.954 [info] [Info  - 9:51:30 AM] (3680049) indexed(2) 1 files over 1 exec env
2023-07-21 09:51:30.955 [info] [Info  - 9:51:30 AM] (3680049) Indexing finished(2).
2023-07-21 09:51:42.655 [info] [Info  - 9:51:42 AM] (3680049) [BG(1)] Long operation: getSemanticTokens full at /home/linus/Documents/Zoezi/gymsystem/backend/services/api/src/db.py (12456ms)
2023-07-21 09:51:44.994 [info] [Info  - 9:51:44 AM] (3680049) [BG(1)] Long operation: checking: /home/linus/Documents/Zoezi/gymsystem/backend/services/api/src/db.py (2335ms)
2023-07-21 09:51:44.994 [info] [Info  - 9:51:44 AM] (3680049) [BG(1)] Long operation: analyzing: /home/linus/Documents/Zoezi/gymsystem/backend/services/api/src/db.py (2336ms)
2023-07-21 09:56:51.242 [info] [Info  - 9:56:51 AM] (3680049) [BG(1)] Long operation: checking: /home/linus/Documents/Zoezi/gymsystem/backend/services/api/src/db.py (12262ms)
2023-07-21 09:56:51.242 [info] [Info  - 9:56:51 AM] (3680049) [BG(1)] Long operation: analyzing: /home/linus/Documents/Zoezi/gymsystem/backend/services/api/src/db.py (13454ms)
2023-07-21 09:56:53.742 [info] [Info  - 9:56:53 AM] (3680049) [BG(1)] Long operation: getSemanticTokens delta previousResultId:1689925891238 at /home/linus/Documents/Zoezi/gymsystem/backend/services/api/src/db.py (2497ms)
2023-07-21 09:57:24.647 [info] [Info  - 9:57:24 AM] (3680049) [BG(1)] Long operation: getSemanticTokens delta previousResultId:1689926211244 at /home/linus/Documents/Zoezi/gymsystem/backend/services/api/src/db.py (12600ms)
2023-07-21 09:57:41.350 [info] [Info  - 9:57:41 AM] (3680049) [BG(1)] Long operation: checking: /home/linus/Documents/Zoezi/gymsystem/backend/services/api/src/db.py (8971ms)
2023-07-21 09:57:41.354 [info] [Info  - 9:57:41 AM] (3680049) [BG(1)] Long operation: analyzing: /home/linus/Documents/Zoezi/gymsystem/backend/services/api/src/db.py (8971ms)
2023-07-21 10:00:11.606 [info] [Info  - 10:00:11 AM] (3680049) [BG(1)] Long operation: getSemanticTokens delta previousResultId:1689926261352 at /home/linus/Documents/Zoezi/gymsystem/backend/services/api/src/db.py (8897ms)
2023-07-21 10:00:33.774 [info] [Info  - 10:00:33 AM] (3680049) [BG(1)] Long operation: getSemanticTokens delta previousResultId:1689926402708 at /home/linus/Documents/Zoezi/gymsystem/backend/services/api/src/db.py (7013ms)
2023-07-21 10:01:04.691 [info] [Info  - 10:01:04 AM] (3680049) [BG(1)] Long operation: getSemanticTokens delta previousResultId:1689926426760 at /home/linus/Documents/Zoezi/gymsystem/backend/services/api/src/db.py (8821ms)
2023-07-21 10:01:11.883 [info] [Info  - 10:01:11 AM] (3680049) [BG(1)] Long operation: checking: /home/linus/Documents/Zoezi/gymsystem/backend/services/api/src/db.py (5599ms)
2023-07-21 10:01:11.884 [info] [Info  - 10:01:11 AM] (3680049) [BG(1)] Long operation: analyzing: /home/linus/Documents/Zoezi/gymsystem/backend/services/api/src/db.py (5599ms)
2023-07-21 10:02:16.291 [info] [Info  - 10:02:16 AM] (3680049) [BG(1)] Long operation: getSemanticTokens delta previousResultId:1689926471884 at /home/linus/Documents/Zoezi/gymsystem/backend/services/api/src/db.py (7058ms)
2023-07-21 10:03:00.688 [info] [Info  - 10:03:00 AM] (3680049) [BG(1)] Long operation: getSemanticTokens delta previousResultId:1689926529233 at /home/linus/Documents/Zoezi/gymsystem/backend/services/api/src/db.py (12029ms)
2023-07-21 10:03:07.816 [info] [Info  - 10:03:07 AM] (3680049) [BG(1)] Long operation: checking: /home/linus/Documents/Zoezi/gymsystem/backend/services/api/src/db.py (5673ms)
2023-07-21 10:03:07.817 [info] [Info  - 10:03:07 AM] (3680049) [BG(1)] Long operation: analyzing: /home/linus/Documents/Zoezi/gymsystem/backend/services/api/src/db.py (5673ms)
2023-07-21 10:03:57.894 [info] [Info  - 10:03:57 AM] (3680049) [BG(1)] Long operation: getSemanticTokens delta previousResultId:1689926587817 at /home/linus/Documents/Zoezi/gymsystem/backend/services/api/src/db.py (8167ms)
2023-07-21 10:04:04.253 [info] [Info  - 10:04:04 AM] (3680049) [BG(1)] Long operation: checking: /home/linus/Documents/Zoezi/gymsystem/backend/services/api/src/db.py (5012ms)
2023-07-21 10:04:04.253 [info] [Info  - 10:04:04 AM] (3680049) [BG(1)] Long operation: analyzing: /home/linus/Documents/Zoezi/gymsystem/backend/services/api/src/db.py (5012ms)
2023-07-21 10:05:28.734 [info] [Info  - 10:05:28 AM] (3680049) [BG(1)] Long operation: getSemanticTokens delta previousResultId:1689926644254 at /home/linus/Documents/Zoezi/gymsystem/backend/services/api/src/db.py (10776ms)
2023-07-21 10:05:39.416 [info] [Info  - 10:05:39 AM] (3680049) [BG(1)] Long operation: getSemanticTokens delta previousResultId:1689926717957 at /home/linus/Documents/Zoezi/gymsystem/backend/services/api/src/db.py (8037ms)
2023-07-21 10:08:05.510 [info] [Info  - 10:08:05 AM] (3680049) [BG(1)] Long operation: getSemanticTokens delta previousResultId:1689926743747 at /home/linus/Documents/Zoezi/gymsystem/backend/services/api/src/db.py (9935ms)
2023-07-21 10:08:13.358 [info] [Info  - 10:08:13 AM] (3680049) [BG(1)] Long operation: checking: /home/linus/Documents/Zoezi/gymsystem/backend/services/api/src/db.py (5895ms)
2023-07-21 10:08:13.358 [info] [Info  - 10:08:13 AM] (3680049) [BG(1)] Long operation: analyzing: /home/linus/Documents/Zoezi/gymsystem/backend/services/api/src/db.py (5895ms)
2023-07-21 10:09:44.443 [info] [Info  - 10:09:44 AM] (3680049) [BG(1)] Long operation: getSemanticTokens delta previousResultId:1689926893359 at /home/linus/Documents/Zoezi/gymsystem/backend/services/api/src/db.py (12257ms)
2023-07-21 10:09:57.783 [info] [Info  - 10:09:57 AM] (3680049) [BG(1)] Long operation: getSemanticTokens delta previousResultId:1689926972185 at /home/linus/Documents/Zoezi/gymsystem/backend/services/api/src/db.py (9562ms)
2023-07-21 10:10:05.627 [info] [Info  - 10:10:05 AM] (3680049) [BG(1)] Long operation: getSemanticTokens delta previousResultId:1689926988220 at /home/linus/Documents/Zoezi/gymsystem/backend/services/api/src/db.py (5732ms)
2023-07-21 10:11:00.265 [info] [Info  - 10:11:00 AM] (3680049) [BG(1)] Long operation: getSemanticTokens delta previousResultId:1689926999893 at /home/linus/Documents/Zoezi/gymsystem/backend/services/api/src/db.py (8880ms)
2023-07-21 10:11:12.941 [info] [Info  - 10:11:12 AM] (3680049) [BG(1)] Long operation: getSemanticTokens delta previousResultId:1689927051385 at /home/linus/Documents/Zoezi/gymsystem/backend/services/api/src/db.py (9844ms)
2023-07-21 10:11:22.435 [info] [Info  - 10:11:22 AM] (3680049) [BG(1)] Long operation: getSemanticTokens delta previousResultId:1689927063096 at /home/linus/Documents/Zoezi/gymsystem/backend/services/api/src/db.py (6036ms)
2023-07-21 10:16:33.666 [info] [Info  - 10:16:33 AM] (3680049) [BG(1)] Long operation: getSemanticTokens delta previousResultId:1689927076398 at /home/linus/Documents/Zoezi/gymsystem/backend/services/api/src/db.py (10129ms)
2023-07-21 10:16:42.270 [info] [Info  - 10:16:42 AM] (3680049) [BG(1)] Long operation: getSemanticTokens delta previousResultId:1689927383537 at /home/linus/Documents/Zoezi/gymsystem/backend/services/api/src/db.py (6135ms)
2023-07-21 10:17:11.608 [info] [Info  - 10:17:11 AM] (3680049) [BG(1)] Long operation: getSemanticTokens delta previousResultId:1689927396135 at /home/linus/Documents/Zoezi/gymsystem/backend/services/api/src/db.py (12070ms)
2023-07-21 10:17:25.715 [info] [Info  - 10:17:25 AM] (3680049) [BG(1)] Long operation: getSemanticTokens delta previousResultId:1689927419537 at /home/linus/Documents/Zoezi/gymsystem/backend/services/api/src/db.py (6828ms)
2023-07-21 10:17:34.481 [info] [Info  - 10:17:34 AM] (3680049) [BG(1)] Long operation: getSemanticTokens delta previousResultId:1689927438719 at /home/linus/Documents/Zoezi/gymsystem/backend/services/api/src/db.py (3887ms)
2023-07-21 10:17:39.673 [info] [Info  - 10:17:39 AM] (3680049) [BG(1)] Long operation: getSemanticTokens delta previousResultId:1689927450459 at /home/linus/Documents/Zoezi/gymsystem/backend/services/api/src/db.py (3437ms)
2023-07-21 10:17:42.891 [info] [Info  - 10:17:42 AM] (3680049) [BG(1)] Long operation: checking: /home/linus/Documents/Zoezi/gymsystem/backend/services/api/src/db.py (2450ms)
2023-07-21 10:17:42.891 [info] [Info  - 10:17:42 AM] (3680049) [BG(1)] Long operation: analyzing: /home/linus/Documents/Zoezi/gymsystem/backend/services/api/src/db.py (2450ms)
2023-07-21 10:17:48.847 [info] [Info  - 10:17:48 AM] (3680049) [BG(1)] Long operation: getSemanticTokens delta previousResultId:1689927462895 at /home/linus/Documents/Zoezi/gymsystem/backend/services/api/src/db.py (3847ms)
2023-07-21 10:17:52.884 [info] [Info  - 10:17:52 AM] (3680049) [BG(1)] Long operation: checking: /home/linus/Documents/Zoezi/gymsystem/backend/services/api/src/api.py (3001ms)
2023-07-21 10:17:52.885 [info] [Info  - 10:17:52 AM] (3680049) [BG(1)] Long operation: analyzing: /home/linus/Documents/Zoezi/gymsystem/backend/services/api/src/api.py (3001ms)
2023-07-21 10:18:02.653 [info] [Info  - 10:18:02 AM] (3680049) [BG(1)] Long operation: getSemanticTokens delta previousResultId:1689927465158 at /home/linus/Documents/Zoezi/gymsystem/backend/services/api/src/db.py (9773ms)
2023-07-21 10:18:14.970 [info] [Info  - 10:18:14 AM] (3680049) [BG(1)] Long operation: getSemanticTokens delta previousResultId:1689927472879 at /home/linus/Documents/Zoezi/gymsystem/backend/services/api/src/db.py (4001ms)
2023-07-21 10:18:18.650 [info] [Info  - 10:18:18 AM] (3680049) [BG(1)] Long operation: checking: /home/linus/Documents/Zoezi/gymsystem/backend/services/api/src/api.py (2041ms)
2023-07-21 10:18:18.673 [info] [Info  - 10:18:18 AM] (3680049) [BG(1)] Long operation: analyzing: /home/linus/Documents/Zoezi/gymsystem/backend/services/api/src/api.py (2042ms)
2023-07-21 10:18:24.945 [info] [Info  - 10:18:24 AM] (3680049) [BG(1)] Long operation: getSemanticTokens delta previousResultId:1689927490620 at /home/linus/Documents/Zoezi/gymsystem/backend/services/api/src/db.py (6491ms)
2023-07-21 10:19:26.693 [info] [Info  - 10:19:26 AM] (3680049) [BG(1)] Long operation: getSemanticTokens delta previousResultId:1689927498453 at /home/linus/Documents/Zoezi/gymsystem/backend/services/api/src/db.py (9530ms)
2023-07-21 10:19:39.017 [info] [Info  - 10:19:39 AM] (3680049) [BG(1)] Long operation: getSemanticTokens delta previousResultId:1689927556481 at /home/linus/Documents/Zoezi/gymsystem/backend/services/api/src/db.py (8057ms)
2023-07-21 10:20:00.342 [info] [Info  - 10:20:00 AM] (3680049) [BG(1)] Long operation: getSemanticTokens delta previousResultId:1689927571202 at /home/linus/Documents/Zoezi/gymsystem/backend/services/api/src/db.py (10461ms)
2023-07-21 10:20:13.973 [info] [Info  - 10:20:13 AM] (3680049) [BG(1)] Long operation: getSemanticTokens delta previousResultId:1689927589616 at /home/linus/Documents/Zoezi/gymsystem/backend/services/api/src/db.py (11339ms)
2023-07-21 10:20:23.565 [info] [Info  - 10:20:23 AM] (3680049) [BG(1)] Long operation: getSemanticTokens delta previousResultId:1689927602633 at /home/linus/Documents/Zoezi/gymsystem/backend/services/api/src/db.py (6346ms)
2023-07-21 10:22:13.490 [info] [Info  - 10:22:13 AM] (3680049) [BG(1)] Long operation: getSemanticTokens delta previousResultId:1689927617218 at /home/linus/Documents/Zoezi/gymsystem/backend/services/api/src/db.py (10792ms)
2023-07-21 10:40:50.157 [info] [Info  - 10:40:50 AM] (3680049) [BG(1)] Long operation: getSemanticTokens delta previousResultId:1689927722697 at /home/linus/Documents/Zoezi/gymsystem/backend/services/api/src/db.py (12016ms)
2023-07-21 10:40:59.275 [info] [Info  - 10:40:59 AM] (3680049) [BG(1)] Long operation: checking: /home/linus/Documents/Zoezi/gymsystem/backend/services/api/src/db.py (7234ms)
2023-07-21 10:40:59.275 [info] [Info  - 10:40:59 AM] (3680049) [BG(1)] Long operation: analyzing: /home/linus/Documents/Zoezi/gymsystem/backend/services/api/src/db.py (7234ms)
2023-07-21 10:41:01.551 [info] [Info  - 10:41:01 AM] (3680049) [BG(1)] Long operation: getSemanticTokens delta previousResultId:1689928838141 at /home/linus/Documents/Zoezi/gymsystem/backend/services/api/src/db.py (2274ms)
2023-07-21 10:42:07.966 [info] [Info  - 10:42:07 AM] (3680049) [BG(1)] Long operation: getSemanticTokens delta previousResultId:1689928859276 at /home/linus/Documents/Zoezi/gymsystem/backend/services/api/src/db.py (7419ms)
2023-07-21 10:42:22.510 [info] [Info  - 10:42:22 AM] (3680049) [BG(1)] Long operation: getSemanticTokens delta previousResultId:1689928920402 at /home/linus/Documents/Zoezi/gymsystem/backend/services/api/src/db.py (9075ms)
2023-07-21 10:42:44.416 [info] [Info  - 10:42:44 AM] (3680049) [BG(1)] Long operation: getSemanticTokens delta previousResultId:1689928933431 at /home/linus/Documents/Zoezi/gymsystem/backend/services/api/src/db.py (7902ms)
2023-07-21 10:43:12.591 [info] [Info  - 10:43:12 AM] (3680049) [BG(1)] Long operation: getSemanticTokens delta previousResultId:1689928956513 at /home/linus/Documents/Zoezi/gymsystem/backend/services/api/src/db.py (12415ms)
2023-07-21 10:43:20.641 [info] [Info  - 10:43:20 AM] (3680049) [BG(1)] Long operation: checking: /home/linus/Documents/Zoezi/gymsystem/backend/services/api/src/db.py (6356ms)
2023-07-21 10:43:20.641 [info] [Info  - 10:43:20 AM] (3680049) [BG(1)] Long operation: analyzing: /home/linus/Documents/Zoezi/gymsystem/backend/services/api/src/db.py (6356ms)
2023-07-21 10:52:00.153 [info] [Info  - 10:52:00 AM] (3680049) [BG(1)] Long operation: getSemanticTokens delta previousResultId:1689929000641 at /home/linus/Documents/Zoezi/gymsystem/backend/services/api/src/db.py (13462ms)
2023-07-21 10:52:28.333 [info] [Info  - 10:52:28 AM] (3680049) [BG(1)] Long operation: getSemanticTokens delta previousResultId:1689929505667 at /home/linus/Documents/Zoezi/gymsystem/backend/services/api/src/db.py (10354ms)
2023-07-21 10:54:00.493 [info] [Info  - 10:54:00 AM] (3680049) [BG(1)] Long operation: getSemanticTokens delta previousResultId:1689929537979 at /home/linus/Documents/Zoezi/gymsystem/backend/services/api/src/db.py (11058ms)
2023-07-21 10:54:02.795 [info] [Info  - 10:54:02 AM] (3680049) [BG(1)] Long operation: checking: /home/linus/Documents/Zoezi/gymsystem/backend/services/api/src/api.py (2293ms)
2023-07-21 10:54:02.795 [info] [Info  - 10:54:02 AM] (3680049) [BG(1)] Long operation: analyzing: /home/linus/Documents/Zoezi/gymsystem/backend/services/api/src/api.py (2293ms)
2023-07-21 10:54:11.602 [info] [Info  - 10:54:11 AM] (3680049) [BG(1)] Long operation: getSemanticTokens delta previousResultId:1689929629746 at /home/linus/Documents/Zoezi/gymsystem/backend/services/api/src/db.py (8805ms)
2023-07-21 10:55:02.677 [info] [Info  - 10:55:02 AM] (3680049) [BG(1)] Long operation: getSemanticTokens delta previousResultId:1689929642796 at /home/linus/Documents/Zoezi/gymsystem/backend/services/api/src/db.py (7042ms)
2023-07-21 10:55:17.140 [info] [Info  - 10:55:17 AM] (3680049) [BG(1)] Long operation: getSemanticTokens delta previousResultId:1689929695634 at /home/linus/Documents/Zoezi/gymsystem/backend/services/api/src/db.py (11877ms)
2023-07-21 10:55:47.775 [info] [Info  - 10:55:47 AM] (3680049) [BG(1)] Long operation: getSemanticTokens delta previousResultId:1689929705129 at /home/linus/Documents/Zoezi/gymsystem/backend/services/api/src/db.py (16629ms)
2023-07-21 10:56:13.202 [info] [Info  - 10:56:13 AM] (3680049) [BG(1)] Long operation: getSemanticTokens delta previousResultId:1689929731145 at /home/linus/Documents/Zoezi/gymsystem/backend/services/api/src/db.py (7722ms)
2023-07-21 10:58:02.394 [info] [Info  - 10:58:02 AM] (3680049) [BG(1)] Long operation: getSemanticTokens delta previousResultId:1689929817996 at /home/linus/Documents/Zoezi/gymsystem/backend/services/api/src/db.py (14175ms)
2023-07-21 10:59:59.961 [info] [Info  - 10:59:59 AM] (3680049) [BG(1)] Long operation: checking: /home/linus/Documents/Zoezi/gymsystem/backend/services/api/src/api.py (4024ms)
2023-07-21 10:59:59.961 [info] [Info  - 10:59:59 AM] (3680049) [BG(1)] Long operation: analyzing: /home/linus/Documents/Zoezi/gymsystem/backend/services/api/src/api.py (4024ms)
2023-07-21 11:00:09.627 [info] [Info  - 11:00:09 AM] (3680049) [BG(1)] Long operation: getSemanticTokens delta previousResultId:1689929868218 at /home/linus/Documents/Zoezi/gymsystem/backend/services/api/src/db.py (9572ms)
2023-07-21 11:02:01.983 [info] [Info  - 11:02:01 AM] (3680049) [BG(1)] Long operation: getSemanticTokens delta previousResultId:1689930000055 at /home/linus/Documents/Zoezi/gymsystem/backend/services/api/src/db.py (13399ms)
2023-07-21 11:02:22.335 [info] [Info  - 11:02:22 AM] (3680049) [BG(1)] Long operation: checking: /home/linus/Documents/Zoezi/gymsystem/backend/services/api/src/api.py (2479ms)
2023-07-21 11:02:22.335 [info] [Info  - 11:02:22 AM] (3680049) [BG(1)] Long operation: analyzing: /home/linus/Documents/Zoezi/gymsystem/backend/services/api/src/api.py (2479ms)
2023-07-21 11:02:31.217 [info] [Info  - 11:02:31 AM] (3680049) [BG(1)] Long operation: getSemanticTokens delta previousResultId:1689930107719 at /home/linus/Documents/Zoezi/gymsystem/backend/services/api/src/db.py (8882ms)
2023-07-21 11:04:29.212 [info] [Info  - 11:04:29 AM] (3680049) [BG(1)] Long operation: getSemanticTokens delta previousResultId:1689930142335 at /home/linus/Documents/Zoezi/gymsystem/backend/services/api/src/db.py (12229ms)
2023-07-21 11:04:41.750 [info] [Info  - 11:04:41 AM] (3680049) [BG(1)] Long operation: getSemanticTokens delta previousResultId:1689930257724 at /home/linus/Documents/Zoezi/gymsystem/backend/services/api/src/db.py (10003ms)
2023-07-21 11:04:54.522 [info] [Info  - 11:04:54 AM] (3680049) [BG(1)] Long operation: getSemanticTokens delta previousResultId:1689930271746 at /home/linus/Documents/Zoezi/gymsystem/backend/services/api/src/db.py (6756ms)
2023-07-21 11:04:57.361 [info] [Info  - 11:04:57 AM] (3680049) [BG(1)] Long operation: checking: /home/linus/Documents/Zoezi/gymsystem/backend/services/api/src/api.py (2216ms)
2023-07-21 11:04:57.361 [info] [Info  - 11:04:57 AM] (3680049) [BG(1)] Long operation: analyzing: /home/linus/Documents/Zoezi/gymsystem/backend/services/api/src/api.py (2216ms)
2023-07-21 11:05:05.001 [info] [Info  - 11:05:05 AM] (3680049) [BG(1)] Long operation: getSemanticTokens delta previousResultId:1689930287765 at /home/linus/Documents/Zoezi/gymsystem/backend/services/api/src/db.py (7638ms)
2023-07-21 11:12:21.040 [info] [Info  - 11:12:21 AM] (3680049) [BG(1)] Long operation: getSemanticTokens delta previousResultId:1689930297362 at /home/linus/Documents/Zoezi/gymsystem/backend/services/api/src/db.py (8047ms)
2023-07-21 11:12:34.116 [info] [Info  - 11:12:34 AM] (3680049) [BG(1)] Long operation: getSemanticTokens delta previousResultId:1689930731465 at /home/linus/Documents/Zoezi/gymsystem/backend/services/api/src/db.py (8792ms)
2023-07-21 11:26:04.100 [info] [Info  - 11:26:04 AM] (3680049) [BG(1)] Long operation: checking: /home/linus/Documents/Zoezi/gymsystem/backend/services/api/src/api.py (2841ms)
2023-07-21 11:26:04.101 [info] [Info  - 11:26:04 AM] (3680049) [BG(1)] Long operation: analyzing: /home/linus/Documents/Zoezi/gymsystem/backend/services/api/src/api.py (2841ms)
2023-07-21 11:26:10.329 [info] [Info  - 11:26:10 AM] (3680049) [BG(1)] Long operation: getSemanticTokens delta previousResultId:1689930883310 at /home/linus/Documents/Zoezi/gymsystem/backend/services/api/src/db.py (7143ms)
