2023-07-06 17:30:56.469 [info] Log level: Info
2023-07-06 17:30:56.469 [info] Validating found git in: "git"
2023-07-06 17:30:56.469 [info] Using git "2.40.1" from "git"
2023-07-06 17:30:56.469 [info] > git rev-parse --show-toplevel [5ms]
2023-07-06 17:30:56.476 [info] > git rev-parse --git-dir --git-common-dir [2ms]
2023-07-06 17:30:56.483 [info] Open repository: /home/linus/Documents/Zoezi/gymsystem
2023-07-06 17:30:56.490 [info] > git rev-parse --show-toplevel [2ms]
2023-07-06 17:30:56.545 [info] > git rev-parse --show-toplevel [50ms]
2023-07-06 17:30:56.573 [info] > git rev-parse --show-toplevel [23ms]
2023-07-06 17:30:56.588 [info] > git rev-parse --show-toplevel [9ms]
2023-07-06 17:30:56.596 [info] > git rev-parse --show-toplevel [3ms]
2023-07-06 17:30:56.602 [info] > git for-each-ref --format=%(refname)%00%(upstream:short)%00%(objectname)%00%(upstream:track)%00%(upstream:remotename)%00%(upstream:remoteref) refs/heads/2LINUSTEST refs/remotes/2LINUSTEST [14ms]
2023-07-06 17:30:56.614 [info] > git rev-parse --show-toplevel [13ms]
2023-07-06 17:30:56.620 [info] > git rev-parse --show-toplevel [1ms]
2023-07-06 17:30:56.629 [info] > git rev-parse --show-toplevel [3ms]
2023-07-06 17:30:56.636 [info] > git rev-parse --show-toplevel [2ms]
2023-07-06 17:30:56.647 [info] > git rev-parse --show-toplevel [6ms]
2023-07-06 17:30:56.654 [info] > git rev-parse --show-toplevel [1ms]
2023-07-06 17:30:56.663 [info] > git status -z -uall [55ms]
2023-07-06 17:30:56.664 [info] > git rev-parse --show-toplevel [6ms]
2023-07-06 17:30:56.672 [info] > git rev-parse --show-toplevel [4ms]
2023-07-06 17:30:56.677 [info] > git rev-parse --show-toplevel [1ms]
2023-07-06 17:30:56.681 [info] > git rev-parse --show-toplevel [1ms]
2023-07-06 17:30:56.701 [info] > git ls-tree -l HEAD -- /home/linus/Documents/Zoezi/gymsystem/backend/services/api/src/translations/sv.json [5ms]
2023-07-06 17:30:56.703 [info] > git show --textconv HEAD:backend/services/api/src/translations/sv.json [16ms]
2023-07-06 17:30:56.703 [info] > git show --textconv :backend/services/api/src/translations/sv.json [12ms]
2023-07-06 17:30:56.703 [info] > git ls-files --stage -- /home/linus/Documents/Zoezi/gymsystem/backend/services/api/src/translations/sv.json [3ms]
2023-07-06 17:30:56.710 [info] > git cat-file -s fb3df43e3d3971217137af97c1cc9adfe1c3079a [3ms]
2023-07-06 17:30:56.743 [info] > git ls-tree -l HEAD -- /home/linus/Documents/Zoezi/gymsystem/backend/services/api/src/translations/sv.json [1ms]
2023-07-06 17:30:56.825 [info] > git ls-files --stage -- /home/linus/Documents/Zoezi/gymsystem/backend/services/api/src/translations/sv.json [57ms]
2023-07-06 17:30:56.837 [info] > git cat-file -s fb3df43e3d3971217137af97c1cc9adfe1c3079a [6ms]
2023-07-06 17:30:57.080 [info] > git check-ignore -v -z --stdin [19ms]
2023-07-06 17:31:00.820 [info] > git show -s --format=%H%n%aN%n%aE%n%at%n%ct%n%P%n%D%n%B -z HEAD [10ms]
2023-07-06 17:31:00.824 [info] > git show -s --format=%H%n%aN%n%aE%n%at%n%ct%n%P%n%D%n%B -z MERGE_HEAD [6ms]
2023-07-06 17:31:00.965 [info] > git show --textconv :1:frontend/src/client/scripts/app.js [45ms]
2023-07-06 17:31:00.966 [info] > git ls-tree -l ceef38d379f35d331474d1b075eb4f8897e1254f -- /home/linus/Documents/Zoezi/gymsystem/frontend/src/client/scripts/app.js [10ms]
2023-07-06 17:31:00.967 [info] > git ls-tree -l :1 -- /home/linus/Documents/Zoezi/gymsystem/frontend/src/client/scripts/app.js [18ms]
2023-07-06 17:31:00.967 [info] fatal: Not a valid object name :1
2023-07-06 17:31:00.972 [info] > git ls-tree -l 3d420625807f281ba4125f30631569c774e236dd -- /home/linus/Documents/Zoezi/gymsystem/frontend/src/client/scripts/app.js [8ms]
2023-07-06 17:31:00.974 [info] > git show --textconv ceef38d379f35d331474d1b075eb4f8897e1254f:frontend/src/client/scripts/app.js [46ms]
2023-07-06 17:31:00.977 [info] > git show --textconv 3d420625807f281ba4125f30631569c774e236dd:frontend/src/client/scripts/app.js [39ms]
2023-07-06 17:31:23.520 [info] > git ls-tree -l ceef38d379f35d331474d1b075eb4f8897e1254f -- /home/linus/Documents/Zoezi/gymsystem/frontend/src/client/scripts/app.js [11ms]
2023-07-06 17:31:23.521 [info] > git ls-tree -l 3d420625807f281ba4125f30631569c774e236dd -- /home/linus/Documents/Zoezi/gymsystem/frontend/src/client/scripts/app.js [2ms]
2023-07-06 17:31:24.411 [info] > git ls-tree -l ceef38d379f35d331474d1b075eb4f8897e1254f -- /home/linus/Documents/Zoezi/gymsystem/frontend/src/client/scripts/app.js [11ms]
2023-07-06 17:31:24.412 [info] > git ls-tree -l 3d420625807f281ba4125f30631569c774e236dd -- /home/linus/Documents/Zoezi/gymsystem/frontend/src/client/scripts/app.js [1ms]
2023-07-06 17:31:33.059 [info] > git add -A -- /home/linus/Documents/Zoezi/gymsystem/frontend/src/client/scripts/app.js [31ms]
2023-07-06 17:31:33.088 [info] > git for-each-ref --format=%(refname)%00%(upstream:short)%00%(objectname)%00%(upstream:track)%00%(upstream:remotename)%00%(upstream:remoteref) refs/heads/2LINUSTEST refs/remotes/2LINUSTEST [13ms]
2023-07-06 17:31:33.152 [info] > git status -z -uall [56ms]
2023-07-06 17:31:33.545 [info] > git ls-files --stage -- /home/linus/Documents/Zoezi/gymsystem/frontend/src/client/scripts/app.js [3ms]
2023-07-06 17:31:33.554 [info] > git show --textconv :frontend/src/client/scripts/app.js [21ms]
2023-07-06 17:31:33.557 [info] > git cat-file -s e1d18ff1047913cfc97831c881cd2f3dc407a45d [4ms]
2023-07-06 17:31:33.808 [info] > git check-ignore -v -z --stdin [3ms]
2023-07-06 17:31:34.406 [info] > git ls-files --stage -- /home/linus/Documents/Zoezi/gymsystem/frontend/src/client/scripts/app.js [2ms]
2023-07-06 17:31:34.414 [info] > git cat-file -s e1d18ff1047913cfc97831c881cd2f3dc407a45d [1ms]
2023-07-06 17:31:34.430 [info] > git show --textconv :frontend/src/client/scripts/app.js [7ms]
2023-07-06 17:31:36.067 [info] > git for-each-ref --format=%(refname)%00%(upstream:short)%00%(objectname)%00%(upstream:track)%00%(upstream:remotename)%00%(upstream:remoteref) refs/heads/2LINUSTEST refs/remotes/2LINUSTEST [2ms]
2023-07-06 17:31:36.174 [info] > git status -z -uall [96ms]
2023-07-06 17:31:37.187 [info] > git -c user.useConfigOnly=true commit --quiet --allow-empty-message --file - [16ms]
2023-07-06 17:31:37.197 [info] > git config --get commit.template [1ms]
2023-07-06 17:31:37.209 [info] > git config --get commit.template [2ms]
2023-07-06 17:31:37.216 [info] > git for-each-ref --format=%(refname)%00%(upstream:short)%00%(objectname)%00%(upstream:track)%00%(upstream:remotename)%00%(upstream:remoteref) refs/heads/2LINUSTEST refs/remotes/2LINUSTEST [1ms]
2023-07-06 17:31:37.258 [info] > git status -z -uall [36ms]
2023-07-06 17:31:37.322 [info] > git config --get commit.template [1ms]
2023-07-06 17:31:37.329 [info] > git for-each-ref --format=%(refname)%00%(upstream:short)%00%(objectname)%00%(upstream:track)%00%(upstream:remotename)%00%(upstream:remoteref) refs/heads/2LINUSTEST refs/remotes/2LINUSTEST [1ms]
2023-07-06 17:31:37.375 [info] > git status -z -uall [40ms]
2023-07-06 17:35:36.548 [info] > git config --get commit.template [8ms]
2023-07-06 17:35:36.548 [info] > git for-each-ref --format=%(refname)%00%(upstream:short)%00%(objectname)%00%(upstream:track)%00%(upstream:remotename)%00%(upstream:remoteref) refs/heads/2LINUSTEST refs/remotes/2LINUSTEST [1ms]
2023-07-06 17:35:36.573 [info] > git ls-files --stage -- /home/linus/Documents/Zoezi/gymsystem/frontend/src/client/scripts/app.js [3ms]
2023-07-06 17:35:36.582 [info] > git cat-file -s e1d18ff1047913cfc97831c881cd2f3dc407a45d [1ms]
2023-07-06 17:35:36.604 [info] > git status -z -uall [49ms]
2023-07-06 17:35:36.612 [info] > git show --textconv :frontend/src/client/scripts/app.js [9ms]
2023-07-06 17:35:37.261 [info] > git check-ignore -v -z --stdin [3ms]
2023-07-06 17:37:01.030 [info] > git config --get commit.template [7ms]
2023-07-06 17:37:01.030 [info] > git for-each-ref --format=%(refname)%00%(upstream:short)%00%(objectname)%00%(upstream:track)%00%(upstream:remotename)%00%(upstream:remoteref) refs/heads/2LINUSTEST refs/remotes/2LINUSTEST [1ms]
2023-07-06 17:37:01.141 [info] > git status -z -uall [106ms]
