2023-07-27 09:38:55.414 [info] Log level: Info
2023-07-27 09:38:55.414 [info] Validating found git in: "git"
2023-07-27 09:38:55.414 [info] Using git "2.40.1" from "git"
2023-07-27 09:38:55.414 [info] > git rev-parse --show-toplevel [2ms]
2023-07-27 09:38:55.414 [info] > git rev-parse --git-dir --git-common-dir [1ms]
2023-07-27 09:38:55.414 [info] Open repository: /home/linus/Documents/Zoezi/gymsystem
2023-07-27 09:38:55.414 [info] > git rev-parse --show-toplevel [5ms]
2023-07-27 09:38:55.414 [info] > git config --get commit.template [4ms]
2023-07-27 09:38:55.414 [info] > git rev-parse --show-toplevel [2ms]
2023-07-27 09:38:55.414 [info] > git rev-parse --show-toplevel [7ms]
2023-07-27 09:38:55.414 [info] > git rev-parse --show-toplevel [2ms]
2023-07-27 09:38:55.414 [info] > git rev-parse --show-toplevel [1ms]
2023-07-27 09:38:55.414 [info] > git for-each-ref --format=%(refname)%00%(upstream:short)%00%(objectname)%00%(upstream:track)%00%(upstream:remotename)%00%(upstream:remoteref) refs/heads/BUG-357 refs/remotes/BUG-357 [18ms]
2023-07-27 09:38:55.414 [info] > git rev-parse --show-toplevel [7ms]
2023-07-27 09:38:55.414 [info] > git rev-parse --show-toplevel [5ms]
2023-07-27 09:38:55.414 [info] > git rev-parse --show-toplevel [3ms]
2023-07-27 09:38:55.414 [info] > git rev-parse --show-toplevel [1ms]
2023-07-27 09:38:55.414 [info] > git rev-parse --show-toplevel [3ms]
2023-07-27 09:38:55.414 [info] > git rev-parse --show-toplevel [2ms]
2023-07-27 09:38:55.414 [info] > git rev-parse --show-toplevel [1ms]
2023-07-27 09:38:55.414 [info] > git rev-parse --show-toplevel [60ms]
2023-07-27 09:38:55.414 [info] > git status -z -uall [128ms]
2023-07-27 09:38:55.414 [info] > git rev-parse --show-toplevel [15ms]
2023-07-27 09:38:55.414 [info] > git rev-parse --show-toplevel [5ms]
2023-07-27 09:38:55.841 [info] > git check-ignore -v -z --stdin [12ms]
2023-07-27 09:38:59.025 [info] > git check-ignore -v -z --stdin [2ms]
2023-07-27 09:38:59.429 [info] > git config --get commit.template [3ms]
2023-07-27 09:38:59.430 [info] > git for-each-ref --format=%(refname)%00%(upstream:short)%00%(objectname)%00%(upstream:track)%00%(upstream:remotename)%00%(upstream:remoteref) refs/heads/BUG-357 refs/remotes/BUG-357 [2ms]
2023-07-27 09:38:59.473 [info] > git status -z -uall [39ms]
2023-07-27 09:39:04.227 [info] > git check-ignore -v -z --stdin [2ms]
2023-07-27 09:39:06.321 [info] > git config --get commit.template [5ms]
2023-07-27 09:39:06.322 [info] > git for-each-ref --format=%(refname)%00%(upstream:short)%00%(objectname)%00%(upstream:track)%00%(upstream:remotename)%00%(upstream:remoteref) refs/heads/BUG-357 refs/remotes/BUG-357 [1ms]
2023-07-27 09:39:06.364 [info] > git status -z -uall [38ms]
2023-07-27 09:39:11.376 [info] > git config --get commit.template [4ms]
2023-07-27 09:39:11.376 [info] > git for-each-ref --format=%(refname)%00%(upstream:short)%00%(objectname)%00%(upstream:track)%00%(upstream:remotename)%00%(upstream:remoteref) refs/heads/BUG-357 refs/remotes/BUG-357 [1ms]
2023-07-27 09:39:11.421 [info] > git status -z -uall [42ms]
2023-07-27 09:39:16.432 [info] > git config --get commit.template [3ms]
2023-07-27 09:39:16.432 [info] > git for-each-ref --format=%(refname)%00%(upstream:short)%00%(objectname)%00%(upstream:track)%00%(upstream:remotename)%00%(upstream:remoteref) refs/heads/BUG-357 refs/remotes/BUG-357 [1ms]
2023-07-27 09:39:16.467 [info] > git status -z -uall [32ms]
2023-07-27 09:39:21.495 [info] > git config --get commit.template [21ms]
2023-07-27 09:39:21.495 [info] > git for-each-ref --format=%(refname)%00%(upstream:short)%00%(objectname)%00%(upstream:track)%00%(upstream:remotename)%00%(upstream:remoteref) refs/heads/BUG-357 refs/remotes/BUG-357 [1ms]
2023-07-27 09:39:21.537 [info] > git status -z -uall [38ms]
2023-07-27 09:39:23.633 [info] > git show --textconv :frontend/staffnext/src/components/StaffList.vue [10ms]
2023-07-27 09:39:23.635 [info] > git ls-files --stage -- /home/linus/Documents/Zoezi/gymsystem/frontend/staffnext/src/components/StaffList.vue [5ms]
2023-07-27 09:39:23.641 [info] > git cat-file -s a8cc88522ffbac6c898e97637b4026113629e051 [1ms]
2023-07-27 09:39:24.849 [info] > git show --textconv :frontend/staffnext/src/router.js [7ms]
2023-07-27 09:39:24.852 [info] > git ls-files --stage -- /home/linus/Documents/Zoezi/gymsystem/frontend/staffnext/src/router.js [4ms]
2023-07-27 09:39:24.863 [info] > git cat-file -s b926626cdaf429cb3e225105b0f7aad32ff9f7d1 [5ms]
2023-07-27 09:39:24.950 [info] > git show --textconv :homepage/src/views/MyEntryStats.vue [9ms]
2023-07-27 09:39:24.953 [info] > git ls-files --stage -- /home/linus/Documents/Zoezi/gymsystem/homepage/src/views/MyEntryStats.vue [3ms]
2023-07-27 09:39:24.963 [info] > git cat-file -s b48a84a4ec2bdee035af58a7fd1debcf70d2fe98 [4ms]
2023-07-27 09:39:25.440 [info] > git check-ignore -v -z --stdin [15ms]
2023-07-27 09:39:26.547 [info] > git config --get commit.template [4ms]
2023-07-27 09:39:26.548 [info] > git for-each-ref --format=%(refname)%00%(upstream:short)%00%(objectname)%00%(upstream:track)%00%(upstream:remotename)%00%(upstream:remoteref) refs/heads/BUG-357 refs/remotes/BUG-357 [1ms]
2023-07-27 09:39:26.591 [info] > git status -z -uall [38ms]
2023-07-27 09:39:27.541 [info] > git show --textconv :frontend/staffnext/src/components/FavouriteButton.vue [7ms]
2023-07-27 09:39:27.542 [info] > git ls-files --stage -- /home/linus/Documents/Zoezi/gymsystem/frontend/staffnext/src/components/FavouriteButton.vue [4ms]
2023-07-27 09:39:27.546 [info] > git cat-file -s 786fc8f9b392294fd2cd21021eeb98e7603ba65a [1ms]
2023-07-27 09:39:27.886 [info] > git check-ignore -v -z --stdin [4ms]
2023-07-27 09:39:28.030 [info] > git show --textconv :frontend/staffnext/src/service/UserService.ts [5ms]
2023-07-27 09:39:28.030 [info] > git ls-files --stage -- /home/linus/Documents/Zoezi/gymsystem/frontend/staffnext/src/service/UserService.ts [2ms]
2023-07-27 09:39:28.037 [info] > git cat-file -s e0b327b6942c7c9a0471693b34cddb56437e306d [1ms]
2023-07-27 09:39:30.789 [info] > git show --textconv :frontend/staffnext/src/service/StoreService.ts [7ms]
2023-07-27 09:39:30.790 [info] > git ls-files --stage -- /home/linus/Documents/Zoezi/gymsystem/frontend/staffnext/src/service/StoreService.ts [2ms]
2023-07-27 09:39:30.797 [info] > git cat-file -s 5d9aa3bd27d7dd5452aede4733063c7fce096653 [1ms]
2023-07-27 09:39:31.941 [info] > git ls-files --stage -- /home/linus/Documents/Zoezi/gymsystem/frontend/src/client/scripts/app.js [5ms]
2023-07-27 09:39:31.947 [info] > git show --textconv :frontend/src/client/scripts/app.js [18ms]
2023-07-27 09:39:31.953 [info] > git cat-file -s a96fee9a95f3647b9783ad9bae9ee75d9ec9a6b1 [7ms]
2023-07-27 09:39:32.228 [info] > git config --get commit.template [9ms]
2023-07-27 09:39:32.229 [info] > git for-each-ref --format=%(refname)%00%(upstream:short)%00%(objectname)%00%(upstream:track)%00%(upstream:remotename)%00%(upstream:remoteref) refs/heads/BUG-357 refs/remotes/BUG-357 [3ms]
2023-07-27 09:39:32.309 [info] > git status -z -uall [72ms]
2023-07-27 09:39:32.389 [info] > git check-ignore -v -z --stdin [12ms]
2023-07-27 09:39:34.622 [info] > git check-ignore -v -z --stdin [5ms]
2023-07-27 09:39:37.868 [info] > git config --get commit.template [6ms]
2023-07-27 09:39:37.868 [info] > git for-each-ref --format=%(refname)%00%(upstream:short)%00%(objectname)%00%(upstream:track)%00%(upstream:remotename)%00%(upstream:remoteref) refs/heads/BUG-357 refs/remotes/BUG-357 [1ms]
2023-07-27 09:39:37.903 [info] > git status -z -uall [32ms]
2023-07-27 09:39:42.576 [info] > git show --textconv :frontend/src/client/scripts/app.js [11ms]
2023-07-27 09:39:42.579 [info] > git ls-files --stage -- /home/linus/Documents/Zoezi/gymsystem/frontend/src/client/scripts/app.js [5ms]
2023-07-27 09:39:42.588 [info] > git cat-file -s a96fee9a95f3647b9783ad9bae9ee75d9ec9a6b1 [2ms]
2023-07-27 09:39:42.917 [info] > git config --get commit.template [5ms]
2023-07-27 09:39:42.917 [info] > git for-each-ref --format=%(refname)%00%(upstream:short)%00%(objectname)%00%(upstream:track)%00%(upstream:remotename)%00%(upstream:remoteref) refs/heads/BUG-357 refs/remotes/BUG-357 [2ms]
2023-07-27 09:39:42.974 [info] > git status -z -uall [49ms]
2023-07-27 09:39:47.991 [info] > git config --get commit.template [8ms]
2023-07-27 09:39:47.992 [info] > git for-each-ref --format=%(refname)%00%(upstream:short)%00%(objectname)%00%(upstream:track)%00%(upstream:remotename)%00%(upstream:remoteref) refs/heads/BUG-357 refs/remotes/BUG-357 [2ms]
2023-07-27 09:39:48.049 [info] > git status -z -uall [50ms]
2023-07-27 09:39:53.059 [info] > git config --get commit.template [2ms]
2023-07-27 09:39:53.064 [info] > git for-each-ref --format=%(refname)%00%(upstream:short)%00%(objectname)%00%(upstream:track)%00%(upstream:remotename)%00%(upstream:remoteref) refs/heads/BUG-357 refs/remotes/BUG-357 [1ms]
2023-07-27 09:39:53.100 [info] > git status -z -uall [32ms]
2023-07-27 09:39:58.911 [info] > git config --get commit.template [9ms]
2023-07-27 09:39:58.912 [info] > git for-each-ref --format=%(refname)%00%(upstream:short)%00%(objectname)%00%(upstream:track)%00%(upstream:remotename)%00%(upstream:remoteref) refs/heads/BUG-357 refs/remotes/BUG-357 [2ms]
2023-07-27 09:39:58.962 [info] > git status -z -uall [41ms]
2023-07-27 09:40:05.716 [info] > git config --get commit.template [7ms]
2023-07-27 09:40:05.717 [info] > git for-each-ref --format=%(refname)%00%(upstream:short)%00%(objectname)%00%(upstream:track)%00%(upstream:remotename)%00%(upstream:remoteref) refs/heads/BUG-357 refs/remotes/BUG-357 [1ms]
2023-07-27 09:40:05.763 [info] > git status -z -uall [37ms]
2023-07-27 09:40:10.780 [info] > git config --get commit.template [7ms]
2023-07-27 09:40:10.781 [info] > git for-each-ref --format=%(refname)%00%(upstream:short)%00%(objectname)%00%(upstream:track)%00%(upstream:remotename)%00%(upstream:remoteref) refs/heads/BUG-357 refs/remotes/BUG-357 [2ms]
2023-07-27 09:40:10.825 [info] > git status -z -uall [39ms]
2023-07-27 09:40:19.947 [info] > git config --get commit.template [8ms]
2023-07-27 09:40:19.948 [info] > git for-each-ref --format=%(refname)%00%(upstream:short)%00%(objectname)%00%(upstream:track)%00%(upstream:remotename)%00%(upstream:remoteref) refs/heads/BUG-357 refs/remotes/BUG-357 [1ms]
2023-07-27 09:40:19.993 [info] > git status -z -uall [38ms]
2023-07-27 09:40:26.799 [info] > git config --get commit.template [6ms]
2023-07-27 09:40:26.800 [info] > git for-each-ref --format=%(refname)%00%(upstream:short)%00%(objectname)%00%(upstream:track)%00%(upstream:remotename)%00%(upstream:remoteref) refs/heads/BUG-357 refs/remotes/BUG-357 [1ms]
2023-07-27 09:40:26.850 [info] > git status -z -uall [41ms]
2023-07-27 09:40:31.862 [info] > git config --get commit.template [1ms]
2023-07-27 09:40:31.870 [info] > git for-each-ref --format=%(refname)%00%(upstream:short)%00%(objectname)%00%(upstream:track)%00%(upstream:remotename)%00%(upstream:remoteref) refs/heads/BUG-357 refs/remotes/BUG-357 [1ms]
2023-07-27 09:40:31.912 [info] > git status -z -uall [36ms]
2023-07-27 09:40:36.920 [info] > git config --get commit.template [1ms]
2023-07-27 09:40:36.927 [info] > git for-each-ref --format=%(refname)%00%(upstream:short)%00%(objectname)%00%(upstream:track)%00%(upstream:remotename)%00%(upstream:remoteref) refs/heads/BUG-357 refs/remotes/BUG-357 [1ms]
2023-07-27 09:40:36.968 [info] > git status -z -uall [36ms]
2023-07-27 09:40:41.983 [info] > git config --get commit.template [6ms]
2023-07-27 09:40:41.984 [info] > git for-each-ref --format=%(refname)%00%(upstream:short)%00%(objectname)%00%(upstream:track)%00%(upstream:remotename)%00%(upstream:remoteref) refs/heads/BUG-357 refs/remotes/BUG-357 [1ms]
2023-07-27 09:40:42.026 [info] > git status -z -uall [38ms]
2023-07-27 09:40:47.038 [info] > git config --get commit.template [5ms]
2023-07-27 09:40:47.038 [info] > git for-each-ref --format=%(refname)%00%(upstream:short)%00%(objectname)%00%(upstream:track)%00%(upstream:remotename)%00%(upstream:remoteref) refs/heads/BUG-357 refs/remotes/BUG-357 [1ms]
2023-07-27 09:40:47.078 [info] > git status -z -uall [36ms]
2023-07-27 09:40:55.337 [info] > git config --get commit.template [5ms]
2023-07-27 09:40:55.338 [info] > git for-each-ref --format=%(refname)%00%(upstream:short)%00%(objectname)%00%(upstream:track)%00%(upstream:remotename)%00%(upstream:remoteref) refs/heads/BUG-357 refs/remotes/BUG-357 [1ms]
2023-07-27 09:40:55.379 [info] > git status -z -uall [36ms]
2023-07-27 09:41:00.789 [info] > git config --get commit.template [6ms]
2023-07-27 09:41:00.790 [info] > git for-each-ref --format=%(refname)%00%(upstream:short)%00%(objectname)%00%(upstream:track)%00%(upstream:remotename)%00%(upstream:remoteref) refs/heads/BUG-357 refs/remotes/BUG-357 [2ms]
2023-07-27 09:41:00.854 [info] > git status -z -uall [59ms]
2023-07-27 09:41:11.928 [info] > git config --get commit.template [6ms]
2023-07-27 09:41:11.929 [info] > git for-each-ref --format=%(refname)%00%(upstream:short)%00%(objectname)%00%(upstream:track)%00%(upstream:remotename)%00%(upstream:remoteref) refs/heads/BUG-357 refs/remotes/BUG-357 [1ms]
2023-07-27 09:41:11.968 [info] > git status -z -uall [36ms]
2023-07-27 09:41:16.977 [info] > git config --get commit.template [1ms]
2023-07-27 09:41:16.982 [info] > git for-each-ref --format=%(refname)%00%(upstream:short)%00%(objectname)%00%(upstream:track)%00%(upstream:remotename)%00%(upstream:remoteref) refs/heads/BUG-357 refs/remotes/BUG-357 [1ms]
2023-07-27 09:41:17.020 [info] > git status -z -uall [34ms]
2023-07-27 09:42:32.456 [info] > git config --get commit.template [8ms]
2023-07-27 09:42:32.457 [info] > git for-each-ref --format=%(refname)%00%(upstream:short)%00%(objectname)%00%(upstream:track)%00%(upstream:remotename)%00%(upstream:remoteref) refs/heads/BUG-357 refs/remotes/BUG-357 [1ms]
2023-07-27 09:42:32.502 [info] > git status -z -uall [39ms]
2023-07-27 09:42:37.513 [info] > git config --get commit.template [4ms]
2023-07-27 09:42:37.514 [info] > git for-each-ref --format=%(refname)%00%(upstream:short)%00%(objectname)%00%(upstream:track)%00%(upstream:remotename)%00%(upstream:remoteref) refs/heads/BUG-357 refs/remotes/BUG-357 [1ms]
2023-07-27 09:42:37.558 [info] > git status -z -uall [41ms]
2023-07-27 09:42:42.571 [info] > git config --get commit.template [6ms]
2023-07-27 09:42:42.572 [info] > git for-each-ref --format=%(refname)%00%(upstream:short)%00%(objectname)%00%(upstream:track)%00%(upstream:remotename)%00%(upstream:remoteref) refs/heads/BUG-357 refs/remotes/BUG-357 [1ms]
2023-07-27 09:42:42.609 [info] > git status -z -uall [33ms]
2023-07-27 09:42:47.628 [info] > git config --get commit.template [6ms]
2023-07-27 09:42:47.628 [info] > git for-each-ref --format=%(refname)%00%(upstream:short)%00%(objectname)%00%(upstream:track)%00%(upstream:remotename)%00%(upstream:remoteref) refs/heads/BUG-357 refs/remotes/BUG-357 [1ms]
2023-07-27 09:42:47.669 [info] > git status -z -uall [36ms]
2023-07-27 09:43:07.598 [info] > git config --get commit.template [5ms]
2023-07-27 09:43:07.598 [info] > git for-each-ref --format=%(refname)%00%(upstream:short)%00%(objectname)%00%(upstream:track)%00%(upstream:remotename)%00%(upstream:remoteref) refs/heads/BUG-357 refs/remotes/BUG-357 [1ms]
2023-07-27 09:43:07.641 [info] > git status -z -uall [38ms]
2023-07-27 09:44:22.446 [info] > git config --get commit.template [8ms]
2023-07-27 09:44:22.447 [info] > git for-each-ref --format=%(refname)%00%(upstream:short)%00%(objectname)%00%(upstream:track)%00%(upstream:remotename)%00%(upstream:remoteref) refs/heads/BUG-357 refs/remotes/BUG-357 [2ms]
2023-07-27 09:44:22.489 [info] > git status -z -uall [36ms]
2023-07-27 09:44:38.651 [info] > git config --get commit.template [4ms]
2023-07-27 09:44:38.652 [info] > git for-each-ref --format=%(refname)%00%(upstream:short)%00%(objectname)%00%(upstream:track)%00%(upstream:remotename)%00%(upstream:remoteref) refs/heads/BUG-357 refs/remotes/BUG-357 [1ms]
2023-07-27 09:44:38.690 [info] > git status -z -uall [34ms]
2023-07-27 09:45:17.837 [info] > git config --get commit.template [5ms]
2023-07-27 09:45:17.838 [info] > git for-each-ref --format=%(refname)%00%(upstream:short)%00%(objectname)%00%(upstream:track)%00%(upstream:remotename)%00%(upstream:remoteref) refs/heads/BUG-357 refs/remotes/BUG-357 [2ms]
2023-07-27 09:45:17.879 [info] > git status -z -uall [37ms]
2023-07-27 09:45:26.874 [info] > git config --get commit.template [5ms]
2023-07-27 09:45:26.874 [info] > git for-each-ref --format=%(refname)%00%(upstream:short)%00%(objectname)%00%(upstream:track)%00%(upstream:remotename)%00%(upstream:remoteref) refs/heads/BUG-357 refs/remotes/BUG-357 [1ms]
2023-07-27 09:45:26.914 [info] > git status -z -uall [36ms]
2023-07-27 09:45:33.310 [info] > git config --get commit.template [1ms]
2023-07-27 09:45:33.318 [info] > git for-each-ref --format=%(refname)%00%(upstream:short)%00%(objectname)%00%(upstream:track)%00%(upstream:remotename)%00%(upstream:remoteref) refs/heads/BUG-357 refs/remotes/BUG-357 [1ms]
2023-07-27 09:45:33.361 [info] > git status -z -uall [36ms]
2023-07-27 09:46:32.119 [info] > git config --get commit.template [6ms]
2023-07-27 09:46:32.120 [info] > git for-each-ref --format=%(refname)%00%(upstream:short)%00%(objectname)%00%(upstream:track)%00%(upstream:remotename)%00%(upstream:remoteref) refs/heads/BUG-357 refs/remotes/BUG-357 [2ms]
2023-07-27 09:46:32.137 [info] > git ls-files --stage -- /home/linus/Documents/Zoezi/gymsystem/frontend/src/client/scripts/app.js [3ms]
2023-07-27 09:46:32.143 [info] > git cat-file -s 674bb8eb93629841fc5f00f364b9a1e9758796af [1ms]
2023-07-27 09:46:32.156 [info] > git show --textconv :frontend/src/client/scripts/app.js [6ms]
2023-07-27 09:46:32.161 [info] > git status -z -uall [35ms]
2023-07-27 09:46:37.176 [info] > git config --get commit.template [5ms]
2023-07-27 09:46:37.176 [info] > git for-each-ref --format=%(refname)%00%(upstream:short)%00%(objectname)%00%(upstream:track)%00%(upstream:remotename)%00%(upstream:remoteref) refs/heads/BUG-357 refs/remotes/BUG-357 [1ms]
2023-07-27 09:46:37.213 [info] > git status -z -uall [33ms]
2023-07-27 09:47:30.785 [info] > git config --get commit.template [7ms]
2023-07-27 09:47:30.792 [info] > git ls-files --stage -- /home/linus/Documents/Zoezi/gymsystem/frontend/src/client/scripts/app.js [7ms]
2023-07-27 09:47:30.797 [info] > git for-each-ref --format=%(refname)%00%(upstream:short)%00%(objectname)%00%(upstream:track)%00%(upstream:remotename)%00%(upstream:remoteref) refs/heads/BUG-357 refs/remotes/BUG-357 [6ms]
2023-07-27 09:47:30.802 [info] > git cat-file -s 674bb8eb93629841fc5f00f364b9a1e9758796af [5ms]
2023-07-27 09:47:30.816 [info] > git show --textconv :frontend/src/client/scripts/app.js [6ms]
2023-07-27 09:47:30.841 [info] > git status -z -uall [39ms]
2023-07-27 09:47:53.513 [info] > git config --get commit.template [11ms]
2023-07-27 09:47:53.514 [info] > git for-each-ref --format=%(refname)%00%(upstream:short)%00%(objectname)%00%(upstream:track)%00%(upstream:remotename)%00%(upstream:remoteref) refs/heads/BUG-357 refs/remotes/BUG-357 [2ms]
2023-07-27 09:47:53.564 [info] > git status -z -uall [43ms]
2023-07-27 09:54:16.221 [info] > git config --get commit.template [1ms]
2023-07-27 09:54:16.228 [info] > git for-each-ref --format=%(refname)%00%(upstream:short)%00%(objectname)%00%(upstream:track)%00%(upstream:remotename)%00%(upstream:remoteref) refs/heads/BUG-357 refs/remotes/BUG-357 [1ms]
2023-07-27 09:54:16.278 [info] > git status -z -uall [44ms]
2023-07-27 09:54:21.721 [info] > git config --get commit.template [9ms]
2023-07-27 09:54:21.722 [info] > git for-each-ref --format=%(refname)%00%(upstream:short)%00%(objectname)%00%(upstream:track)%00%(upstream:remotename)%00%(upstream:remoteref) refs/heads/BUG-357 refs/remotes/BUG-357 [1ms]
2023-07-27 09:54:21.775 [info] > git status -z -uall [47ms]
2023-07-27 09:54:26.791 [info] > git config --get commit.template [8ms]
2023-07-27 09:54:26.792 [info] > git for-each-ref --format=%(refname)%00%(upstream:short)%00%(objectname)%00%(upstream:track)%00%(upstream:remotename)%00%(upstream:remoteref) refs/heads/BUG-357 refs/remotes/BUG-357 [2ms]
2023-07-27 09:54:26.835 [info] > git status -z -uall [38ms]
2023-07-27 09:55:28.319 [info] > git config --get commit.template [7ms]
2023-07-27 09:55:28.319 [info] > git for-each-ref --format=%(refname)%00%(upstream:short)%00%(objectname)%00%(upstream:track)%00%(upstream:remotename)%00%(upstream:remoteref) refs/heads/BUG-357 refs/remotes/BUG-357 [1ms]
2023-07-27 09:55:28.363 [info] > git status -z -uall [37ms]
2023-07-27 10:07:10.806 [info] > git config --get commit.template [6ms]
2023-07-27 10:07:10.807 [info] > git for-each-ref --format=%(refname)%00%(upstream:short)%00%(objectname)%00%(upstream:track)%00%(upstream:remotename)%00%(upstream:remoteref) refs/heads/BUG-357 refs/remotes/BUG-357 [1ms]
2023-07-27 10:07:10.846 [info] > git status -z -uall [34ms]
2023-07-27 10:08:07.218 [info] > git config --get commit.template [12ms]
2023-07-27 10:08:07.218 [info] > git for-each-ref --format=%(refname)%00%(upstream:short)%00%(objectname)%00%(upstream:track)%00%(upstream:remotename)%00%(upstream:remoteref) refs/heads/PROD-23 refs/remotes/PROD-23 [1ms]
2023-07-27 10:08:07.245 [info] > git ls-files --stage -- /home/linus/Documents/Zoezi/gymsystem/frontend/src/client/scripts/app.js [4ms]
2023-07-27 10:08:07.255 [info] > git cat-file -s a96fee9a95f3647b9783ad9bae9ee75d9ec9a6b1 [1ms]
2023-07-27 10:08:07.276 [info] > git show --textconv :frontend/src/client/scripts/app.js [8ms]
2023-07-27 10:08:07.286 [info] > git status -z -uall [59ms]
2023-07-27 10:08:12.329 [info] > git config --get commit.template [28ms]
2023-07-27 10:08:12.329 [info] > git for-each-ref --format=%(refname)%00%(upstream:short)%00%(objectname)%00%(upstream:track)%00%(upstream:remotename)%00%(upstream:remoteref) refs/heads/PROD-23 refs/remotes/PROD-23 [2ms]
2023-07-27 10:08:12.400 [info] > git status -z -uall [62ms]
2023-07-27 10:08:18.261 [info] > git config --get commit.template [9ms]
2023-07-27 10:08:18.261 [info] > git for-each-ref --format=%(refname)%00%(upstream:short)%00%(objectname)%00%(upstream:track)%00%(upstream:remotename)%00%(upstream:remoteref) refs/heads/PROD-23 refs/remotes/PROD-23 [2ms]
2023-07-27 10:08:18.339 [info] > git status -z -uall [70ms]
2023-07-27 10:09:01.784 [info] > git config --get commit.template [8ms]
2023-07-27 10:09:01.785 [info] > git for-each-ref --format=%(refname)%00%(upstream:short)%00%(objectname)%00%(upstream:track)%00%(upstream:remotename)%00%(upstream:remoteref) refs/heads/PROD-23 refs/remotes/PROD-23 [1ms]
2023-07-27 10:09:01.852 [info] > git status -z -uall [60ms]
2023-07-27 10:09:06.870 [info] > git config --get commit.template [8ms]
2023-07-27 10:09:06.871 [info] > git for-each-ref --format=%(refname)%00%(upstream:short)%00%(objectname)%00%(upstream:track)%00%(upstream:remotename)%00%(upstream:remoteref) refs/heads/PROD-23 refs/remotes/PROD-23 [1ms]
2023-07-27 10:09:06.996 [info] > git status -z -uall [118ms]
2023-07-27 10:09:10.995 [info] > git show --textconv :frontend/staffnext/src/pages/AllActivities.vue [4ms]
2023-07-27 10:09:10.997 [info] > git ls-files --stage -- /home/linus/Documents/Zoezi/gymsystem/frontend/staffnext/src/pages/AllActivities.vue [2ms]
2023-07-27 10:09:11.003 [info] > git cat-file -s b02c467b2f41da336d83703edb46f9ce6af4aacf [1ms]
2023-07-27 10:09:39.925 [info] > git config --get commit.template [3ms]
2023-07-27 10:09:39.925 [info] > git for-each-ref --format=%(refname)%00%(upstream:short)%00%(objectname)%00%(upstream:track)%00%(upstream:remotename)%00%(upstream:remoteref) refs/heads/PROD-23 refs/remotes/PROD-23 [1ms]
2023-07-27 10:09:39.967 [info] > git status -z -uall [38ms]
2023-07-27 10:13:15.811 [info] > git config --get commit.template [1ms]
2023-07-27 10:13:15.816 [info] > git for-each-ref --format=%(refname)%00%(upstream:short)%00%(objectname)%00%(upstream:track)%00%(upstream:remotename)%00%(upstream:remoteref) refs/heads/PROD-23 refs/remotes/PROD-23 [1ms]
2023-07-27 10:13:15.864 [info] > git status -z -uall [44ms]
2023-07-27 10:13:20.880 [info] > git config --get commit.template [4ms]
2023-07-27 10:13:20.881 [info] > git for-each-ref --format=%(refname)%00%(upstream:short)%00%(objectname)%00%(upstream:track)%00%(upstream:remotename)%00%(upstream:remoteref) refs/heads/PROD-23 refs/remotes/PROD-23 [1ms]
2023-07-27 10:13:20.922 [info] > git status -z -uall [38ms]
2023-07-27 10:17:50.632 [info] > git config --get commit.template [8ms]
2023-07-27 10:17:50.633 [info] > git for-each-ref --format=%(refname)%00%(upstream:short)%00%(objectname)%00%(upstream:track)%00%(upstream:remotename)%00%(upstream:remoteref) refs/heads/PROD-23 refs/remotes/PROD-23 [2ms]
2023-07-27 10:17:50.683 [info] > git status -z -uall [46ms]
2023-07-27 10:18:04.979 [info] > git config --get commit.template [6ms]
2023-07-27 10:18:04.980 [info] > git for-each-ref --format=%(refname)%00%(upstream:short)%00%(objectname)%00%(upstream:track)%00%(upstream:remotename)%00%(upstream:remoteref) refs/heads/PROD-23 refs/remotes/PROD-23 [1ms]
2023-07-27 10:18:05.034 [info] > git status -z -uall [45ms]
2023-07-27 10:18:39.453 [info] > git config --get commit.template [6ms]
2023-07-27 10:18:39.454 [info] > git for-each-ref --format=%(refname)%00%(upstream:short)%00%(objectname)%00%(upstream:track)%00%(upstream:remotename)%00%(upstream:remoteref) refs/heads/BUG-490 refs/remotes/BUG-490 [1ms]
2023-07-27 10:18:39.474 [info] > git ls-files --stage -- /home/linus/Documents/Zoezi/gymsystem/frontend/src/client/scripts/app.js [7ms]
2023-07-27 10:18:39.480 [info] > git ls-files --stage -- /home/linus/Documents/Zoezi/gymsystem/frontend/staffnext/src/pages/AllActivities.vue [6ms]
2023-07-27 10:18:39.481 [info] > git cat-file -s a96fee9a95f3647b9783ad9bae9ee75d9ec9a6b1 [1ms]
2023-07-27 10:18:39.496 [info] > git show --textconv :frontend/staffnext/src/pages/AllActivities.vue [5ms]
2023-07-27 10:18:39.497 [info] > git status -z -uall [37ms]
2023-07-27 10:18:39.502 [info] > git show --textconv :frontend/src/client/scripts/app.js [6ms]
2023-07-27 10:20:00.827 [info] > git config --get commit.template [19ms]
2023-07-27 10:20:00.829 [info] > git for-each-ref --format=%(refname)%00%(upstream:short)%00%(objectname)%00%(upstream:track)%00%(upstream:remotename)%00%(upstream:remoteref) refs/heads/BUG-490 refs/remotes/BUG-490 [3ms]
2023-07-27 10:20:00.891 [info] > git status -z -uall [52ms]
2023-07-27 10:20:10.742 [info] > git config --get commit.template [10ms]
2023-07-27 10:20:10.743 [info] > git for-each-ref --format=%(refname)%00%(upstream:short)%00%(objectname)%00%(upstream:track)%00%(upstream:remotename)%00%(upstream:remoteref) refs/heads/BUG-490 refs/remotes/BUG-490 [2ms]
2023-07-27 10:20:10.792 [info] > git status -z -uall [43ms]
2023-07-27 10:20:47.557 [info] > git config --get commit.template [4ms]
2023-07-27 10:20:47.558 [info] > git for-each-ref --format=%(refname)%00%(upstream:short)%00%(objectname)%00%(upstream:track)%00%(upstream:remotename)%00%(upstream:remoteref) refs/heads/BUG-490 refs/remotes/BUG-490 [1ms]
2023-07-27 10:20:47.605 [info] > git status -z -uall [40ms]
2023-07-27 10:21:26.333 [info] > git config --get commit.template [8ms]
2023-07-27 10:21:26.333 [info] > git for-each-ref --format=%(refname)%00%(upstream:short)%00%(objectname)%00%(upstream:track)%00%(upstream:remotename)%00%(upstream:remoteref) refs/heads/BUG-490 refs/remotes/BUG-490 [1ms]
2023-07-27 10:21:26.381 [info] > git status -z -uall [41ms]
2023-07-27 10:21:31.395 [info] > git config --get commit.template [6ms]
2023-07-27 10:21:31.395 [info] > git for-each-ref --format=%(refname)%00%(upstream:short)%00%(objectname)%00%(upstream:track)%00%(upstream:remotename)%00%(upstream:remoteref) refs/heads/BUG-490 refs/remotes/BUG-490 [1ms]
2023-07-27 10:21:31.446 [info] > git status -z -uall [45ms]
2023-07-27 10:21:41.226 [info] > git show --textconv :homepage/src/views/MyPage.vue [12ms]
2023-07-27 10:21:41.229 [info] > git ls-files --stage -- /home/linus/Documents/Zoezi/gymsystem/homepage/src/views/MyPage.vue [4ms]
2023-07-27 10:21:41.239 [info] > git cat-file -s 229f2dbf79eb04c1ea85e10ba717d2597513bd42 [1ms]
2023-07-27 10:21:49.001 [info] > git config --get commit.template [8ms]
2023-07-27 10:21:49.002 [info] > git for-each-ref --format=%(refname)%00%(upstream:short)%00%(objectname)%00%(upstream:track)%00%(upstream:remotename)%00%(upstream:remoteref) refs/heads/BUG-490 refs/remotes/BUG-490 [2ms]
2023-07-27 10:21:49.057 [info] > git status -z -uall [48ms]
2023-07-27 10:22:31.803 [info] > git config --get commit.template [8ms]
2023-07-27 10:22:31.803 [info] > git for-each-ref --format=%(refname)%00%(upstream:short)%00%(objectname)%00%(upstream:track)%00%(upstream:remotename)%00%(upstream:remoteref) refs/heads/BUG-490 refs/remotes/BUG-490 [1ms]
2023-07-27 10:22:31.853 [info] > git status -z -uall [43ms]
2023-07-27 10:23:12.679 [info] > git check-ignore -v -z --stdin [3ms]
2023-07-27 10:23:33.640 [info] > git config --get commit.template [4ms]
2023-07-27 10:23:33.654 [info] > git for-each-ref --format=%(refname)%00%(upstream:short)%00%(objectname)%00%(upstream:track)%00%(upstream:remotename)%00%(upstream:remoteref) refs/heads/BUG-490 refs/remotes/BUG-490 [4ms]
2023-07-27 10:23:33.721 [info] > git status -z -uall [56ms]
2023-07-27 10:23:34.296 [info] > git check-ignore -v -z --stdin [3ms]
2023-07-27 10:23:37.323 [info] > git check-ignore -v -z --stdin [3ms]
2023-07-27 10:23:38.554 [info] > git check-ignore -v -z --stdin [4ms]
2023-07-27 10:23:41.027 [info] > git check-ignore -v -z --stdin [2ms]
2023-07-27 10:23:41.142 [info] > git config --get commit.template [6ms]
2023-07-27 10:23:41.143 [info] > git for-each-ref --format=%(refname)%00%(upstream:short)%00%(objectname)%00%(upstream:track)%00%(upstream:remotename)%00%(upstream:remoteref) refs/heads/BUG-490 refs/remotes/BUG-490 [1ms]
2023-07-27 10:23:41.194 [info] > git status -z -uall [46ms]
2023-07-27 10:23:42.114 [info] > git check-ignore -v -z --stdin [4ms]
2023-07-27 10:23:47.726 [info] > git config --get commit.template [12ms]
2023-07-27 10:23:47.727 [info] > git for-each-ref --format=%(refname)%00%(upstream:short)%00%(objectname)%00%(upstream:track)%00%(upstream:remotename)%00%(upstream:remoteref) refs/heads/BUG-490 refs/remotes/BUG-490 [2ms]
2023-07-27 10:23:47.788 [info] > git status -z -uall [52ms]
2023-07-27 10:24:07.841 [info] > git config --get commit.template [1ms]
2023-07-27 10:24:07.855 [info] > git for-each-ref --format=%(refname)%00%(upstream:short)%00%(objectname)%00%(upstream:track)%00%(upstream:remotename)%00%(upstream:remoteref) refs/heads/BUG-490 refs/remotes/BUG-490 [2ms]
2023-07-27 10:24:07.935 [info] > git status -z -uall [68ms]
2023-07-27 10:24:12.963 [info] > git config --get commit.template [12ms]
2023-07-27 10:24:12.964 [info] > git for-each-ref --format=%(refname)%00%(upstream:short)%00%(objectname)%00%(upstream:track)%00%(upstream:remotename)%00%(upstream:remoteref) refs/heads/BUG-490 refs/remotes/BUG-490 [2ms]
2023-07-27 10:24:13.043 [info] > git status -z -uall [69ms]
2023-07-27 10:24:18.188 [info] > git config --get commit.template [81ms]
2023-07-27 10:24:18.213 [info] > git for-each-ref --format=%(refname)%00%(upstream:short)%00%(objectname)%00%(upstream:track)%00%(upstream:remotename)%00%(upstream:remoteref) refs/heads/BUG-490 refs/remotes/BUG-490 [9ms]
2023-07-27 10:24:18.323 [info] > git status -z -uall [96ms]
2023-07-27 10:24:18.481 [info] > git check-ignore -v -z --stdin [7ms]
2023-07-27 10:24:19.890 [info] > git check-ignore -v -z --stdin [14ms]
2023-07-27 10:24:23.349 [info] > git config --get commit.template [13ms]
2023-07-27 10:24:23.350 [info] > git for-each-ref --format=%(refname)%00%(upstream:short)%00%(objectname)%00%(upstream:track)%00%(upstream:remotename)%00%(upstream:remoteref) refs/heads/BUG-490 refs/remotes/BUG-490 [2ms]
2023-07-27 10:24:23.418 [info] > git status -z -uall [58ms]
2023-07-27 10:24:28.442 [info] > git config --get commit.template [11ms]
2023-07-27 10:24:28.443 [info] > git for-each-ref --format=%(refname)%00%(upstream:short)%00%(objectname)%00%(upstream:track)%00%(upstream:remotename)%00%(upstream:remoteref) refs/heads/BUG-490 refs/remotes/BUG-490 [2ms]
2023-07-27 10:24:28.505 [info] > git status -z -uall [54ms]
2023-07-27 10:24:33.524 [info] > git config --get commit.template [9ms]
2023-07-27 10:24:33.525 [info] > git for-each-ref --format=%(refname)%00%(upstream:short)%00%(objectname)%00%(upstream:track)%00%(upstream:remotename)%00%(upstream:remoteref) refs/heads/BUG-490 refs/remotes/BUG-490 [2ms]
2023-07-27 10:24:33.602 [info] > git status -z -uall [69ms]
2023-07-27 10:24:40.591 [info] > git config --get commit.template [8ms]
2023-07-27 10:24:40.592 [info] > git for-each-ref --format=%(refname)%00%(upstream:short)%00%(objectname)%00%(upstream:track)%00%(upstream:remotename)%00%(upstream:remoteref) refs/heads/BUG-490 refs/remotes/BUG-490 [1ms]
2023-07-27 10:24:40.668 [info] > git status -z -uall [68ms]
2023-07-27 10:26:01.635 [info] > git config --get commit.template [15ms]
2023-07-27 10:26:01.635 [info] > git for-each-ref --format=%(refname)%00%(upstream:short)%00%(objectname)%00%(upstream:track)%00%(upstream:remotename)%00%(upstream:remoteref) refs/heads/BUG-490 refs/remotes/BUG-490 [1ms]
2023-07-27 10:26:01.719 [info] > git status -z -uall [64ms]
2023-07-27 10:30:02.420 [info] > git config --get commit.template [20ms]
2023-07-27 10:30:02.421 [info] > git for-each-ref --format=%(refname)%00%(upstream:short)%00%(objectname)%00%(upstream:track)%00%(upstream:remotename)%00%(upstream:remoteref) refs/heads/BUG-490 refs/remotes/BUG-490 [3ms]
2023-07-27 10:30:02.521 [info] > git status -z -uall [84ms]
2023-07-27 10:30:24.736 [info] > git config --get commit.template [15ms]
2023-07-27 10:30:24.736 [info] > git for-each-ref --format=%(refname)%00%(upstream:short)%00%(objectname)%00%(upstream:track)%00%(upstream:remotename)%00%(upstream:remoteref) refs/heads/BUG-490 refs/remotes/BUG-490 [1ms]
2023-07-27 10:30:24.861 [info] > git status -z -uall [102ms]
2023-07-27 10:34:33.678 [info] > git config --get commit.template [1ms]
2023-07-27 10:34:33.688 [info] > git for-each-ref --format=%(refname)%00%(upstream:short)%00%(objectname)%00%(upstream:track)%00%(upstream:remotename)%00%(upstream:remoteref) refs/heads/BUG-490 refs/remotes/BUG-490 [2ms]
2023-07-27 10:34:33.754 [info] > git status -z -uall [57ms]
2023-07-27 10:35:45.540 [info] > git config --get commit.template [7ms]
2023-07-27 10:35:45.540 [info] > git for-each-ref --format=%(refname)%00%(upstream:short)%00%(objectname)%00%(upstream:track)%00%(upstream:remotename)%00%(upstream:remoteref) refs/heads/BUG-490 refs/remotes/BUG-490 [1ms]
2023-07-27 10:35:45.602 [info] > git status -z -uall [53ms]
2023-07-27 10:35:48.427 [info] > git check-ignore -v -z --stdin [3ms]
2023-07-27 10:35:50.614 [info] > git config --get commit.template [4ms]
2023-07-27 10:35:50.615 [info] > git for-each-ref --format=%(refname)%00%(upstream:short)%00%(objectname)%00%(upstream:track)%00%(upstream:remotename)%00%(upstream:remoteref) refs/heads/BUG-490 refs/remotes/BUG-490 [1ms]
2023-07-27 10:35:50.657 [info] > git status -z -uall [38ms]
2023-07-27 10:35:51.892 [info] > git ls-files --stage -- /home/linus/Documents/Zoezi/gymsystem/backend/services/api/src/db.py [31ms]
2023-07-27 10:35:51.903 [info] > git cat-file -s fe13691d80d8fec3e1125e731bc119f110e00381 [2ms]
2023-07-27 10:35:51.905 [info] > git show --textconv :backend/services/api/src/db.py [70ms]
2023-07-27 10:35:51.936 [info] > git check-ignore -v -z --stdin [4ms]
2023-07-27 10:36:36.940 [info] > git config --get commit.template [14ms]
2023-07-27 10:36:36.941 [info] > git for-each-ref --format=%(refname)%00%(upstream:short)%00%(objectname)%00%(upstream:track)%00%(upstream:remotename)%00%(upstream:remoteref) refs/heads/BUG-490 refs/remotes/BUG-490 [2ms]
2023-07-27 10:36:37.004 [info] > git status -z -uall [52ms]
2023-07-27 10:37:38.515 [info] > git config --get commit.template [6ms]
2023-07-27 10:37:38.515 [info] > git for-each-ref --format=%(refname)%00%(upstream:short)%00%(objectname)%00%(upstream:track)%00%(upstream:remotename)%00%(upstream:remoteref) refs/heads/BUG-490 refs/remotes/BUG-490 [1ms]
2023-07-27 10:37:38.557 [info] > git status -z -uall [37ms]
2023-07-27 10:38:52.480 [info] > git config --get commit.template [10ms]
2023-07-27 10:38:52.481 [info] > git for-each-ref --format=%(refname)%00%(upstream:short)%00%(objectname)%00%(upstream:track)%00%(upstream:remotename)%00%(upstream:remoteref) refs/heads/BUG-490 refs/remotes/BUG-490 [2ms]
2023-07-27 10:38:52.534 [info] > git status -z -uall [46ms]
2023-07-27 10:38:57.550 [info] > git config --get commit.template [7ms]
2023-07-27 10:38:57.551 [info] > git for-each-ref --format=%(refname)%00%(upstream:short)%00%(objectname)%00%(upstream:track)%00%(upstream:remotename)%00%(upstream:remoteref) refs/heads/BUG-490 refs/remotes/BUG-490 [2ms]
2023-07-27 10:38:57.596 [info] > git status -z -uall [41ms]
2023-07-27 10:39:41.449 [info] > git config --get commit.template [6ms]
2023-07-27 10:39:41.449 [info] > git for-each-ref --format=%(refname)%00%(upstream:short)%00%(objectname)%00%(upstream:track)%00%(upstream:remotename)%00%(upstream:remoteref) refs/heads/BUG-490 refs/remotes/BUG-490 [1ms]
2023-07-27 10:39:41.511 [info] > git status -z -uall [57ms]
2023-07-27 10:40:10.197 [info] > git config --get commit.template [15ms]
2023-07-27 10:40:10.197 [info] > git for-each-ref --format=%(refname)%00%(upstream:short)%00%(objectname)%00%(upstream:track)%00%(upstream:remotename)%00%(upstream:remoteref) refs/heads/BUG-490 refs/remotes/BUG-490 [1ms]
2023-07-27 10:40:10.291 [info] > git status -z -uall [80ms]
2023-07-27 10:40:15.313 [info] > git config --get commit.template [8ms]
2023-07-27 10:40:15.313 [info] > git for-each-ref --format=%(refname)%00%(upstream:short)%00%(objectname)%00%(upstream:track)%00%(upstream:remotename)%00%(upstream:remoteref) refs/heads/BUG-490 refs/remotes/BUG-490 [1ms]
2023-07-27 10:40:15.367 [info] > git status -z -uall [46ms]
2023-07-27 10:40:21.681 [info] > git show --textconv :backend/services/api/src/api.py [11ms]
2023-07-27 10:40:21.684 [info] > git ls-files --stage -- /home/linus/Documents/Zoezi/gymsystem/backend/services/api/src/api.py [4ms]
2023-07-27 10:40:21.716 [info] > git cat-file -s fc28de0bb2ac268266afcd800abb80c124e10110 [22ms]
2023-07-27 10:40:21.916 [info] > git check-ignore -v -z --stdin [3ms]
2023-07-27 10:41:05.575 [info] > git config --get commit.template [21ms]
2023-07-27 10:41:05.576 [info] > git for-each-ref --format=%(refname)%00%(upstream:short)%00%(objectname)%00%(upstream:track)%00%(upstream:remotename)%00%(upstream:remoteref) refs/heads/BUG-490 refs/remotes/BUG-490 [3ms]
2023-07-27 10:41:05.681 [info] > git status -z -uall [87ms]
2023-07-27 10:41:10.705 [info] > git config --get commit.template [9ms]
2023-07-27 10:41:10.705 [info] > git for-each-ref --format=%(refname)%00%(upstream:short)%00%(objectname)%00%(upstream:track)%00%(upstream:remotename)%00%(upstream:remoteref) refs/heads/BUG-490 refs/remotes/BUG-490 [1ms]
2023-07-27 10:41:10.755 [info] > git status -z -uall [42ms]
2023-07-27 10:42:23.511 [info] > git config --get commit.template [12ms]
2023-07-27 10:42:23.511 [info] > git for-each-ref --format=%(refname)%00%(upstream:short)%00%(objectname)%00%(upstream:track)%00%(upstream:remotename)%00%(upstream:remoteref) refs/heads/BUG-490 refs/remotes/BUG-490 [2ms]
2023-07-27 10:42:23.581 [info] > git status -z -uall [50ms]
2023-07-27 10:42:28.597 [info] > git config --get commit.template [6ms]
2023-07-27 10:42:28.598 [info] > git for-each-ref --format=%(refname)%00%(upstream:short)%00%(objectname)%00%(upstream:track)%00%(upstream:remotename)%00%(upstream:remoteref) refs/heads/BUG-490 refs/remotes/BUG-490 [2ms]
2023-07-27 10:42:28.647 [info] > git status -z -uall [43ms]
2023-07-27 10:42:51.997 [info] > git config --get commit.template [18ms]
2023-07-27 10:42:51.998 [info] > git for-each-ref --format=%(refname)%00%(upstream:short)%00%(objectname)%00%(upstream:track)%00%(upstream:remotename)%00%(upstream:remoteref) refs/heads/BUG-490 refs/remotes/BUG-490 [2ms]
2023-07-27 10:42:52.087 [info] > git status -z -uall [74ms]
2023-07-27 10:43:06.882 [info] > git config --get commit.template [17ms]
2023-07-27 10:43:06.883 [info] > git for-each-ref --format=%(refname)%00%(upstream:short)%00%(objectname)%00%(upstream:track)%00%(upstream:remotename)%00%(upstream:remoteref) refs/heads/BUG-490 refs/remotes/BUG-490 [2ms]
2023-07-27 10:43:06.961 [info] > git status -z -uall [63ms]
2023-07-27 10:43:11.990 [info] > git config --get commit.template [5ms]
2023-07-27 10:43:11.991 [info] > git for-each-ref --format=%(refname)%00%(upstream:short)%00%(objectname)%00%(upstream:track)%00%(upstream:remotename)%00%(upstream:remoteref) refs/heads/BUG-490 refs/remotes/BUG-490 [1ms]
2023-07-27 10:43:12.032 [info] > git status -z -uall [35ms]
2023-07-27 10:43:32.636 [info] > git config --get commit.template [18ms]
2023-07-27 10:43:32.637 [info] > git for-each-ref --format=%(refname)%00%(upstream:short)%00%(objectname)%00%(upstream:track)%00%(upstream:remotename)%00%(upstream:remoteref) refs/heads/BUG-490 refs/remotes/BUG-490 [2ms]
2023-07-27 10:43:32.754 [info] > git status -z -uall [104ms]
2023-07-27 10:43:37.777 [info] > git config --get commit.template [9ms]
2023-07-27 10:43:37.777 [info] > git for-each-ref --format=%(refname)%00%(upstream:short)%00%(objectname)%00%(upstream:track)%00%(upstream:remotename)%00%(upstream:remoteref) refs/heads/BUG-490 refs/remotes/BUG-490 [1ms]
2023-07-27 10:43:37.838 [info] > git status -z -uall [52ms]
2023-07-27 10:44:36.946 [info] > git config --get commit.template [9ms]
2023-07-27 10:44:36.946 [info] > git for-each-ref --format=%(refname)%00%(upstream:short)%00%(objectname)%00%(upstream:track)%00%(upstream:remotename)%00%(upstream:remoteref) refs/heads/BUG-490 refs/remotes/BUG-490 [1ms]
2023-07-27 10:44:36.994 [info] > git status -z -uall [40ms]
2023-07-27 10:45:37.205 [info] > git config --get commit.template [20ms]
2023-07-27 10:45:37.207 [info] > git for-each-ref --format=%(refname)%00%(upstream:short)%00%(objectname)%00%(upstream:track)%00%(upstream:remotename)%00%(upstream:remoteref) refs/heads/BUG-490 refs/remotes/BUG-490 [2ms]
2023-07-27 10:45:37.308 [info] > git status -z -uall [84ms]
2023-07-27 10:45:46.321 [info] > git config --get commit.template [10ms]
2023-07-27 10:45:46.321 [info] > git for-each-ref --format=%(refname)%00%(upstream:short)%00%(objectname)%00%(upstream:track)%00%(upstream:remotename)%00%(upstream:remoteref) refs/heads/BUG-490 refs/remotes/BUG-490 [1ms]
2023-07-27 10:45:46.376 [info] > git status -z -uall [47ms]
2023-07-27 10:45:51.396 [info] > git config --get commit.template [9ms]
2023-07-27 10:45:51.397 [info] > git for-each-ref --format=%(refname)%00%(upstream:short)%00%(objectname)%00%(upstream:track)%00%(upstream:remotename)%00%(upstream:remoteref) refs/heads/BUG-490 refs/remotes/BUG-490 [2ms]
2023-07-27 10:45:51.455 [info] > git status -z -uall [50ms]
2023-07-27 10:46:00.755 [info] > git config --get commit.template [19ms]
2023-07-27 10:46:00.756 [info] > git for-each-ref --format=%(refname)%00%(upstream:short)%00%(objectname)%00%(upstream:track)%00%(upstream:remotename)%00%(upstream:remoteref) refs/heads/BUG-490 refs/remotes/BUG-490 [3ms]
2023-07-27 10:46:00.838 [info] > git status -z -uall [68ms]
2023-07-27 10:46:05.856 [info] > git config --get commit.template [7ms]
2023-07-27 10:46:05.857 [info] > git for-each-ref --format=%(refname)%00%(upstream:short)%00%(objectname)%00%(upstream:track)%00%(upstream:remotename)%00%(upstream:remoteref) refs/heads/BUG-490 refs/remotes/BUG-490 [1ms]
2023-07-27 10:46:05.907 [info] > git status -z -uall [44ms]
2023-07-27 10:46:47.572 [info] > git config --get commit.template [14ms]
2023-07-27 10:46:47.573 [info] > git for-each-ref --format=%(refname)%00%(upstream:short)%00%(objectname)%00%(upstream:track)%00%(upstream:remotename)%00%(upstream:remoteref) refs/heads/BUG-490 refs/remotes/BUG-490 [2ms]
2023-07-27 10:46:47.655 [info] > git status -z -uall [67ms]
2023-07-27 10:46:57.076 [info] > git config --get commit.template [11ms]
2023-07-27 10:46:57.077 [info] > git for-each-ref --format=%(refname)%00%(upstream:short)%00%(objectname)%00%(upstream:track)%00%(upstream:remotename)%00%(upstream:remoteref) refs/heads/BUG-490 refs/remotes/BUG-490 [2ms]
2023-07-27 10:46:57.141 [info] > git status -z -uall [55ms]
2023-07-27 10:47:12.058 [info] > git ls-files --stage -- /home/linus/Documents/Zoezi/gymsystem/backend/services/api/src/db.py [18ms]
2023-07-27 10:47:12.068 [info] > git ls-files --stage -- /home/linus/Documents/Zoezi/gymsystem/homepage/src/views/MyPage.vue [38ms]
2023-07-27 10:47:12.078 [info] > git config --get commit.template [64ms]
2023-07-27 10:47:12.086 [info] > git cat-file -s fe13691d80d8fec3e1125e731bc119f110e00381 [18ms]
2023-07-27 10:47:12.087 [info] > git ls-files --stage -- /home/linus/Documents/Zoezi/gymsystem/backend/services/api/src/api.py [31ms]
2023-07-27 10:47:12.099 [info] > git for-each-ref --format=%(refname)%00%(upstream:short)%00%(objectname)%00%(upstream:track)%00%(upstream:remotename)%00%(upstream:remoteref) refs/heads/BUG-490 refs/remotes/BUG-490 [13ms]
2023-07-27 10:47:12.107 [info] > git cat-file -s 229f2dbf79eb04c1ea85e10ba717d2597513bd42 [30ms]
2023-07-27 10:47:12.123 [info] > git cat-file -s fc28de0bb2ac268266afcd800abb80c124e10110 [23ms]
2023-07-27 10:47:12.150 [info] > git show --textconv :homepage/src/views/MyPage.vue [15ms]
2023-07-27 10:47:12.153 [info] > git show --textconv :backend/services/api/src/api.py [4ms]
2023-07-27 10:47:12.154 [info] > git show --textconv :backend/services/api/src/db.py [33ms]
2023-07-27 10:47:12.164 [info] > git status -z -uall [58ms]
2023-07-27 10:48:13.227 [info] > git ls-files --stage -- /home/linus/Documents/Zoezi/gymsystem/backend/services/api/src/db.py [12ms]
2023-07-27 10:48:13.239 [info] > git ls-files --stage -- /home/linus/Documents/Zoezi/gymsystem/homepage/src/views/MyPage.vue [38ms]
2023-07-27 10:48:13.257 [info] > git for-each-ref --format=%(refname)%00%(upstream:short)%00%(objectname)%00%(upstream:track)%00%(upstream:remotename)%00%(upstream:remoteref) refs/heads/2LINUSTEST refs/remotes/2LINUSTEST [70ms]
2023-07-27 10:48:13.276 [info] > git cat-file -s 7c6c70ab086686ba96a2620ba4438a01bb38ce86 [19ms]
2023-07-27 10:48:13.278 [info] > git cat-file -s 50a1967f728db83d0af6da36e46c46121536a646 [39ms]
2023-07-27 10:48:13.278 [info] > git ls-files --stage -- /home/linus/Documents/Zoezi/gymsystem/backend/services/api/src/api.py [53ms]
2023-07-27 10:48:13.326 [info] > git show --textconv :homepage/src/views/MyPage.vue [12ms]
2023-07-27 10:48:13.327 [info] > git cat-file -s 104c3f4375b7f8d95097f4558342a6c26a21cef4 [28ms]
2023-07-27 10:48:13.343 [info] > git status -z -uall [69ms]
2023-07-27 10:48:13.347 [info] > git show --textconv :backend/services/api/src/api.py [5ms]
2023-07-27 10:48:13.348 [info] > git show --textconv :backend/services/api/src/db.py [23ms]
2023-07-27 10:48:17.205 [info] > git check-ignore -v -z --stdin [3ms]
2023-07-27 10:48:18.357 [info] > git for-each-ref --format=%(refname)%00%(upstream:short)%00%(objectname)%00%(upstream:track)%00%(upstream:remotename)%00%(upstream:remoteref) refs/heads/2LINUSTEST refs/remotes/2LINUSTEST [1ms]
2023-07-27 10:48:18.415 [info] > git status -z -uall [48ms]
2023-07-27 10:48:18.908 [info] > git check-ignore -v -z --stdin [3ms]
2023-07-27 10:48:39.678 [info] > git show -s --format=%H%n%aN%n%aE%n%at%n%ct%n%P%n%D%n%B -z MERGE_HEAD [4ms]
2023-07-27 10:48:39.679 [info] > git show -s --format=%H%n%aN%n%aE%n%at%n%ct%n%P%n%D%n%B -z HEAD [10ms]
2023-07-27 10:48:39.784 [info] > git show --textconv :1:backend/services/api/src/translations/en.json [50ms]
2023-07-27 10:48:39.784 [info] > git show --textconv 25042f35fc9d5e861d0a6c8c04d6204394d2be19:backend/services/api/src/translations/en.json [37ms]
2023-07-27 10:48:39.784 [info] > git ls-tree -l 25042f35fc9d5e861d0a6c8c04d6204394d2be19 -- /home/linus/Documents/Zoezi/gymsystem/backend/services/api/src/translations/en.json [10ms]
2023-07-27 10:48:39.785 [info] > git ls-tree -l :1 -- /home/linus/Documents/Zoezi/gymsystem/backend/services/api/src/translations/en.json [18ms]
2023-07-27 10:48:39.785 [info] fatal: Not a valid object name :1
2023-07-27 10:48:39.796 [info] > git show --textconv efc0011b091d9b0b566f3ef29c690abc41f55927:backend/services/api/src/translations/en.json [39ms]
2023-07-27 10:48:39.797 [info] > git ls-tree -l efc0011b091d9b0b566f3ef29c690abc41f55927 -- /home/linus/Documents/Zoezi/gymsystem/backend/services/api/src/translations/en.json [15ms]
2023-07-27 10:49:03.989 [info] > git add -A -- /home/linus/Documents/Zoezi/gymsystem/backend/services/api/src/translations/en.json [14ms]
2023-07-27 10:49:04.006 [info] > git for-each-ref --format=%(refname)%00%(upstream:short)%00%(objectname)%00%(upstream:track)%00%(upstream:remotename)%00%(upstream:remoteref) refs/heads/2LINUSTEST refs/remotes/2LINUSTEST [2ms]
2023-07-27 10:49:04.079 [info] > git status -z -uall [60ms]
2023-07-27 10:49:05.129 [info] > git for-each-ref --format=%(refname)%00%(upstream:short)%00%(objectname)%00%(upstream:track)%00%(upstream:remotename)%00%(upstream:remoteref) refs/heads/2LINUSTEST refs/remotes/2LINUSTEST [1ms]
2023-07-27 10:49:05.188 [info] > git status -z -uall [48ms]
2023-07-27 10:49:05.242 [info] > git ls-files --stage -- /home/linus/Documents/Zoezi/gymsystem/homepage/src/views/MyPage.vue [13ms]
2023-07-27 10:49:05.254 [info] > git ls-files --stage -- /home/linus/Documents/Zoezi/gymsystem/backend/services/api/src/db.py [13ms]
2023-07-27 10:49:05.267 [info] > git cat-file -s 7c6c70ab086686ba96a2620ba4438a01bb38ce86 [13ms]
2023-07-27 10:49:05.267 [info] > git cat-file -s 50a1967f728db83d0af6da36e46c46121536a646 [1ms]
2023-07-27 10:49:05.296 [info] > git show --textconv :homepage/src/views/MyPage.vue [15ms]
2023-07-27 10:49:05.303 [info] > git show --textconv :backend/services/api/src/db.py [9ms]
2023-07-27 10:49:07.769 [info] > git show -s --format=%H%n%aN%n%aE%n%at%n%ct%n%P%n%D%n%B -z HEAD [8ms]
2023-07-27 10:49:07.773 [info] > git show -s --format=%H%n%aN%n%aE%n%at%n%ct%n%P%n%D%n%B -z MERGE_HEAD [5ms]
2023-07-27 10:49:07.867 [info] > git show --textconv :1:backend/services/api/src/translations/sv.json [62ms]
2023-07-27 10:49:07.867 [info] > git ls-tree -l 25042f35fc9d5e861d0a6c8c04d6204394d2be19 -- /home/linus/Documents/Zoezi/gymsystem/backend/services/api/src/translations/sv.json [14ms]
2023-07-27 10:49:07.867 [info] > git ls-tree -l :1 -- /home/linus/Documents/Zoezi/gymsystem/backend/services/api/src/translations/sv.json [26ms]
2023-07-27 10:49:07.867 [info] fatal: Not a valid object name :1
2023-07-27 10:49:07.886 [info] > git show --textconv 25042f35fc9d5e861d0a6c8c04d6204394d2be19:backend/services/api/src/translations/sv.json [69ms]
2023-07-27 10:49:07.886 [info] > git show --textconv efc0011b091d9b0b566f3ef29c690abc41f55927:backend/services/api/src/translations/sv.json [57ms]
2023-07-27 10:49:07.887 [info] > git ls-tree -l efc0011b091d9b0b566f3ef29c690abc41f55927 -- /home/linus/Documents/Zoezi/gymsystem/backend/services/api/src/translations/sv.json [22ms]
2023-07-27 10:49:10.204 [info] > git for-each-ref --format=%(refname)%00%(upstream:short)%00%(objectname)%00%(upstream:track)%00%(upstream:remotename)%00%(upstream:remoteref) refs/heads/2LINUSTEST refs/remotes/2LINUSTEST [2ms]
2023-07-27 10:49:10.246 [info] > git status -z -uall [33ms]
2023-07-27 10:49:16.736 [info] > git add -A -- /home/linus/Documents/Zoezi/gymsystem/backend/services/api/src/translations/sv.json [15ms]
2023-07-27 10:49:16.751 [info] > git for-each-ref --format=%(refname)%00%(upstream:short)%00%(objectname)%00%(upstream:track)%00%(upstream:remotename)%00%(upstream:remoteref) refs/heads/2LINUSTEST refs/remotes/2LINUSTEST [2ms]
2023-07-27 10:49:16.811 [info] > git status -z -uall [47ms]
2023-07-27 10:49:17.877 [info] > git for-each-ref --format=%(refname)%00%(upstream:short)%00%(objectname)%00%(upstream:track)%00%(upstream:remotename)%00%(upstream:remoteref) refs/heads/2LINUSTEST refs/remotes/2LINUSTEST [2ms]
2023-07-27 10:49:17.931 [info] > git status -z -uall [42ms]
2023-07-27 10:49:17.993 [info] > git ls-files --stage -- /home/linus/Documents/Zoezi/gymsystem/homepage/src/views/MyPage.vue [18ms]
2023-07-27 10:49:18.004 [info] > git ls-files --stage -- /home/linus/Documents/Zoezi/gymsystem/backend/services/api/src/db.py [17ms]
2023-07-27 10:49:18.016 [info] > git cat-file -s 7c6c70ab086686ba96a2620ba4438a01bb38ce86 [13ms]
2023-07-27 10:49:18.016 [info] > git cat-file -s 50a1967f728db83d0af6da36e46c46121536a646 [1ms]
2023-07-27 10:49:18.042 [info] > git show --textconv :homepage/src/views/MyPage.vue [14ms]
2023-07-27 10:49:18.048 [info] > git show --textconv :backend/services/api/src/db.py [8ms]
2023-07-27 10:49:20.508 [info] > git -c user.useConfigOnly=true commit --quiet --allow-empty-message --file - [22ms]
2023-07-27 10:49:20.521 [info] > git config --get commit.template [0ms]
2023-07-27 10:49:20.534 [info] > git config --get commit.template [1ms]
2023-07-27 10:49:20.548 [info] > git for-each-ref --format=%(refname)%00%(upstream:short)%00%(objectname)%00%(upstream:track)%00%(upstream:remotename)%00%(upstream:remoteref) refs/heads/2LINUSTEST refs/remotes/2LINUSTEST [2ms]
2023-07-27 10:49:20.601 [info] > git status -z -uall [42ms]
2023-07-27 10:49:20.652 [info] > git config --get commit.template [3ms]
2023-07-27 10:49:20.663 [info] > git for-each-ref --format=%(refname)%00%(upstream:short)%00%(objectname)%00%(upstream:track)%00%(upstream:remotename)%00%(upstream:remoteref) refs/heads/2LINUSTEST refs/remotes/2LINUSTEST [1ms]
2023-07-27 10:49:20.710 [info] > git status -z -uall [38ms]
2023-07-27 10:49:21.769 [info] > git ls-files --stage -- /home/linus/Documents/Zoezi/gymsystem/homepage/src/views/MyPage.vue [6ms]
2023-07-27 10:49:21.775 [info] > git ls-files --stage -- /home/linus/Documents/Zoezi/gymsystem/backend/services/api/src/db.py [7ms]
2023-07-27 10:49:21.780 [info] > git cat-file -s 7c6c70ab086686ba96a2620ba4438a01bb38ce86 [6ms]
2023-07-27 10:49:21.780 [info] > git cat-file -s 50a1967f728db83d0af6da36e46c46121536a646 [1ms]
2023-07-27 10:49:21.795 [info] > git show --textconv :homepage/src/views/MyPage.vue [8ms]
2023-07-27 10:49:21.800 [info] > git show --textconv :backend/services/api/src/db.py [6ms]
2023-07-27 10:49:22.954 [info] > git config --get commit.template [9ms]
2023-07-27 10:49:22.955 [info] > git for-each-ref --format=%(refname)%00%(upstream:short)%00%(objectname)%00%(upstream:track)%00%(upstream:remotename)%00%(upstream:remoteref) refs/heads/2LINUSTEST refs/remotes/2LINUSTEST [2ms]
2023-07-27 10:49:22.997 [info] > git status -z -uall [35ms]
2023-07-27 10:49:25.436 [info] > git check-ignore -v -z --stdin [8ms]
2023-07-27 10:52:30.267 [info] > git config --get commit.template [52ms]
2023-07-27 10:52:30.269 [info] > git for-each-ref --format=%(refname)%00%(upstream:short)%00%(objectname)%00%(upstream:track)%00%(upstream:remotename)%00%(upstream:remoteref) refs/heads/2LINUSTEST refs/remotes/2LINUSTEST [7ms]
2023-07-27 10:52:30.388 [info] > git status -z -uall [93ms]
2023-07-27 10:52:35.412 [info] > git config --get commit.template [6ms]
2023-07-27 10:52:35.412 [info] > git for-each-ref --format=%(refname)%00%(upstream:short)%00%(objectname)%00%(upstream:track)%00%(upstream:remotename)%00%(upstream:remoteref) refs/heads/2LINUSTEST refs/remotes/2LINUSTEST [1ms]
2023-07-27 10:52:35.462 [info] > git status -z -uall [39ms]
2023-07-27 10:53:29.333 [info] > git config --get commit.template [8ms]
2023-07-27 10:53:29.334 [info] > git for-each-ref --format=%(refname)%00%(upstream:short)%00%(objectname)%00%(upstream:track)%00%(upstream:remotename)%00%(upstream:remoteref) refs/heads/2LINUSTEST refs/remotes/2LINUSTEST [2ms]
2023-07-27 10:53:29.383 [info] > git status -z -uall [41ms]
2023-07-27 10:54:03.102 [info] > git config --get commit.template [10ms]
2023-07-27 10:54:03.107 [info] > git for-each-ref --format=%(refname)%00%(upstream:short)%00%(objectname)%00%(upstream:track)%00%(upstream:remotename)%00%(upstream:remoteref) refs/heads/2LINUSTEST refs/remotes/2LINUSTEST [5ms]
2023-07-27 10:54:03.469 [info] > git status -z -uall [354ms]
2023-07-27 10:54:30.771 [info] > git config --get commit.template [7ms]
2023-07-27 10:54:30.772 [info] > git for-each-ref --format=%(refname)%00%(upstream:short)%00%(objectname)%00%(upstream:track)%00%(upstream:remotename)%00%(upstream:remoteref) refs/heads/2LINUSTEST refs/remotes/2LINUSTEST [1ms]
2023-07-27 10:54:30.810 [info] > git status -z -uall [33ms]
2023-07-27 10:54:43.398 [info] > git config --get commit.template [9ms]
2023-07-27 10:54:43.399 [info] > git for-each-ref --format=%(refname)%00%(upstream:short)%00%(objectname)%00%(upstream:track)%00%(upstream:remotename)%00%(upstream:remoteref) refs/heads/2LINUSTEST refs/remotes/2LINUSTEST [1ms]
2023-07-27 10:54:43.457 [info] > git status -z -uall [44ms]
2023-07-27 10:55:03.228 [info] > git config --get commit.template [11ms]
2023-07-27 10:55:03.228 [info] > git for-each-ref --format=%(refname)%00%(upstream:short)%00%(objectname)%00%(upstream:track)%00%(upstream:remotename)%00%(upstream:remoteref) refs/heads/2LINUSTEST refs/remotes/2LINUSTEST [1ms]
2023-07-27 10:55:03.278 [info] > git status -z -uall [41ms]
2023-07-27 10:55:24.207 [info] > git config --get commit.template [6ms]
2023-07-27 10:55:24.207 [info] > git for-each-ref --format=%(refname)%00%(upstream:short)%00%(objectname)%00%(upstream:track)%00%(upstream:remotename)%00%(upstream:remoteref) refs/heads/2LINUSTEST refs/remotes/2LINUSTEST [1ms]
2023-07-27 10:55:24.252 [info] > git status -z -uall [39ms]
2023-07-27 10:55:32.291 [info] > git for-each-ref --format=%(refname)%00%(upstream:short)%00%(objectname)%00%(upstream:track)%00%(upstream:remotename)%00%(upstream:remoteref) refs/heads/2LINUSTEST refs/remotes/2LINUSTEST [1ms]
2023-07-27 10:55:32.292 [info] > git config --get commit.template [9ms]
2023-07-27 10:55:32.337 [info] > git status -z -uall [38ms]
2023-07-27 10:55:43.864 [info] > git config --get commit.template [6ms]
2023-07-27 10:55:43.865 [info] > git for-each-ref --format=%(refname)%00%(upstream:short)%00%(objectname)%00%(upstream:track)%00%(upstream:remotename)%00%(upstream:remoteref) refs/heads/2LINUSTEST refs/remotes/2LINUSTEST [1ms]
2023-07-27 10:55:43.903 [info] > git status -z -uall [33ms]
2023-07-27 10:55:54.447 [info] > git config --get commit.template [11ms]
2023-07-27 10:55:54.447 [info] > git for-each-ref --format=%(refname)%00%(upstream:short)%00%(objectname)%00%(upstream:track)%00%(upstream:remotename)%00%(upstream:remoteref) refs/heads/2LINUSTEST refs/remotes/2LINUSTEST [1ms]
2023-07-27 10:55:54.494 [info] > git status -z -uall [37ms]
2023-07-27 10:55:59.510 [info] > git config --get commit.template [6ms]
2023-07-27 10:55:59.510 [info] > git for-each-ref --format=%(refname)%00%(upstream:short)%00%(objectname)%00%(upstream:track)%00%(upstream:remotename)%00%(upstream:remoteref) refs/heads/2LINUSTEST refs/remotes/2LINUSTEST [1ms]
2023-07-27 10:55:59.548 [info] > git status -z -uall [32ms]
2023-07-27 10:56:04.563 [info] > git config --get commit.template [5ms]
2023-07-27 10:56:04.564 [info] > git for-each-ref --format=%(refname)%00%(upstream:short)%00%(objectname)%00%(upstream:track)%00%(upstream:remotename)%00%(upstream:remoteref) refs/heads/2LINUSTEST refs/remotes/2LINUSTEST [1ms]
2023-07-27 10:56:04.605 [info] > git status -z -uall [36ms]
2023-07-27 10:56:09.621 [info] > git config --get commit.template [6ms]
2023-07-27 10:56:09.622 [info] > git for-each-ref --format=%(refname)%00%(upstream:short)%00%(objectname)%00%(upstream:track)%00%(upstream:remotename)%00%(upstream:remoteref) refs/heads/2LINUSTEST refs/remotes/2LINUSTEST [1ms]
2023-07-27 10:56:09.664 [info] > git status -z -uall [36ms]
2023-07-27 10:56:33.802 [info] > git config --get commit.template [10ms]
2023-07-27 10:56:33.803 [info] > git for-each-ref --format=%(refname)%00%(upstream:short)%00%(objectname)%00%(upstream:track)%00%(upstream:remotename)%00%(upstream:remoteref) refs/heads/2LINUSTEST refs/remotes/2LINUSTEST [1ms]
2023-07-27 10:56:33.847 [info] > git status -z -uall [37ms]
