2023-07-26 14:09:53.180 [info] Log level: Info
2023-07-26 14:09:53.180 [info] Validating found git in: "git"
2023-07-26 14:09:53.181 [info] Using git "2.40.1" from "git"
2023-07-26 14:09:53.183 [info] > git rev-parse --show-toplevel [11ms]
2023-07-26 14:09:53.203 [info] > git rev-parse --git-dir --git-common-dir [8ms]
2023-07-26 14:09:53.210 [info] Open repository: /home/linus/Documents/Zoezi/gymsystem
2023-07-26 14:09:53.224 [info] > git rev-parse --show-toplevel [8ms]
2023-07-26 14:09:53.238 [info] > git rev-parse --show-toplevel [8ms]
2023-07-26 14:09:53.244 [info] > git config --get commit.template [20ms]
2023-07-26 14:09:53.245 [info] > git rev-parse --show-toplevel [2ms]
2023-07-26 14:09:53.254 [info] > git rev-parse --show-toplevel [6ms]
2023-07-26 14:09:53.262 [info] > git rev-parse --show-toplevel [2ms]
2023-07-26 14:09:53.272 [info] > git rev-parse --show-toplevel [2ms]
2023-07-26 14:09:53.278 [info] > git for-each-ref --format=%(refname)%00%(upstream:short)%00%(objectname)%00%(upstream:track)%00%(upstream:remotename)%00%(upstream:remoteref) refs/heads/PROD-22 refs/remotes/PROD-22 [25ms]
2023-07-26 14:09:53.284 [info] > git rev-parse --show-toplevel [7ms]
2023-07-26 14:09:53.293 [info] > git rev-parse --show-toplevel [1ms]
2023-07-26 14:09:53.299 [info] > git rev-parse --show-toplevel [1ms]
2023-07-26 14:09:53.308 [info] > git rev-parse --show-toplevel [1ms]
2023-07-26 14:09:53.314 [info] > git rev-parse --show-toplevel [0ms]
2023-07-26 14:09:53.320 [info] > git rev-parse --show-toplevel [1ms]
2023-07-26 14:09:53.327 [info] > git rev-parse --show-toplevel [1ms]
2023-07-26 14:09:53.332 [info] > git rev-parse --show-toplevel [1ms]
2023-07-26 14:09:53.337 [info] > git rev-parse --show-toplevel [1ms]
2023-07-26 14:09:53.343 [info] > git rev-parse --show-toplevel [1ms]
2023-07-26 14:09:53.506 [info] > git status -z -uall [223ms]
2023-07-26 14:09:53.524 [info] > git config --get commit.template [7ms]
2023-07-26 14:09:53.525 [info] > git for-each-ref --format=%(refname)%00%(upstream:short)%00%(objectname)%00%(upstream:track)%00%(upstream:remotename)%00%(upstream:remoteref) refs/heads/PROD-22 refs/remotes/PROD-22 [1ms]
2023-07-26 14:09:53.583 [info] > git status -z -uall [52ms]
2023-07-26 14:09:53.754 [info] > git check-ignore -v -z --stdin [11ms]
2023-07-26 14:09:54.043 [info] > git ls-files --stage -- /home/linus/Documents/Zoezi/gymsystem/backend/services/api/src/db.py [4ms]
2023-07-26 14:09:54.050 [info] > git show --textconv :backend/services/api/src/db.py [19ms]
2023-07-26 14:09:54.054 [info] > git cat-file -s 1d66856e8fba06d95bb7f655e988cfb8d2ab353a [4ms]
2023-07-26 14:10:03.909 [info] > git show --textconv :frontend/src/client/scripts/app.js [53ms]
2023-07-26 14:10:03.910 [info] > git ls-files --stage -- /home/linus/Documents/Zoezi/gymsystem/frontend/src/client/scripts/app.js [36ms]
2023-07-26 14:10:03.932 [info] > git cat-file -s c7a6845dc6950900c26d038248696987e1f04218 [10ms]
2023-07-26 14:10:04.174 [info] > git check-ignore -v -z --stdin [23ms]
2023-07-26 14:10:23.503 [info] > git check-ignore -v -z --stdin [8ms]
2023-07-26 14:10:44.933 [info] > git config --get commit.template [12ms]
2023-07-26 14:10:44.955 [info] > git ls-files --stage -- /home/linus/Documents/Zoezi/gymsystem/backend/services/api/src/db.py [12ms]
2023-07-26 14:10:44.964 [info] > git for-each-ref --format=%(refname)%00%(upstream:short)%00%(objectname)%00%(upstream:track)%00%(upstream:remotename)%00%(upstream:remoteref) refs/heads/PROD-22 refs/remotes/PROD-22 [33ms]
2023-07-26 14:10:44.975 [info] > git cat-file -s 1d66856e8fba06d95bb7f655e988cfb8d2ab353a [11ms]
2023-07-26 14:10:44.976 [info] > git ls-files --stage -- /home/linus/Documents/Zoezi/gymsystem/frontend/src/client/scripts/app.js [23ms]
2023-07-26 14:10:45.007 [info] > git cat-file -s c7a6845dc6950900c26d038248696987e1f04218 [11ms]
2023-07-26 14:10:45.017 [info] > git show --textconv :backend/services/api/src/db.py [11ms]
2023-07-26 14:10:45.049 [info] > git show --textconv :frontend/src/client/scripts/app.js [12ms]
2023-07-26 14:10:45.204 [info] > git status -z -uall [230ms]
2023-07-26 14:11:46.849 [info] > git config --get commit.template [12ms]
2023-07-26 14:11:46.849 [info] > git for-each-ref --format=%(refname)%00%(upstream:short)%00%(objectname)%00%(upstream:track)%00%(upstream:remotename)%00%(upstream:remoteref) refs/heads/PROD-22 refs/remotes/PROD-22 [2ms]
2023-07-26 14:11:46.906 [info] > git status -z -uall [47ms]
2023-07-26 14:11:51.924 [info] > git config --get commit.template [6ms]
2023-07-26 14:11:51.925 [info] > git for-each-ref --format=%(refname)%00%(upstream:short)%00%(objectname)%00%(upstream:track)%00%(upstream:remotename)%00%(upstream:remoteref) refs/heads/PROD-22 refs/remotes/PROD-22 [1ms]
2023-07-26 14:11:51.966 [info] > git status -z -uall [37ms]
2023-07-26 14:17:20.965 [info] > git config --get commit.template [11ms]
2023-07-26 14:17:20.970 [info] > git for-each-ref --format=%(refname)%00%(upstream:short)%00%(objectname)%00%(upstream:track)%00%(upstream:remotename)%00%(upstream:remoteref) refs/heads/PROD-22 refs/remotes/PROD-22 [5ms]
2023-07-26 14:17:21.173 [info] > git status -z -uall [195ms]
2023-07-26 14:17:26.186 [info] > git config --get commit.template [4ms]
2023-07-26 14:17:26.187 [info] > git for-each-ref --format=%(refname)%00%(upstream:short)%00%(objectname)%00%(upstream:track)%00%(upstream:remotename)%00%(upstream:remoteref) refs/heads/PROD-22 refs/remotes/PROD-22 [1ms]
2023-07-26 14:17:26.220 [info] > git status -z -uall [30ms]
2023-07-26 14:21:19.345 [info] > git config --get commit.template [7ms]
2023-07-26 14:21:19.346 [info] > git for-each-ref --format=%(refname)%00%(upstream:short)%00%(objectname)%00%(upstream:track)%00%(upstream:remotename)%00%(upstream:remoteref) refs/heads/PROD-22 refs/remotes/PROD-22 [1ms]
2023-07-26 14:21:19.402 [info] > git status -z -uall [49ms]
2023-07-26 14:21:41.451 [info] > git config --get commit.template [11ms]
2023-07-26 14:21:41.451 [info] > git for-each-ref --format=%(refname)%00%(upstream:short)%00%(objectname)%00%(upstream:track)%00%(upstream:remotename)%00%(upstream:remoteref) refs/heads/PROD-22 refs/remotes/PROD-22 [2ms]
2023-07-26 14:21:41.479 [info] > git ls-files --stage -- /home/linus/Documents/Zoezi/gymsystem/backend/services/api/src/db.py [8ms]
2023-07-26 14:21:41.491 [info] > git ls-files --stage -- /home/linus/Documents/Zoezi/gymsystem/frontend/src/client/scripts/app.js [12ms]
2023-07-26 14:21:41.502 [info] > git cat-file -s 1d66856e8fba06d95bb7f655e988cfb8d2ab353a [12ms]
2023-07-26 14:21:41.504 [info] > git cat-file -s 07c0705885733c0f6bfe7bfc71daaa3b66c3e3f9 [2ms]
2023-07-26 14:21:41.505 [info] > git status -z -uall [46ms]
2023-07-26 14:21:41.536 [info] > git show --textconv :backend/services/api/src/db.py [15ms]
2023-07-26 14:21:41.544 [info] > git show --textconv :frontend/src/client/scripts/app.js [12ms]
2023-07-26 14:29:18.176 [info] > git ls-files --stage -- /home/linus/Documents/Zoezi/gymsystem/backend/services/api/src/db.py [11ms]
2023-07-26 14:29:18.187 [info] > git config --get commit.template [35ms]
2023-07-26 14:29:18.197 [info] > git ls-files --stage -- /home/linus/Documents/Zoezi/gymsystem/frontend/src/client/scripts/app.js [23ms]
2023-07-26 14:29:18.220 [info] > git for-each-ref --format=%(refname)%00%(upstream:short)%00%(objectname)%00%(upstream:track)%00%(upstream:remotename)%00%(upstream:remoteref) refs/heads/PROD-22 refs/remotes/PROD-22 [23ms]
2023-07-26 14:29:18.231 [info] > git cat-file -s 1d66856e8fba06d95bb7f655e988cfb8d2ab353a [45ms]
2023-07-26 14:29:18.232 [info] > git cat-file -s 07c0705885733c0f6bfe7bfc71daaa3b66c3e3f9 [13ms]
2023-07-26 14:29:18.277 [info] > git status -z -uall [47ms]
2023-07-26 14:29:18.280 [info] > git show --textconv :backend/services/api/src/db.py [13ms]
2023-07-26 14:29:18.286 [info] > git show --textconv :frontend/src/client/scripts/app.js [10ms]
2023-07-26 14:30:19.703 [info] > git config --get commit.template [9ms]
2023-07-26 14:30:19.706 [info] > git for-each-ref --format=%(refname)%00%(upstream:short)%00%(objectname)%00%(upstream:track)%00%(upstream:remotename)%00%(upstream:remoteref) refs/heads/PROD-22 refs/remotes/PROD-22 [5ms]
2023-07-26 14:30:19.956 [info] > git status -z -uall [243ms]
2023-07-26 14:35:00.372 [info] > git check-ignore -v -z --stdin [37ms]
2023-07-26 14:39:25.671 [info] > git ls-files --stage -- /home/linus/Documents/Zoezi/gymsystem/backend/services/api/src/db.py [8ms]
2023-07-26 14:39:25.681 [info] > git config --get commit.template [30ms]
2023-07-26 14:39:25.691 [info] > git ls-files --stage -- /home/linus/Documents/Zoezi/gymsystem/frontend/src/client/scripts/app.js [21ms]
2023-07-26 14:39:25.699 [info] > git for-each-ref --format=%(refname)%00%(upstream:short)%00%(objectname)%00%(upstream:track)%00%(upstream:remotename)%00%(upstream:remoteref) refs/heads/2LINUSTEST refs/remotes/2LINUSTEST [10ms]
2023-07-26 14:39:25.708 [info] > git cat-file -s daaeaacc5774cfe1fad67c1346fe408c935e5946 [28ms]
2023-07-26 14:39:25.709 [info] > git cat-file -s a75759900899369ae5e998f8506e96f402424352 [11ms]
2023-07-26 14:39:25.756 [info] > git show --textconv :backend/services/api/src/db.py [17ms]
2023-07-26 14:39:25.760 [info] > git status -z -uall [52ms]
2023-07-26 14:39:25.764 [info] > git show --textconv :frontend/src/client/scripts/app.js [14ms]
2023-07-26 14:39:58.440 [info] > git ls-files --stage -- /home/linus/Documents/Zoezi/gymsystem/backend/services/api/src/db.py [12ms]
2023-07-26 14:39:58.454 [info] > git config --get commit.template [35ms]
2023-07-26 14:39:58.464 [info] > git cat-file -s 48d662b1f9b2d9f16b4dbf5a09c4ebf51aa22fc7 [11ms]
2023-07-26 14:39:58.465 [info] > git ls-files --stage -- /home/linus/Documents/Zoezi/gymsystem/frontend/src/client/scripts/app.js [26ms]
2023-07-26 14:39:58.474 [info] > git for-each-ref --format=%(refname)%00%(upstream:short)%00%(objectname)%00%(upstream:track)%00%(upstream:remotename)%00%(upstream:remoteref) refs/heads/PROD-48 refs/remotes/PROD-48 [11ms]
2023-07-26 14:39:58.485 [info] > git cat-file -s a96fee9a95f3647b9783ad9bae9ee75d9ec9a6b1 [11ms]
2023-07-26 14:39:58.511 [info] > git show --textconv :backend/services/api/src/db.py [14ms]
2023-07-26 14:39:58.518 [info] > git show --textconv :frontend/src/client/scripts/app.js [9ms]
2023-07-26 14:39:58.527 [info] > git status -z -uall [43ms]
2023-07-26 14:42:26.728 [info] > git config --get commit.template [15ms]
2023-07-26 14:42:26.737 [info] > git for-each-ref --format=%(refname)%00%(upstream:short)%00%(objectname)%00%(upstream:track)%00%(upstream:remotename)%00%(upstream:remoteref) refs/heads/PROD-48 refs/remotes/PROD-48 [10ms]
2023-07-26 14:42:26.907 [info] > git status -z -uall [159ms]
2023-07-26 14:42:31.928 [info] > git config --get commit.template [8ms]
2023-07-26 14:42:31.928 [info] > git for-each-ref --format=%(refname)%00%(upstream:short)%00%(objectname)%00%(upstream:track)%00%(upstream:remotename)%00%(upstream:remoteref) refs/heads/PROD-48 refs/remotes/PROD-48 [1ms]
2023-07-26 14:42:31.988 [info] > git status -z -uall [40ms]
2023-07-26 14:42:49.529 [info] > git show --textconv :frontend/staffnext/src/components/FavouriteButton.vue [12ms]
2023-07-26 14:42:49.531 [info] > git ls-files --stage -- /home/linus/Documents/Zoezi/gymsystem/frontend/staffnext/src/components/FavouriteButton.vue [3ms]
2023-07-26 14:42:49.545 [info] > git cat-file -s 7d831b1d051a70944b4f2ee3af0da9370469a923 [2ms]
2023-07-26 14:42:49.782 [info] > git check-ignore -v -z --stdin [3ms]
2023-07-26 14:42:56.480 [info] > git config --get commit.template [6ms]
2023-07-26 14:42:56.480 [info] > git for-each-ref --format=%(refname)%00%(upstream:short)%00%(objectname)%00%(upstream:track)%00%(upstream:remotename)%00%(upstream:remoteref) refs/heads/PROD-48 refs/remotes/PROD-48 [1ms]
2023-07-26 14:42:56.524 [info] > git status -z -uall [38ms]
2023-07-26 14:43:46.580 [info] > git config --get commit.template [5ms]
2023-07-26 14:43:46.581 [info] > git for-each-ref --format=%(refname)%00%(upstream:short)%00%(objectname)%00%(upstream:track)%00%(upstream:remotename)%00%(upstream:remoteref) refs/heads/PROD-48 refs/remotes/PROD-48 [1ms]
2023-07-26 14:43:46.628 [info] > git status -z -uall [40ms]
2023-07-26 14:51:03.706 [info] > git config --get commit.template [25ms]
2023-07-26 14:51:03.714 [info] > git for-each-ref --format=%(refname)%00%(upstream:short)%00%(objectname)%00%(upstream:track)%00%(upstream:remotename)%00%(upstream:remoteref) refs/heads/PROD-48 refs/remotes/PROD-48 [12ms]
2023-07-26 14:51:03.977 [info] > git status -z -uall [243ms]
2023-07-26 14:51:20.435 [info] > git config --get commit.template [19ms]
2023-07-26 14:51:20.435 [info] > git for-each-ref --format=%(refname)%00%(upstream:short)%00%(objectname)%00%(upstream:track)%00%(upstream:remotename)%00%(upstream:remoteref) refs/heads/PROD-48 refs/remotes/PROD-48 [3ms]
2023-07-26 14:51:20.548 [info] > git status -z -uall [94ms]
2023-07-26 14:51:39.494 [info] > git config --get commit.template [20ms]
2023-07-26 14:51:39.495 [info] > git for-each-ref --format=%(refname)%00%(upstream:short)%00%(objectname)%00%(upstream:track)%00%(upstream:remotename)%00%(upstream:remoteref) refs/heads/PROD-48 refs/remotes/PROD-48 [2ms]
2023-07-26 14:51:39.600 [info] > git status -z -uall [82ms]
2023-07-26 14:52:12.001 [info] > git config --get commit.template [2ms]
2023-07-26 14:52:12.016 [info] > git for-each-ref --format=%(refname)%00%(upstream:short)%00%(objectname)%00%(upstream:track)%00%(upstream:remotename)%00%(upstream:remoteref) refs/heads/PROD-48 refs/remotes/PROD-48 [3ms]
2023-07-26 14:52:12.093 [info] > git status -z -uall [65ms]
2023-07-26 14:53:13.812 [info] > git config --get commit.template [11ms]
2023-07-26 14:53:13.813 [info] > git for-each-ref --format=%(refname)%00%(upstream:short)%00%(objectname)%00%(upstream:track)%00%(upstream:remotename)%00%(upstream:remoteref) refs/heads/PROD-48 refs/remotes/PROD-48 [2ms]
2023-07-26 14:53:13.885 [info] > git status -z -uall [60ms]
2023-07-26 14:54:15.559 [info] > git config --get commit.template [14ms]
2023-07-26 14:54:15.560 [info] > git for-each-ref --format=%(refname)%00%(upstream:short)%00%(objectname)%00%(upstream:track)%00%(upstream:remotename)%00%(upstream:remoteref) refs/heads/PROD-48 refs/remotes/PROD-48 [2ms]
2023-07-26 14:54:15.644 [info] > git status -z -uall [70ms]
2023-07-26 14:55:17.339 [info] > git config --get commit.template [2ms]
2023-07-26 14:55:17.352 [info] > git for-each-ref --format=%(refname)%00%(upstream:short)%00%(objectname)%00%(upstream:track)%00%(upstream:remotename)%00%(upstream:remoteref) refs/heads/PROD-48 refs/remotes/PROD-48 [2ms]
2023-07-26 14:55:17.431 [info] > git status -z -uall [68ms]
2023-07-26 14:56:19.110 [info] > git config --get commit.template [13ms]
2023-07-26 14:56:19.110 [info] > git for-each-ref --format=%(refname)%00%(upstream:short)%00%(objectname)%00%(upstream:track)%00%(upstream:remotename)%00%(upstream:remoteref) refs/heads/PROD-48 refs/remotes/PROD-48 [1ms]
2023-07-26 14:56:19.184 [info] > git status -z -uall [62ms]
2023-07-26 15:03:58.294 [info] > git config --get commit.template [21ms]
2023-07-26 15:03:58.295 [info] > git for-each-ref --format=%(refname)%00%(upstream:short)%00%(objectname)%00%(upstream:track)%00%(upstream:remotename)%00%(upstream:remoteref) refs/heads/PROD-48 refs/remotes/PROD-48 [2ms]
2023-07-26 15:03:58.414 [info] > git status -z -uall [105ms]
2023-07-26 15:04:07.772 [info] > git config --get commit.template [26ms]
2023-07-26 15:04:07.774 [info] > git for-each-ref --format=%(refname)%00%(upstream:short)%00%(objectname)%00%(upstream:track)%00%(upstream:remotename)%00%(upstream:remoteref) refs/heads/PROD-48 refs/remotes/PROD-48 [4ms]
2023-07-26 15:04:07.888 [info] > git status -z -uall [95ms]
2023-07-26 15:05:59.190 [info] > git config --get commit.template [18ms]
2023-07-26 15:05:59.193 [info] > git for-each-ref --format=%(refname)%00%(upstream:short)%00%(objectname)%00%(upstream:track)%00%(upstream:remotename)%00%(upstream:remoteref) refs/heads/PROD-48 refs/remotes/PROD-48 [4ms]
2023-07-26 15:05:59.320 [info] > git status -z -uall [108ms]
2023-07-26 15:07:12.987 [info] > git config --get commit.template [15ms]
2023-07-26 15:07:12.998 [info] > git for-each-ref --format=%(refname)%00%(upstream:short)%00%(objectname)%00%(upstream:track)%00%(upstream:remotename)%00%(upstream:remoteref) refs/heads/PROD-48 refs/remotes/PROD-48 [12ms]
2023-07-26 15:07:13.155 [info] > git status -z -uall [140ms]
2023-07-26 15:07:34.340 [info] > git config --get commit.template [16ms]
2023-07-26 15:07:34.346 [info] > git for-each-ref --format=%(refname)%00%(upstream:short)%00%(objectname)%00%(upstream:track)%00%(upstream:remotename)%00%(upstream:remoteref) refs/heads/PROD-48 refs/remotes/PROD-48 [7ms]
2023-07-26 15:07:34.588 [info] > git status -z -uall [224ms]
2023-07-26 15:11:09.586 [info] > git config --get commit.template [18ms]
2023-07-26 15:11:09.592 [info] > git for-each-ref --format=%(refname)%00%(upstream:short)%00%(objectname)%00%(upstream:track)%00%(upstream:remotename)%00%(upstream:remoteref) refs/heads/PROD-48 refs/remotes/PROD-48 [7ms]
2023-07-26 15:11:09.868 [info] > git status -z -uall [259ms]
2023-07-26 15:17:56.138 [info] > git config --get commit.template [32ms]
2023-07-26 15:17:56.147 [info] > git for-each-ref --format=%(refname)%00%(upstream:short)%00%(objectname)%00%(upstream:track)%00%(upstream:remotename)%00%(upstream:remoteref) refs/heads/PROD-48 refs/remotes/PROD-48 [11ms]
2023-07-26 15:17:56.425 [info] > git status -z -uall [258ms]
2023-07-26 15:37:36.348 [info] > git config --get commit.template [28ms]
2023-07-26 15:37:36.355 [info] > git for-each-ref --format=%(refname)%00%(upstream:short)%00%(objectname)%00%(upstream:track)%00%(upstream:remotename)%00%(upstream:remoteref) refs/heads/PROD-48 refs/remotes/PROD-48 [8ms]
2023-07-26 15:37:36.647 [info] > git status -z -uall [274ms]
2023-07-26 15:37:41.667 [info] > git config --get commit.template [6ms]
2023-07-26 15:37:41.668 [info] > git for-each-ref --format=%(refname)%00%(upstream:short)%00%(objectname)%00%(upstream:track)%00%(upstream:remotename)%00%(upstream:remoteref) refs/heads/PROD-48 refs/remotes/PROD-48 [1ms]
2023-07-26 15:37:41.716 [info] > git status -z -uall [42ms]
2023-07-26 15:38:24.912 [info] > git config --get commit.template [6ms]
2023-07-26 15:38:24.912 [info] > git for-each-ref --format=%(refname)%00%(upstream:short)%00%(objectname)%00%(upstream:track)%00%(upstream:remotename)%00%(upstream:remoteref) refs/heads/PROD-48 refs/remotes/PROD-48 [1ms]
2023-07-26 15:38:24.957 [info] > git status -z -uall [38ms]
2023-07-26 15:39:26.355 [info] > git config --get commit.template [6ms]
2023-07-26 15:39:26.356 [info] > git for-each-ref --format=%(refname)%00%(upstream:short)%00%(objectname)%00%(upstream:track)%00%(upstream:remotename)%00%(upstream:remoteref) refs/heads/PROD-48 refs/remotes/PROD-48 [2ms]
2023-07-26 15:39:26.400 [info] > git status -z -uall [40ms]
2023-07-26 15:40:27.788 [info] > git config --get commit.template [8ms]
2023-07-26 15:40:27.788 [info] > git for-each-ref --format=%(refname)%00%(upstream:short)%00%(objectname)%00%(upstream:track)%00%(upstream:remotename)%00%(upstream:remoteref) refs/heads/PROD-48 refs/remotes/PROD-48 [1ms]
2023-07-26 15:40:27.832 [info] > git status -z -uall [39ms]
2023-07-26 15:41:29.224 [info] > git config --get commit.template [6ms]
2023-07-26 15:41:29.224 [info] > git for-each-ref --format=%(refname)%00%(upstream:short)%00%(objectname)%00%(upstream:track)%00%(upstream:remotename)%00%(upstream:remoteref) refs/heads/PROD-48 refs/remotes/PROD-48 [1ms]
2023-07-26 15:41:29.269 [info] > git status -z -uall [41ms]
2023-07-26 15:42:54.992 [info] > git config --get commit.template [8ms]
2023-07-26 15:42:54.993 [info] > git for-each-ref --format=%(refname)%00%(upstream:short)%00%(objectname)%00%(upstream:track)%00%(upstream:remotename)%00%(upstream:remoteref) refs/heads/PROD-48 refs/remotes/PROD-48 [2ms]
2023-07-26 15:42:55.045 [info] > git status -z -uall [46ms]
2023-07-26 15:43:00.055 [info] > git config --get commit.template [1ms]
2023-07-26 15:43:00.064 [info] > git for-each-ref --format=%(refname)%00%(upstream:short)%00%(objectname)%00%(upstream:track)%00%(upstream:remotename)%00%(upstream:remoteref) refs/heads/PROD-48 refs/remotes/PROD-48 [1ms]
2023-07-26 15:43:00.110 [info] > git status -z -uall [41ms]
2023-07-26 15:43:25.593 [info] > git config --get commit.template [5ms]
2023-07-26 15:43:25.594 [info] > git for-each-ref --format=%(refname)%00%(upstream:short)%00%(objectname)%00%(upstream:track)%00%(upstream:remotename)%00%(upstream:remoteref) refs/heads/PROD-48 refs/remotes/PROD-48 [1ms]
2023-07-26 15:43:25.642 [info] > git status -z -uall [41ms]
2023-07-26 15:43:32.191 [info] > git config --get commit.template [7ms]
2023-07-26 15:43:32.191 [info] > git for-each-ref --format=%(refname)%00%(upstream:short)%00%(objectname)%00%(upstream:track)%00%(upstream:remotename)%00%(upstream:remoteref) refs/heads/PROD-48 refs/remotes/PROD-48 [1ms]
2023-07-26 15:43:32.245 [info] > git status -z -uall [47ms]
2023-07-26 15:44:05.242 [info] > git config --get commit.template [5ms]
2023-07-26 15:44:05.243 [info] > git for-each-ref --format=%(refname)%00%(upstream:short)%00%(objectname)%00%(upstream:track)%00%(upstream:remotename)%00%(upstream:remoteref) refs/heads/PROD-48 refs/remotes/PROD-48 [1ms]
2023-07-26 15:44:05.288 [info] > git status -z -uall [39ms]
2023-07-26 15:44:17.791 [info] > git config --get commit.template [14ms]
2023-07-26 15:44:17.792 [info] > git for-each-ref --format=%(refname)%00%(upstream:short)%00%(objectname)%00%(upstream:track)%00%(upstream:remotename)%00%(upstream:remoteref) refs/heads/PROD-48 refs/remotes/PROD-48 [2ms]
2023-07-26 15:44:17.861 [info] > git status -z -uall [57ms]
2023-07-26 15:44:31.117 [info] > git config --get commit.template [13ms]
2023-07-26 15:44:31.117 [info] > git for-each-ref --format=%(refname)%00%(upstream:short)%00%(objectname)%00%(upstream:track)%00%(upstream:remotename)%00%(upstream:remoteref) refs/heads/PROD-48 refs/remotes/PROD-48 [2ms]
2023-07-26 15:44:31.175 [info] > git status -z -uall [47ms]
2023-07-26 15:44:36.190 [info] > git config --get commit.template [7ms]
2023-07-26 15:44:36.191 [info] > git for-each-ref --format=%(refname)%00%(upstream:short)%00%(objectname)%00%(upstream:track)%00%(upstream:remotename)%00%(upstream:remoteref) refs/heads/PROD-48 refs/remotes/PROD-48 [1ms]
2023-07-26 15:44:36.238 [info] > git status -z -uall [42ms]
2023-07-26 15:45:31.090 [info] > git config --get commit.template [5ms]
2023-07-26 15:45:31.091 [info] > git for-each-ref --format=%(refname)%00%(upstream:short)%00%(objectname)%00%(upstream:track)%00%(upstream:remotename)%00%(upstream:remoteref) refs/heads/PROD-48 refs/remotes/PROD-48 [1ms]
2023-07-26 15:45:31.138 [info] > git status -z -uall [43ms]
2023-07-26 15:45:36.155 [info] > git config --get commit.template [7ms]
2023-07-26 15:45:36.156 [info] > git for-each-ref --format=%(refname)%00%(upstream:short)%00%(objectname)%00%(upstream:track)%00%(upstream:remotename)%00%(upstream:remoteref) refs/heads/PROD-48 refs/remotes/PROD-48 [1ms]
2023-07-26 15:45:36.199 [info] > git status -z -uall [38ms]
2023-07-26 15:46:10.664 [info] > git config --get commit.template [5ms]
2023-07-26 15:46:10.665 [info] > git for-each-ref --format=%(refname)%00%(upstream:short)%00%(objectname)%00%(upstream:track)%00%(upstream:remotename)%00%(upstream:remoteref) refs/heads/PROD-48 refs/remotes/PROD-48 [2ms]
2023-07-26 15:46:10.709 [info] > git status -z -uall [38ms]
2023-07-26 15:46:15.724 [info] > git config --get commit.template [7ms]
2023-07-26 15:46:15.724 [info] > git for-each-ref --format=%(refname)%00%(upstream:short)%00%(objectname)%00%(upstream:track)%00%(upstream:remotename)%00%(upstream:remoteref) refs/heads/PROD-48 refs/remotes/PROD-48 [1ms]
2023-07-26 15:46:15.768 [info] > git status -z -uall [39ms]
2023-07-26 15:46:42.428 [info] > git config --get commit.template [15ms]
2023-07-26 15:46:42.430 [info] > git for-each-ref --format=%(refname)%00%(upstream:short)%00%(objectname)%00%(upstream:track)%00%(upstream:remotename)%00%(upstream:remoteref) refs/heads/PROD-48 refs/remotes/PROD-48 [3ms]
2023-07-26 15:46:42.500 [info] > git status -z -uall [57ms]
2023-07-26 15:47:05.403 [info] > git config --get commit.template [9ms]
2023-07-26 15:47:05.404 [info] > git for-each-ref --format=%(refname)%00%(upstream:short)%00%(objectname)%00%(upstream:track)%00%(upstream:remotename)%00%(upstream:remoteref) refs/heads/PROD-48 refs/remotes/PROD-48 [2ms]
2023-07-26 15:47:05.457 [info] > git status -z -uall [47ms]
2023-07-26 15:47:38.049 [info] > git config --get commit.template [5ms]
2023-07-26 15:47:38.051 [info] > git for-each-ref --format=%(refname)%00%(upstream:short)%00%(objectname)%00%(upstream:track)%00%(upstream:remotename)%00%(upstream:remoteref) refs/heads/PROD-48 refs/remotes/PROD-48 [2ms]
2023-07-26 15:47:38.097 [info] > git status -z -uall [39ms]
2023-07-26 15:48:39.500 [info] > git config --get commit.template [7ms]
2023-07-26 15:48:39.500 [info] > git for-each-ref --format=%(refname)%00%(upstream:short)%00%(objectname)%00%(upstream:track)%00%(upstream:remotename)%00%(upstream:remoteref) refs/heads/PROD-48 refs/remotes/PROD-48 [1ms]
2023-07-26 15:48:39.546 [info] > git status -z -uall [38ms]
2023-07-26 15:48:59.388 [info] > git config --get commit.template [5ms]
2023-07-26 15:48:59.389 [info] > git for-each-ref --format=%(refname)%00%(upstream:short)%00%(objectname)%00%(upstream:track)%00%(upstream:remotename)%00%(upstream:remoteref) refs/heads/PROD-48 refs/remotes/PROD-48 [1ms]
2023-07-26 15:48:59.432 [info] > git status -z -uall [38ms]
2023-07-26 15:49:40.966 [info] > git config --get commit.template [5ms]
2023-07-26 15:49:40.967 [info] > git for-each-ref --format=%(refname)%00%(upstream:short)%00%(objectname)%00%(upstream:track)%00%(upstream:remotename)%00%(upstream:remoteref) refs/heads/PROD-48 refs/remotes/PROD-48 [1ms]
2023-07-26 15:49:41.014 [info] > git status -z -uall [39ms]
2023-07-26 15:50:42.413 [info] > git config --get commit.template [9ms]
2023-07-26 15:50:42.414 [info] > git for-each-ref --format=%(refname)%00%(upstream:short)%00%(objectname)%00%(upstream:track)%00%(upstream:remotename)%00%(upstream:remoteref) refs/heads/PROD-48 refs/remotes/PROD-48 [1ms]
2023-07-26 15:50:42.460 [info] > git status -z -uall [41ms]
2023-07-26 15:50:47.474 [info] > git config --get commit.template [5ms]
2023-07-26 15:50:47.475 [info] > git for-each-ref --format=%(refname)%00%(upstream:short)%00%(objectname)%00%(upstream:track)%00%(upstream:remotename)%00%(upstream:remoteref) refs/heads/PROD-48 refs/remotes/PROD-48 [2ms]
2023-07-26 15:50:47.522 [info] > git status -z -uall [40ms]
2023-07-26 15:51:07.683 [info] > git config --get commit.template [8ms]
2023-07-26 15:51:07.688 [info] > git for-each-ref --format=%(refname)%00%(upstream:short)%00%(objectname)%00%(upstream:track)%00%(upstream:remotename)%00%(upstream:remoteref) refs/heads/PROD-48 refs/remotes/PROD-48 [5ms]
2023-07-26 15:51:07.870 [info] > git status -z -uall [174ms]
2023-07-26 15:51:40.079 [info] > git config --get commit.template [13ms]
2023-07-26 15:51:40.080 [info] > git for-each-ref --format=%(refname)%00%(upstream:short)%00%(objectname)%00%(upstream:track)%00%(upstream:remotename)%00%(upstream:remoteref) refs/heads/PROD-48 refs/remotes/PROD-48 [1ms]
2023-07-26 15:51:40.137 [info] > git status -z -uall [47ms]
2023-07-26 15:51:45.147 [info] > git config --get commit.template [1ms]
2023-07-26 15:51:45.154 [info] > git for-each-ref --format=%(refname)%00%(upstream:short)%00%(objectname)%00%(upstream:track)%00%(upstream:remotename)%00%(upstream:remoteref) refs/heads/PROD-48 refs/remotes/PROD-48 [1ms]
2023-07-26 15:51:45.203 [info] > git status -z -uall [43ms]
2023-07-26 15:52:05.872 [info] > git config --get commit.template [6ms]
2023-07-26 15:52:05.872 [info] > git for-each-ref --format=%(refname)%00%(upstream:short)%00%(objectname)%00%(upstream:track)%00%(upstream:remotename)%00%(upstream:remoteref) refs/heads/PROD-48 refs/remotes/PROD-48 [1ms]
2023-07-26 15:52:05.922 [info] > git status -z -uall [40ms]
2023-07-26 15:52:45.885 [info] > git config --get commit.template [26ms]
2023-07-26 15:52:45.886 [info] > git for-each-ref --format=%(refname)%00%(upstream:short)%00%(objectname)%00%(upstream:track)%00%(upstream:remotename)%00%(upstream:remoteref) refs/heads/PROD-48 refs/remotes/PROD-48 [2ms]
2023-07-26 15:52:45.990 [info] > git status -z -uall [90ms]
2023-07-26 15:52:51.010 [info] > git config --get commit.template [6ms]
2023-07-26 15:52:51.010 [info] > git for-each-ref --format=%(refname)%00%(upstream:short)%00%(objectname)%00%(upstream:track)%00%(upstream:remotename)%00%(upstream:remoteref) refs/heads/PROD-48 refs/remotes/PROD-48 [1ms]
2023-07-26 15:52:51.060 [info] > git status -z -uall [42ms]
2023-07-26 15:53:56.303 [info] > git config --get commit.template [20ms]
2023-07-26 15:53:56.305 [info] > git for-each-ref --format=%(refname)%00%(upstream:short)%00%(objectname)%00%(upstream:track)%00%(upstream:remotename)%00%(upstream:remoteref) refs/heads/PROD-48 refs/remotes/PROD-48 [3ms]
2023-07-26 15:53:56.392 [info] > git status -z -uall [69ms]
2023-07-26 15:54:01.414 [info] > git config --get commit.template [11ms]
2023-07-26 15:54:01.415 [info] > git for-each-ref --format=%(refname)%00%(upstream:short)%00%(objectname)%00%(upstream:track)%00%(upstream:remotename)%00%(upstream:remoteref) refs/heads/PROD-48 refs/remotes/PROD-48 [1ms]
2023-07-26 15:54:01.466 [info] > git status -z -uall [41ms]
2023-07-26 15:54:31.624 [info] > git config --get commit.template [5ms]
2023-07-26 15:54:31.625 [info] > git for-each-ref --format=%(refname)%00%(upstream:short)%00%(objectname)%00%(upstream:track)%00%(upstream:remotename)%00%(upstream:remoteref) refs/heads/PROD-48 refs/remotes/PROD-48 [1ms]
2023-07-26 15:54:31.670 [info] > git status -z -uall [38ms]
2023-07-26 15:54:39.222 [info] > git config --get commit.template [7ms]
2023-07-26 15:54:39.223 [info] > git for-each-ref --format=%(refname)%00%(upstream:short)%00%(objectname)%00%(upstream:track)%00%(upstream:remotename)%00%(upstream:remoteref) refs/heads/PROD-48 refs/remotes/PROD-48 [1ms]
2023-07-26 15:54:39.269 [info] > git status -z -uall [41ms]
2023-07-26 15:54:48.288 [info] > git config --get commit.template [6ms]
2023-07-26 15:54:48.289 [info] > git for-each-ref --format=%(refname)%00%(upstream:short)%00%(objectname)%00%(upstream:track)%00%(upstream:remotename)%00%(upstream:remoteref) refs/heads/PROD-48 refs/remotes/PROD-48 [1ms]
2023-07-26 15:54:48.341 [info] > git status -z -uall [44ms]
2023-07-26 15:54:53.358 [info] > git config --get commit.template [4ms]
2023-07-26 15:54:53.358 [info] > git for-each-ref --format=%(refname)%00%(upstream:short)%00%(objectname)%00%(upstream:track)%00%(upstream:remotename)%00%(upstream:remoteref) refs/heads/PROD-48 refs/remotes/PROD-48 [1ms]
2023-07-26 15:54:53.406 [info] > git status -z -uall [41ms]
2023-07-26 15:57:03.848 [info] > git config --get commit.template [26ms]
2023-07-26 15:57:03.856 [info] > git for-each-ref --format=%(refname)%00%(upstream:short)%00%(objectname)%00%(upstream:track)%00%(upstream:remotename)%00%(upstream:remoteref) refs/heads/PROD-48 refs/remotes/PROD-48 [8ms]
2023-07-26 15:57:04.135 [info] > git status -z -uall [260ms]
2023-07-26 15:57:54.388 [info] > git config --get commit.template [12ms]
2023-07-26 15:57:54.403 [info] > git for-each-ref --format=%(refname)%00%(upstream:short)%00%(objectname)%00%(upstream:track)%00%(upstream:remotename)%00%(upstream:remoteref) refs/heads/PROD-48 refs/remotes/PROD-48 [16ms]
2023-07-26 15:57:54.579 [info] > git status -z -uall [166ms]
2023-07-26 15:57:59.594 [info] > git config --get commit.template [5ms]
2023-07-26 15:57:59.595 [info] > git for-each-ref --format=%(refname)%00%(upstream:short)%00%(objectname)%00%(upstream:track)%00%(upstream:remotename)%00%(upstream:remoteref) refs/heads/PROD-48 refs/remotes/PROD-48 [1ms]
2023-07-26 15:57:59.641 [info] > git status -z -uall [41ms]
2023-07-26 15:58:29.551 [info] > git check-ignore -v -z --stdin [20ms]
2023-07-26 15:58:31.637 [info] > git check-ignore -v -z --stdin [3ms]
2023-07-26 15:58:32.222 [info] > git check-ignore -v -z --stdin [3ms]
2023-07-26 15:58:35.705 [info] > git check-ignore -v -z --stdin [3ms]
2023-07-26 15:58:37.650 [info] > git check-ignore -v -z --stdin [5ms]
2023-07-26 15:58:40.273 [info] > git check-ignore -v -z --stdin [4ms]
2023-07-26 15:58:42.012 [info] > git show --textconv :frontend/staffnext/src/service/MenuService.ts [14ms]
2023-07-26 15:58:42.015 [info] > git ls-files --stage -- /home/linus/Documents/Zoezi/gymsystem/frontend/staffnext/src/service/MenuService.ts [4ms]
2023-07-26 15:58:42.029 [info] > git cat-file -s f656333f5d88f61af767a927c8ade9d12441c266 [2ms]
2023-07-26 15:58:47.171 [info] > git show --textconv :frontend/staffnext/src/service/StoreService.ts [6ms]
2023-07-26 15:58:47.174 [info] > git ls-files --stage -- /home/linus/Documents/Zoezi/gymsystem/frontend/staffnext/src/service/StoreService.ts [4ms]
2023-07-26 15:58:47.185 [info] > git cat-file -s 87145e5f7b930c8ec71a5caa3e4879632921ed91 [1ms]
2023-07-26 15:58:54.124 [info] > git config --get commit.template [5ms]
2023-07-26 15:58:54.128 [info] > git for-each-ref --format=%(refname)%00%(upstream:short)%00%(objectname)%00%(upstream:track)%00%(upstream:remotename)%00%(upstream:remoteref) refs/heads/PROD-48 refs/remotes/PROD-48 [5ms]
2023-07-26 15:58:54.291 [info] > git status -z -uall [157ms]
2023-07-26 16:00:09.481 [info] > git ls-files --stage -- /home/linus/Documents/Zoezi/gymsystem/frontend/staffnext/src/components/FavouriteButton.vue [12ms]
2023-07-26 16:00:09.489 [info] > git ls-files --stage -- /home/linus/Documents/Zoezi/gymsystem/frontend/src/client/scripts/app.js [27ms]
2023-07-26 16:00:09.499 [info] > git ls-files --stage -- /home/linus/Documents/Zoezi/gymsystem/backend/services/api/src/db.py [48ms]
2023-07-26 16:00:09.505 [info] > git config --get commit.template [65ms]
2023-07-26 16:00:09.515 [info] > git cat-file -s a96fee9a95f3647b9783ad9bae9ee75d9ec9a6b1 [17ms]
2023-07-26 16:00:09.516 [info] > git cat-file -s de08a5cdef2e043db3d20cc10fbaf4f4c0004e10 [28ms]
2023-07-26 16:00:09.516 [info] > git ls-files --stage -- /home/linus/Documents/Zoezi/gymsystem/frontend/staffnext/src/service/StoreService.ts [36ms]
2023-07-26 16:00:09.527 [info] > git for-each-ref --format=%(refname)%00%(upstream:short)%00%(objectname)%00%(upstream:track)%00%(upstream:remotename)%00%(upstream:remoteref) refs/heads/PROD-48 refs/remotes/PROD-48 [12ms]
2023-07-26 16:00:09.536 [info] > git cat-file -s 48d662b1f9b2d9f16b4dbf5a09c4ebf51aa22fc7 [31ms]
2023-07-26 16:00:09.548 [info] > git cat-file -s 87145e5f7b930c8ec71a5caa3e4879632921ed91 [22ms]
2023-07-26 16:00:09.570 [info] > git show --textconv :frontend/staffnext/src/components/FavouriteButton.vue [11ms]
2023-07-26 16:00:09.584 [info] > git status -z -uall [49ms]
2023-07-26 16:00:09.584 [info] > git show --textconv :frontend/src/client/scripts/app.js [37ms]
2023-07-26 16:00:09.590 [info] > git show --textconv :backend/services/api/src/db.py [21ms]
2023-07-26 16:00:09.590 [info] > git show --textconv :frontend/staffnext/src/service/StoreService.ts [7ms]
2023-07-26 16:00:12.186 [info] > git check-ignore -v -z --stdin [3ms]
2023-07-26 16:00:36.173 [info] > git config --get commit.template [14ms]
2023-07-26 16:00:36.174 [info] > git for-each-ref --format=%(refname)%00%(upstream:short)%00%(objectname)%00%(upstream:track)%00%(upstream:remotename)%00%(upstream:remoteref) refs/heads/PROD-48 refs/remotes/PROD-48 [2ms]
2023-07-26 16:00:36.249 [info] > git status -z -uall [58ms]
2023-07-26 16:00:57.002 [info] > git config --get commit.template [8ms]
2023-07-26 16:00:57.002 [info] > git for-each-ref --format=%(refname)%00%(upstream:short)%00%(objectname)%00%(upstream:track)%00%(upstream:remotename)%00%(upstream:remoteref) refs/heads/PROD-48 refs/remotes/PROD-48 [1ms]
2023-07-26 16:00:57.038 [info] > git status -z -uall [31ms]
2023-07-26 16:02:02.928 [info] > git config --get commit.template [17ms]
2023-07-26 16:02:02.934 [info] > git for-each-ref --format=%(refname)%00%(upstream:short)%00%(objectname)%00%(upstream:track)%00%(upstream:remotename)%00%(upstream:remoteref) refs/heads/PROD-48 refs/remotes/PROD-48 [6ms]
2023-07-26 16:02:03.121 [info] > git status -z -uall [174ms]
2023-07-26 16:02:08.140 [info] > git config --get commit.template [7ms]
2023-07-26 16:02:08.140 [info] > git for-each-ref --format=%(refname)%00%(upstream:short)%00%(objectname)%00%(upstream:track)%00%(upstream:remotename)%00%(upstream:remoteref) refs/heads/PROD-48 refs/remotes/PROD-48 [1ms]
2023-07-26 16:02:08.180 [info] > git status -z -uall [35ms]
2023-07-26 16:02:31.554 [info] > git config --get commit.template [1ms]
2023-07-26 16:02:31.567 [info] > git for-each-ref --format=%(refname)%00%(upstream:short)%00%(objectname)%00%(upstream:track)%00%(upstream:remotename)%00%(upstream:remoteref) refs/heads/PROD-48 refs/remotes/PROD-48 [1ms]
2023-07-26 16:02:31.618 [info] > git status -z -uall [42ms]
2023-07-26 16:04:59.551 [info] > git config --get commit.template [17ms]
2023-07-26 16:04:59.556 [info] > git for-each-ref --format=%(refname)%00%(upstream:short)%00%(objectname)%00%(upstream:track)%00%(upstream:remotename)%00%(upstream:remoteref) refs/heads/PROD-48 refs/remotes/PROD-48 [6ms]
2023-07-26 16:04:59.747 [info] > git status -z -uall [178ms]
2023-07-26 16:05:04.763 [info] > git config --get commit.template [5ms]
2023-07-26 16:05:04.764 [info] > git for-each-ref --format=%(refname)%00%(upstream:short)%00%(objectname)%00%(upstream:track)%00%(upstream:remotename)%00%(upstream:remoteref) refs/heads/PROD-48 refs/remotes/PROD-48 [1ms]
2023-07-26 16:05:04.803 [info] > git status -z -uall [31ms]
2023-07-26 16:05:12.267 [info] > git config --get commit.template [1ms]
2023-07-26 16:05:12.277 [info] > git for-each-ref --format=%(refname)%00%(upstream:short)%00%(objectname)%00%(upstream:track)%00%(upstream:remotename)%00%(upstream:remoteref) refs/heads/PROD-48 refs/remotes/PROD-48 [2ms]
2023-07-26 16:05:12.318 [info] > git status -z -uall [35ms]
2023-07-26 16:05:12.379 [info] > git ls-files --stage -- /home/linus/Documents/Zoezi/gymsystem/frontend/src/client/scripts/app.js [9ms]
2023-07-26 16:05:12.384 [info] > git ls-files --stage -- /home/linus/Documents/Zoezi/gymsystem/backend/services/api/src/db.py [20ms]
2023-07-26 16:05:12.398 [info] > git cat-file -s 48d662b1f9b2d9f16b4dbf5a09c4ebf51aa22fc7 [8ms]
2023-07-26 16:05:12.399 [info] > git cat-file -s a96fee9a95f3647b9783ad9bae9ee75d9ec9a6b1 [16ms]
2023-07-26 16:05:12.399 [info] > git ls-files --stage -- /home/linus/Documents/Zoezi/gymsystem/frontend/staffnext/src/components/FavouriteButton.vue [20ms]
2023-07-26 16:05:12.406 [info] > git ls-files --stage -- /home/linus/Documents/Zoezi/gymsystem/frontend/staffnext/src/service/StoreService.ts [8ms]
2023-07-26 16:05:12.428 [info] > git cat-file -s 87145e5f7b930c8ec71a5caa3e4879632921ed91 [15ms]
2023-07-26 16:05:12.429 [info] > git cat-file -s de08a5cdef2e043db3d20cc10fbaf4f4c0004e10 [24ms]
2023-07-26 16:05:12.429 [info] > git show --textconv :backend/services/api/src/db.py [10ms]
2023-07-26 16:05:12.454 [info] > git show --textconv :frontend/staffnext/src/service/StoreService.ts [11ms]
2023-07-26 16:05:12.454 [info] > git show --textconv :frontend/src/client/scripts/app.js [27ms]
2023-07-26 16:05:12.458 [info] > git show --textconv :frontend/staffnext/src/components/FavouriteButton.vue [6ms]
2023-07-26 16:05:21.145 [info] > git check-ignore -v -z --stdin [9ms]
2023-07-26 16:05:23.783 [info] > git check-ignore -v -z --stdin [12ms]
2023-07-26 16:05:31.077 [info] > git check-ignore -v -z --stdin [6ms]
2023-07-26 16:05:34.626 [info] > git check-ignore -v -z --stdin [3ms]
2023-07-26 16:05:36.170 [info] > git check-ignore -v -z --stdin [3ms]
2023-07-26 16:05:37.265 [info] > git check-ignore -v -z --stdin [2ms]
2023-07-26 16:05:38.489 [info] > git check-ignore -v -z --stdin [4ms]
2023-07-26 16:05:39.458 [info] > git check-ignore -v -z --stdin [7ms]
2023-07-26 16:05:55.319 [info] > git show --textconv :frontend/staffnext/src/service/ResourceSearchProvider.ts [6ms]
2023-07-26 16:05:55.320 [info] > git ls-files --stage -- /home/linus/Documents/Zoezi/gymsystem/frontend/staffnext/src/service/ResourceSearchProvider.ts [2ms]
2023-07-26 16:05:55.329 [info] > git cat-file -s a468121068da58202441df935dae405238d19c69 [1ms]
2023-07-26 16:05:56.359 [info] > git show --textconv :frontend/staffnext/src/service/AppSearchProvider.ts [13ms]
2023-07-26 16:05:56.361 [info] > git ls-files --stage -- /home/linus/Documents/Zoezi/gymsystem/frontend/staffnext/src/service/AppSearchProvider.ts [4ms]
2023-07-26 16:05:56.373 [info] > git cat-file -s f6ca7d81cd51ca4638b93ee29512728d48ad4f73 [1ms]
2023-07-26 16:05:57.448 [info] > git show --textconv :frontend/staffnext/src/service/CustomerSearchProvider.ts [9ms]
2023-07-26 16:05:57.450 [info] > git ls-files --stage -- /home/linus/Documents/Zoezi/gymsystem/frontend/staffnext/src/service/CustomerSearchProvider.ts [2ms]
2023-07-26 16:05:57.456 [info] > git cat-file -s 6f2116998abf6a52ed1eabdeb7e1d8e7fc73a26c [1ms]
2023-07-26 16:06:03.062 [info] > git show --textconv :frontend/staffnext/src/components/FavouriteButton.vue [9ms]
2023-07-26 16:06:03.064 [info] > git ls-files --stage -- /home/linus/Documents/Zoezi/gymsystem/frontend/staffnext/src/components/FavouriteButton.vue [2ms]
2023-07-26 16:06:03.073 [info] > git cat-file -s de08a5cdef2e043db3d20cc10fbaf4f4c0004e10 [1ms]
2023-07-26 16:06:04.367 [info] > git for-each-ref --format=%(refname)%00%(upstream:short)%00%(objectname)%00%(upstream:track)%00%(upstream:remotename)%00%(upstream:remoteref) refs/heads/PROD-48 refs/remotes/PROD-48 [3ms]
2023-07-26 16:06:04.367 [info] > git config --get commit.template [7ms]
2023-07-26 16:06:04.406 [info] > git status -z -uall [33ms]
2023-07-26 16:06:11.457 [info] > git config --get commit.template [9ms]
2023-07-26 16:06:11.458 [info] > git for-each-ref --format=%(refname)%00%(upstream:short)%00%(objectname)%00%(upstream:track)%00%(upstream:remotename)%00%(upstream:remoteref) refs/heads/PROD-48 refs/remotes/PROD-48 [1ms]
2023-07-26 16:06:11.508 [info] > git status -z -uall [41ms]
2023-07-26 16:07:13.766 [info] > git config --get commit.template [13ms]
2023-07-26 16:07:13.768 [info] > git for-each-ref --format=%(refname)%00%(upstream:short)%00%(objectname)%00%(upstream:track)%00%(upstream:remotename)%00%(upstream:remoteref) refs/heads/PROD-48 refs/remotes/PROD-48 [3ms]
2023-07-26 16:07:13.820 [info] > git status -z -uall [39ms]
2023-07-26 16:07:18.833 [info] > git config --get commit.template [5ms]
2023-07-26 16:07:18.834 [info] > git for-each-ref --format=%(refname)%00%(upstream:short)%00%(objectname)%00%(upstream:track)%00%(upstream:remotename)%00%(upstream:remoteref) refs/heads/PROD-48 refs/remotes/PROD-48 [1ms]
2023-07-26 16:07:18.870 [info] > git status -z -uall [32ms]
2023-07-26 16:07:32.338 [info] > git config --get commit.template [5ms]
2023-07-26 16:07:32.339 [info] > git for-each-ref --format=%(refname)%00%(upstream:short)%00%(objectname)%00%(upstream:track)%00%(upstream:remotename)%00%(upstream:remoteref) refs/heads/PROD-48 refs/remotes/PROD-48 [1ms]
2023-07-26 16:07:32.375 [info] > git status -z -uall [32ms]
2023-07-26 16:09:38.398 [info] > git config --get commit.template [16ms]
2023-07-26 16:09:38.399 [info] > git for-each-ref --format=%(refname)%00%(upstream:short)%00%(objectname)%00%(upstream:track)%00%(upstream:remotename)%00%(upstream:remoteref) refs/heads/PROD-48 refs/remotes/PROD-48 [2ms]
2023-07-26 16:09:38.514 [info] > git status -z -uall [102ms]
2023-07-26 16:09:43.533 [info] > git config --get commit.template [9ms]
2023-07-26 16:09:43.536 [info] > git for-each-ref --format=%(refname)%00%(upstream:short)%00%(objectname)%00%(upstream:track)%00%(upstream:remotename)%00%(upstream:remoteref) refs/heads/PROD-48 refs/remotes/PROD-48 [4ms]
2023-07-26 16:09:43.594 [info] > git status -z -uall [53ms]
2023-07-26 16:09:57.257 [info] > git config --get commit.template [6ms]
2023-07-26 16:09:57.257 [info] > git for-each-ref --format=%(refname)%00%(upstream:short)%00%(objectname)%00%(upstream:track)%00%(upstream:remotename)%00%(upstream:remoteref) refs/heads/PROD-48 refs/remotes/PROD-48 [1ms]
2023-07-26 16:09:57.308 [info] > git status -z -uall [40ms]
2023-07-26 16:10:02.319 [info] > git config --get commit.template [1ms]
2023-07-26 16:10:02.337 [info] > git for-each-ref --format=%(refname)%00%(upstream:short)%00%(objectname)%00%(upstream:track)%00%(upstream:remotename)%00%(upstream:remoteref) refs/heads/PROD-48 refs/remotes/PROD-48 [3ms]
2023-07-26 16:10:02.387 [info] > git status -z -uall [40ms]
2023-07-26 16:10:10.144 [info] > git config --get commit.template [1ms]
2023-07-26 16:10:10.155 [info] > git for-each-ref --format=%(refname)%00%(upstream:short)%00%(objectname)%00%(upstream:track)%00%(upstream:remotename)%00%(upstream:remoteref) refs/heads/PROD-48 refs/remotes/PROD-48 [1ms]
2023-07-26 16:10:10.198 [info] > git status -z -uall [36ms]
2023-07-26 16:10:17.541 [info] > git show --textconv :frontend/staffnext/src/service/StoreService.ts [8ms]
2023-07-26 16:10:17.544 [info] > git ls-files --stage -- /home/linus/Documents/Zoezi/gymsystem/frontend/staffnext/src/service/StoreService.ts [4ms]
2023-07-26 16:10:17.552 [info] > git cat-file -s 87145e5f7b930c8ec71a5caa3e4879632921ed91 [1ms]
2023-07-26 16:11:07.244 [info] > git show --textconv :frontend/staffnext/src/service/UserService.ts [8ms]
2023-07-26 16:11:07.245 [info] > git ls-files --stage -- /home/linus/Documents/Zoezi/gymsystem/frontend/staffnext/src/service/UserService.ts [2ms]
2023-07-26 16:11:07.257 [info] > git cat-file -s e0b327b6942c7c9a0471693b34cddb56437e306d [2ms]
2023-07-26 16:11:11.611 [info] > git config --get commit.template [1ms]
2023-07-26 16:11:11.618 [info] > git for-each-ref --format=%(refname)%00%(upstream:short)%00%(objectname)%00%(upstream:track)%00%(upstream:remotename)%00%(upstream:remoteref) refs/heads/PROD-48 refs/remotes/PROD-48 [1ms]
2023-07-26 16:11:11.653 [info] > git status -z -uall [31ms]
2023-07-26 16:12:04.641 [info] > git config --get commit.template [5ms]
2023-07-26 16:12:04.642 [info] > git for-each-ref --format=%(refname)%00%(upstream:short)%00%(objectname)%00%(upstream:track)%00%(upstream:remotename)%00%(upstream:remoteref) refs/heads/PROD-48 refs/remotes/PROD-48 [1ms]
2023-07-26 16:12:04.678 [info] > git status -z -uall [31ms]
2023-07-26 16:12:39.196 [info] > git config --get commit.template [2ms]
2023-07-26 16:12:39.248 [info] > git ls-files --stage -- /home/linus/Documents/Zoezi/gymsystem/frontend/staffnext/src/service/StoreService.ts [13ms]
2023-07-26 16:12:39.257 [info] > git ls-files --stage -- /home/linus/Documents/Zoezi/gymsystem/frontend/staffnext/src/components/FavouriteButton.vue [32ms]
2023-07-26 16:12:39.266 [info] > git ls-files --stage -- /home/linus/Documents/Zoezi/gymsystem/frontend/src/client/scripts/app.js [51ms]
2023-07-26 16:12:39.275 [info] > git ls-files --stage -- /home/linus/Documents/Zoezi/gymsystem/backend/services/api/src/db.py [71ms]
2023-07-26 16:12:39.298 [info] > git cat-file -s a96fee9a95f3647b9783ad9bae9ee75d9ec9a6b1 [23ms]
2023-07-26 16:12:39.299 [info] > git cat-file -s 2111517f3d5d996fe9e9058f842d4c0e58a13d08 [33ms]
2023-07-26 16:12:39.299 [info] > git cat-file -s 87145e5f7b930c8ec71a5caa3e4879632921ed91 [42ms]
2023-07-26 16:12:39.299 [info] > git ls-files --stage -- /home/linus/Documents/Zoezi/gymsystem/frontend/staffnext/src/service/UserService.ts [52ms]
2023-07-26 16:12:39.307 [info] > git for-each-ref --format=%(refname)%00%(upstream:short)%00%(objectname)%00%(upstream:track)%00%(upstream:remotename)%00%(upstream:remoteref) refs/heads/PROD-48 refs/remotes/PROD-48 [9ms]
2023-07-26 16:12:39.316 [info] > git cat-file -s 48d662b1f9b2d9f16b4dbf5a09c4ebf51aa22fc7 [31ms]
2023-07-26 16:12:39.351 [info] > git show --textconv :frontend/staffnext/src/components/FavouriteButton.vue [13ms]
2023-07-26 16:12:39.352 [info] > git cat-file -s e0b327b6942c7c9a0471693b34cddb56437e306d [45ms]
2023-07-26 16:12:39.363 [info] > git status -z -uall [47ms]
2023-07-26 16:12:39.363 [info] > git show --textconv :frontend/src/client/scripts/app.js [35ms]
2023-07-26 16:12:39.363 [info] > git show --textconv :frontend/staffnext/src/service/StoreService.ts [13ms]
2023-07-26 16:12:39.383 [info] > git show --textconv :backend/services/api/src/db.py [21ms]
2023-07-26 16:12:39.386 [info] > git show --textconv :frontend/staffnext/src/service/UserService.ts [5ms]
2023-07-26 16:12:42.124 [info] > git ls-files --stage -- /home/linus/Documents/Zoezi/gymsystem/frontend/staffnext/src/service/StoreService.ts [5ms]
2023-07-26 16:12:42.129 [info] > git ls-files --stage -- /home/linus/Documents/Zoezi/gymsystem/frontend/staffnext/src/components/FavouriteButton.vue [16ms]
2023-07-26 16:12:42.134 [info] > git ls-files --stage -- /home/linus/Documents/Zoezi/gymsystem/frontend/src/client/scripts/app.js [27ms]
2023-07-26 16:12:42.138 [info] > git ls-files --stage -- /home/linus/Documents/Zoezi/gymsystem/backend/services/api/src/db.py [39ms]
2023-07-26 16:12:42.142 [info] > git cat-file -s a96fee9a95f3647b9783ad9bae9ee75d9ec9a6b1 [4ms]
2023-07-26 16:12:42.143 [info] > git cat-file -s 2111517f3d5d996fe9e9058f842d4c0e58a13d08 [9ms]
2023-07-26 16:12:42.143 [info] > git cat-file -s 87145e5f7b930c8ec71a5caa3e4879632921ed91 [14ms]
2023-07-26 16:12:42.143 [info] > git ls-files --stage -- /home/linus/Documents/Zoezi/gymsystem/frontend/staffnext/src/service/UserService.ts [19ms]
2023-07-26 16:12:42.149 [info] > git cat-file -s 48d662b1f9b2d9f16b4dbf5a09c4ebf51aa22fc7 [6ms]
2023-07-26 16:12:42.167 [info] > git show --textconv :frontend/staffnext/src/components/FavouriteButton.vue [6ms]
2023-07-26 16:12:42.167 [info] > git cat-file -s e0b327b6942c7c9a0471693b34cddb56437e306d [19ms]
2023-07-26 16:12:42.174 [info] > git show --textconv :frontend/src/client/scripts/app.js [20ms]
2023-07-26 16:12:42.174 [info] > git show --textconv :frontend/staffnext/src/service/StoreService.ts [8ms]
2023-07-26 16:12:42.187 [info] > git show --textconv :backend/services/api/src/db.py [13ms]
2023-07-26 16:12:42.190 [info] > git show --textconv :frontend/staffnext/src/service/UserService.ts [5ms]
2023-07-26 16:12:44.378 [info] > git config --get commit.template [6ms]
2023-07-26 16:12:44.379 [info] > git for-each-ref --format=%(refname)%00%(upstream:short)%00%(objectname)%00%(upstream:track)%00%(upstream:remotename)%00%(upstream:remoteref) refs/heads/PROD-48 refs/remotes/PROD-48 [1ms]
2023-07-26 16:12:44.417 [info] > git status -z -uall [32ms]
2023-07-26 16:18:37.415 [info] > git config --get commit.template [16ms]
2023-07-26 16:18:37.416 [info] > git for-each-ref --format=%(refname)%00%(upstream:short)%00%(objectname)%00%(upstream:track)%00%(upstream:remotename)%00%(upstream:remoteref) refs/heads/PROD-48 refs/remotes/PROD-48 [2ms]
2023-07-26 16:18:37.547 [info] > git status -z -uall [116ms]
2023-07-26 16:18:42.563 [info] > git config --get commit.template [5ms]
2023-07-26 16:18:42.564 [info] > git for-each-ref --format=%(refname)%00%(upstream:short)%00%(objectname)%00%(upstream:track)%00%(upstream:remotename)%00%(upstream:remoteref) refs/heads/PROD-48 refs/remotes/PROD-48 [1ms]
2023-07-26 16:18:42.603 [info] > git status -z -uall [34ms]
2023-07-26 16:18:49.808 [info] > git show --textconv :homepage/src/views/MyPage.vue [15ms]
2023-07-26 16:18:49.825 [info] > git ls-files --stage -- /home/linus/Documents/Zoezi/gymsystem/homepage/src/views/MyPage.vue [18ms]
2023-07-26 16:18:49.839 [info] > git cat-file -s 229f2dbf79eb04c1ea85e10ba717d2597513bd42 [3ms]
2023-07-26 16:18:50.032 [info] > git check-ignore -v -z --stdin [4ms]
2023-07-26 16:19:02.934 [info] > git show --textconv :homepage/src/views/MyEntryStats.vue [12ms]
2023-07-26 16:19:02.936 [info] > git ls-files --stage -- /home/linus/Documents/Zoezi/gymsystem/homepage/src/views/MyEntryStats.vue [3ms]
2023-07-26 16:19:02.948 [info] > git cat-file -s b48a84a4ec2bdee035af58a7fd1debcf70d2fe98 [2ms]
2023-07-26 16:19:03.197 [info] > git check-ignore -v -z --stdin [2ms]
2023-07-26 16:19:17.152 [info] > git ls-files --stage -- /home/linus/Documents/Zoezi/gymsystem/homepage/src/views/MyPage.vue [26ms]
2023-07-26 16:19:17.174 [info] > git ls-files --stage -- /home/linus/Documents/Zoezi/gymsystem/frontend/staffnext/src/service/UserService.ts [68ms]
2023-07-26 16:19:17.197 [info] > git ls-files --stage -- /home/linus/Documents/Zoezi/gymsystem/frontend/staffnext/src/service/StoreService.ts [128ms]
2023-07-26 16:19:17.214 [info] > git ls-files --stage -- /home/linus/Documents/Zoezi/gymsystem/frontend/staffnext/src/components/FavouriteButton.vue [167ms]
2023-07-26 16:19:17.238 [info] > git ls-files --stage -- /home/linus/Documents/Zoezi/gymsystem/frontend/src/client/scripts/app.js [219ms]
2023-07-26 16:19:17.271 [info] > git ls-files --stage -- /home/linus/Documents/Zoezi/gymsystem/backend/services/api/src/db.py [305ms]
2023-07-26 16:19:17.296 [info] > git cat-file -s a96fee9a95f3647b9783ad9bae9ee75d9ec9a6b1 [25ms]
2023-07-26 16:19:17.297 [info] > git cat-file -s 786fc8f9b392294fd2cd21021eeb98e7603ba65a [59ms]
2023-07-26 16:19:17.297 [info] > git cat-file -s 5d9aa3bd27d7dd5452aede4733063c7fce096653 [84ms]
2023-07-26 16:19:17.298 [info] > git cat-file -s e0b327b6942c7c9a0471693b34cddb56437e306d [101ms]
2023-07-26 16:19:17.299 [info] > git cat-file -s c758b92ec629a722834a64d30d4eb8d95344119c [124ms]
2023-07-26 16:19:17.299 [info] > git ls-files --stage -- /home/linus/Documents/Zoezi/gymsystem/homepage/src/views/MyEntryStats.vue [149ms]
2023-07-26 16:19:17.320 [info] > git cat-file -s 18864eadceb0a4f81d8d50e06ae53adf4296ee7f [26ms]
2023-07-26 16:19:17.438 [info] > git show --textconv :frontend/staffnext/src/components/FavouriteButton.vue [69ms]
2023-07-26 16:19:17.438 [info] > git show --textconv :frontend/staffnext/src/service/StoreService.ts [45ms]
2023-07-26 16:19:17.438 [info] > git show --textconv :frontend/staffnext/src/service/UserService.ts [23ms]
2023-07-26 16:19:17.440 [info] > git cat-file -s 795ff1cb155bb7db3d09d7986f5ec74f6f3b4931 [122ms]
2023-07-26 16:19:17.487 [info] > git show --textconv :frontend/src/client/scripts/app.js [139ms]
2023-07-26 16:19:17.487 [info] > git show --textconv :homepage/src/views/MyPage.vue [50ms]
2023-07-26 16:19:17.549 [info] > git show --textconv :homepage/src/views/MyEntryStats.vue [16ms]
2023-07-26 16:19:17.552 [info] > git show --textconv :backend/services/api/src/db.py [72ms]
2023-07-26 16:19:17.788 [info] > git config --get commit.template [22ms]
2023-07-26 16:19:17.789 [info] > git for-each-ref --format=%(refname)%00%(upstream:short)%00%(objectname)%00%(upstream:track)%00%(upstream:remotename)%00%(upstream:remoteref) refs/heads/PROD-45 refs/remotes/PROD-45 [3ms]
2023-07-26 16:19:17.950 [info] > git status -z -uall [135ms]
2023-07-26 16:19:22.975 [info] > git config --get commit.template [10ms]
2023-07-26 16:19:22.976 [info] > git for-each-ref --format=%(refname)%00%(upstream:short)%00%(objectname)%00%(upstream:track)%00%(upstream:remotename)%00%(upstream:remoteref) refs/heads/PROD-45 refs/remotes/PROD-45 [1ms]
2023-07-26 16:19:23.031 [info] > git status -z -uall [45ms]
2023-07-26 16:19:28.053 [info] > git config --get commit.template [10ms]
2023-07-26 16:19:28.054 [info] > git for-each-ref --format=%(refname)%00%(upstream:short)%00%(objectname)%00%(upstream:track)%00%(upstream:remotename)%00%(upstream:remoteref) refs/heads/PROD-45 refs/remotes/PROD-45 [2ms]
2023-07-26 16:19:28.113 [info] > git status -z -uall [50ms]
2023-07-26 16:35:40.501 [info] > git config --get commit.template [19ms]
2023-07-26 16:35:40.503 [info] > git for-each-ref --format=%(refname)%00%(upstream:short)%00%(objectname)%00%(upstream:track)%00%(upstream:remotename)%00%(upstream:remoteref) refs/heads/PROD-45 refs/remotes/PROD-45 [3ms]
2023-07-26 16:35:40.572 [info] > git status -z -uall [58ms]
2023-07-26 16:36:05.128 [info] > git ls-files --stage -- /home/linus/Documents/Zoezi/gymsystem/homepage/src/views/MyPage.vue [31ms]
2023-07-26 16:36:05.150 [info] > git ls-files --stage -- /home/linus/Documents/Zoezi/gymsystem/frontend/staffnext/src/service/UserService.ts [80ms]
2023-07-26 16:36:05.177 [info] > git ls-files --stage -- /home/linus/Documents/Zoezi/gymsystem/frontend/staffnext/src/service/StoreService.ts [143ms]
2023-07-26 16:36:05.199 [info] > git ls-files --stage -- /home/linus/Documents/Zoezi/gymsystem/frontend/staffnext/src/components/FavouriteButton.vue [199ms]
2023-07-26 16:36:05.222 [info] > git ls-files --stage -- /home/linus/Documents/Zoezi/gymsystem/frontend/src/client/scripts/app.js [251ms]
2023-07-26 16:36:05.243 [info] > git ls-files --stage -- /home/linus/Documents/Zoezi/gymsystem/backend/services/api/src/db.py [298ms]
2023-07-26 16:36:05.267 [info] > git config --get commit.template [345ms]
2023-07-26 16:36:05.301 [info] > git cat-file -s 48d662b1f9b2d9f16b4dbf5a09c4ebf51aa22fc7 [34ms]
2023-07-26 16:36:05.301 [info] > git cat-file -s a96fee9a95f3647b9783ad9bae9ee75d9ec9a6b1 [59ms]
2023-07-26 16:36:05.302 [info] > git cat-file -s 786fc8f9b392294fd2cd21021eeb98e7603ba65a [81ms]
2023-07-26 16:36:05.303 [info] > git cat-file -s 5d9aa3bd27d7dd5452aede4733063c7fce096653 [105ms]
2023-07-26 16:36:05.303 [info] > git cat-file -s e0b327b6942c7c9a0471693b34cddb56437e306d [127ms]
2023-07-26 16:36:05.304 [info] > git cat-file -s 229f2dbf79eb04c1ea85e10ba717d2597513bd42 [155ms]
2023-07-26 16:36:05.304 [info] > git ls-files --stage -- /home/linus/Documents/Zoezi/gymsystem/homepage/src/views/MyEntryStats.vue [181ms]
2023-07-26 16:36:05.332 [info] > git for-each-ref --format=%(refname)%00%(upstream:short)%00%(objectname)%00%(upstream:track)%00%(upstream:remotename)%00%(upstream:remoteref) refs/heads/PROD-23 refs/remotes/PROD-23 [34ms]
2023-07-26 16:36:05.536 [info] > git status -z -uall [182ms]
2023-07-26 16:36:05.536 [info] > git show --textconv :backend/services/api/src/db.py [154ms]
2023-07-26 16:36:05.536 [info] > git show --textconv :frontend/src/client/scripts/app.js [101ms]
2023-07-26 16:36:05.536 [info] > git show --textconv :frontend/staffnext/src/components/FavouriteButton.vue [78ms]
2023-07-26 16:36:05.536 [info] > git show --textconv :frontend/staffnext/src/service/StoreService.ts [55ms]
2023-07-26 16:36:05.536 [info] > git show --textconv :frontend/staffnext/src/service/UserService.ts [31ms]
2023-07-26 16:36:05.536 [info] > git show --textconv :homepage/src/views/MyPage.vue [7ms]
2023-07-26 16:36:05.542 [info] > git cat-file -s b48a84a4ec2bdee035af58a7fd1debcf70d2fe98 [212ms]
2023-07-26 16:36:05.585 [info] > git show --textconv :homepage/src/views/MyEntryStats.vue [7ms]
2023-07-26 16:36:10.562 [info] > git for-each-ref --format=%(refname)%00%(upstream:short)%00%(objectname)%00%(upstream:track)%00%(upstream:remotename)%00%(upstream:remoteref) refs/heads/PROD-23 refs/remotes/PROD-23 [1ms]
2023-07-26 16:36:10.562 [info] > git config --get commit.template [10ms]
2023-07-26 16:36:10.615 [info] > git status -z -uall [45ms]
2023-07-26 16:37:20.861 [info] > git ls-files --stage -- /home/linus/Documents/Zoezi/gymsystem/homepage/src/views/MyPage.vue [25ms]
2023-07-26 16:37:20.872 [info] > git ls-files --stage -- /home/linus/Documents/Zoezi/gymsystem/frontend/staffnext/src/service/UserService.ts [47ms]
2023-07-26 16:37:20.882 [info] > git ls-files --stage -- /home/linus/Documents/Zoezi/gymsystem/frontend/staffnext/src/service/StoreService.ts [70ms]
2023-07-26 16:37:20.897 [info] > git ls-files --stage -- /home/linus/Documents/Zoezi/gymsystem/frontend/staffnext/src/components/FavouriteButton.vue [98ms]
2023-07-26 16:37:20.910 [info] > git ls-files --stage -- /home/linus/Documents/Zoezi/gymsystem/frontend/src/client/scripts/app.js [122ms]
2023-07-26 16:37:20.922 [info] > git ls-files --stage -- /home/linus/Documents/Zoezi/gymsystem/backend/services/api/src/db.py [147ms]
2023-07-26 16:37:20.939 [info] > git config --get commit.template [176ms]
2023-07-26 16:37:20.940 [info] > git cat-file -s a96fee9a95f3647b9783ad9bae9ee75d9ec9a6b1 [18ms]
2023-07-26 16:37:20.941 [info] > git cat-file -s 786fc8f9b392294fd2cd21021eeb98e7603ba65a [31ms]
2023-07-26 16:37:20.941 [info] > git cat-file -s 5d9aa3bd27d7dd5452aede4733063c7fce096653 [44ms]
2023-07-26 16:37:20.942 [info] > git cat-file -s e0b327b6942c7c9a0471693b34cddb56437e306d [60ms]
2023-07-26 16:37:20.942 [info] > git cat-file -s 229f2dbf79eb04c1ea85e10ba717d2597513bd42 [71ms]
2023-07-26 16:37:20.942 [info] > git for-each-ref --format=%(refname)%00%(upstream:short)%00%(objectname)%00%(upstream:track)%00%(upstream:remotename)%00%(upstream:remoteref) refs/heads/PROD-23 refs/remotes/PROD-23 [83ms]
2023-07-26 16:37:20.956 [info] > git ls-files --stage -- /home/linus/Documents/Zoezi/gymsystem/homepage/src/views/MyEntryStats.vue [109ms]
2023-07-26 16:37:20.969 [info] > git cat-file -s 48d662b1f9b2d9f16b4dbf5a09c4ebf51aa22fc7 [29ms]
2023-07-26 16:37:21.047 [info] > git status -z -uall [92ms]
2023-07-26 16:37:21.047 [info] > git show --textconv :frontend/staffnext/src/components/FavouriteButton.vue [46ms]
2023-07-26 16:37:21.047 [info] > git show --textconv :frontend/staffnext/src/service/StoreService.ts [31ms]
2023-07-26 16:37:21.047 [info] > git show --textconv :frontend/staffnext/src/service/UserService.ts [14ms]
2023-07-26 16:37:21.051 [info] > git cat-file -s b48a84a4ec2bdee035af58a7fd1debcf70d2fe98 [82ms]
2023-07-26 16:37:21.066 [info] > git show --textconv :frontend/src/client/scripts/app.js [82ms]
2023-07-26 16:37:21.066 [info] > git show --textconv :homepage/src/views/MyPage.vue [21ms]
2023-07-26 16:37:21.089 [info] > git show --textconv :backend/services/api/src/db.py [24ms]
2023-07-26 16:37:21.104 [info] > git show --textconv :homepage/src/views/MyEntryStats.vue [17ms]
2023-07-26 16:37:26.063 [info] > git config --get commit.template [1ms]
2023-07-26 16:37:26.071 [info] > git for-each-ref --format=%(refname)%00%(upstream:short)%00%(objectname)%00%(upstream:track)%00%(upstream:remotename)%00%(upstream:remoteref) refs/heads/PROD-23 refs/remotes/PROD-23 [1ms]
2023-07-26 16:37:26.110 [info] > git status -z -uall [34ms]
2023-07-26 16:38:11.468 [info] > git config --get commit.template [6ms]
2023-07-26 16:38:11.468 [info] > git for-each-ref --format=%(refname)%00%(upstream:short)%00%(objectname)%00%(upstream:track)%00%(upstream:remotename)%00%(upstream:remoteref) refs/heads/PROD-23 refs/remotes/PROD-23 [1ms]
2023-07-26 16:38:11.507 [info] > git status -z -uall [34ms]
2023-07-26 16:38:26.604 [info] > git check-ignore -v -z --stdin [8ms]
2023-07-26 16:38:32.452 [info] > git check-ignore -v -z --stdin [8ms]
2023-07-26 16:38:33.776 [info] > git check-ignore -v -z --stdin [5ms]
2023-07-26 16:38:37.020 [info] > git check-ignore -v -z --stdin [4ms]
2023-07-26 16:38:49.002 [info] > git check-ignore -v -z --stdin [4ms]
2023-07-26 16:39:08.543 [info] > git show --textconv :frontend/staffnext/src/pages/AllActivities.vue [7ms]
2023-07-26 16:39:08.545 [info] > git ls-files --stage -- /home/linus/Documents/Zoezi/gymsystem/frontend/staffnext/src/pages/AllActivities.vue [2ms]
2023-07-26 16:39:08.809 [info] > git check-ignore -v -z --stdin [4ms]
2023-07-26 16:39:09.365 [info] > git config --get commit.template [14ms]
2023-07-26 16:39:09.366 [info] > git for-each-ref --format=%(refname)%00%(upstream:short)%00%(objectname)%00%(upstream:track)%00%(upstream:remotename)%00%(upstream:remoteref) refs/heads/PROD-23 refs/remotes/PROD-23 [2ms]
2023-07-26 16:39:09.425 [info] > git status -z -uall [49ms]
2023-07-26 16:39:11.569 [info] > git show --textconv :frontend/staffnext/src/pages/SalesOverview.vue [14ms]
2023-07-26 16:39:11.572 [info] > git ls-files --stage -- /home/linus/Documents/Zoezi/gymsystem/frontend/staffnext/src/pages/SalesOverview.vue [3ms]
2023-07-26 16:39:11.585 [info] > git cat-file -s 85de04bc686693e9a9fbd0a03697324e3f3bac7f [1ms]
2023-07-26 16:39:14.441 [info] > git config --get commit.template [5ms]
2023-07-26 16:39:14.441 [info] > git for-each-ref --format=%(refname)%00%(upstream:short)%00%(objectname)%00%(upstream:track)%00%(upstream:remotename)%00%(upstream:remoteref) refs/heads/PROD-23 refs/remotes/PROD-23 [1ms]
2023-07-26 16:39:14.480 [info] > git status -z -uall [34ms]
2023-07-26 16:40:03.270 [info] > git config --get commit.template [7ms]
2023-07-26 16:40:03.271 [info] > git for-each-ref --format=%(refname)%00%(upstream:short)%00%(objectname)%00%(upstream:track)%00%(upstream:remotename)%00%(upstream:remoteref) refs/heads/PROD-23 refs/remotes/PROD-23 [1ms]
2023-07-26 16:40:03.314 [info] > git status -z -uall [37ms]
2023-07-26 16:40:14.452 [info] > git for-each-ref --format=%(refname)%00%(upstream:short)%00%(objectname)%00%(upstream:track)%00%(upstream:remotename)%00%(upstream:remoteref) refs/heads/PROD-23 refs/remotes/PROD-23 [2ms]
2023-07-26 16:40:14.452 [info] > git config --get commit.template [10ms]
2023-07-26 16:40:14.496 [info] > git status -z -uall [36ms]
2023-07-26 16:40:19.511 [info] > git config --get commit.template [1ms]
2023-07-26 16:40:19.520 [info] > git for-each-ref --format=%(refname)%00%(upstream:short)%00%(objectname)%00%(upstream:track)%00%(upstream:remotename)%00%(upstream:remoteref) refs/heads/PROD-23 refs/remotes/PROD-23 [1ms]
2023-07-26 16:40:19.563 [info] > git status -z -uall [38ms]
2023-07-26 16:40:52.994 [info] > git config --get commit.template [6ms]
2023-07-26 16:40:52.994 [info] > git for-each-ref --format=%(refname)%00%(upstream:short)%00%(objectname)%00%(upstream:track)%00%(upstream:remotename)%00%(upstream:remoteref) refs/heads/PROD-23 refs/remotes/PROD-23 [1ms]
2023-07-26 16:40:53.037 [info] > git status -z -uall [37ms]
2023-07-26 16:41:02.888 [info] > git show --textconv :frontend/staffnext/src/service/ZoeziApi.js [10ms]
2023-07-26 16:41:02.890 [info] > git ls-files --stage -- /home/linus/Documents/Zoezi/gymsystem/frontend/staffnext/src/service/ZoeziApi.js [3ms]
2023-07-26 16:41:02.900 [info] > git cat-file -s 9768766748f805d68a3d347cad75f7cdb9872ec8 [1ms]
2023-07-26 16:41:12.593 [info] > git check-ignore -v -z --stdin [3ms]
2023-07-26 16:41:15.950 [info] > git config --get commit.template [11ms]
2023-07-26 16:41:15.951 [info] > git for-each-ref --format=%(refname)%00%(upstream:short)%00%(objectname)%00%(upstream:track)%00%(upstream:remotename)%00%(upstream:remoteref) refs/heads/PROD-23 refs/remotes/PROD-23 [1ms]
2023-07-26 16:41:16.000 [info] > git status -z -uall [41ms]
2023-07-26 16:41:17.562 [info] > git show --textconv :frontend/staffnext/src/router.js [12ms]
2023-07-26 16:41:17.564 [info] > git ls-files --stage -- /home/linus/Documents/Zoezi/gymsystem/frontend/staffnext/src/router.js [2ms]
2023-07-26 16:41:17.577 [info] > git cat-file -s b926626cdaf429cb3e225105b0f7aad32ff9f7d1 [1ms]
2023-07-26 16:42:17.445 [info] > git config --get commit.template [1ms]
2023-07-26 16:42:17.452 [info] > git for-each-ref --format=%(refname)%00%(upstream:short)%00%(objectname)%00%(upstream:track)%00%(upstream:remotename)%00%(upstream:remoteref) refs/heads/PROD-23 refs/remotes/PROD-23 [1ms]
2023-07-26 16:42:17.492 [info] > git status -z -uall [34ms]
2023-07-26 16:43:08.408 [info] > git config --get commit.template [7ms]
2023-07-26 16:43:08.409 [info] > git for-each-ref --format=%(refname)%00%(upstream:short)%00%(objectname)%00%(upstream:track)%00%(upstream:remotename)%00%(upstream:remoteref) refs/heads/PROD-23 refs/remotes/PROD-23 [1ms]
2023-07-26 16:43:08.460 [info] > git status -z -uall [44ms]
2023-07-26 16:43:25.717 [info] > git config --get commit.template [2ms]
2023-07-26 16:43:25.730 [info] > git for-each-ref --format=%(refname)%00%(upstream:short)%00%(objectname)%00%(upstream:track)%00%(upstream:remotename)%00%(upstream:remoteref) refs/heads/PROD-23 refs/remotes/PROD-23 [2ms]
2023-07-26 16:43:25.808 [info] > git status -z -uall [62ms]
2023-07-26 16:43:30.825 [info] > git config --get commit.template [6ms]
2023-07-26 16:43:30.825 [info] > git for-each-ref --format=%(refname)%00%(upstream:short)%00%(objectname)%00%(upstream:track)%00%(upstream:remotename)%00%(upstream:remoteref) refs/heads/PROD-23 refs/remotes/PROD-23 [1ms]
2023-07-26 16:43:30.866 [info] > git status -z -uall [36ms]
2023-07-26 16:44:04.263 [info] > git check-ignore -v -z --stdin [4ms]
2023-07-26 16:44:20.595 [info] > git config --get commit.template [7ms]
2023-07-26 16:44:20.595 [info] > git for-each-ref --format=%(refname)%00%(upstream:short)%00%(objectname)%00%(upstream:track)%00%(upstream:remotename)%00%(upstream:remoteref) refs/heads/PROD-23 refs/remotes/PROD-23 [1ms]
2023-07-26 16:44:20.652 [info] > git status -z -uall [47ms]
2023-07-26 16:44:57.630 [info] > git config --get commit.template [16ms]
2023-07-26 16:44:57.631 [info] > git for-each-ref --format=%(refname)%00%(upstream:short)%00%(objectname)%00%(upstream:track)%00%(upstream:remotename)%00%(upstream:remoteref) refs/heads/PROD-23 refs/remotes/PROD-23 [2ms]
2023-07-26 16:44:57.693 [info] > git status -z -uall [49ms]
2023-07-26 16:45:19.563 [info] > git config --get commit.template [13ms]
2023-07-26 16:45:19.564 [info] > git for-each-ref --format=%(refname)%00%(upstream:short)%00%(objectname)%00%(upstream:track)%00%(upstream:remotename)%00%(upstream:remoteref) refs/heads/PROD-23 refs/remotes/PROD-23 [1ms]
2023-07-26 16:45:19.623 [info] > git status -z -uall [48ms]
2023-07-26 16:45:24.644 [info] > git config --get commit.template [8ms]
2023-07-26 16:45:24.644 [info] > git for-each-ref --format=%(refname)%00%(upstream:short)%00%(objectname)%00%(upstream:track)%00%(upstream:remotename)%00%(upstream:remoteref) refs/heads/PROD-23 refs/remotes/PROD-23 [1ms]
2023-07-26 16:45:24.688 [info] > git status -z -uall [38ms]
2023-07-26 16:45:29.704 [info] > git config --get commit.template [6ms]
2023-07-26 16:45:29.705 [info] > git for-each-ref --format=%(refname)%00%(upstream:short)%00%(objectname)%00%(upstream:track)%00%(upstream:remotename)%00%(upstream:remoteref) refs/heads/PROD-23 refs/remotes/PROD-23 [1ms]
2023-07-26 16:45:29.747 [info] > git status -z -uall [36ms]
2023-07-26 16:46:23.534 [info] > git config --get commit.template [7ms]
2023-07-26 16:46:23.535 [info] > git for-each-ref --format=%(refname)%00%(upstream:short)%00%(objectname)%00%(upstream:track)%00%(upstream:remotename)%00%(upstream:remoteref) refs/heads/PROD-23 refs/remotes/PROD-23 [2ms]
2023-07-26 16:46:23.577 [info] > git status -z -uall [36ms]
2023-07-26 16:46:39.712 [info] > git config --get commit.template [13ms]
2023-07-26 16:46:39.713 [info] > git for-each-ref --format=%(refname)%00%(upstream:short)%00%(objectname)%00%(upstream:track)%00%(upstream:remotename)%00%(upstream:remoteref) refs/heads/PROD-23 refs/remotes/PROD-23 [2ms]
2023-07-26 16:46:39.775 [info] > git status -z -uall [50ms]
2023-07-26 16:47:00.864 [info] > git config --get commit.template [2ms]
2023-07-26 16:47:00.888 [info] > git for-each-ref --format=%(refname)%00%(upstream:short)%00%(objectname)%00%(upstream:track)%00%(upstream:remotename)%00%(upstream:remoteref) refs/heads/PROD-23 refs/remotes/PROD-23 [3ms]
2023-07-26 16:47:00.976 [info] > git status -z -uall [66ms]
2023-07-26 16:47:15.430 [info] > git config --get commit.template [16ms]
2023-07-26 16:47:15.431 [info] > git for-each-ref --format=%(refname)%00%(upstream:short)%00%(objectname)%00%(upstream:track)%00%(upstream:remotename)%00%(upstream:remoteref) refs/heads/PROD-23 refs/remotes/PROD-23 [2ms]
2023-07-26 16:47:15.498 [info] > git status -z -uall [54ms]
2023-07-26 16:47:25.062 [info] > git config --get commit.template [5ms]
2023-07-26 16:47:25.062 [info] > git for-each-ref --format=%(refname)%00%(upstream:short)%00%(objectname)%00%(upstream:track)%00%(upstream:remotename)%00%(upstream:remoteref) refs/heads/PROD-23 refs/remotes/PROD-23 [1ms]
2023-07-26 16:47:25.109 [info] > git status -z -uall [42ms]
2023-07-26 16:47:38.299 [info] > git config --get commit.template [17ms]
2023-07-26 16:47:38.315 [info] > git for-each-ref --format=%(refname)%00%(upstream:short)%00%(objectname)%00%(upstream:track)%00%(upstream:remotename)%00%(upstream:remoteref) refs/heads/PROD-23 refs/remotes/PROD-23 [16ms]
2023-07-26 16:47:38.383 [info] > git status -z -uall [56ms]
2023-07-26 16:48:08.797 [info] > git config --get commit.template [18ms]
2023-07-26 16:48:08.798 [info] > git for-each-ref --format=%(refname)%00%(upstream:short)%00%(objectname)%00%(upstream:track)%00%(upstream:remotename)%00%(upstream:remoteref) refs/heads/PROD-23 refs/remotes/PROD-23 [2ms]
2023-07-26 16:48:08.859 [info] > git status -z -uall [51ms]
2023-07-26 16:48:26.512 [info] > git config --get commit.template [6ms]
2023-07-26 16:48:26.512 [info] > git for-each-ref --format=%(refname)%00%(upstream:short)%00%(objectname)%00%(upstream:track)%00%(upstream:remotename)%00%(upstream:remoteref) refs/heads/PROD-23 refs/remotes/PROD-23 [1ms]
2023-07-26 16:48:26.555 [info] > git status -z -uall [38ms]
2023-07-26 16:49:31.473 [info] > git config --get commit.template [7ms]
2023-07-26 16:49:31.474 [info] > git for-each-ref --format=%(refname)%00%(upstream:short)%00%(objectname)%00%(upstream:track)%00%(upstream:remotename)%00%(upstream:remoteref) refs/heads/PROD-23 refs/remotes/PROD-23 [2ms]
2023-07-26 16:49:31.520 [info] > git status -z -uall [38ms]
2023-07-26 16:50:09.698 [info] > git config --get commit.template [6ms]
2023-07-26 16:50:09.698 [info] > git for-each-ref --format=%(refname)%00%(upstream:short)%00%(objectname)%00%(upstream:track)%00%(upstream:remotename)%00%(upstream:remoteref) refs/heads/PROD-23 refs/remotes/PROD-23 [1ms]
2023-07-26 16:50:09.747 [info] > git status -z -uall [42ms]
2023-07-26 16:50:28.579 [info] > git config --get commit.template [9ms]
2023-07-26 16:50:28.580 [info] > git for-each-ref --format=%(refname)%00%(upstream:short)%00%(objectname)%00%(upstream:track)%00%(upstream:remotename)%00%(upstream:remoteref) refs/heads/PROD-23 refs/remotes/PROD-23 [1ms]
2023-07-26 16:50:28.620 [info] > git status -z -uall [36ms]
2023-07-26 16:50:34.353 [info] > git config --get commit.template [14ms]
2023-07-26 16:50:34.355 [info] > git for-each-ref --format=%(refname)%00%(upstream:short)%00%(objectname)%00%(upstream:track)%00%(upstream:remotename)%00%(upstream:remoteref) refs/heads/PROD-23 refs/remotes/PROD-23 [1ms]
2023-07-26 16:50:34.420 [info] > git status -z -uall [53ms]
2023-07-26 16:50:53.381 [info] > git check-ignore -v -z --stdin [3ms]
2023-07-26 16:51:00.771 [info] > git show --textconv :frontend/staffnext/src/components/StaffList.vue [13ms]
2023-07-26 16:51:00.773 [info] > git ls-files --stage -- /home/linus/Documents/Zoezi/gymsystem/frontend/staffnext/src/components/StaffList.vue [2ms]
2023-07-26 16:51:00.787 [info] > git cat-file -s a8cc88522ffbac6c898e97637b4026113629e051 [1ms]
2023-07-26 16:51:30.039 [info] > git config --get commit.template [2ms]
2023-07-26 16:51:30.056 [info] > git for-each-ref --format=%(refname)%00%(upstream:short)%00%(objectname)%00%(upstream:track)%00%(upstream:remotename)%00%(upstream:remoteref) refs/heads/PROD-23 refs/remotes/PROD-23 [3ms]
2023-07-26 16:51:30.109 [info] > git status -z -uall [42ms]
2023-07-26 16:53:09.050 [info] > git config --get commit.template [17ms]
2023-07-26 16:53:09.054 [info] > git for-each-ref --format=%(refname)%00%(upstream:short)%00%(objectname)%00%(upstream:track)%00%(upstream:remotename)%00%(upstream:remoteref) refs/heads/PROD-23 refs/remotes/PROD-23 [5ms]
2023-07-26 16:53:09.277 [info] > git status -z -uall [205ms]
2023-07-26 16:53:20.379 [info] > git config --get commit.template [15ms]
2023-07-26 16:53:20.380 [info] > git for-each-ref --format=%(refname)%00%(upstream:short)%00%(objectname)%00%(upstream:track)%00%(upstream:remotename)%00%(upstream:remoteref) refs/heads/PROD-23 refs/remotes/PROD-23 [2ms]
2023-07-26 16:53:20.443 [info] > git status -z -uall [50ms]
2023-07-26 16:53:30.957 [info] > git config --get commit.template [16ms]
2023-07-26 16:53:30.958 [info] > git for-each-ref --format=%(refname)%00%(upstream:short)%00%(objectname)%00%(upstream:track)%00%(upstream:remotename)%00%(upstream:remoteref) refs/heads/PROD-23 refs/remotes/PROD-23 [2ms]
2023-07-26 16:53:31.021 [info] > git status -z -uall [50ms]
2023-07-26 16:54:42.258 [info] > git for-each-ref --format=%(refname)%00%(upstream:short)%00%(objectname)%00%(upstream:track)%00%(upstream:remotename)%00%(upstream:remoteref) refs/heads/PROD-23 refs/remotes/PROD-23 [3ms]
2023-07-26 16:54:42.258 [info] > git config --get commit.template [18ms]
2023-07-26 16:54:42.430 [info] > git status -z -uall [156ms]
2023-07-26 16:54:42.430 [info] > git ls-files --stage -- /home/linus/Documents/Zoezi/gymsystem/frontend/staffnext/src/router.js [16ms]
2023-07-26 16:54:42.443 [info] > git ls-files --stage -- /home/linus/Documents/Zoezi/gymsystem/frontend/staffnext/src/pages/AllActivities.vue [42ms]
2023-07-26 16:54:42.457 [info] > git ls-files --stage -- /home/linus/Documents/Zoezi/gymsystem/homepage/src/views/MyEntryStats.vue [68ms]
2023-07-26 16:54:42.467 [info] > git ls-files --stage -- /home/linus/Documents/Zoezi/gymsystem/homepage/src/views/MyPage.vue [93ms]
2023-07-26 16:54:42.476 [info] > git ls-files --stage -- /home/linus/Documents/Zoezi/gymsystem/frontend/staffnext/src/service/UserService.ts [117ms]
2023-07-26 16:54:42.485 [info] > git ls-files --stage -- /home/linus/Documents/Zoezi/gymsystem/frontend/staffnext/src/service/StoreService.ts [142ms]
2023-07-26 16:54:42.495 [info] > git ls-files --stage -- /home/linus/Documents/Zoezi/gymsystem/frontend/staffnext/src/components/FavouriteButton.vue [167ms]
2023-07-26 16:54:42.507 [info] > git ls-files --stage -- /home/linus/Documents/Zoezi/gymsystem/frontend/src/client/scripts/app.js [195ms]
2023-07-26 16:54:42.516 [info] > git ls-files --stage -- /home/linus/Documents/Zoezi/gymsystem/backend/services/api/src/db.py [220ms]
2023-07-26 16:54:42.530 [info] > git cat-file -s 48d662b1f9b2d9f16b4dbf5a09c4ebf51aa22fc7 [5ms]
2023-07-26 16:54:42.530 [info] > git cat-file -s a96fee9a95f3647b9783ad9bae9ee75d9ec9a6b1 [15ms]
2023-07-26 16:54:42.531 [info] > git cat-file -s 786fc8f9b392294fd2cd21021eeb98e7603ba65a [24ms]
2023-07-26 16:54:42.531 [info] > git cat-file -s 5d9aa3bd27d7dd5452aede4733063c7fce096653 [37ms]
2023-07-26 16:54:42.531 [info] > git cat-file -s e0b327b6942c7c9a0471693b34cddb56437e306d [47ms]
2023-07-26 16:54:42.531 [info] > git cat-file -s 229f2dbf79eb04c1ea85e10ba717d2597513bd42 [56ms]
2023-07-26 16:54:42.531 [info] > git cat-file -s b48a84a4ec2bdee035af58a7fd1debcf70d2fe98 [65ms]
2023-07-26 16:54:42.532 [info] > git cat-file -s b02c467b2f41da336d83703edb46f9ce6af4aacf [76ms]
2023-07-26 16:54:42.532 [info] > git cat-file -s 5a2c566df9c55821bcd031979a522a9b531b684d [90ms]
2023-07-26 16:54:42.532 [info] > git ls-files --stage -- /home/linus/Documents/Zoezi/gymsystem/frontend/staffnext/src/components/StaffList.vue [104ms]
2023-07-26 16:54:42.718 [info] > git show --textconv :backend/services/api/src/db.py [158ms]
2023-07-26 16:54:42.718 [info] > git show --textconv :frontend/staffnext/src/components/FavouriteButton.vue [127ms]
2023-07-26 16:54:42.718 [info] > git show --textconv :frontend/staffnext/src/service/StoreService.ts [110ms]
2023-07-26 16:54:42.718 [info] > git show --textconv :frontend/staffnext/src/service/UserService.ts [84ms]
2023-07-26 16:54:42.718 [info] > git show --textconv :homepage/src/views/MyPage.vue [62ms]
2023-07-26 16:54:42.718 [info] > git show --textconv :homepage/src/views/MyEntryStats.vue [40ms]
2023-07-26 16:54:42.718 [info] > git show --textconv :frontend/staffnext/src/pages/AllActivities.vue [18ms]
2023-07-26 16:54:42.718 [info] > git show --textconv :frontend/src/client/scripts/app.js [145ms]
2023-07-26 16:54:42.718 [info] > git show --textconv :frontend/staffnext/src/router.js [3ms]
2023-07-26 16:54:42.721 [info] > git cat-file -s a8cc88522ffbac6c898e97637b4026113629e051 [175ms]
2023-07-26 16:54:42.786 [info] > git show --textconv :frontend/staffnext/src/components/StaffList.vue [5ms]
2023-07-26 16:56:14.410 [info] > git config --get commit.template [13ms]
2023-07-26 16:56:14.411 [info] > git for-each-ref --format=%(refname)%00%(upstream:short)%00%(objectname)%00%(upstream:track)%00%(upstream:remotename)%00%(upstream:remoteref) refs/heads/PROD-23 refs/remotes/PROD-23 [2ms]
2023-07-26 16:56:14.471 [info] > git status -z -uall [46ms]
2023-07-26 16:56:25.927 [info] > git config --get commit.template [12ms]
2023-07-26 16:56:25.928 [info] > git for-each-ref --format=%(refname)%00%(upstream:short)%00%(objectname)%00%(upstream:track)%00%(upstream:remotename)%00%(upstream:remoteref) refs/heads/master refs/remotes/master [2ms]
2023-07-26 16:56:26.083 [info] > git status -z -uall [146ms]
2023-07-26 16:56:26.084 [info] > git ls-files --stage -- /home/linus/Documents/Zoezi/gymsystem/frontend/staffnext/src/router.js [15ms]
2023-07-26 16:56:26.096 [info] > git ls-files --stage -- /home/linus/Documents/Zoezi/gymsystem/frontend/staffnext/src/pages/AllActivities.vue [39ms]
2023-07-26 16:56:26.097 [info] > git ls-files --stage -- /home/linus/Documents/Zoezi/gymsystem/homepage/src/views/MyEntryStats.vue [52ms]
2023-07-26 16:56:26.110 [info] > git ls-files --stage -- /home/linus/Documents/Zoezi/gymsystem/homepage/src/views/MyPage.vue [79ms]
2023-07-26 16:56:26.122 [info] > git ls-files --stage -- /home/linus/Documents/Zoezi/gymsystem/frontend/staffnext/src/service/UserService.ts [109ms]
2023-07-26 16:56:26.135 [info] > git ls-files --stage -- /home/linus/Documents/Zoezi/gymsystem/frontend/staffnext/src/service/StoreService.ts [135ms]
2023-07-26 16:56:26.148 [info] > git ls-files --stage -- /home/linus/Documents/Zoezi/gymsystem/frontend/staffnext/src/components/FavouriteButton.vue [163ms]
2023-07-26 16:56:26.165 [info] > git ls-files --stage -- /home/linus/Documents/Zoezi/gymsystem/frontend/src/client/scripts/app.js [194ms]
2023-07-26 16:56:26.180 [info] > git ls-files --stage -- /home/linus/Documents/Zoezi/gymsystem/backend/services/api/src/db.py [224ms]
2023-07-26 16:56:26.193 [info] > git cat-file -s 48d662b1f9b2d9f16b4dbf5a09c4ebf51aa22fc7 [5ms]
2023-07-26 16:56:26.193 [info] > git cat-file -s a96fee9a95f3647b9783ad9bae9ee75d9ec9a6b1 [14ms]
2023-07-26 16:56:26.194 [info] > git cat-file -s 786fc8f9b392294fd2cd21021eeb98e7603ba65a [30ms]
2023-07-26 16:56:26.194 [info] > git cat-file -s 5d9aa3bd27d7dd5452aede4733063c7fce096653 [46ms]
2023-07-26 16:56:26.194 [info] > git cat-file -s e0b327b6942c7c9a0471693b34cddb56437e306d [59ms]
2023-07-26 16:56:26.194 [info] > git cat-file -s 229f2dbf79eb04c1ea85e10ba717d2597513bd42 [72ms]
2023-07-26 16:56:26.194 [info] > git cat-file -s b48a84a4ec2bdee035af58a7fd1debcf70d2fe98 [84ms]
2023-07-26 16:56:26.194 [info] > git cat-file -s b926626cdaf429cb3e225105b0f7aad32ff9f7d1 [98ms]
2023-07-26 16:56:26.195 [info] > git ls-files --stage -- /home/linus/Documents/Zoezi/gymsystem/frontend/staffnext/src/components/StaffList.vue [113ms]
2023-07-26 16:56:26.220 [info] > git cat-file -s a8cc88522ffbac6c898e97637b4026113629e051 [17ms]
2023-07-26 16:56:26.345 [info] > git show --textconv :frontend/staffnext/src/pages/AllActivities.vue [128ms]
2023-07-26 16:56:26.345 [info] > git show --textconv :backend/services/api/src/db.py [107ms]
2023-07-26 16:56:26.345 [info] > git show --textconv :frontend/staffnext/src/components/FavouriteButton.vue [79ms]
2023-07-26 16:56:26.345 [info] > git show --textconv :frontend/staffnext/src/service/StoreService.ts [65ms]
2023-07-26 16:56:26.345 [info] > git show --textconv :frontend/staffnext/src/service/UserService.ts [46ms]
2023-07-26 16:56:26.345 [info] > git show --textconv :homepage/src/views/MyPage.vue [30ms]
2023-07-26 16:56:26.345 [info] > git show --textconv :homepage/src/views/MyEntryStats.vue [17ms]
2023-07-26 16:56:26.345 [info] > git show --textconv :frontend/src/client/scripts/app.js [89ms]
2023-07-26 16:56:26.367 [info] > git show --textconv :frontend/staffnext/src/router.js [26ms]
2023-07-26 16:56:26.382 [info] > git show --textconv :frontend/staffnext/src/components/StaffList.vue [17ms]
2023-07-26 16:56:47.616 [info] > git config --get commit.template [2ms]
2023-07-26 16:56:47.787 [info] > git ls-files --stage -- /home/linus/Documents/Zoezi/gymsystem/frontend/staffnext/src/router.js [19ms]
2023-07-26 16:56:47.801 [info] > git ls-files --stage -- /home/linus/Documents/Zoezi/gymsystem/frontend/staffnext/src/pages/AllActivities.vue [47ms]
2023-07-26 16:56:47.801 [info] > git ls-files --stage -- /home/linus/Documents/Zoezi/gymsystem/homepage/src/views/MyEntryStats.vue [64ms]
2023-07-26 16:56:47.814 [info] > git ls-files --stage -- /home/linus/Documents/Zoezi/gymsystem/homepage/src/views/MyPage.vue [91ms]
2023-07-26 16:56:47.828 [info] > git ls-files --stage -- /home/linus/Documents/Zoezi/gymsystem/frontend/staffnext/src/service/UserService.ts [124ms]
2023-07-26 16:56:47.846 [info] > git ls-files --stage -- /home/linus/Documents/Zoezi/gymsystem/frontend/staffnext/src/service/StoreService.ts [158ms]
2023-07-26 16:56:47.863 [info] > git ls-files --stage -- /home/linus/Documents/Zoezi/gymsystem/frontend/staffnext/src/components/FavouriteButton.vue [192ms]
2023-07-26 16:56:47.890 [info] > git ls-files --stage -- /home/linus/Documents/Zoezi/gymsystem/frontend/src/client/scripts/app.js [234ms]
2023-07-26 16:56:47.908 [info] > git ls-files --stage -- /home/linus/Documents/Zoezi/gymsystem/backend/services/api/src/db.py [271ms]
2023-07-26 16:56:47.948 [info] > git cat-file -s 48d662b1f9b2d9f16b4dbf5a09c4ebf51aa22fc7 [18ms]
2023-07-26 16:56:47.948 [info] > git cat-file -s 1d6daedbf88d654782a8731e15705c47fdbd7b5a [40ms]
2023-07-26 16:56:47.948 [info] > git cat-file -s 786fc8f9b392294fd2cd21021eeb98e7603ba65a [58ms]
2023-07-26 16:56:47.949 [info] > git cat-file -s 5d9aa3bd27d7dd5452aede4733063c7fce096653 [86ms]
2023-07-26 16:56:47.949 [info] > git cat-file -s e0b327b6942c7c9a0471693b34cddb56437e306d [103ms]
2023-07-26 16:56:47.949 [info] > git cat-file -s 229f2dbf79eb04c1ea85e10ba717d2597513bd42 [122ms]
2023-07-26 16:56:47.950 [info] > git cat-file -s b48a84a4ec2bdee035af58a7fd1debcf70d2fe98 [137ms]
2023-07-26 16:56:47.950 [info] > git cat-file -s b926626cdaf429cb3e225105b0f7aad32ff9f7d1 [150ms]
2023-07-26 16:56:47.950 [info] > git ls-files --stage -- /home/linus/Documents/Zoezi/gymsystem/frontend/staffnext/src/components/StaffList.vue [165ms]
2023-07-26 16:56:47.981 [info] > git cat-file -s a8cc88522ffbac6c898e97637b4026113629e051 [18ms]
2023-07-26 16:56:47.982 [info] > git for-each-ref --format=%(refname)%00%(upstream:short)%00%(objectname)%00%(upstream:track)%00%(upstream:remotename)%00%(upstream:remoteref) refs/heads/BUG-357 refs/remotes/BUG-357 [35ms]
2023-07-26 16:56:48.134 [info] > git show --textconv :frontend/staffnext/src/pages/AllActivities.vue [154ms]
2023-07-26 16:56:48.134 [info] > git status -z -uall [139ms]
2023-07-26 16:56:48.134 [info] > git show --textconv :frontend/staffnext/src/components/FavouriteButton.vue [94ms]
2023-07-26 16:56:48.134 [info] > git show --textconv :frontend/staffnext/src/service/StoreService.ts [78ms]
2023-07-26 16:56:48.134 [info] > git show --textconv :frontend/staffnext/src/service/UserService.ts [50ms]
2023-07-26 16:56:48.134 [info] > git show --textconv :homepage/src/views/MyPage.vue [33ms]
2023-07-26 16:56:48.134 [info] > git show --textconv :homepage/src/views/MyEntryStats.vue [16ms]
2023-07-26 16:56:48.158 [info] > git show --textconv :frontend/staffnext/src/router.js [26ms]
2023-07-26 16:56:48.160 [info] > git show --textconv :backend/services/api/src/db.py [149ms]
2023-07-26 16:56:48.160 [info] > git show --textconv :frontend/staffnext/src/components/StaffList.vue [6ms]
2023-07-26 16:56:48.166 [info] > git show --textconv :frontend/src/client/scripts/app.js [141ms]
2023-07-26 16:57:18.284 [info] > git config --get commit.template [14ms]
2023-07-26 16:57:18.285 [info] > git for-each-ref --format=%(refname)%00%(upstream:short)%00%(objectname)%00%(upstream:track)%00%(upstream:remotename)%00%(upstream:remoteref) refs/heads/BUG-357 refs/remotes/BUG-357 [2ms]
2023-07-26 16:57:18.351 [info] > git status -z -uall [51ms]
2023-07-26 16:58:29.255 [info] > git ls-files --stage -- /home/linus/Documents/Zoezi/gymsystem/frontend/staffnext/src/router.js [18ms]
2023-07-26 16:58:29.269 [info] > git ls-files --stage -- /home/linus/Documents/Zoezi/gymsystem/frontend/staffnext/src/pages/AllActivities.vue [47ms]
2023-07-26 16:58:29.270 [info] > git ls-files --stage -- /home/linus/Documents/Zoezi/gymsystem/homepage/src/views/MyEntryStats.vue [61ms]
2023-07-26 16:58:29.283 [info] > git ls-files --stage -- /home/linus/Documents/Zoezi/gymsystem/homepage/src/views/MyPage.vue [89ms]
2023-07-26 16:58:29.299 [info] > git ls-files --stage -- /home/linus/Documents/Zoezi/gymsystem/frontend/staffnext/src/service/UserService.ts [120ms]
2023-07-26 16:58:29.313 [info] > git ls-files --stage -- /home/linus/Documents/Zoezi/gymsystem/frontend/staffnext/src/service/StoreService.ts [150ms]
2023-07-26 16:58:29.325 [info] > git ls-files --stage -- /home/linus/Documents/Zoezi/gymsystem/frontend/staffnext/src/components/FavouriteButton.vue [176ms]
2023-07-26 16:58:29.347 [info] > git ls-files --stage -- /home/linus/Documents/Zoezi/gymsystem/frontend/src/client/scripts/app.js [213ms]
2023-07-26 16:58:29.362 [info] > git ls-files --stage -- /home/linus/Documents/Zoezi/gymsystem/backend/services/api/src/db.py [244ms]
2023-07-26 16:58:29.375 [info] > git config --get commit.template [270ms]
2023-07-26 16:58:29.383 [info] > git cat-file -s 48d662b1f9b2d9f16b4dbf5a09c4ebf51aa22fc7 [9ms]
2023-07-26 16:58:29.383 [info] > git cat-file -s a96fee9a95f3647b9783ad9bae9ee75d9ec9a6b1 [21ms]
2023-07-26 16:58:29.383 [info] > git cat-file -s 786fc8f9b392294fd2cd21021eeb98e7603ba65a [37ms]
2023-07-26 16:58:29.383 [info] > git cat-file -s 5d9aa3bd27d7dd5452aede4733063c7fce096653 [58ms]
2023-07-26 16:58:29.384 [info] > git cat-file -s e0b327b6942c7c9a0471693b34cddb56437e306d [71ms]
2023-07-26 16:58:29.384 [info] > git cat-file -s 229f2dbf79eb04c1ea85e10ba717d2597513bd42 [85ms]
2023-07-26 16:58:29.384 [info] > git cat-file -s b48a84a4ec2bdee035af58a7fd1debcf70d2fe98 [101ms]
2023-07-26 16:58:29.384 [info] > git cat-file -s b926626cdaf429cb3e225105b0f7aad32ff9f7d1 [115ms]
2023-07-26 16:58:29.384 [info] > git ls-files --stage -- /home/linus/Documents/Zoezi/gymsystem/frontend/staffnext/src/components/StaffList.vue [132ms]
2023-07-26 16:58:29.411 [info] > git cat-file -s a8cc88522ffbac6c898e97637b4026113629e051 [16ms]
2023-07-26 16:58:29.412 [info] > git for-each-ref --format=%(refname)%00%(upstream:short)%00%(objectname)%00%(upstream:track)%00%(upstream:remotename)%00%(upstream:remoteref) refs/heads/BUG-357 refs/remotes/BUG-357 [30ms]
2023-07-26 16:58:29.543 [info] > git show --textconv :frontend/staffnext/src/pages/AllActivities.vue [134ms]
2023-07-26 16:58:29.543 [info] > git status -z -uall [118ms]
2023-07-26 16:58:29.543 [info] > git show --textconv :backend/services/api/src/db.py [102ms]
2023-07-26 16:58:29.543 [info] > git show --textconv :frontend/staffnext/src/components/FavouriteButton.vue [74ms]
2023-07-26 16:58:29.543 [info] > git show --textconv :frontend/staffnext/src/service/StoreService.ts [60ms]
2023-07-26 16:58:29.543 [info] > git show --textconv :frontend/staffnext/src/service/UserService.ts [46ms]
2023-07-26 16:58:29.543 [info] > git show --textconv :homepage/src/views/MyPage.vue [30ms]
2023-07-26 16:58:29.544 [info] > git show --textconv :homepage/src/views/MyEntryStats.vue [19ms]
2023-07-26 16:58:29.544 [info] > git show --textconv :frontend/src/client/scripts/app.js [91ms]
2023-07-26 16:58:29.544 [info] > git show --textconv :frontend/staffnext/src/router.js [6ms]
2023-07-26 16:58:29.575 [info] > git show --textconv :frontend/staffnext/src/components/StaffList.vue [11ms]
