2023-07-17 12:53:08.498 [info] Log level: Info
2023-07-17 12:53:08.498 [info] Validating found git in: "git"
2023-07-17 12:53:08.498 [info] Using git "2.40.1" from "git"
2023-07-17 12:53:08.498 [info] > git rev-parse --show-toplevel [23ms]
2023-07-17 12:53:08.498 [info] > git rev-parse --git-dir --git-common-dir [1ms]
2023-07-17 12:53:08.498 [info] Open repository: /home/linus/Documents/Zoezi/gymsystem
2023-07-17 12:53:08.498 [info] > git config --get commit.template [10ms]
2023-07-17 12:53:08.498 [info] > git rev-parse --show-toplevel [17ms]
2023-07-17 12:53:08.498 [info] > git rev-parse --show-toplevel [3ms]
2023-07-17 12:53:08.498 [info] > git rev-parse --show-toplevel [12ms]
2023-07-17 12:53:08.498 [info] > git rev-parse --show-toplevel [2ms]
2023-07-17 12:53:08.498 [info] > git for-each-ref --format=%(refname)%00%(upstream:short)%00%(objectname)%00%(upstream:track)%00%(upstream:remotename)%00%(upstream:remoteref) refs/heads/PROD-74 refs/remotes/PROD-74 [16ms]
2023-07-17 12:53:08.498 [info] > git rev-parse --show-toplevel [8ms]
2023-07-17 12:53:08.498 [info] > git rev-parse --show-toplevel [9ms]
2023-07-17 12:53:08.498 [info] > git rev-parse --show-toplevel [14ms]
2023-07-17 12:53:08.498 [info] > git rev-parse --show-toplevel [1ms]
2023-07-17 12:53:08.498 [info] > git rev-parse --show-toplevel [1ms]
2023-07-17 12:53:08.498 [info] > git status -z -uall [62ms]
2023-07-17 12:53:08.498 [info] > git rev-parse --show-toplevel [3ms]
2023-07-17 12:53:08.498 [info] > git rev-parse --show-toplevel [30ms]
2023-07-17 12:53:08.498 [info] > git config --get commit.template [9ms]
2023-07-17 12:53:08.498 [info] > git rev-parse --show-toplevel [4ms]
2023-07-17 12:53:08.498 [info] > git rev-parse --show-toplevel [7ms]
2023-07-17 12:53:08.498 [info] > git for-each-ref --format=%(refname)%00%(upstream:short)%00%(objectname)%00%(upstream:track)%00%(upstream:remotename)%00%(upstream:remoteref) refs/heads/PROD-74 refs/remotes/PROD-74 [9ms]
2023-07-17 12:53:08.498 [info] > git rev-parse --show-toplevel [21ms]
2023-07-17 12:53:08.498 [info] > git rev-parse --show-toplevel [1ms]
2023-07-17 12:53:08.498 [info] > git rev-parse --show-toplevel [4ms]
2023-07-17 12:53:08.498 [info] > git status -z -uall [53ms]
2023-07-17 12:53:08.804 [info] > git check-ignore -v -z --stdin [16ms]
2023-07-17 12:53:09.421 [info] > git check-ignore -v -z --stdin [4ms]
2023-07-17 12:53:09.491 [info] > git ls-files --stage -- /home/linus/Documents/Zoezi/gymsystem/frontend/src/client/scripts/app.js [7ms]
2023-07-17 12:53:09.525 [info] > git show --textconv :frontend/src/client/scripts/app.js [48ms]
2023-07-17 12:53:09.525 [info] > git cat-file -s a96fee9a95f3647b9783ad9bae9ee75d9ec9a6b1 [26ms]
2023-07-17 12:53:13.913 [info] > git check-ignore -v -z --stdin [2ms]
2023-07-17 12:53:18.055 [info] > git check-ignore -v -z --stdin [2ms]
2023-07-17 12:53:20.802 [info] > git ls-files --stage -- /home/linus/Documents/Zoezi/gymsystem/backend/services/api/src/db.py [23ms]
2023-07-17 12:53:20.810 [info] > git show --textconv :backend/services/api/src/db.py [36ms]
2023-07-17 12:53:20.813 [info] > git cat-file -s 48d662b1f9b2d9f16b4dbf5a09c4ebf51aa22fc7 [5ms]
2023-07-17 12:53:21.064 [info] > git check-ignore -v -z --stdin [9ms]
2023-07-17 12:53:23.734 [info] > git show --textconv :frontend/src/client/views/coursebookingaddmodal.html [9ms]
2023-07-17 12:53:23.737 [info] > git ls-files --stage -- /home/linus/Documents/Zoezi/gymsystem/frontend/src/client/views/coursebookingaddmodal.html [4ms]
2023-07-17 12:53:23.746 [info] > git cat-file -s 0a6abc50dd0b852314fe2d5dc923a0b45c733149 [1ms]
2023-07-17 12:53:24.036 [info] > git check-ignore -v -z --stdin [29ms]
2023-07-17 12:53:31.339 [info] > git check-ignore -v -z --stdin [3ms]
2023-07-17 12:53:32.746 [info] > git check-ignore -v -z --stdin [8ms]
2023-07-17 12:53:34.345 [info] > git check-ignore -v -z --stdin [2ms]
2023-07-17 12:53:37.164 [info] > git show --textconv :frontend/src/client/scripts/app.js [12ms]
2023-07-17 12:53:37.166 [info] > git ls-files --stage -- /home/linus/Documents/Zoezi/gymsystem/frontend/src/client/scripts/app.js [5ms]
2023-07-17 12:53:37.174 [info] > git cat-file -s a96fee9a95f3647b9783ad9bae9ee75d9ec9a6b1 [1ms]
2023-07-17 12:53:48.114 [info] > git show --textconv :frontend/staffnext/src/pages/Staff.vue [8ms]
2023-07-17 12:53:48.116 [info] > git ls-files --stage -- /home/linus/Documents/Zoezi/gymsystem/frontend/staffnext/src/pages/Staff.vue [3ms]
2023-07-17 12:53:48.126 [info] > git cat-file -s 812a0019c4be00570ec287fa901e9595ad9d590c [1ms]
2023-07-17 12:53:48.345 [info] > git check-ignore -v -z --stdin [3ms]
2023-07-17 12:53:48.854 [info] > git show --textconv :frontend/staffnext/src/components/StaffList.vue [11ms]
2023-07-17 12:53:48.857 [info] > git ls-files --stage -- /home/linus/Documents/Zoezi/gymsystem/frontend/staffnext/src/components/StaffList.vue [4ms]
2023-07-17 12:53:48.865 [info] > git cat-file -s a8cc88522ffbac6c898e97637b4026113629e051 [2ms]
2023-07-17 12:53:49.105 [info] > git check-ignore -v -z --stdin [3ms]
2023-07-17 12:53:49.717 [info] > git show --textconv :frontend/src/client/scripts/directives.js [8ms]
2023-07-17 12:53:49.718 [info] > git ls-files --stage -- /home/linus/Documents/Zoezi/gymsystem/frontend/src/client/scripts/directives.js [2ms]
2023-07-17 12:53:49.726 [info] > git cat-file -s 58e26fdc4f2678b425e811748075de7170949b3c [1ms]
2023-07-17 12:53:50.703 [info] > git show --textconv :frontend/staffnext/src/components/StaffList.vue [5ms]
2023-07-17 12:53:50.706 [info] > git ls-files --stage -- /home/linus/Documents/Zoezi/gymsystem/frontend/staffnext/src/components/StaffList.vue [3ms]
2023-07-17 12:53:50.713 [info] > git cat-file -s a8cc88522ffbac6c898e97637b4026113629e051 [1ms]
2023-07-17 12:55:28.878 [info] > git config --get commit.template [7ms]
2023-07-17 12:55:28.880 [info] > git for-each-ref --format=%(refname)%00%(upstream:short)%00%(objectname)%00%(upstream:track)%00%(upstream:remotename)%00%(upstream:remoteref) refs/heads/PROD-74 refs/remotes/PROD-74 [3ms]
2023-07-17 12:55:28.924 [info] > git status -z -uall [38ms]
2023-07-17 13:00:11.586 [info] > git config --get commit.template [10ms]
2023-07-17 13:00:11.587 [info] > git for-each-ref --format=%(refname)%00%(upstream:short)%00%(objectname)%00%(upstream:track)%00%(upstream:remotename)%00%(upstream:remoteref) refs/heads/PROD-74 refs/remotes/PROD-74 [1ms]
2023-07-17 13:00:11.636 [info] > git status -z -uall [43ms]
2023-07-17 13:00:18.109 [info] > git config --get commit.template [6ms]
2023-07-17 13:00:18.109 [info] > git for-each-ref --format=%(refname)%00%(upstream:short)%00%(objectname)%00%(upstream:track)%00%(upstream:remotename)%00%(upstream:remoteref) refs/heads/PROD-74 refs/remotes/PROD-74 [1ms]
2023-07-17 13:00:18.151 [info] > git status -z -uall [35ms]
2023-07-17 13:00:24.840 [info] > git show --textconv :backend/services/api/src/db.py [11ms]
2023-07-17 13:00:24.843 [info] > git ls-files --stage -- /home/linus/Documents/Zoezi/gymsystem/backend/services/api/src/db.py [4ms]
2023-07-17 13:00:24.852 [info] > git cat-file -s 48d662b1f9b2d9f16b4dbf5a09c4ebf51aa22fc7 [2ms]
2023-07-17 13:04:29.460 [info] > git config --get commit.template [7ms]
2023-07-17 13:04:29.465 [info] > git for-each-ref --format=%(refname)%00%(upstream:short)%00%(objectname)%00%(upstream:track)%00%(upstream:remotename)%00%(upstream:remoteref) refs/heads/PROD-74 refs/remotes/PROD-74 [6ms]
2023-07-17 13:04:29.512 [info] > git status -z -uall [42ms]
2023-07-17 13:05:17.331 [info] > git config --get commit.template [10ms]
2023-07-17 13:05:17.336 [info] > git for-each-ref --format=%(refname)%00%(upstream:short)%00%(objectname)%00%(upstream:track)%00%(upstream:remotename)%00%(upstream:remoteref) refs/heads/PROD-74 refs/remotes/PROD-74 [6ms]
2023-07-17 13:05:17.398 [info] > git status -z -uall [50ms]
2023-07-17 13:05:45.147 [info] > git config --get commit.template [10ms]
2023-07-17 13:05:45.148 [info] > git for-each-ref --format=%(refname)%00%(upstream:short)%00%(objectname)%00%(upstream:track)%00%(upstream:remotename)%00%(upstream:remoteref) refs/heads/PROD-74 refs/remotes/PROD-74 [2ms]
2023-07-17 13:05:45.195 [info] > git status -z -uall [37ms]
2023-07-17 13:11:35.651 [info] > git config --get commit.template [5ms]
2023-07-17 13:11:35.657 [info] > git for-each-ref --format=%(refname)%00%(upstream:short)%00%(objectname)%00%(upstream:track)%00%(upstream:remotename)%00%(upstream:remoteref) refs/heads/PROD-74 refs/remotes/PROD-74 [6ms]
2023-07-17 13:11:35.705 [info] > git status -z -uall [40ms]
2023-07-17 14:40:34.713 [info] > git config --get commit.template [11ms]
2023-07-17 14:40:34.724 [info] > git ls-files --stage -- /home/linus/Documents/Zoezi/gymsystem/backend/services/api/src/db.py [12ms]
2023-07-17 14:40:34.735 [info] > git for-each-ref --format=%(refname)%00%(upstream:short)%00%(objectname)%00%(upstream:track)%00%(upstream:remotename)%00%(upstream:remoteref) refs/heads/PROD-74 refs/remotes/PROD-74 [12ms]
2023-07-17 14:40:34.747 [info] > git cat-file -s 48d662b1f9b2d9f16b4dbf5a09c4ebf51aa22fc7 [13ms]
2023-07-17 14:40:34.773 [info] > git show --textconv :backend/services/api/src/db.py [15ms]
2023-07-17 14:40:34.797 [info] > git status -z -uall [51ms]
2023-07-17 14:40:39.812 [info] > git config --get commit.template [5ms]
2023-07-17 14:40:39.813 [info] > git for-each-ref --format=%(refname)%00%(upstream:short)%00%(objectname)%00%(upstream:track)%00%(upstream:remotename)%00%(upstream:remoteref) refs/heads/PROD-74 refs/remotes/PROD-74 [1ms]
2023-07-17 14:40:39.854 [info] > git status -z -uall [37ms]
2023-07-17 15:18:06.780 [info] > git config --get commit.template [7ms]
2023-07-17 15:18:06.781 [info] > git for-each-ref --format=%(refname)%00%(upstream:short)%00%(objectname)%00%(upstream:track)%00%(upstream:remotename)%00%(upstream:remoteref) refs/heads/PROD-74 refs/remotes/PROD-74 [1ms]
2023-07-17 15:18:06.834 [info] > git status -z -uall [46ms]
2023-07-17 15:18:11.909 [info] > git config --get commit.template [14ms]
2023-07-17 15:18:11.909 [info] > git for-each-ref --format=%(refname)%00%(upstream:short)%00%(objectname)%00%(upstream:track)%00%(upstream:remotename)%00%(upstream:remoteref) refs/heads/PROD-74 refs/remotes/PROD-74 [1ms]
2023-07-17 15:18:12.030 [info] > git status -z -uall [113ms]
2023-07-17 16:01:28.529 [info] > git config --get commit.template [8ms]
2023-07-17 16:01:28.530 [info] > git for-each-ref --format=%(refname)%00%(upstream:short)%00%(objectname)%00%(upstream:track)%00%(upstream:remotename)%00%(upstream:remoteref) refs/heads/PROD-74 refs/remotes/PROD-74 [1ms]
2023-07-17 16:01:28.578 [info] > git status -z -uall [39ms]
2023-07-17 16:03:30.321 [info] > git config --get commit.template [10ms]
2023-07-17 16:03:30.322 [info] > git for-each-ref --format=%(refname)%00%(upstream:short)%00%(objectname)%00%(upstream:track)%00%(upstream:remotename)%00%(upstream:remoteref) refs/heads/PROD-74 refs/remotes/PROD-74 [1ms]
2023-07-17 16:03:30.370 [info] > git status -z -uall [41ms]
2023-07-17 16:10:54.713 [info] > git config --get commit.template [11ms]
2023-07-17 16:10:54.714 [info] > git for-each-ref --format=%(refname)%00%(upstream:short)%00%(objectname)%00%(upstream:track)%00%(upstream:remotename)%00%(upstream:remoteref) refs/heads/PROD-74 refs/remotes/PROD-74 [2ms]
2023-07-17 16:10:54.769 [info] > git status -z -uall [47ms]
2023-07-17 16:11:22.283 [info] > git config --get commit.template [11ms]
2023-07-17 16:11:22.284 [info] > git for-each-ref --format=%(refname)%00%(upstream:short)%00%(objectname)%00%(upstream:track)%00%(upstream:remotename)%00%(upstream:remoteref) refs/heads/PROD-74 refs/remotes/PROD-74 [2ms]
2023-07-17 16:11:22.341 [info] > git status -z -uall [48ms]
2023-07-17 16:15:47.902 [info] > git config --get commit.template [6ms]
2023-07-17 16:15:47.902 [info] > git for-each-ref --format=%(refname)%00%(upstream:short)%00%(objectname)%00%(upstream:track)%00%(upstream:remotename)%00%(upstream:remoteref) refs/heads/PROD-74 refs/remotes/PROD-74 [1ms]
2023-07-17 16:15:47.951 [info] > git status -z -uall [41ms]
2023-07-17 16:19:50.389 [info] > git config --get commit.template [1ms]
2023-07-17 16:19:50.398 [info] > git for-each-ref --format=%(refname)%00%(upstream:short)%00%(objectname)%00%(upstream:track)%00%(upstream:remotename)%00%(upstream:remoteref) refs/heads/PROD-74 refs/remotes/PROD-74 [1ms]
2023-07-17 16:19:50.462 [info] > git status -z -uall [45ms]
2023-07-17 16:30:00.083 [info] > git config --get commit.template [8ms]
2023-07-17 16:30:00.084 [info] > git for-each-ref --format=%(refname)%00%(upstream:short)%00%(objectname)%00%(upstream:track)%00%(upstream:remotename)%00%(upstream:remoteref) refs/heads/PROD-74 refs/remotes/PROD-74 [1ms]
2023-07-17 16:30:00.130 [info] > git status -z -uall [40ms]
