2023-07-21 09:51:12.730 [info] Configuration changed
2023-07-21 09:51:13.400 [info] Configuration changed
2023-07-21 09:51:13.820 [info] Configuration changed
2023-07-21 09:51:14.521 [info] Configuration changed
2023-07-21 09:51:14.688 [info] Configuration changed
2023-07-21 09:51:15.046 [info] Configuration changed
2023-07-21 09:51:26.499 [info] Active editor: file:///home/linus/Documents/Zoezi/gymsystem/backend/services/api/src/db.py
2023-07-21 09:55:36.690 [info] Searching for time
2023-07-21 09:56:54.030 [info] /home/linus/.vscode/extensions/ms-python.vscode-pylance-2023.7.20/dist/typeshed-fallback/stubs/SQLAlchemy/sqlalchemy/orm/query.pyi closed
2023-07-21 09:56:54.147 [info] /home/linus/.vscode/extensions/ms-python.vscode-pylance-2023.7.20/dist/typeshed-fallback/stubs/SQLAlchemy/sqlalchemy/orm/query.pyi closed
2023-07-21 09:57:49.051 [info] Active editor: file:///home/linus/Documents/Zoezi/gymsystem/backend/services/api/src/api.py
2023-07-21 09:58:23.211 [info] Active editor: file:///home/linus/Documents/Zoezi/gymsystem/backend/services/api/src/db.py
2023-07-21 10:01:11.276 [info] Searching for func
2023-07-21 10:05:39.295 [info] Active editor: file:///home/linus/Documents/Zoezi/gymsystem/backend/services/api/src/api.py
2023-07-21 10:05:41.862 [info] Active editor: file:///home/linus/Documents/Zoezi/gymsystem/backend/services/api/src/db.py
2023-07-21 10:09:04.901 [info] Active editor: file:///home/linus/Documents/Zoezi/gymsystem/backend/services/api/src/api.py
2023-07-21 10:09:09.800 [info] Active editor: file:///home/linus/Documents/Zoezi/gymsystem/backend/services/api/src/db.py
2023-07-21 10:42:32.944 [info] /home/linus/.vscode/extensions/ms-python.vscode-pylance-2023.7.20/dist/typeshed-fallback/stubs/SQLAlchemy/sqlalchemy/sql/functions.pyi closed
2023-07-21 10:56:50.713 [info] Active editor: file:///home/linus/Documents/Zoezi/gymsystem/backend/services/api/src/api.py
2023-07-21 10:56:56.060 [info] Active editor: file:///home/linus/Documents/Zoezi/gymsystem/backend/services/api/src/db.py
2023-07-21 11:14:05.980 [info] Active editor: file:///home/linus/Documents/Zoezi/gymsystem/frontend/src/client/scripts/app.js
2023-07-21 11:14:07.644 [info] Active editor: file:///home/linus/Documents/Zoezi/gymsystem/backend/services/api/src/api.py
2023-07-21 11:14:40.374 [info] Active editor: file:///home/linus/Documents/Zoezi/gymsystem/frontend/src/client/scripts/app.js
2023-07-21 11:14:41.359 [info] Active editor: file:///home/linus/Documents/Zoezi/gymsystem/backend/services/api/src/db.py
2023-07-21 11:50:12.127 [info] Active editor: file:///home/linus/Documents/Zoezi/gymsystem/frontend/src/client/scripts/app.js
2023-07-21 11:50:12.475 [info] Active editor: file:///home/linus/Documents/Zoezi/gymsystem/backend/services/api/src/db.py
2023-07-21 11:50:44.243 [info] /home/linus/Documents/Zoezi/gymsystem/backend/services/api/src/api.py closed
2023-07-21 11:50:44.244 [info] /home/linus/Documents/Zoezi/gymsystem/backend/services/api/src/api.py.git closed
2023-07-21 11:50:44.269 [info] Active editor: file:///home/linus/Documents/Zoezi/gymsystem/frontend/src/client/scripts/directives.js
2023-07-21 11:50:48.714 [info] /home/linus/Documents/Zoezi/gymsystem/frontend/src/client/scripts/directives.js closed
2023-07-21 11:50:48.717 [info] /home/linus/Documents/Zoezi/gymsystem/frontend/src/client/scripts/directives.js.git closed
2023-07-21 11:50:48.737 [info] Active editor: file:///home/linus/Documents/Zoezi/gymsystem/frontend/src/client/scripts/stats.js
2023-07-21 13:23:29.476 [info] /home/linus/Documents/Zoezi/gymsystem/frontend/src/client/scripts/stats.js closed
2023-07-21 13:23:29.476 [info] /home/linus/Documents/Zoezi/gymsystem/frontend/src/client/scripts/stats.js.git closed
2023-07-21 13:23:29.508 [info] Active editor: file:///home/linus/Documents/Zoezi/gymsystem/frontend/src/client/scripts/directives.js
2023-07-21 13:23:30.430 [info] /home/linus/Documents/Zoezi/gymsystem/frontend/src/client/scripts/directives.js closed
2023-07-21 13:23:30.430 [info] /home/linus/Documents/Zoezi/gymsystem/frontend/src/client/scripts/directives.js.git closed
2023-07-21 13:23:30.461 [info] Active editor: file:///home/linus/Documents/Zoezi/gymsystem/frontend/src/client/scripts/stats.js
2023-07-21 13:23:45.538 [info] Active editor: file:///home/linus/Documents/Zoezi/gymsystem/backend/services/api/src/db.py
